[2023-06-01T15:55:23.098+0300] {taskinstance.py:1103} INFO - Dependencies all met for dep_context=non-requeueable deps ti=<TaskInstance: space_missions.get_images scheduled__2023-05-31T00:00:00+00:00 [queued]>
[2023-06-01T15:55:23.112+0300] {taskinstance.py:1103} INFO - Dependencies all met for dep_context=requeueable deps ti=<TaskInstance: space_missions.get_images scheduled__2023-05-31T00:00:00+00:00 [queued]>
[2023-06-01T15:55:23.112+0300] {taskinstance.py:1308} INFO - Starting attempt 1 of 6
[2023-06-01T15:55:23.138+0300] {taskinstance.py:1327} INFO - Executing <Task(PythonOperator): get_images> on 2023-05-31 00:00:00+00:00
[2023-06-01T15:55:23.142+0300] {standard_task_runner.py:57} INFO - Started process 22443 to run task
[2023-06-01T15:55:23.146+0300] {standard_task_runner.py:84} INFO - Running: ['***', 'tasks', 'run', 'space_missions', 'get_images', 'scheduled__2023-05-31T00:00:00+00:00', '--job-id', '10', '--raw', '--subdir', 'DAGS_FOLDER/space_missions.py', '--cfg-path', '/tmp/tmpyvd_qn_p']
[2023-06-01T15:55:23.149+0300] {standard_task_runner.py:85} INFO - Job 10: Subtask get_images
[2023-06-01T15:55:23.239+0300] {task_command.py:410} INFO - Running <TaskInstance: space_missions.get_images scheduled__2023-05-31T00:00:00+00:00 [running]> on host mutwiri
[2023-06-01T15:55:23.486+0300] {taskinstance.py:1545} INFO - Exporting env vars: AIRFLOW_CTX_DAG_EMAIL='franklinmutwiri41@gmail.com' AIRFLOW_CTX_DAG_OWNER='***' AIRFLOW_CTX_DAG_ID='space_missions' AIRFLOW_CTX_TASK_ID='get_images' AIRFLOW_CTX_EXECUTION_DATE='2023-05-31T00:00:00+00:00' AIRFLOW_CTX_TRY_NUMBER='1' AIRFLOW_CTX_DAG_RUN_ID='scheduled__2023-05-31T00:00:00+00:00'
[2023-06-01T15:55:25.515+0300] {logging_mixin.py:149} INFO - Downloaded https://spacelaunchnow-prod-east.nyc3.digitaloceanspaces.com/media/launch_images/falcon2520925_image_20210922155355.jpeg to ../images/falcon2520925_image_20210922155355.jpeg
[2023-06-01T15:55:28.080+0300] {logging_mixin.py:149} INFO - Downloaded https://spacelaunchnow-prod-east.nyc3.digitaloceanspaces.com/media/launch_images/falcon2520925_image_20230503085110.png to ../images/falcon2520925_image_20230503085110.png
[2023-06-01T15:55:30.481+0300] {logging_mixin.py:149} INFO - Downloaded https://spacelaunchnow-prod-east.nyc3.digitaloceanspaces.com/media/launcher_images/falcon_9_block__image_20210506060831.jpg to ../images/falcon_9_block__image_20210506060831.jpg
[2023-06-01T15:55:32.836+0300] {logging_mixin.py:149} INFO - Downloaded https://spacelaunchnow-prod-east.nyc3.digitaloceanspaces.com/media/launcher_images/falcon_9_block__image_20210506060831.jpg to ../images/falcon_9_block__image_20210506060831.jpg
[2023-06-01T15:55:35.349+0300] {logging_mixin.py:149} INFO - Downloaded https://spacelaunchnow-prod-east.nyc3.digitaloceanspaces.com/media/launcher_images/ariane_5_eca25_image_20200220090552.jpeg to ../images/ariane_5_eca25_image_20200220090552.jpeg
[2023-06-01T15:55:37.878+0300] {logging_mixin.py:149} INFO - Downloaded https://spacelaunchnow-prod-east.nyc3.digitaloceanspaces.com/media/launcher_images/falcon_9_block__image_20210506060831.jpg to ../images/falcon_9_block__image_20210506060831.jpg
[2023-06-01T15:55:41.108+0300] {logging_mixin.py:149} INFO - Downloaded https://spacelaunchnow-prod-east.nyc3.digitaloceanspaces.com/media/launcher_images/delta_iv_heavy_image_20210426103838.jpg to ../images/delta_iv_heavy_image_20210426103838.jpg
[2023-06-01T15:55:43.112+0300] {logging_mixin.py:149} INFO - Downloaded https://spacelaunchnow-prod-east.nyc3.digitaloceanspaces.com/media/launcher_images/soyuz25202.1b_image_20190520165337.jpg to ../images/soyuz25202.1b_image_20190520165337.jpg
[2023-06-01T15:55:45.705+0300] {logging_mixin.py:149} INFO - Downloaded https://spacelaunchnow-prod-east.nyc3.digitaloceanspaces.com/media/launch_images/falcon2520925_image_20230522082449.png to ../images/falcon2520925_image_20230522082449.png
[2023-06-01T15:55:47.919+0300] {logging_mixin.py:149} INFO - Downloaded https://spacelaunchnow-prod-east.nyc3.digitaloceanspaces.com/media/launch_images/falcon2520925_image_20230503090440.png to ../images/falcon2520925_image_20230503090440.png
[2023-06-01T15:55:47.921+0300] {python.py:183} INFO - Done. Returned value was: None
[2023-06-01T15:55:47.970+0300] {taskinstance.py:1345} INFO - Marking task as SUCCESS. dag_id=space_missions, task_id=get_images, execution_date=20230531T000000, start_date=20230601T125523, end_date=20230601T125547
[2023-06-01T15:55:48.046+0300] {local_task_job_runner.py:225} INFO - Task exited with return code 0
[2023-06-01T15:55:48.111+0300] {taskinstance.py:2651} INFO - 1 downstream tasks scheduled from follow-on schedule check
