[2023-06-07T18:44:51.547+0300] {taskinstance.py:1103} INFO - Dependencies all met for dep_context=non-requeueable deps ti=<TaskInstance: stocksense.get_data scheduled__2023-06-05T22:00:00+00:00 [queued]>
[2023-06-07T18:44:51.563+0300] {taskinstance.py:1103} INFO - Dependencies all met for dep_context=requeueable deps ti=<TaskInstance: stocksense.get_data scheduled__2023-06-05T22:00:00+00:00 [queued]>
[2023-06-07T18:44:51.563+0300] {taskinstance.py:1308} INFO - Starting attempt 1 of 1
[2023-06-07T18:44:51.605+0300] {taskinstance.py:1327} INFO - Executing <Task(PythonOperator): get_data> on 2023-06-05 22:00:00+00:00
[2023-06-07T18:44:51.613+0300] {standard_task_runner.py:57} INFO - Started process 52841 to run task
[2023-06-07T18:44:51.620+0300] {standard_task_runner.py:84} INFO - Running: ['***', 'tasks', 'run', 'stocksense', 'get_data', 'scheduled__2023-06-05T22:00:00+00:00', '--job-id', '211', '--raw', '--subdir', 'DAGS_FOLDER/templating_using_python.py', '--cfg-path', '/tmp/tmpt9k16yqs']
[2023-06-07T18:44:51.623+0300] {standard_task_runner.py:85} INFO - Job 211: Subtask get_data
[2023-06-07T18:44:51.771+0300] {task_command.py:410} INFO - Running <TaskInstance: stocksense.get_data scheduled__2023-06-05T22:00:00+00:00 [running]> on host mutwiri
[2023-06-07T18:44:52.335+0300] {taskinstance.py:1545} INFO - Exporting env vars: AIRFLOW_CTX_DAG_OWNER='***' AIRFLOW_CTX_DAG_ID='stocksense' AIRFLOW_CTX_TASK_ID='get_data' AIRFLOW_CTX_EXECUTION_DATE='2023-06-05T22:00:00+00:00' AIRFLOW_CTX_TRY_NUMBER='1' AIRFLOW_CTX_DAG_RUN_ID='scheduled__2023-06-05T22:00:00+00:00'
[2023-06-07T18:44:52.336+0300] {python.py:183} INFO - Done. Returned value was: None
[2023-06-07T18:44:52.374+0300] {taskinstance.py:1345} INFO - Marking task as SUCCESS. dag_id=stocksense, task_id=get_data, execution_date=20230605T220000, start_date=20230607T154451, end_date=20230607T154452
[2023-06-07T18:44:52.481+0300] {local_task_job_runner.py:225} INFO - Task exited with return code 0
[2023-06-07T18:44:52.563+0300] {taskinstance.py:2651} INFO - 0 downstream tasks scheduled from follow-on schedule check
[2023-06-07T18:50:06.306+0300] {taskinstance.py:1103} INFO - Dependencies all met for dep_context=non-requeueable deps ti=<TaskInstance: stocksense.get_data scheduled__2023-06-05T22:00:00+00:00 [queued]>
[2023-06-07T18:50:06.334+0300] {taskinstance.py:1103} INFO - Dependencies all met for dep_context=requeueable deps ti=<TaskInstance: stocksense.get_data scheduled__2023-06-05T22:00:00+00:00 [queued]>
[2023-06-07T18:50:06.338+0300] {taskinstance.py:1308} INFO - Starting attempt 1 of 1
[2023-06-07T18:50:06.368+0300] {taskinstance.py:1327} INFO - Executing <Task(PythonOperator): get_data> on 2023-06-05 22:00:00+00:00
[2023-06-07T18:50:06.375+0300] {standard_task_runner.py:57} INFO - Started process 57143 to run task
[2023-06-07T18:50:06.387+0300] {standard_task_runner.py:84} INFO - Running: ['***', 'tasks', 'run', 'stocksense', 'get_data', 'scheduled__2023-06-05T22:00:00+00:00', '--job-id', '276', '--raw', '--subdir', 'DAGS_FOLDER/templating_using_python.py', '--cfg-path', '/tmp/tmpwz5e0u4_']
[2023-06-07T18:50:06.393+0300] {standard_task_runner.py:85} INFO - Job 276: Subtask get_data
[2023-06-07T18:50:06.509+0300] {task_command.py:410} INFO - Running <TaskInstance: stocksense.get_data scheduled__2023-06-05T22:00:00+00:00 [running]> on host mutwiri
[2023-06-07T18:50:06.884+0300] {taskinstance.py:1545} INFO - Exporting env vars: AIRFLOW_CTX_DAG_OWNER='***' AIRFLOW_CTX_DAG_ID='stocksense' AIRFLOW_CTX_TASK_ID='get_data' AIRFLOW_CTX_EXECUTION_DATE='2023-06-05T22:00:00+00:00' AIRFLOW_CTX_TRY_NUMBER='1' AIRFLOW_CTX_DAG_RUN_ID='scheduled__2023-06-05T22:00:00+00:00'
[2023-06-07T18:50:06.885+0300] {python.py:183} INFO - Done. Returned value was: None
[2023-06-07T18:50:06.911+0300] {taskinstance.py:1345} INFO - Marking task as SUCCESS. dag_id=stocksense, task_id=get_data, execution_date=20230605T220000, start_date=20230607T155006, end_date=20230607T155006
[2023-06-07T18:50:06.970+0300] {local_task_job_runner.py:225} INFO - Task exited with return code 0
[2023-06-07T18:50:07.013+0300] {taskinstance.py:2651} INFO - 0 downstream tasks scheduled from follow-on schedule check
