[2023-06-01T10:06:18.396+0300] {processor.py:157} INFO - Started process (PID=2088274) to work on /home/mutwiri/airflow/airflow_env/lib/python3.10/site-packages/airflow/example_dags/plugins/event_listener.py
[2023-06-01T10:06:18.397+0300] {processor.py:826} INFO - Processing file /home/mutwiri/airflow/airflow_env/lib/python3.10/site-packages/airflow/example_dags/plugins/event_listener.py for tasks to queue
[2023-06-01T10:06:18.397+0300] {logging_mixin.py:149} INFO - [2023-06-01T10:06:18.397+0300] {dagbag.py:541} INFO - Filling up the DagBag from /home/mutwiri/airflow/airflow_env/lib/python3.10/site-packages/airflow/example_dags/plugins/event_listener.py
[2023-06-01T10:06:18.399+0300] {processor.py:838} WARNING - No viable dags retrieved from /home/mutwiri/airflow/airflow_env/lib/python3.10/site-packages/airflow/example_dags/plugins/event_listener.py
[2023-06-01T10:06:18.410+0300] {processor.py:179} INFO - Processing /home/mutwiri/airflow/airflow_env/lib/python3.10/site-packages/airflow/example_dags/plugins/event_listener.py took 0.017 seconds
[2023-06-01T10:07:24.279+0300] {processor.py:157} INFO - Started process (PID=2088563) to work on /home/mutwiri/airflow/airflow_env/lib/python3.10/site-packages/airflow/example_dags/plugins/event_listener.py
[2023-06-01T10:07:24.280+0300] {processor.py:826} INFO - Processing file /home/mutwiri/airflow/airflow_env/lib/python3.10/site-packages/airflow/example_dags/plugins/event_listener.py for tasks to queue
[2023-06-01T10:07:24.280+0300] {logging_mixin.py:149} INFO - [2023-06-01T10:07:24.280+0300] {dagbag.py:541} INFO - Filling up the DagBag from /home/mutwiri/airflow/airflow_env/lib/python3.10/site-packages/airflow/example_dags/plugins/event_listener.py
[2023-06-01T10:07:24.282+0300] {processor.py:838} WARNING - No viable dags retrieved from /home/mutwiri/airflow/airflow_env/lib/python3.10/site-packages/airflow/example_dags/plugins/event_listener.py
[2023-06-01T10:07:24.293+0300] {processor.py:179} INFO - Processing /home/mutwiri/airflow/airflow_env/lib/python3.10/site-packages/airflow/example_dags/plugins/event_listener.py took 0.018 seconds
[2023-06-01T10:08:20.203+0300] {processor.py:157} INFO - Started process (PID=2088637) to work on /home/mutwiri/airflow/airflow_env/lib/python3.10/site-packages/airflow/example_dags/plugins/event_listener.py
[2023-06-01T10:08:20.204+0300] {processor.py:826} INFO - Processing file /home/mutwiri/airflow/airflow_env/lib/python3.10/site-packages/airflow/example_dags/plugins/event_listener.py for tasks to queue
[2023-06-01T10:08:20.205+0300] {logging_mixin.py:149} INFO - [2023-06-01T10:08:20.205+0300] {dagbag.py:541} INFO - Filling up the DagBag from /home/mutwiri/airflow/airflow_env/lib/python3.10/site-packages/airflow/example_dags/plugins/event_listener.py
[2023-06-01T10:08:20.207+0300] {processor.py:838} WARNING - No viable dags retrieved from /home/mutwiri/airflow/airflow_env/lib/python3.10/site-packages/airflow/example_dags/plugins/event_listener.py
[2023-06-01T10:08:20.220+0300] {processor.py:179} INFO - Processing /home/mutwiri/airflow/airflow_env/lib/python3.10/site-packages/airflow/example_dags/plugins/event_listener.py took 0.021 seconds
[2023-06-01T10:09:17.740+0300] {processor.py:157} INFO - Started process (PID=2088738) to work on /home/mutwiri/airflow/airflow_env/lib/python3.10/site-packages/airflow/example_dags/plugins/event_listener.py
[2023-06-01T10:09:17.742+0300] {processor.py:826} INFO - Processing file /home/mutwiri/airflow/airflow_env/lib/python3.10/site-packages/airflow/example_dags/plugins/event_listener.py for tasks to queue
[2023-06-01T10:09:17.743+0300] {logging_mixin.py:149} INFO - [2023-06-01T10:09:17.742+0300] {dagbag.py:541} INFO - Filling up the DagBag from /home/mutwiri/airflow/airflow_env/lib/python3.10/site-packages/airflow/example_dags/plugins/event_listener.py
[2023-06-01T10:09:17.744+0300] {processor.py:838} WARNING - No viable dags retrieved from /home/mutwiri/airflow/airflow_env/lib/python3.10/site-packages/airflow/example_dags/plugins/event_listener.py
[2023-06-01T10:09:17.755+0300] {processor.py:179} INFO - Processing /home/mutwiri/airflow/airflow_env/lib/python3.10/site-packages/airflow/example_dags/plugins/event_listener.py took 0.018 seconds
[2023-06-01T10:10:11.195+0300] {processor.py:157} INFO - Started process (PID=2088968) to work on /home/mutwiri/airflow/airflow_env/lib/python3.10/site-packages/airflow/example_dags/plugins/event_listener.py
[2023-06-01T10:10:11.198+0300] {processor.py:826} INFO - Processing file /home/mutwiri/airflow/airflow_env/lib/python3.10/site-packages/airflow/example_dags/plugins/event_listener.py for tasks to queue
[2023-06-01T10:10:11.198+0300] {logging_mixin.py:149} INFO - [2023-06-01T10:10:11.198+0300] {dagbag.py:541} INFO - Filling up the DagBag from /home/mutwiri/airflow/airflow_env/lib/python3.10/site-packages/airflow/example_dags/plugins/event_listener.py
[2023-06-01T10:10:11.201+0300] {processor.py:838} WARNING - No viable dags retrieved from /home/mutwiri/airflow/airflow_env/lib/python3.10/site-packages/airflow/example_dags/plugins/event_listener.py
[2023-06-01T10:10:11.216+0300] {processor.py:179} INFO - Processing /home/mutwiri/airflow/airflow_env/lib/python3.10/site-packages/airflow/example_dags/plugins/event_listener.py took 0.026 seconds
[2023-06-01T10:11:05.835+0300] {processor.py:157} INFO - Started process (PID=2089219) to work on /home/mutwiri/airflow/airflow_env/lib/python3.10/site-packages/airflow/example_dags/plugins/event_listener.py
[2023-06-01T10:11:05.836+0300] {processor.py:826} INFO - Processing file /home/mutwiri/airflow/airflow_env/lib/python3.10/site-packages/airflow/example_dags/plugins/event_listener.py for tasks to queue
[2023-06-01T10:11:05.837+0300] {logging_mixin.py:149} INFO - [2023-06-01T10:11:05.836+0300] {dagbag.py:541} INFO - Filling up the DagBag from /home/mutwiri/airflow/airflow_env/lib/python3.10/site-packages/airflow/example_dags/plugins/event_listener.py
[2023-06-01T10:11:05.839+0300] {processor.py:838} WARNING - No viable dags retrieved from /home/mutwiri/airflow/airflow_env/lib/python3.10/site-packages/airflow/example_dags/plugins/event_listener.py
[2023-06-01T10:11:05.850+0300] {processor.py:179} INFO - Processing /home/mutwiri/airflow/airflow_env/lib/python3.10/site-packages/airflow/example_dags/plugins/event_listener.py took 0.018 seconds
[2023-06-01T10:11:54.171+0300] {processor.py:157} INFO - Started process (PID=2089375) to work on /home/mutwiri/airflow/airflow_env/lib/python3.10/site-packages/airflow/example_dags/plugins/event_listener.py
[2023-06-01T10:11:54.175+0300] {processor.py:826} INFO - Processing file /home/mutwiri/airflow/airflow_env/lib/python3.10/site-packages/airflow/example_dags/plugins/event_listener.py for tasks to queue
[2023-06-01T10:11:54.177+0300] {logging_mixin.py:149} INFO - [2023-06-01T10:11:54.176+0300] {dagbag.py:541} INFO - Filling up the DagBag from /home/mutwiri/airflow/airflow_env/lib/python3.10/site-packages/airflow/example_dags/plugins/event_listener.py
[2023-06-01T10:11:54.185+0300] {processor.py:838} WARNING - No viable dags retrieved from /home/mutwiri/airflow/airflow_env/lib/python3.10/site-packages/airflow/example_dags/plugins/event_listener.py
[2023-06-01T10:11:54.207+0300] {processor.py:179} INFO - Processing /home/mutwiri/airflow/airflow_env/lib/python3.10/site-packages/airflow/example_dags/plugins/event_listener.py took 0.050 seconds
[2023-06-01T10:12:46.851+0300] {processor.py:157} INFO - Started process (PID=2089611) to work on /home/mutwiri/airflow/airflow_env/lib/python3.10/site-packages/airflow/example_dags/plugins/event_listener.py
[2023-06-01T10:12:46.852+0300] {processor.py:826} INFO - Processing file /home/mutwiri/airflow/airflow_env/lib/python3.10/site-packages/airflow/example_dags/plugins/event_listener.py for tasks to queue
[2023-06-01T10:12:46.853+0300] {logging_mixin.py:149} INFO - [2023-06-01T10:12:46.853+0300] {dagbag.py:541} INFO - Filling up the DagBag from /home/mutwiri/airflow/airflow_env/lib/python3.10/site-packages/airflow/example_dags/plugins/event_listener.py
[2023-06-01T10:12:46.855+0300] {processor.py:838} WARNING - No viable dags retrieved from /home/mutwiri/airflow/airflow_env/lib/python3.10/site-packages/airflow/example_dags/plugins/event_listener.py
[2023-06-01T10:12:46.866+0300] {processor.py:179} INFO - Processing /home/mutwiri/airflow/airflow_env/lib/python3.10/site-packages/airflow/example_dags/plugins/event_listener.py took 0.018 seconds
[2023-06-01T10:13:51.715+0300] {processor.py:157} INFO - Started process (PID=2089852) to work on /home/mutwiri/airflow/airflow_env/lib/python3.10/site-packages/airflow/example_dags/plugins/event_listener.py
[2023-06-01T10:13:51.717+0300] {processor.py:826} INFO - Processing file /home/mutwiri/airflow/airflow_env/lib/python3.10/site-packages/airflow/example_dags/plugins/event_listener.py for tasks to queue
[2023-06-01T10:13:51.717+0300] {logging_mixin.py:149} INFO - [2023-06-01T10:13:51.717+0300] {dagbag.py:541} INFO - Filling up the DagBag from /home/mutwiri/airflow/airflow_env/lib/python3.10/site-packages/airflow/example_dags/plugins/event_listener.py
[2023-06-01T10:13:51.719+0300] {processor.py:838} WARNING - No viable dags retrieved from /home/mutwiri/airflow/airflow_env/lib/python3.10/site-packages/airflow/example_dags/plugins/event_listener.py
[2023-06-01T10:13:51.732+0300] {processor.py:179} INFO - Processing /home/mutwiri/airflow/airflow_env/lib/python3.10/site-packages/airflow/example_dags/plugins/event_listener.py took 0.021 seconds
[2023-06-01T10:14:42.255+0300] {processor.py:157} INFO - Started process (PID=2089934) to work on /home/mutwiri/airflow/airflow_env/lib/python3.10/site-packages/airflow/example_dags/plugins/event_listener.py
[2023-06-01T10:14:42.256+0300] {processor.py:826} INFO - Processing file /home/mutwiri/airflow/airflow_env/lib/python3.10/site-packages/airflow/example_dags/plugins/event_listener.py for tasks to queue
[2023-06-01T10:14:42.258+0300] {logging_mixin.py:149} INFO - [2023-06-01T10:14:42.257+0300] {dagbag.py:541} INFO - Filling up the DagBag from /home/mutwiri/airflow/airflow_env/lib/python3.10/site-packages/airflow/example_dags/plugins/event_listener.py
[2023-06-01T10:14:42.260+0300] {processor.py:838} WARNING - No viable dags retrieved from /home/mutwiri/airflow/airflow_env/lib/python3.10/site-packages/airflow/example_dags/plugins/event_listener.py
[2023-06-01T10:14:42.273+0300] {processor.py:179} INFO - Processing /home/mutwiri/airflow/airflow_env/lib/python3.10/site-packages/airflow/example_dags/plugins/event_listener.py took 0.023 seconds
