[2023-06-01T10:06:19.388+0300] {processor.py:157} INFO - Started process (PID=2088275) to work on /home/mutwiri/airflow/airflow_env/lib/python3.10/site-packages/airflow/example_dags/plugins/listener_plugin.py
[2023-06-01T10:06:19.389+0300] {processor.py:826} INFO - Processing file /home/mutwiri/airflow/airflow_env/lib/python3.10/site-packages/airflow/example_dags/plugins/listener_plugin.py for tasks to queue
[2023-06-01T10:06:19.389+0300] {logging_mixin.py:149} INFO - [2023-06-01T10:06:19.389+0300] {dagbag.py:541} INFO - Filling up the DagBag from /home/mutwiri/airflow/airflow_env/lib/python3.10/site-packages/airflow/example_dags/plugins/listener_plugin.py
[2023-06-01T10:06:19.392+0300] {processor.py:838} WARNING - No viable dags retrieved from /home/mutwiri/airflow/airflow_env/lib/python3.10/site-packages/airflow/example_dags/plugins/listener_plugin.py
[2023-06-01T10:06:19.402+0300] {processor.py:179} INFO - Processing /home/mutwiri/airflow/airflow_env/lib/python3.10/site-packages/airflow/example_dags/plugins/listener_plugin.py took 0.018 seconds
[2023-06-01T10:07:25.455+0300] {processor.py:157} INFO - Started process (PID=2088565) to work on /home/mutwiri/airflow/airflow_env/lib/python3.10/site-packages/airflow/example_dags/plugins/listener_plugin.py
[2023-06-01T10:07:25.457+0300] {processor.py:826} INFO - Processing file /home/mutwiri/airflow/airflow_env/lib/python3.10/site-packages/airflow/example_dags/plugins/listener_plugin.py for tasks to queue
[2023-06-01T10:07:25.457+0300] {logging_mixin.py:149} INFO - [2023-06-01T10:07:25.457+0300] {dagbag.py:541} INFO - Filling up the DagBag from /home/mutwiri/airflow/airflow_env/lib/python3.10/site-packages/airflow/example_dags/plugins/listener_plugin.py
[2023-06-01T10:07:25.460+0300] {processor.py:838} WARNING - No viable dags retrieved from /home/mutwiri/airflow/airflow_env/lib/python3.10/site-packages/airflow/example_dags/plugins/listener_plugin.py
[2023-06-01T10:07:25.471+0300] {processor.py:179} INFO - Processing /home/mutwiri/airflow/airflow_env/lib/python3.10/site-packages/airflow/example_dags/plugins/listener_plugin.py took 0.020 seconds
[2023-06-01T10:08:21.155+0300] {processor.py:157} INFO - Started process (PID=2088638) to work on /home/mutwiri/airflow/airflow_env/lib/python3.10/site-packages/airflow/example_dags/plugins/listener_plugin.py
[2023-06-01T10:08:21.168+0300] {processor.py:826} INFO - Processing file /home/mutwiri/airflow/airflow_env/lib/python3.10/site-packages/airflow/example_dags/plugins/listener_plugin.py for tasks to queue
[2023-06-01T10:08:21.169+0300] {logging_mixin.py:149} INFO - [2023-06-01T10:08:21.169+0300] {dagbag.py:541} INFO - Filling up the DagBag from /home/mutwiri/airflow/airflow_env/lib/python3.10/site-packages/airflow/example_dags/plugins/listener_plugin.py
[2023-06-01T10:08:21.172+0300] {processor.py:838} WARNING - No viable dags retrieved from /home/mutwiri/airflow/airflow_env/lib/python3.10/site-packages/airflow/example_dags/plugins/listener_plugin.py
[2023-06-01T10:08:21.186+0300] {processor.py:179} INFO - Processing /home/mutwiri/airflow/airflow_env/lib/python3.10/site-packages/airflow/example_dags/plugins/listener_plugin.py took 0.034 seconds
[2023-06-01T10:09:17.955+0300] {processor.py:157} INFO - Started process (PID=2088742) to work on /home/mutwiri/airflow/airflow_env/lib/python3.10/site-packages/airflow/example_dags/plugins/listener_plugin.py
[2023-06-01T10:09:17.958+0300] {processor.py:826} INFO - Processing file /home/mutwiri/airflow/airflow_env/lib/python3.10/site-packages/airflow/example_dags/plugins/listener_plugin.py for tasks to queue
[2023-06-01T10:09:17.959+0300] {logging_mixin.py:149} INFO - [2023-06-01T10:09:17.959+0300] {dagbag.py:541} INFO - Filling up the DagBag from /home/mutwiri/airflow/airflow_env/lib/python3.10/site-packages/airflow/example_dags/plugins/listener_plugin.py
[2023-06-01T10:09:17.964+0300] {processor.py:838} WARNING - No viable dags retrieved from /home/mutwiri/airflow/airflow_env/lib/python3.10/site-packages/airflow/example_dags/plugins/listener_plugin.py
[2023-06-01T10:09:17.981+0300] {processor.py:179} INFO - Processing /home/mutwiri/airflow/airflow_env/lib/python3.10/site-packages/airflow/example_dags/plugins/listener_plugin.py took 0.032 seconds
[2023-06-01T10:10:12.384+0300] {processor.py:157} INFO - Started process (PID=2088977) to work on /home/mutwiri/airflow/airflow_env/lib/python3.10/site-packages/airflow/example_dags/plugins/listener_plugin.py
[2023-06-01T10:10:12.386+0300] {processor.py:826} INFO - Processing file /home/mutwiri/airflow/airflow_env/lib/python3.10/site-packages/airflow/example_dags/plugins/listener_plugin.py for tasks to queue
[2023-06-01T10:10:12.387+0300] {logging_mixin.py:149} INFO - [2023-06-01T10:10:12.387+0300] {dagbag.py:541} INFO - Filling up the DagBag from /home/mutwiri/airflow/airflow_env/lib/python3.10/site-packages/airflow/example_dags/plugins/listener_plugin.py
[2023-06-01T10:10:12.391+0300] {processor.py:838} WARNING - No viable dags retrieved from /home/mutwiri/airflow/airflow_env/lib/python3.10/site-packages/airflow/example_dags/plugins/listener_plugin.py
[2023-06-01T10:10:12.407+0300] {processor.py:179} INFO - Processing /home/mutwiri/airflow/airflow_env/lib/python3.10/site-packages/airflow/example_dags/plugins/listener_plugin.py took 0.028 seconds
[2023-06-01T10:11:06.993+0300] {processor.py:157} INFO - Started process (PID=2089220) to work on /home/mutwiri/airflow/airflow_env/lib/python3.10/site-packages/airflow/example_dags/plugins/listener_plugin.py
[2023-06-01T10:11:06.995+0300] {processor.py:826} INFO - Processing file /home/mutwiri/airflow/airflow_env/lib/python3.10/site-packages/airflow/example_dags/plugins/listener_plugin.py for tasks to queue
[2023-06-01T10:11:06.995+0300] {logging_mixin.py:149} INFO - [2023-06-01T10:11:06.995+0300] {dagbag.py:541} INFO - Filling up the DagBag from /home/mutwiri/airflow/airflow_env/lib/python3.10/site-packages/airflow/example_dags/plugins/listener_plugin.py
[2023-06-01T10:11:06.998+0300] {processor.py:838} WARNING - No viable dags retrieved from /home/mutwiri/airflow/airflow_env/lib/python3.10/site-packages/airflow/example_dags/plugins/listener_plugin.py
[2023-06-01T10:11:07.009+0300] {processor.py:179} INFO - Processing /home/mutwiri/airflow/airflow_env/lib/python3.10/site-packages/airflow/example_dags/plugins/listener_plugin.py took 0.019 seconds
[2023-06-01T10:11:55.351+0300] {processor.py:157} INFO - Started process (PID=2089376) to work on /home/mutwiri/airflow/airflow_env/lib/python3.10/site-packages/airflow/example_dags/plugins/listener_plugin.py
[2023-06-01T10:11:55.355+0300] {processor.py:826} INFO - Processing file /home/mutwiri/airflow/airflow_env/lib/python3.10/site-packages/airflow/example_dags/plugins/listener_plugin.py for tasks to queue
[2023-06-01T10:11:55.357+0300] {logging_mixin.py:149} INFO - [2023-06-01T10:11:55.357+0300] {dagbag.py:541} INFO - Filling up the DagBag from /home/mutwiri/airflow/airflow_env/lib/python3.10/site-packages/airflow/example_dags/plugins/listener_plugin.py
[2023-06-01T10:11:55.365+0300] {processor.py:838} WARNING - No viable dags retrieved from /home/mutwiri/airflow/airflow_env/lib/python3.10/site-packages/airflow/example_dags/plugins/listener_plugin.py
[2023-06-01T10:11:55.398+0300] {processor.py:179} INFO - Processing /home/mutwiri/airflow/airflow_env/lib/python3.10/site-packages/airflow/example_dags/plugins/listener_plugin.py took 0.061 seconds
[2023-06-01T10:12:48.156+0300] {processor.py:157} INFO - Started process (PID=2089612) to work on /home/mutwiri/airflow/airflow_env/lib/python3.10/site-packages/airflow/example_dags/plugins/listener_plugin.py
[2023-06-01T10:12:48.157+0300] {processor.py:826} INFO - Processing file /home/mutwiri/airflow/airflow_env/lib/python3.10/site-packages/airflow/example_dags/plugins/listener_plugin.py for tasks to queue
[2023-06-01T10:12:48.158+0300] {logging_mixin.py:149} INFO - [2023-06-01T10:12:48.158+0300] {dagbag.py:541} INFO - Filling up the DagBag from /home/mutwiri/airflow/airflow_env/lib/python3.10/site-packages/airflow/example_dags/plugins/listener_plugin.py
[2023-06-01T10:12:48.162+0300] {processor.py:838} WARNING - No viable dags retrieved from /home/mutwiri/airflow/airflow_env/lib/python3.10/site-packages/airflow/example_dags/plugins/listener_plugin.py
[2023-06-01T10:12:48.176+0300] {processor.py:179} INFO - Processing /home/mutwiri/airflow/airflow_env/lib/python3.10/site-packages/airflow/example_dags/plugins/listener_plugin.py took 0.024 seconds
[2023-06-01T10:13:52.900+0300] {processor.py:157} INFO - Started process (PID=2089854) to work on /home/mutwiri/airflow/airflow_env/lib/python3.10/site-packages/airflow/example_dags/plugins/listener_plugin.py
[2023-06-01T10:13:52.915+0300] {processor.py:826} INFO - Processing file /home/mutwiri/airflow/airflow_env/lib/python3.10/site-packages/airflow/example_dags/plugins/listener_plugin.py for tasks to queue
[2023-06-01T10:13:52.917+0300] {logging_mixin.py:149} INFO - [2023-06-01T10:13:52.917+0300] {dagbag.py:541} INFO - Filling up the DagBag from /home/mutwiri/airflow/airflow_env/lib/python3.10/site-packages/airflow/example_dags/plugins/listener_plugin.py
[2023-06-01T10:13:52.922+0300] {processor.py:838} WARNING - No viable dags retrieved from /home/mutwiri/airflow/airflow_env/lib/python3.10/site-packages/airflow/example_dags/plugins/listener_plugin.py
[2023-06-01T10:13:52.943+0300] {processor.py:179} INFO - Processing /home/mutwiri/airflow/airflow_env/lib/python3.10/site-packages/airflow/example_dags/plugins/listener_plugin.py took 0.049 seconds
[2023-06-01T10:14:43.448+0300] {processor.py:157} INFO - Started process (PID=2089935) to work on /home/mutwiri/airflow/airflow_env/lib/python3.10/site-packages/airflow/example_dags/plugins/listener_plugin.py
[2023-06-01T10:14:43.450+0300] {processor.py:826} INFO - Processing file /home/mutwiri/airflow/airflow_env/lib/python3.10/site-packages/airflow/example_dags/plugins/listener_plugin.py for tasks to queue
[2023-06-01T10:14:43.450+0300] {logging_mixin.py:149} INFO - [2023-06-01T10:14:43.450+0300] {dagbag.py:541} INFO - Filling up the DagBag from /home/mutwiri/airflow/airflow_env/lib/python3.10/site-packages/airflow/example_dags/plugins/listener_plugin.py
[2023-06-01T10:14:43.454+0300] {processor.py:838} WARNING - No viable dags retrieved from /home/mutwiri/airflow/airflow_env/lib/python3.10/site-packages/airflow/example_dags/plugins/listener_plugin.py
[2023-06-01T10:14:43.466+0300] {processor.py:179} INFO - Processing /home/mutwiri/airflow/airflow_env/lib/python3.10/site-packages/airflow/example_dags/plugins/listener_plugin.py took 0.023 seconds
