[2023-06-01T10:06:47.245+0300] {processor.py:157} INFO - Started process (PID=2088435) to work on /home/mutwiri/airflow/airflow_env/lib/python3.10/site-packages/airflow/example_dags/example_python_operator.py
[2023-06-01T10:06:47.246+0300] {processor.py:826} INFO - Processing file /home/mutwiri/airflow/airflow_env/lib/python3.10/site-packages/airflow/example_dags/example_python_operator.py for tasks to queue
[2023-06-01T10:06:47.247+0300] {logging_mixin.py:149} INFO - [2023-06-01T10:06:47.247+0300] {dagbag.py:541} INFO - Filling up the DagBag from /home/mutwiri/airflow/airflow_env/lib/python3.10/site-packages/airflow/example_dags/example_python_operator.py
[2023-06-01T10:06:47.257+0300] {logging_mixin.py:149} INFO - [2023-06-01T10:06:47.257+0300] {taskmixin.py:211} WARNING - Dependency <Task(_PythonDecoratedOperator): print_the_context>, log_sql_query already registered for DAG: example_python_operator
[2023-06-01T10:06:47.257+0300] {logging_mixin.py:149} INFO - [2023-06-01T10:06:47.257+0300] {taskmixin.py:211} WARNING - Dependency <Task(_PythonDecoratedOperator): log_sql_query>, print_the_context already registered for DAG: example_python_operator
[2023-06-01T10:06:47.258+0300] {logging_mixin.py:149} INFO - [2023-06-01T10:06:47.258+0300] {taskmixin.py:211} WARNING - Dependency <Task(_PythonDecoratedOperator): print_the_context>, log_sql_query already registered for DAG: example_python_operator
[2023-06-01T10:06:47.258+0300] {logging_mixin.py:149} INFO - [2023-06-01T10:06:47.258+0300] {taskmixin.py:211} WARNING - Dependency <Task(_PythonDecoratedOperator): log_sql_query>, print_the_context already registered for DAG: example_python_operator
[2023-06-01T10:06:47.259+0300] {logging_mixin.py:149} INFO - [2023-06-01T10:06:47.259+0300] {taskmixin.py:211} WARNING - Dependency <Task(_PythonDecoratedOperator): print_the_context>, log_sql_query already registered for DAG: example_python_operator
[2023-06-01T10:06:47.260+0300] {logging_mixin.py:149} INFO - [2023-06-01T10:06:47.259+0300] {taskmixin.py:211} WARNING - Dependency <Task(_PythonDecoratedOperator): log_sql_query>, print_the_context already registered for DAG: example_python_operator
[2023-06-01T10:06:47.261+0300] {logging_mixin.py:149} INFO - [2023-06-01T10:06:47.260+0300] {taskmixin.py:211} WARNING - Dependency <Task(_PythonDecoratedOperator): print_the_context>, log_sql_query already registered for DAG: example_python_operator
[2023-06-01T10:06:47.261+0300] {logging_mixin.py:149} INFO - [2023-06-01T10:06:47.261+0300] {taskmixin.py:211} WARNING - Dependency <Task(_PythonDecoratedOperator): log_sql_query>, print_the_context already registered for DAG: example_python_operator
[2023-06-01T10:06:47.261+0300] {logging_mixin.py:149} INFO - [2023-06-01T10:06:47.261+0300] {example_python_operator.py:90} WARNING - The virtalenv_python example task requires virtualenv, please install it.
[2023-06-01T10:06:47.262+0300] {processor.py:836} INFO - DAG(s) dict_keys(['example_python_operator']) retrieved from /home/mutwiri/airflow/airflow_env/lib/python3.10/site-packages/airflow/example_dags/example_python_operator.py
[2023-06-01T10:06:47.287+0300] {logging_mixin.py:149} INFO - [2023-06-01T10:06:47.287+0300] {dag.py:2726} INFO - Sync 1 DAGs
[2023-06-01T10:06:47.308+0300] {logging_mixin.py:149} INFO - [2023-06-01T10:06:47.308+0300] {dag.py:3486} INFO - Setting next_dagrun for example_python_operator to None, run_after=None
[2023-06-01T10:06:47.446+0300] {processor.py:179} INFO - Processing /home/mutwiri/airflow/airflow_env/lib/python3.10/site-packages/airflow/example_dags/example_python_operator.py took 0.206 seconds
[2023-06-01T10:07:45.047+0300] {processor.py:157} INFO - Started process (PID=2088603) to work on /home/mutwiri/airflow/airflow_env/lib/python3.10/site-packages/airflow/example_dags/example_python_operator.py
[2023-06-01T10:07:45.049+0300] {processor.py:826} INFO - Processing file /home/mutwiri/airflow/airflow_env/lib/python3.10/site-packages/airflow/example_dags/example_python_operator.py for tasks to queue
[2023-06-01T10:07:45.050+0300] {logging_mixin.py:149} INFO - [2023-06-01T10:07:45.050+0300] {dagbag.py:541} INFO - Filling up the DagBag from /home/mutwiri/airflow/airflow_env/lib/python3.10/site-packages/airflow/example_dags/example_python_operator.py
[2023-06-01T10:07:45.063+0300] {logging_mixin.py:149} INFO - [2023-06-01T10:07:45.062+0300] {taskmixin.py:211} WARNING - Dependency <Task(_PythonDecoratedOperator): print_the_context>, log_sql_query already registered for DAG: example_python_operator
[2023-06-01T10:07:45.063+0300] {logging_mixin.py:149} INFO - [2023-06-01T10:07:45.063+0300] {taskmixin.py:211} WARNING - Dependency <Task(_PythonDecoratedOperator): log_sql_query>, print_the_context already registered for DAG: example_python_operator
[2023-06-01T10:07:45.064+0300] {logging_mixin.py:149} INFO - [2023-06-01T10:07:45.064+0300] {taskmixin.py:211} WARNING - Dependency <Task(_PythonDecoratedOperator): print_the_context>, log_sql_query already registered for DAG: example_python_operator
[2023-06-01T10:07:45.065+0300] {logging_mixin.py:149} INFO - [2023-06-01T10:07:45.064+0300] {taskmixin.py:211} WARNING - Dependency <Task(_PythonDecoratedOperator): log_sql_query>, print_the_context already registered for DAG: example_python_operator
[2023-06-01T10:07:45.066+0300] {logging_mixin.py:149} INFO - [2023-06-01T10:07:45.066+0300] {taskmixin.py:211} WARNING - Dependency <Task(_PythonDecoratedOperator): print_the_context>, log_sql_query already registered for DAG: example_python_operator
[2023-06-01T10:07:45.066+0300] {logging_mixin.py:149} INFO - [2023-06-01T10:07:45.066+0300] {taskmixin.py:211} WARNING - Dependency <Task(_PythonDecoratedOperator): log_sql_query>, print_the_context already registered for DAG: example_python_operator
[2023-06-01T10:07:45.067+0300] {logging_mixin.py:149} INFO - [2023-06-01T10:07:45.067+0300] {taskmixin.py:211} WARNING - Dependency <Task(_PythonDecoratedOperator): print_the_context>, log_sql_query already registered for DAG: example_python_operator
[2023-06-01T10:07:45.067+0300] {logging_mixin.py:149} INFO - [2023-06-01T10:07:45.067+0300] {taskmixin.py:211} WARNING - Dependency <Task(_PythonDecoratedOperator): log_sql_query>, print_the_context already registered for DAG: example_python_operator
[2023-06-01T10:07:45.067+0300] {logging_mixin.py:149} INFO - [2023-06-01T10:07:45.067+0300] {example_python_operator.py:90} WARNING - The virtalenv_python example task requires virtualenv, please install it.
[2023-06-01T10:07:45.068+0300] {processor.py:836} INFO - DAG(s) dict_keys(['example_python_operator']) retrieved from /home/mutwiri/airflow/airflow_env/lib/python3.10/site-packages/airflow/example_dags/example_python_operator.py
[2023-06-01T10:07:45.090+0300] {logging_mixin.py:149} INFO - [2023-06-01T10:07:45.090+0300] {dag.py:2726} INFO - Sync 1 DAGs
[2023-06-01T10:07:45.112+0300] {logging_mixin.py:149} INFO - [2023-06-01T10:07:45.112+0300] {dag.py:3486} INFO - Setting next_dagrun for example_python_operator to None, run_after=None
[2023-06-01T10:07:45.342+0300] {processor.py:179} INFO - Processing /home/mutwiri/airflow/airflow_env/lib/python3.10/site-packages/airflow/example_dags/example_python_operator.py took 0.302 seconds
[2023-06-01T10:08:42.970+0300] {processor.py:157} INFO - Started process (PID=2088664) to work on /home/mutwiri/airflow/airflow_env/lib/python3.10/site-packages/airflow/example_dags/example_python_operator.py
[2023-06-01T10:08:42.985+0300] {processor.py:826} INFO - Processing file /home/mutwiri/airflow/airflow_env/lib/python3.10/site-packages/airflow/example_dags/example_python_operator.py for tasks to queue
[2023-06-01T10:08:42.986+0300] {logging_mixin.py:149} INFO - [2023-06-01T10:08:42.985+0300] {dagbag.py:541} INFO - Filling up the DagBag from /home/mutwiri/airflow/airflow_env/lib/python3.10/site-packages/airflow/example_dags/example_python_operator.py
[2023-06-01T10:08:42.994+0300] {logging_mixin.py:149} INFO - [2023-06-01T10:08:42.994+0300] {taskmixin.py:211} WARNING - Dependency <Task(_PythonDecoratedOperator): print_the_context>, log_sql_query already registered for DAG: example_python_operator
[2023-06-01T10:08:42.994+0300] {logging_mixin.py:149} INFO - [2023-06-01T10:08:42.994+0300] {taskmixin.py:211} WARNING - Dependency <Task(_PythonDecoratedOperator): log_sql_query>, print_the_context already registered for DAG: example_python_operator
[2023-06-01T10:08:42.995+0300] {logging_mixin.py:149} INFO - [2023-06-01T10:08:42.995+0300] {taskmixin.py:211} WARNING - Dependency <Task(_PythonDecoratedOperator): print_the_context>, log_sql_query already registered for DAG: example_python_operator
[2023-06-01T10:08:42.996+0300] {logging_mixin.py:149} INFO - [2023-06-01T10:08:42.995+0300] {taskmixin.py:211} WARNING - Dependency <Task(_PythonDecoratedOperator): log_sql_query>, print_the_context already registered for DAG: example_python_operator
[2023-06-01T10:08:42.996+0300] {logging_mixin.py:149} INFO - [2023-06-01T10:08:42.996+0300] {taskmixin.py:211} WARNING - Dependency <Task(_PythonDecoratedOperator): print_the_context>, log_sql_query already registered for DAG: example_python_operator
[2023-06-01T10:08:42.997+0300] {logging_mixin.py:149} INFO - [2023-06-01T10:08:42.997+0300] {taskmixin.py:211} WARNING - Dependency <Task(_PythonDecoratedOperator): log_sql_query>, print_the_context already registered for DAG: example_python_operator
[2023-06-01T10:08:42.997+0300] {logging_mixin.py:149} INFO - [2023-06-01T10:08:42.997+0300] {taskmixin.py:211} WARNING - Dependency <Task(_PythonDecoratedOperator): print_the_context>, log_sql_query already registered for DAG: example_python_operator
[2023-06-01T10:08:42.998+0300] {logging_mixin.py:149} INFO - [2023-06-01T10:08:42.997+0300] {taskmixin.py:211} WARNING - Dependency <Task(_PythonDecoratedOperator): log_sql_query>, print_the_context already registered for DAG: example_python_operator
[2023-06-01T10:08:42.998+0300] {logging_mixin.py:149} INFO - [2023-06-01T10:08:42.998+0300] {example_python_operator.py:90} WARNING - The virtalenv_python example task requires virtualenv, please install it.
[2023-06-01T10:08:42.998+0300] {processor.py:836} INFO - DAG(s) dict_keys(['example_python_operator']) retrieved from /home/mutwiri/airflow/airflow_env/lib/python3.10/site-packages/airflow/example_dags/example_python_operator.py
[2023-06-01T10:08:43.134+0300] {logging_mixin.py:149} INFO - [2023-06-01T10:08:43.134+0300] {dag.py:2726} INFO - Sync 1 DAGs
[2023-06-01T10:08:43.161+0300] {logging_mixin.py:149} INFO - [2023-06-01T10:08:43.161+0300] {dag.py:3486} INFO - Setting next_dagrun for example_python_operator to None, run_after=None
[2023-06-01T10:08:43.290+0300] {processor.py:179} INFO - Processing /home/mutwiri/airflow/airflow_env/lib/python3.10/site-packages/airflow/example_dags/example_python_operator.py took 0.324 seconds
[2023-06-01T10:09:37.919+0300] {processor.py:157} INFO - Started process (PID=2088785) to work on /home/mutwiri/airflow/airflow_env/lib/python3.10/site-packages/airflow/example_dags/example_python_operator.py
[2023-06-01T10:09:37.921+0300] {processor.py:826} INFO - Processing file /home/mutwiri/airflow/airflow_env/lib/python3.10/site-packages/airflow/example_dags/example_python_operator.py for tasks to queue
[2023-06-01T10:09:37.922+0300] {logging_mixin.py:149} INFO - [2023-06-01T10:09:37.922+0300] {dagbag.py:541} INFO - Filling up the DagBag from /home/mutwiri/airflow/airflow_env/lib/python3.10/site-packages/airflow/example_dags/example_python_operator.py
[2023-06-01T10:09:37.933+0300] {logging_mixin.py:149} INFO - [2023-06-01T10:09:37.933+0300] {taskmixin.py:211} WARNING - Dependency <Task(_PythonDecoratedOperator): print_the_context>, log_sql_query already registered for DAG: example_python_operator
[2023-06-01T10:09:37.933+0300] {logging_mixin.py:149} INFO - [2023-06-01T10:09:37.933+0300] {taskmixin.py:211} WARNING - Dependency <Task(_PythonDecoratedOperator): log_sql_query>, print_the_context already registered for DAG: example_python_operator
[2023-06-01T10:09:37.934+0300] {logging_mixin.py:149} INFO - [2023-06-01T10:09:37.934+0300] {taskmixin.py:211} WARNING - Dependency <Task(_PythonDecoratedOperator): print_the_context>, log_sql_query already registered for DAG: example_python_operator
[2023-06-01T10:09:37.935+0300] {logging_mixin.py:149} INFO - [2023-06-01T10:09:37.934+0300] {taskmixin.py:211} WARNING - Dependency <Task(_PythonDecoratedOperator): log_sql_query>, print_the_context already registered for DAG: example_python_operator
[2023-06-01T10:09:37.936+0300] {logging_mixin.py:149} INFO - [2023-06-01T10:09:37.935+0300] {taskmixin.py:211} WARNING - Dependency <Task(_PythonDecoratedOperator): print_the_context>, log_sql_query already registered for DAG: example_python_operator
[2023-06-01T10:09:37.936+0300] {logging_mixin.py:149} INFO - [2023-06-01T10:09:37.936+0300] {taskmixin.py:211} WARNING - Dependency <Task(_PythonDecoratedOperator): log_sql_query>, print_the_context already registered for DAG: example_python_operator
[2023-06-01T10:09:37.937+0300] {logging_mixin.py:149} INFO - [2023-06-01T10:09:37.937+0300] {taskmixin.py:211} WARNING - Dependency <Task(_PythonDecoratedOperator): print_the_context>, log_sql_query already registered for DAG: example_python_operator
[2023-06-01T10:09:37.937+0300] {logging_mixin.py:149} INFO - [2023-06-01T10:09:37.937+0300] {taskmixin.py:211} WARNING - Dependency <Task(_PythonDecoratedOperator): log_sql_query>, print_the_context already registered for DAG: example_python_operator
[2023-06-01T10:09:37.938+0300] {logging_mixin.py:149} INFO - [2023-06-01T10:09:37.938+0300] {example_python_operator.py:90} WARNING - The virtalenv_python example task requires virtualenv, please install it.
[2023-06-01T10:09:37.938+0300] {processor.py:836} INFO - DAG(s) dict_keys(['example_python_operator']) retrieved from /home/mutwiri/airflow/airflow_env/lib/python3.10/site-packages/airflow/example_dags/example_python_operator.py
[2023-06-01T10:09:37.961+0300] {logging_mixin.py:149} INFO - [2023-06-01T10:09:37.961+0300] {dag.py:2726} INFO - Sync 1 DAGs
[2023-06-01T10:09:37.981+0300] {logging_mixin.py:149} INFO - [2023-06-01T10:09:37.981+0300] {dag.py:3486} INFO - Setting next_dagrun for example_python_operator to None, run_after=None
[2023-06-01T10:09:38.108+0300] {processor.py:179} INFO - Processing /home/mutwiri/airflow/airflow_env/lib/python3.10/site-packages/airflow/example_dags/example_python_operator.py took 0.194 seconds
[2023-06-01T10:10:33.898+0300] {processor.py:157} INFO - Started process (PID=2089090) to work on /home/mutwiri/airflow/airflow_env/lib/python3.10/site-packages/airflow/example_dags/example_python_operator.py
[2023-06-01T10:10:33.913+0300] {processor.py:826} INFO - Processing file /home/mutwiri/airflow/airflow_env/lib/python3.10/site-packages/airflow/example_dags/example_python_operator.py for tasks to queue
[2023-06-01T10:10:33.914+0300] {logging_mixin.py:149} INFO - [2023-06-01T10:10:33.914+0300] {dagbag.py:541} INFO - Filling up the DagBag from /home/mutwiri/airflow/airflow_env/lib/python3.10/site-packages/airflow/example_dags/example_python_operator.py
[2023-06-01T10:10:33.924+0300] {logging_mixin.py:149} INFO - [2023-06-01T10:10:33.924+0300] {taskmixin.py:211} WARNING - Dependency <Task(_PythonDecoratedOperator): print_the_context>, log_sql_query already registered for DAG: example_python_operator
[2023-06-01T10:10:33.924+0300] {logging_mixin.py:149} INFO - [2023-06-01T10:10:33.924+0300] {taskmixin.py:211} WARNING - Dependency <Task(_PythonDecoratedOperator): log_sql_query>, print_the_context already registered for DAG: example_python_operator
[2023-06-01T10:10:33.925+0300] {logging_mixin.py:149} INFO - [2023-06-01T10:10:33.925+0300] {taskmixin.py:211} WARNING - Dependency <Task(_PythonDecoratedOperator): print_the_context>, log_sql_query already registered for DAG: example_python_operator
[2023-06-01T10:10:33.925+0300] {logging_mixin.py:149} INFO - [2023-06-01T10:10:33.925+0300] {taskmixin.py:211} WARNING - Dependency <Task(_PythonDecoratedOperator): log_sql_query>, print_the_context already registered for DAG: example_python_operator
[2023-06-01T10:10:33.926+0300] {logging_mixin.py:149} INFO - [2023-06-01T10:10:33.926+0300] {taskmixin.py:211} WARNING - Dependency <Task(_PythonDecoratedOperator): print_the_context>, log_sql_query already registered for DAG: example_python_operator
[2023-06-01T10:10:33.926+0300] {logging_mixin.py:149} INFO - [2023-06-01T10:10:33.926+0300] {taskmixin.py:211} WARNING - Dependency <Task(_PythonDecoratedOperator): log_sql_query>, print_the_context already registered for DAG: example_python_operator
[2023-06-01T10:10:33.927+0300] {logging_mixin.py:149} INFO - [2023-06-01T10:10:33.927+0300] {taskmixin.py:211} WARNING - Dependency <Task(_PythonDecoratedOperator): print_the_context>, log_sql_query already registered for DAG: example_python_operator
[2023-06-01T10:10:33.928+0300] {logging_mixin.py:149} INFO - [2023-06-01T10:10:33.928+0300] {taskmixin.py:211} WARNING - Dependency <Task(_PythonDecoratedOperator): log_sql_query>, print_the_context already registered for DAG: example_python_operator
[2023-06-01T10:10:33.928+0300] {logging_mixin.py:149} INFO - [2023-06-01T10:10:33.928+0300] {example_python_operator.py:90} WARNING - The virtalenv_python example task requires virtualenv, please install it.
[2023-06-01T10:10:33.929+0300] {processor.py:836} INFO - DAG(s) dict_keys(['example_python_operator']) retrieved from /home/mutwiri/airflow/airflow_env/lib/python3.10/site-packages/airflow/example_dags/example_python_operator.py
[2023-06-01T10:10:33.953+0300] {logging_mixin.py:149} INFO - [2023-06-01T10:10:33.953+0300] {dag.py:2726} INFO - Sync 1 DAGs
[2023-06-01T10:10:33.971+0300] {logging_mixin.py:149} INFO - [2023-06-01T10:10:33.971+0300] {dag.py:3486} INFO - Setting next_dagrun for example_python_operator to None, run_after=None
[2023-06-01T10:10:34.093+0300] {processor.py:179} INFO - Processing /home/mutwiri/airflow/airflow_env/lib/python3.10/site-packages/airflow/example_dags/example_python_operator.py took 0.200 seconds
[2023-06-01T10:11:25.089+0300] {processor.py:157} INFO - Started process (PID=2089284) to work on /home/mutwiri/airflow/airflow_env/lib/python3.10/site-packages/airflow/example_dags/example_python_operator.py
[2023-06-01T10:11:25.090+0300] {processor.py:826} INFO - Processing file /home/mutwiri/airflow/airflow_env/lib/python3.10/site-packages/airflow/example_dags/example_python_operator.py for tasks to queue
[2023-06-01T10:11:25.091+0300] {logging_mixin.py:149} INFO - [2023-06-01T10:11:25.091+0300] {dagbag.py:541} INFO - Filling up the DagBag from /home/mutwiri/airflow/airflow_env/lib/python3.10/site-packages/airflow/example_dags/example_python_operator.py
[2023-06-01T10:11:25.099+0300] {logging_mixin.py:149} INFO - [2023-06-01T10:11:25.098+0300] {taskmixin.py:211} WARNING - Dependency <Task(_PythonDecoratedOperator): print_the_context>, log_sql_query already registered for DAG: example_python_operator
[2023-06-01T10:11:25.099+0300] {logging_mixin.py:149} INFO - [2023-06-01T10:11:25.099+0300] {taskmixin.py:211} WARNING - Dependency <Task(_PythonDecoratedOperator): log_sql_query>, print_the_context already registered for DAG: example_python_operator
[2023-06-01T10:11:25.099+0300] {logging_mixin.py:149} INFO - [2023-06-01T10:11:25.099+0300] {taskmixin.py:211} WARNING - Dependency <Task(_PythonDecoratedOperator): print_the_context>, log_sql_query already registered for DAG: example_python_operator
[2023-06-01T10:11:25.100+0300] {logging_mixin.py:149} INFO - [2023-06-01T10:11:25.100+0300] {taskmixin.py:211} WARNING - Dependency <Task(_PythonDecoratedOperator): log_sql_query>, print_the_context already registered for DAG: example_python_operator
[2023-06-01T10:11:25.100+0300] {logging_mixin.py:149} INFO - [2023-06-01T10:11:25.100+0300] {taskmixin.py:211} WARNING - Dependency <Task(_PythonDecoratedOperator): print_the_context>, log_sql_query already registered for DAG: example_python_operator
[2023-06-01T10:11:25.100+0300] {logging_mixin.py:149} INFO - [2023-06-01T10:11:25.100+0300] {taskmixin.py:211} WARNING - Dependency <Task(_PythonDecoratedOperator): log_sql_query>, print_the_context already registered for DAG: example_python_operator
[2023-06-01T10:11:25.101+0300] {logging_mixin.py:149} INFO - [2023-06-01T10:11:25.101+0300] {taskmixin.py:211} WARNING - Dependency <Task(_PythonDecoratedOperator): print_the_context>, log_sql_query already registered for DAG: example_python_operator
[2023-06-01T10:11:25.101+0300] {logging_mixin.py:149} INFO - [2023-06-01T10:11:25.101+0300] {taskmixin.py:211} WARNING - Dependency <Task(_PythonDecoratedOperator): log_sql_query>, print_the_context already registered for DAG: example_python_operator
[2023-06-01T10:11:25.102+0300] {logging_mixin.py:149} INFO - [2023-06-01T10:11:25.102+0300] {example_python_operator.py:90} WARNING - The virtalenv_python example task requires virtualenv, please install it.
[2023-06-01T10:11:25.102+0300] {processor.py:836} INFO - DAG(s) dict_keys(['example_python_operator']) retrieved from /home/mutwiri/airflow/airflow_env/lib/python3.10/site-packages/airflow/example_dags/example_python_operator.py
[2023-06-01T10:11:25.124+0300] {logging_mixin.py:149} INFO - [2023-06-01T10:11:25.123+0300] {dag.py:2726} INFO - Sync 1 DAGs
[2023-06-01T10:11:25.143+0300] {logging_mixin.py:149} INFO - [2023-06-01T10:11:25.143+0300] {dag.py:3486} INFO - Setting next_dagrun for example_python_operator to None, run_after=None
[2023-06-01T10:11:25.257+0300] {processor.py:179} INFO - Processing /home/mutwiri/airflow/airflow_env/lib/python3.10/site-packages/airflow/example_dags/example_python_operator.py took 0.172 seconds
[2023-06-01T10:12:41.638+0300] {processor.py:157} INFO - Started process (PID=2089606) to work on /home/mutwiri/airflow/airflow_env/lib/python3.10/site-packages/airflow/example_dags/example_python_operator.py
[2023-06-01T10:12:41.648+0300] {processor.py:826} INFO - Processing file /home/mutwiri/airflow/airflow_env/lib/python3.10/site-packages/airflow/example_dags/example_python_operator.py for tasks to queue
[2023-06-01T10:12:41.649+0300] {logging_mixin.py:149} INFO - [2023-06-01T10:12:41.649+0300] {dagbag.py:541} INFO - Filling up the DagBag from /home/mutwiri/airflow/airflow_env/lib/python3.10/site-packages/airflow/example_dags/example_python_operator.py
[2023-06-01T10:12:41.656+0300] {logging_mixin.py:149} INFO - [2023-06-01T10:12:41.656+0300] {taskmixin.py:211} WARNING - Dependency <Task(_PythonDecoratedOperator): print_the_context>, log_sql_query already registered for DAG: example_python_operator
[2023-06-01T10:12:41.656+0300] {logging_mixin.py:149} INFO - [2023-06-01T10:12:41.656+0300] {taskmixin.py:211} WARNING - Dependency <Task(_PythonDecoratedOperator): log_sql_query>, print_the_context already registered for DAG: example_python_operator
[2023-06-01T10:12:41.657+0300] {logging_mixin.py:149} INFO - [2023-06-01T10:12:41.657+0300] {taskmixin.py:211} WARNING - Dependency <Task(_PythonDecoratedOperator): print_the_context>, log_sql_query already registered for DAG: example_python_operator
[2023-06-01T10:12:41.657+0300] {logging_mixin.py:149} INFO - [2023-06-01T10:12:41.657+0300] {taskmixin.py:211} WARNING - Dependency <Task(_PythonDecoratedOperator): log_sql_query>, print_the_context already registered for DAG: example_python_operator
[2023-06-01T10:12:41.658+0300] {logging_mixin.py:149} INFO - [2023-06-01T10:12:41.658+0300] {taskmixin.py:211} WARNING - Dependency <Task(_PythonDecoratedOperator): print_the_context>, log_sql_query already registered for DAG: example_python_operator
[2023-06-01T10:12:41.658+0300] {logging_mixin.py:149} INFO - [2023-06-01T10:12:41.658+0300] {taskmixin.py:211} WARNING - Dependency <Task(_PythonDecoratedOperator): log_sql_query>, print_the_context already registered for DAG: example_python_operator
[2023-06-01T10:12:41.659+0300] {logging_mixin.py:149} INFO - [2023-06-01T10:12:41.658+0300] {taskmixin.py:211} WARNING - Dependency <Task(_PythonDecoratedOperator): print_the_context>, log_sql_query already registered for DAG: example_python_operator
[2023-06-01T10:12:41.659+0300] {logging_mixin.py:149} INFO - [2023-06-01T10:12:41.659+0300] {taskmixin.py:211} WARNING - Dependency <Task(_PythonDecoratedOperator): log_sql_query>, print_the_context already registered for DAG: example_python_operator
[2023-06-01T10:12:41.659+0300] {logging_mixin.py:149} INFO - [2023-06-01T10:12:41.659+0300] {example_python_operator.py:90} WARNING - The virtalenv_python example task requires virtualenv, please install it.
[2023-06-01T10:12:41.659+0300] {processor.py:836} INFO - DAG(s) dict_keys(['example_python_operator']) retrieved from /home/mutwiri/airflow/airflow_env/lib/python3.10/site-packages/airflow/example_dags/example_python_operator.py
[2023-06-01T10:12:41.680+0300] {logging_mixin.py:149} INFO - [2023-06-01T10:12:41.680+0300] {dag.py:2726} INFO - Sync 1 DAGs
[2023-06-01T10:12:41.699+0300] {logging_mixin.py:149} INFO - [2023-06-01T10:12:41.698+0300] {dag.py:3486} INFO - Setting next_dagrun for example_python_operator to None, run_after=None
[2023-06-01T10:12:41.813+0300] {processor.py:179} INFO - Processing /home/mutwiri/airflow/airflow_env/lib/python3.10/site-packages/airflow/example_dags/example_python_operator.py took 0.180 seconds
[2023-06-01T10:13:42.185+0300] {processor.py:157} INFO - Started process (PID=2089844) to work on /home/mutwiri/airflow/airflow_env/lib/python3.10/site-packages/airflow/example_dags/example_python_operator.py
[2023-06-01T10:13:42.190+0300] {processor.py:826} INFO - Processing file /home/mutwiri/airflow/airflow_env/lib/python3.10/site-packages/airflow/example_dags/example_python_operator.py for tasks to queue
[2023-06-01T10:13:42.191+0300] {logging_mixin.py:149} INFO - [2023-06-01T10:13:42.191+0300] {dagbag.py:541} INFO - Filling up the DagBag from /home/mutwiri/airflow/airflow_env/lib/python3.10/site-packages/airflow/example_dags/example_python_operator.py
[2023-06-01T10:13:42.204+0300] {logging_mixin.py:149} INFO - [2023-06-01T10:13:42.204+0300] {taskmixin.py:211} WARNING - Dependency <Task(_PythonDecoratedOperator): print_the_context>, log_sql_query already registered for DAG: example_python_operator
[2023-06-01T10:13:42.204+0300] {logging_mixin.py:149} INFO - [2023-06-01T10:13:42.204+0300] {taskmixin.py:211} WARNING - Dependency <Task(_PythonDecoratedOperator): log_sql_query>, print_the_context already registered for DAG: example_python_operator
[2023-06-01T10:13:42.205+0300] {logging_mixin.py:149} INFO - [2023-06-01T10:13:42.205+0300] {taskmixin.py:211} WARNING - Dependency <Task(_PythonDecoratedOperator): print_the_context>, log_sql_query already registered for DAG: example_python_operator
[2023-06-01T10:13:42.205+0300] {logging_mixin.py:149} INFO - [2023-06-01T10:13:42.205+0300] {taskmixin.py:211} WARNING - Dependency <Task(_PythonDecoratedOperator): log_sql_query>, print_the_context already registered for DAG: example_python_operator
[2023-06-01T10:13:42.206+0300] {logging_mixin.py:149} INFO - [2023-06-01T10:13:42.206+0300] {taskmixin.py:211} WARNING - Dependency <Task(_PythonDecoratedOperator): print_the_context>, log_sql_query already registered for DAG: example_python_operator
[2023-06-01T10:13:42.206+0300] {logging_mixin.py:149} INFO - [2023-06-01T10:13:42.206+0300] {taskmixin.py:211} WARNING - Dependency <Task(_PythonDecoratedOperator): log_sql_query>, print_the_context already registered for DAG: example_python_operator
[2023-06-01T10:13:42.207+0300] {logging_mixin.py:149} INFO - [2023-06-01T10:13:42.207+0300] {taskmixin.py:211} WARNING - Dependency <Task(_PythonDecoratedOperator): print_the_context>, log_sql_query already registered for DAG: example_python_operator
[2023-06-01T10:13:42.207+0300] {logging_mixin.py:149} INFO - [2023-06-01T10:13:42.207+0300] {taskmixin.py:211} WARNING - Dependency <Task(_PythonDecoratedOperator): log_sql_query>, print_the_context already registered for DAG: example_python_operator
[2023-06-01T10:13:42.208+0300] {logging_mixin.py:149} INFO - [2023-06-01T10:13:42.208+0300] {example_python_operator.py:90} WARNING - The virtalenv_python example task requires virtualenv, please install it.
[2023-06-01T10:13:42.209+0300] {processor.py:836} INFO - DAG(s) dict_keys(['example_python_operator']) retrieved from /home/mutwiri/airflow/airflow_env/lib/python3.10/site-packages/airflow/example_dags/example_python_operator.py
[2023-06-01T10:13:42.238+0300] {logging_mixin.py:149} INFO - [2023-06-01T10:13:42.238+0300] {dag.py:2726} INFO - Sync 1 DAGs
[2023-06-01T10:13:42.262+0300] {logging_mixin.py:149} INFO - [2023-06-01T10:13:42.262+0300] {dag.py:3486} INFO - Setting next_dagrun for example_python_operator to None, run_after=None
[2023-06-01T10:13:42.370+0300] {processor.py:179} INFO - Processing /home/mutwiri/airflow/airflow_env/lib/python3.10/site-packages/airflow/example_dags/example_python_operator.py took 0.190 seconds
[2023-06-01T10:14:35.307+0300] {processor.py:157} INFO - Started process (PID=2089928) to work on /home/mutwiri/airflow/airflow_env/lib/python3.10/site-packages/airflow/example_dags/example_python_operator.py
[2023-06-01T10:14:35.321+0300] {processor.py:826} INFO - Processing file /home/mutwiri/airflow/airflow_env/lib/python3.10/site-packages/airflow/example_dags/example_python_operator.py for tasks to queue
[2023-06-01T10:14:35.322+0300] {logging_mixin.py:149} INFO - [2023-06-01T10:14:35.321+0300] {dagbag.py:541} INFO - Filling up the DagBag from /home/mutwiri/airflow/airflow_env/lib/python3.10/site-packages/airflow/example_dags/example_python_operator.py
[2023-06-01T10:14:35.332+0300] {logging_mixin.py:149} INFO - [2023-06-01T10:14:35.332+0300] {taskmixin.py:211} WARNING - Dependency <Task(_PythonDecoratedOperator): print_the_context>, log_sql_query already registered for DAG: example_python_operator
[2023-06-01T10:14:35.332+0300] {logging_mixin.py:149} INFO - [2023-06-01T10:14:35.332+0300] {taskmixin.py:211} WARNING - Dependency <Task(_PythonDecoratedOperator): log_sql_query>, print_the_context already registered for DAG: example_python_operator
[2023-06-01T10:14:35.333+0300] {logging_mixin.py:149} INFO - [2023-06-01T10:14:35.333+0300] {taskmixin.py:211} WARNING - Dependency <Task(_PythonDecoratedOperator): print_the_context>, log_sql_query already registered for DAG: example_python_operator
[2023-06-01T10:14:35.333+0300] {logging_mixin.py:149} INFO - [2023-06-01T10:14:35.333+0300] {taskmixin.py:211} WARNING - Dependency <Task(_PythonDecoratedOperator): log_sql_query>, print_the_context already registered for DAG: example_python_operator
[2023-06-01T10:14:35.334+0300] {logging_mixin.py:149} INFO - [2023-06-01T10:14:35.334+0300] {taskmixin.py:211} WARNING - Dependency <Task(_PythonDecoratedOperator): print_the_context>, log_sql_query already registered for DAG: example_python_operator
[2023-06-01T10:14:35.334+0300] {logging_mixin.py:149} INFO - [2023-06-01T10:14:35.334+0300] {taskmixin.py:211} WARNING - Dependency <Task(_PythonDecoratedOperator): log_sql_query>, print_the_context already registered for DAG: example_python_operator
[2023-06-01T10:14:35.335+0300] {logging_mixin.py:149} INFO - [2023-06-01T10:14:35.335+0300] {taskmixin.py:211} WARNING - Dependency <Task(_PythonDecoratedOperator): print_the_context>, log_sql_query already registered for DAG: example_python_operator
[2023-06-01T10:14:35.335+0300] {logging_mixin.py:149} INFO - [2023-06-01T10:14:35.335+0300] {taskmixin.py:211} WARNING - Dependency <Task(_PythonDecoratedOperator): log_sql_query>, print_the_context already registered for DAG: example_python_operator
[2023-06-01T10:14:35.335+0300] {logging_mixin.py:149} INFO - [2023-06-01T10:14:35.335+0300] {example_python_operator.py:90} WARNING - The virtalenv_python example task requires virtualenv, please install it.
[2023-06-01T10:14:35.336+0300] {processor.py:836} INFO - DAG(s) dict_keys(['example_python_operator']) retrieved from /home/mutwiri/airflow/airflow_env/lib/python3.10/site-packages/airflow/example_dags/example_python_operator.py
[2023-06-01T10:14:35.365+0300] {logging_mixin.py:149} INFO - [2023-06-01T10:14:35.365+0300] {dag.py:2726} INFO - Sync 1 DAGs
[2023-06-01T10:14:35.391+0300] {logging_mixin.py:149} INFO - [2023-06-01T10:14:35.391+0300] {dag.py:3486} INFO - Setting next_dagrun for example_python_operator to None, run_after=None
[2023-06-01T10:14:35.502+0300] {processor.py:179} INFO - Processing /home/mutwiri/airflow/airflow_env/lib/python3.10/site-packages/airflow/example_dags/example_python_operator.py took 0.199 seconds
