[2023-06-01T10:05:07.504+0300] {processor.py:157} INFO - Started process (PID=2087792) to work on /home/mutwiri/airflow/airflow_env/lib/python3.10/site-packages/airflow/example_dags/example_skip_dag.py
[2023-06-01T10:05:07.507+0300] {processor.py:826} INFO - Processing file /home/mutwiri/airflow/airflow_env/lib/python3.10/site-packages/airflow/example_dags/example_skip_dag.py for tasks to queue
[2023-06-01T10:05:07.509+0300] {logging_mixin.py:149} INFO - [2023-06-01T10:05:07.508+0300] {dagbag.py:541} INFO - Filling up the DagBag from /home/mutwiri/airflow/airflow_env/lib/python3.10/site-packages/airflow/example_dags/example_skip_dag.py
[2023-06-01T10:05:07.547+0300] {processor.py:836} INFO - DAG(s) dict_keys(['example_skip_dag']) retrieved from /home/mutwiri/airflow/airflow_env/lib/python3.10/site-packages/airflow/example_dags/example_skip_dag.py
[2023-06-01T10:05:08.095+0300] {logging_mixin.py:149} INFO - [2023-06-01T10:05:08.094+0300] {manager.py:504} INFO - Created Permission View: can read on DAG:example_skip_dag
[2023-06-01T10:05:08.272+0300] {logging_mixin.py:149} INFO - [2023-06-01T10:05:08.271+0300] {manager.py:504} INFO - Created Permission View: can edit on DAG:example_skip_dag
[2023-06-01T10:05:08.458+0300] {logging_mixin.py:149} INFO - [2023-06-01T10:05:08.457+0300] {manager.py:504} INFO - Created Permission View: can delete on DAG:example_skip_dag
[2023-06-01T10:05:08.459+0300] {logging_mixin.py:149} INFO - [2023-06-01T10:05:08.458+0300] {dag.py:2726} INFO - Sync 1 DAGs
[2023-06-01T10:05:08.471+0300] {logging_mixin.py:149} INFO - [2023-06-01T10:05:08.471+0300] {dag.py:2747} INFO - Creating ORM DAG for example_skip_dag
[2023-06-01T10:05:08.481+0300] {logging_mixin.py:149} INFO - [2023-06-01T10:05:08.480+0300] {dag.py:3486} INFO - Setting next_dagrun for example_skip_dag to 2023-05-31T07:05:08.480476+00:00, run_after=2023-06-01T07:05:08.480476+00:00
[2023-06-01T10:05:08.628+0300] {processor.py:179} INFO - Processing /home/mutwiri/airflow/airflow_env/lib/python3.10/site-packages/airflow/example_dags/example_skip_dag.py took 1.135 seconds
[2023-06-01T10:07:05.608+0300] {processor.py:157} INFO - Started process (PID=2088533) to work on /home/mutwiri/airflow/airflow_env/lib/python3.10/site-packages/airflow/example_dags/example_skip_dag.py
[2023-06-01T10:07:05.610+0300] {processor.py:826} INFO - Processing file /home/mutwiri/airflow/airflow_env/lib/python3.10/site-packages/airflow/example_dags/example_skip_dag.py for tasks to queue
[2023-06-01T10:07:05.611+0300] {logging_mixin.py:149} INFO - [2023-06-01T10:07:05.610+0300] {dagbag.py:541} INFO - Filling up the DagBag from /home/mutwiri/airflow/airflow_env/lib/python3.10/site-packages/airflow/example_dags/example_skip_dag.py
[2023-06-01T10:07:05.618+0300] {processor.py:836} INFO - DAG(s) dict_keys(['example_skip_dag']) retrieved from /home/mutwiri/airflow/airflow_env/lib/python3.10/site-packages/airflow/example_dags/example_skip_dag.py
[2023-06-01T10:07:05.639+0300] {logging_mixin.py:149} INFO - [2023-06-01T10:07:05.639+0300] {dag.py:2726} INFO - Sync 1 DAGs
[2023-06-01T10:07:05.658+0300] {logging_mixin.py:149} INFO - [2023-06-01T10:07:05.658+0300] {dag.py:3486} INFO - Setting next_dagrun for example_skip_dag to 2023-05-31T07:07:05.658538+00:00, run_after=2023-06-01T07:07:05.658538+00:00
[2023-06-01T10:07:05.781+0300] {processor.py:179} INFO - Processing /home/mutwiri/airflow/airflow_env/lib/python3.10/site-packages/airflow/example_dags/example_skip_dag.py took 0.176 seconds
[2023-06-01T10:07:59.721+0300] {processor.py:157} INFO - Started process (PID=2088617) to work on /home/mutwiri/airflow/airflow_env/lib/python3.10/site-packages/airflow/example_dags/example_skip_dag.py
[2023-06-01T10:07:59.722+0300] {processor.py:826} INFO - Processing file /home/mutwiri/airflow/airflow_env/lib/python3.10/site-packages/airflow/example_dags/example_skip_dag.py for tasks to queue
[2023-06-01T10:07:59.723+0300] {logging_mixin.py:149} INFO - [2023-06-01T10:07:59.723+0300] {dagbag.py:541} INFO - Filling up the DagBag from /home/mutwiri/airflow/airflow_env/lib/python3.10/site-packages/airflow/example_dags/example_skip_dag.py
[2023-06-01T10:07:59.732+0300] {processor.py:836} INFO - DAG(s) dict_keys(['example_skip_dag']) retrieved from /home/mutwiri/airflow/airflow_env/lib/python3.10/site-packages/airflow/example_dags/example_skip_dag.py
[2023-06-01T10:07:59.755+0300] {logging_mixin.py:149} INFO - [2023-06-01T10:07:59.755+0300] {dag.py:2726} INFO - Sync 1 DAGs
[2023-06-01T10:07:59.890+0300] {logging_mixin.py:149} INFO - [2023-06-01T10:07:59.890+0300] {dag.py:3486} INFO - Setting next_dagrun for example_skip_dag to 2023-05-31T07:07:59.889744+00:00, run_after=2023-06-01T07:07:59.889744+00:00
[2023-06-01T10:08:00.009+0300] {processor.py:179} INFO - Processing /home/mutwiri/airflow/airflow_env/lib/python3.10/site-packages/airflow/example_dags/example_skip_dag.py took 0.292 seconds
[2023-06-01T10:08:56.426+0300] {processor.py:157} INFO - Started process (PID=2088676) to work on /home/mutwiri/airflow/airflow_env/lib/python3.10/site-packages/airflow/example_dags/example_skip_dag.py
[2023-06-01T10:08:56.427+0300] {processor.py:826} INFO - Processing file /home/mutwiri/airflow/airflow_env/lib/python3.10/site-packages/airflow/example_dags/example_skip_dag.py for tasks to queue
[2023-06-01T10:08:56.428+0300] {logging_mixin.py:149} INFO - [2023-06-01T10:08:56.428+0300] {dagbag.py:541} INFO - Filling up the DagBag from /home/mutwiri/airflow/airflow_env/lib/python3.10/site-packages/airflow/example_dags/example_skip_dag.py
[2023-06-01T10:08:56.439+0300] {processor.py:836} INFO - DAG(s) dict_keys(['example_skip_dag']) retrieved from /home/mutwiri/airflow/airflow_env/lib/python3.10/site-packages/airflow/example_dags/example_skip_dag.py
[2023-06-01T10:08:56.582+0300] {logging_mixin.py:149} INFO - [2023-06-01T10:08:56.582+0300] {dag.py:2726} INFO - Sync 1 DAGs
[2023-06-01T10:08:56.608+0300] {logging_mixin.py:149} INFO - [2023-06-01T10:08:56.608+0300] {dag.py:3486} INFO - Setting next_dagrun for example_skip_dag to 2023-05-31T07:08:56.607938+00:00, run_after=2023-06-01T07:08:56.607938+00:00
[2023-06-01T10:08:56.726+0300] {processor.py:179} INFO - Processing /home/mutwiri/airflow/airflow_env/lib/python3.10/site-packages/airflow/example_dags/example_skip_dag.py took 0.305 seconds
[2023-06-01T10:09:51.290+0300] {processor.py:157} INFO - Started process (PID=2088871) to work on /home/mutwiri/airflow/airflow_env/lib/python3.10/site-packages/airflow/example_dags/example_skip_dag.py
[2023-06-01T10:09:51.291+0300] {processor.py:826} INFO - Processing file /home/mutwiri/airflow/airflow_env/lib/python3.10/site-packages/airflow/example_dags/example_skip_dag.py for tasks to queue
[2023-06-01T10:09:51.292+0300] {logging_mixin.py:149} INFO - [2023-06-01T10:09:51.292+0300] {dagbag.py:541} INFO - Filling up the DagBag from /home/mutwiri/airflow/airflow_env/lib/python3.10/site-packages/airflow/example_dags/example_skip_dag.py
[2023-06-01T10:09:51.301+0300] {processor.py:836} INFO - DAG(s) dict_keys(['example_skip_dag']) retrieved from /home/mutwiri/airflow/airflow_env/lib/python3.10/site-packages/airflow/example_dags/example_skip_dag.py
[2023-06-01T10:09:51.325+0300] {logging_mixin.py:149} INFO - [2023-06-01T10:09:51.325+0300] {dag.py:2726} INFO - Sync 1 DAGs
[2023-06-01T10:09:51.348+0300] {logging_mixin.py:149} INFO - [2023-06-01T10:09:51.348+0300] {dag.py:3486} INFO - Setting next_dagrun for example_skip_dag to 2023-05-31T07:09:51.347983+00:00, run_after=2023-06-01T07:09:51.347983+00:00
[2023-06-01T10:09:51.480+0300] {processor.py:179} INFO - Processing /home/mutwiri/airflow/airflow_env/lib/python3.10/site-packages/airflow/example_dags/example_skip_dag.py took 0.194 seconds
[2023-06-01T10:10:40.890+0300] {processor.py:157} INFO - Started process (PID=2089123) to work on /home/mutwiri/airflow/airflow_env/lib/python3.10/site-packages/airflow/example_dags/example_skip_dag.py
[2023-06-01T10:10:40.910+0300] {processor.py:826} INFO - Processing file /home/mutwiri/airflow/airflow_env/lib/python3.10/site-packages/airflow/example_dags/example_skip_dag.py for tasks to queue
[2023-06-01T10:10:40.911+0300] {logging_mixin.py:149} INFO - [2023-06-01T10:10:40.911+0300] {dagbag.py:541} INFO - Filling up the DagBag from /home/mutwiri/airflow/airflow_env/lib/python3.10/site-packages/airflow/example_dags/example_skip_dag.py
[2023-06-01T10:10:40.925+0300] {processor.py:836} INFO - DAG(s) dict_keys(['example_skip_dag']) retrieved from /home/mutwiri/airflow/airflow_env/lib/python3.10/site-packages/airflow/example_dags/example_skip_dag.py
[2023-06-01T10:10:40.963+0300] {logging_mixin.py:149} INFO - [2023-06-01T10:10:40.962+0300] {dag.py:2726} INFO - Sync 1 DAGs
[2023-06-01T10:10:40.984+0300] {logging_mixin.py:149} INFO - [2023-06-01T10:10:40.984+0300] {dag.py:3486} INFO - Setting next_dagrun for example_skip_dag to 2023-05-31T07:10:40.984489+00:00, run_after=2023-06-01T07:10:40.984489+00:00
[2023-06-01T10:10:41.119+0300] {processor.py:179} INFO - Processing /home/mutwiri/airflow/airflow_env/lib/python3.10/site-packages/airflow/example_dags/example_skip_dag.py took 0.232 seconds
[2023-06-01T10:11:29.940+0300] {processor.py:157} INFO - Started process (PID=2089297) to work on /home/mutwiri/airflow/airflow_env/lib/python3.10/site-packages/airflow/example_dags/example_skip_dag.py
[2023-06-01T10:11:29.957+0300] {processor.py:826} INFO - Processing file /home/mutwiri/airflow/airflow_env/lib/python3.10/site-packages/airflow/example_dags/example_skip_dag.py for tasks to queue
[2023-06-01T10:11:29.958+0300] {logging_mixin.py:149} INFO - [2023-06-01T10:11:29.958+0300] {dagbag.py:541} INFO - Filling up the DagBag from /home/mutwiri/airflow/airflow_env/lib/python3.10/site-packages/airflow/example_dags/example_skip_dag.py
[2023-06-01T10:11:29.970+0300] {processor.py:836} INFO - DAG(s) dict_keys(['example_skip_dag']) retrieved from /home/mutwiri/airflow/airflow_env/lib/python3.10/site-packages/airflow/example_dags/example_skip_dag.py
[2023-06-01T10:11:29.996+0300] {logging_mixin.py:149} INFO - [2023-06-01T10:11:29.996+0300] {dag.py:2726} INFO - Sync 1 DAGs
[2023-06-01T10:11:30.016+0300] {logging_mixin.py:149} INFO - [2023-06-01T10:11:30.016+0300] {dag.py:3486} INFO - Setting next_dagrun for example_skip_dag to 2023-05-31T07:11:30.016413+00:00, run_after=2023-06-01T07:11:30.016413+00:00
[2023-06-01T10:11:30.149+0300] {processor.py:179} INFO - Processing /home/mutwiri/airflow/airflow_env/lib/python3.10/site-packages/airflow/example_dags/example_skip_dag.py took 0.213 seconds
[2023-06-01T10:12:18.043+0300] {processor.py:157} INFO - Started process (PID=2089479) to work on /home/mutwiri/airflow/airflow_env/lib/python3.10/site-packages/airflow/example_dags/example_skip_dag.py
[2023-06-01T10:12:18.057+0300] {processor.py:826} INFO - Processing file /home/mutwiri/airflow/airflow_env/lib/python3.10/site-packages/airflow/example_dags/example_skip_dag.py for tasks to queue
[2023-06-01T10:12:18.058+0300] {logging_mixin.py:149} INFO - [2023-06-01T10:12:18.058+0300] {dagbag.py:541} INFO - Filling up the DagBag from /home/mutwiri/airflow/airflow_env/lib/python3.10/site-packages/airflow/example_dags/example_skip_dag.py
[2023-06-01T10:12:18.068+0300] {processor.py:836} INFO - DAG(s) dict_keys(['example_skip_dag']) retrieved from /home/mutwiri/airflow/airflow_env/lib/python3.10/site-packages/airflow/example_dags/example_skip_dag.py
[2023-06-01T10:12:18.091+0300] {logging_mixin.py:149} INFO - [2023-06-01T10:12:18.091+0300] {dag.py:2726} INFO - Sync 1 DAGs
[2023-06-01T10:12:18.112+0300] {logging_mixin.py:149} INFO - [2023-06-01T10:12:18.112+0300] {dag.py:3486} INFO - Setting next_dagrun for example_skip_dag to 2023-05-31T07:12:18.112465+00:00, run_after=2023-06-01T07:12:18.112465+00:00
[2023-06-01T10:12:18.227+0300] {processor.py:179} INFO - Processing /home/mutwiri/airflow/airflow_env/lib/python3.10/site-packages/airflow/example_dags/example_skip_dag.py took 0.189 seconds
[2023-06-01T10:13:17.554+0300] {processor.py:157} INFO - Started process (PID=2089731) to work on /home/mutwiri/airflow/airflow_env/lib/python3.10/site-packages/airflow/example_dags/example_skip_dag.py
[2023-06-01T10:13:17.582+0300] {processor.py:826} INFO - Processing file /home/mutwiri/airflow/airflow_env/lib/python3.10/site-packages/airflow/example_dags/example_skip_dag.py for tasks to queue
[2023-06-01T10:13:17.583+0300] {logging_mixin.py:149} INFO - [2023-06-01T10:13:17.583+0300] {dagbag.py:541} INFO - Filling up the DagBag from /home/mutwiri/airflow/airflow_env/lib/python3.10/site-packages/airflow/example_dags/example_skip_dag.py
[2023-06-01T10:13:17.597+0300] {processor.py:836} INFO - DAG(s) dict_keys(['example_skip_dag']) retrieved from /home/mutwiri/airflow/airflow_env/lib/python3.10/site-packages/airflow/example_dags/example_skip_dag.py
[2023-06-01T10:13:17.775+0300] {logging_mixin.py:149} INFO - [2023-06-01T10:13:17.774+0300] {dag.py:2726} INFO - Sync 1 DAGs
[2023-06-01T10:13:18.021+0300] {logging_mixin.py:149} INFO - [2023-06-01T10:13:18.020+0300] {dag.py:3486} INFO - Setting next_dagrun for example_skip_dag to 2023-05-31T07:13:18.019979+00:00, run_after=2023-06-01T07:13:18.019979+00:00
[2023-06-01T10:13:18.170+0300] {processor.py:179} INFO - Processing /home/mutwiri/airflow/airflow_env/lib/python3.10/site-packages/airflow/example_dags/example_skip_dag.py took 0.624 seconds
[2023-06-01T10:13:50.265+0300] {processor.py:157} INFO - Started process (PID=2089851) to work on /home/mutwiri/airflow/airflow_env/lib/python3.10/site-packages/airflow/example_dags/example_skip_dag.py
[2023-06-01T10:13:50.267+0300] {processor.py:826} INFO - Processing file /home/mutwiri/airflow/airflow_env/lib/python3.10/site-packages/airflow/example_dags/example_skip_dag.py for tasks to queue
[2023-06-01T10:13:50.268+0300] {logging_mixin.py:149} INFO - [2023-06-01T10:13:50.268+0300] {dagbag.py:541} INFO - Filling up the DagBag from /home/mutwiri/airflow/airflow_env/lib/python3.10/site-packages/airflow/example_dags/example_skip_dag.py
[2023-06-01T10:13:50.281+0300] {processor.py:836} INFO - DAG(s) dict_keys(['example_skip_dag']) retrieved from /home/mutwiri/airflow/airflow_env/lib/python3.10/site-packages/airflow/example_dags/example_skip_dag.py
[2023-06-01T10:13:50.305+0300] {logging_mixin.py:149} INFO - [2023-06-01T10:13:50.305+0300] {dag.py:2726} INFO - Sync 1 DAGs
[2023-06-01T10:13:50.326+0300] {logging_mixin.py:149} INFO - [2023-06-01T10:13:50.325+0300] {dag.py:3486} INFO - Setting next_dagrun for example_skip_dag to 2023-05-31T07:13:50.325634+00:00, run_after=2023-06-01T07:13:50.325634+00:00
[2023-06-01T10:13:50.419+0300] {processor.py:179} INFO - Processing /home/mutwiri/airflow/airflow_env/lib/python3.10/site-packages/airflow/example_dags/example_skip_dag.py took 0.160 seconds
[2023-06-01T10:14:40.983+0300] {processor.py:157} INFO - Started process (PID=2089933) to work on /home/mutwiri/airflow/airflow_env/lib/python3.10/site-packages/airflow/example_dags/example_skip_dag.py
[2023-06-01T10:14:40.984+0300] {processor.py:826} INFO - Processing file /home/mutwiri/airflow/airflow_env/lib/python3.10/site-packages/airflow/example_dags/example_skip_dag.py for tasks to queue
[2023-06-01T10:14:40.985+0300] {logging_mixin.py:149} INFO - [2023-06-01T10:14:40.985+0300] {dagbag.py:541} INFO - Filling up the DagBag from /home/mutwiri/airflow/airflow_env/lib/python3.10/site-packages/airflow/example_dags/example_skip_dag.py
[2023-06-01T10:14:40.994+0300] {processor.py:836} INFO - DAG(s) dict_keys(['example_skip_dag']) retrieved from /home/mutwiri/airflow/airflow_env/lib/python3.10/site-packages/airflow/example_dags/example_skip_dag.py
[2023-06-01T10:14:41.019+0300] {logging_mixin.py:149} INFO - [2023-06-01T10:14:41.019+0300] {dag.py:2726} INFO - Sync 1 DAGs
[2023-06-01T10:14:41.040+0300] {logging_mixin.py:149} INFO - [2023-06-01T10:14:41.040+0300] {dag.py:3486} INFO - Setting next_dagrun for example_skip_dag to 2023-05-31T07:14:41.040447+00:00, run_after=2023-06-01T07:14:41.040447+00:00
[2023-06-01T10:14:41.170+0300] {processor.py:179} INFO - Processing /home/mutwiri/airflow/airflow_env/lib/python3.10/site-packages/airflow/example_dags/example_skip_dag.py took 0.192 seconds
