[2023-06-01T10:06:49.397+0300] {processor.py:157} INFO - Started process (PID=2088438) to work on /home/mutwiri/airflow/airflow_env/lib/python3.10/site-packages/airflow/example_dags/example_params_trigger_ui.py
[2023-06-01T10:06:49.398+0300] {processor.py:826} INFO - Processing file /home/mutwiri/airflow/airflow_env/lib/python3.10/site-packages/airflow/example_dags/example_params_trigger_ui.py for tasks to queue
[2023-06-01T10:06:49.399+0300] {logging_mixin.py:149} INFO - [2023-06-01T10:06:49.399+0300] {dagbag.py:541} INFO - Filling up the DagBag from /home/mutwiri/airflow/airflow_env/lib/python3.10/site-packages/airflow/example_dags/example_params_trigger_ui.py
[2023-06-01T10:06:49.431+0300] {processor.py:836} INFO - DAG(s) dict_keys(['example_params_trigger_ui']) retrieved from /home/mutwiri/airflow/airflow_env/lib/python3.10/site-packages/airflow/example_dags/example_params_trigger_ui.py
[2023-06-01T10:06:49.499+0300] {logging_mixin.py:149} INFO - [2023-06-01T10:06:49.499+0300] {dag.py:2726} INFO - Sync 1 DAGs
[2023-06-01T10:06:49.517+0300] {logging_mixin.py:149} INFO - [2023-06-01T10:06:49.517+0300] {dag.py:3486} INFO - Setting next_dagrun for example_params_trigger_ui to None, run_after=None
[2023-06-01T10:06:49.743+0300] {processor.py:179} INFO - Processing /home/mutwiri/airflow/airflow_env/lib/python3.10/site-packages/airflow/example_dags/example_params_trigger_ui.py took 0.352 seconds
[2023-06-01T10:07:47.102+0300] {processor.py:157} INFO - Started process (PID=2088605) to work on /home/mutwiri/airflow/airflow_env/lib/python3.10/site-packages/airflow/example_dags/example_params_trigger_ui.py
[2023-06-01T10:07:47.122+0300] {processor.py:826} INFO - Processing file /home/mutwiri/airflow/airflow_env/lib/python3.10/site-packages/airflow/example_dags/example_params_trigger_ui.py for tasks to queue
[2023-06-01T10:07:47.123+0300] {logging_mixin.py:149} INFO - [2023-06-01T10:07:47.123+0300] {dagbag.py:541} INFO - Filling up the DagBag from /home/mutwiri/airflow/airflow_env/lib/python3.10/site-packages/airflow/example_dags/example_params_trigger_ui.py
[2023-06-01T10:07:47.149+0300] {processor.py:836} INFO - DAG(s) dict_keys(['example_params_trigger_ui']) retrieved from /home/mutwiri/airflow/airflow_env/lib/python3.10/site-packages/airflow/example_dags/example_params_trigger_ui.py
[2023-06-01T10:07:47.355+0300] {logging_mixin.py:149} INFO - [2023-06-01T10:07:47.354+0300] {dag.py:2726} INFO - Sync 1 DAGs
[2023-06-01T10:07:47.374+0300] {logging_mixin.py:149} INFO - [2023-06-01T10:07:47.374+0300] {dag.py:3486} INFO - Setting next_dagrun for example_params_trigger_ui to None, run_after=None
[2023-06-01T10:07:47.468+0300] {processor.py:179} INFO - Processing /home/mutwiri/airflow/airflow_env/lib/python3.10/site-packages/airflow/example_dags/example_params_trigger_ui.py took 0.370 seconds
[2023-06-01T10:08:45.830+0300] {processor.py:157} INFO - Started process (PID=2088666) to work on /home/mutwiri/airflow/airflow_env/lib/python3.10/site-packages/airflow/example_dags/example_params_trigger_ui.py
[2023-06-01T10:08:45.831+0300] {processor.py:826} INFO - Processing file /home/mutwiri/airflow/airflow_env/lib/python3.10/site-packages/airflow/example_dags/example_params_trigger_ui.py for tasks to queue
[2023-06-01T10:08:45.832+0300] {logging_mixin.py:149} INFO - [2023-06-01T10:08:45.832+0300] {dagbag.py:541} INFO - Filling up the DagBag from /home/mutwiri/airflow/airflow_env/lib/python3.10/site-packages/airflow/example_dags/example_params_trigger_ui.py
[2023-06-01T10:08:45.975+0300] {processor.py:836} INFO - DAG(s) dict_keys(['example_params_trigger_ui']) retrieved from /home/mutwiri/airflow/airflow_env/lib/python3.10/site-packages/airflow/example_dags/example_params_trigger_ui.py
[2023-06-01T10:08:46.059+0300] {logging_mixin.py:149} INFO - [2023-06-01T10:08:46.059+0300] {dag.py:2726} INFO - Sync 1 DAGs
[2023-06-01T10:08:46.080+0300] {logging_mixin.py:149} INFO - [2023-06-01T10:08:46.080+0300] {dag.py:3486} INFO - Setting next_dagrun for example_params_trigger_ui to None, run_after=None
[2023-06-01T10:08:46.200+0300] {processor.py:179} INFO - Processing /home/mutwiri/airflow/airflow_env/lib/python3.10/site-packages/airflow/example_dags/example_params_trigger_ui.py took 0.374 seconds
[2023-06-01T10:09:40.496+0300] {processor.py:157} INFO - Started process (PID=2088789) to work on /home/mutwiri/airflow/airflow_env/lib/python3.10/site-packages/airflow/example_dags/example_params_trigger_ui.py
[2023-06-01T10:09:40.512+0300] {processor.py:826} INFO - Processing file /home/mutwiri/airflow/airflow_env/lib/python3.10/site-packages/airflow/example_dags/example_params_trigger_ui.py for tasks to queue
[2023-06-01T10:09:40.513+0300] {logging_mixin.py:149} INFO - [2023-06-01T10:09:40.512+0300] {dagbag.py:541} INFO - Filling up the DagBag from /home/mutwiri/airflow/airflow_env/lib/python3.10/site-packages/airflow/example_dags/example_params_trigger_ui.py
[2023-06-01T10:09:40.537+0300] {processor.py:836} INFO - DAG(s) dict_keys(['example_params_trigger_ui']) retrieved from /home/mutwiri/airflow/airflow_env/lib/python3.10/site-packages/airflow/example_dags/example_params_trigger_ui.py
[2023-06-01T10:09:40.679+0300] {logging_mixin.py:149} INFO - [2023-06-01T10:09:40.678+0300] {dag.py:2726} INFO - Sync 1 DAGs
[2023-06-01T10:09:40.710+0300] {logging_mixin.py:149} INFO - [2023-06-01T10:09:40.710+0300] {dag.py:3486} INFO - Setting next_dagrun for example_params_trigger_ui to None, run_after=None
[2023-06-01T10:09:40.940+0300] {processor.py:179} INFO - Processing /home/mutwiri/airflow/airflow_env/lib/python3.10/site-packages/airflow/example_dags/example_params_trigger_ui.py took 0.448 seconds
[2023-06-01T10:10:34.820+0300] {processor.py:157} INFO - Started process (PID=2089101) to work on /home/mutwiri/airflow/airflow_env/lib/python3.10/site-packages/airflow/example_dags/example_params_trigger_ui.py
[2023-06-01T10:10:34.834+0300] {processor.py:826} INFO - Processing file /home/mutwiri/airflow/airflow_env/lib/python3.10/site-packages/airflow/example_dags/example_params_trigger_ui.py for tasks to queue
[2023-06-01T10:10:34.835+0300] {logging_mixin.py:149} INFO - [2023-06-01T10:10:34.834+0300] {dagbag.py:541} INFO - Filling up the DagBag from /home/mutwiri/airflow/airflow_env/lib/python3.10/site-packages/airflow/example_dags/example_params_trigger_ui.py
[2023-06-01T10:10:34.862+0300] {processor.py:836} INFO - DAG(s) dict_keys(['example_params_trigger_ui']) retrieved from /home/mutwiri/airflow/airflow_env/lib/python3.10/site-packages/airflow/example_dags/example_params_trigger_ui.py
[2023-06-01T10:10:34.931+0300] {logging_mixin.py:149} INFO - [2023-06-01T10:10:34.931+0300] {dag.py:2726} INFO - Sync 1 DAGs
[2023-06-01T10:10:34.949+0300] {logging_mixin.py:149} INFO - [2023-06-01T10:10:34.949+0300] {dag.py:3486} INFO - Setting next_dagrun for example_params_trigger_ui to None, run_after=None
[2023-06-01T10:10:35.060+0300] {processor.py:179} INFO - Processing /home/mutwiri/airflow/airflow_env/lib/python3.10/site-packages/airflow/example_dags/example_params_trigger_ui.py took 0.245 seconds
[2023-06-01T10:11:48.060+0300] {processor.py:157} INFO - Started process (PID=2089370) to work on /home/mutwiri/airflow/airflow_env/lib/python3.10/site-packages/airflow/example_dags/example_params_trigger_ui.py
[2023-06-01T10:11:48.074+0300] {processor.py:826} INFO - Processing file /home/mutwiri/airflow/airflow_env/lib/python3.10/site-packages/airflow/example_dags/example_params_trigger_ui.py for tasks to queue
[2023-06-01T10:11:48.075+0300] {logging_mixin.py:149} INFO - [2023-06-01T10:11:48.075+0300] {dagbag.py:541} INFO - Filling up the DagBag from /home/mutwiri/airflow/airflow_env/lib/python3.10/site-packages/airflow/example_dags/example_params_trigger_ui.py
[2023-06-01T10:11:48.106+0300] {processor.py:836} INFO - DAG(s) dict_keys(['example_params_trigger_ui']) retrieved from /home/mutwiri/airflow/airflow_env/lib/python3.10/site-packages/airflow/example_dags/example_params_trigger_ui.py
[2023-06-01T10:11:48.194+0300] {logging_mixin.py:149} INFO - [2023-06-01T10:11:48.193+0300] {dag.py:2726} INFO - Sync 1 DAGs
[2023-06-01T10:11:48.214+0300] {logging_mixin.py:149} INFO - [2023-06-01T10:11:48.214+0300] {dag.py:3486} INFO - Setting next_dagrun for example_params_trigger_ui to None, run_after=None
[2023-06-01T10:11:48.333+0300] {processor.py:179} INFO - Processing /home/mutwiri/airflow/airflow_env/lib/python3.10/site-packages/airflow/example_dags/example_params_trigger_ui.py took 0.279 seconds
[2023-06-01T10:13:09.188+0300] {processor.py:157} INFO - Started process (PID=2089677) to work on /home/mutwiri/airflow/airflow_env/lib/python3.10/site-packages/airflow/example_dags/example_params_trigger_ui.py
[2023-06-01T10:13:09.202+0300] {processor.py:826} INFO - Processing file /home/mutwiri/airflow/airflow_env/lib/python3.10/site-packages/airflow/example_dags/example_params_trigger_ui.py for tasks to queue
[2023-06-01T10:13:09.203+0300] {logging_mixin.py:149} INFO - [2023-06-01T10:13:09.203+0300] {dagbag.py:541} INFO - Filling up the DagBag from /home/mutwiri/airflow/airflow_env/lib/python3.10/site-packages/airflow/example_dags/example_params_trigger_ui.py
[2023-06-01T10:13:09.250+0300] {processor.py:836} INFO - DAG(s) dict_keys(['example_params_trigger_ui']) retrieved from /home/mutwiri/airflow/airflow_env/lib/python3.10/site-packages/airflow/example_dags/example_params_trigger_ui.py
[2023-06-01T10:13:09.375+0300] {logging_mixin.py:149} INFO - [2023-06-01T10:13:09.375+0300] {dag.py:2726} INFO - Sync 1 DAGs
[2023-06-01T10:13:09.405+0300] {logging_mixin.py:149} INFO - [2023-06-01T10:13:09.405+0300] {dag.py:3486} INFO - Setting next_dagrun for example_params_trigger_ui to None, run_after=None
[2023-06-01T10:13:09.534+0300] {processor.py:179} INFO - Processing /home/mutwiri/airflow/airflow_env/lib/python3.10/site-packages/airflow/example_dags/example_params_trigger_ui.py took 0.351 seconds
[2023-06-01T10:14:10.450+0300] {processor.py:157} INFO - Started process (PID=2089870) to work on /home/mutwiri/airflow/airflow_env/lib/python3.10/site-packages/airflow/example_dags/example_params_trigger_ui.py
[2023-06-01T10:14:10.454+0300] {processor.py:826} INFO - Processing file /home/mutwiri/airflow/airflow_env/lib/python3.10/site-packages/airflow/example_dags/example_params_trigger_ui.py for tasks to queue
[2023-06-01T10:14:10.456+0300] {logging_mixin.py:149} INFO - [2023-06-01T10:14:10.456+0300] {dagbag.py:541} INFO - Filling up the DagBag from /home/mutwiri/airflow/airflow_env/lib/python3.10/site-packages/airflow/example_dags/example_params_trigger_ui.py
[2023-06-01T10:14:10.496+0300] {processor.py:836} INFO - DAG(s) dict_keys(['example_params_trigger_ui']) retrieved from /home/mutwiri/airflow/airflow_env/lib/python3.10/site-packages/airflow/example_dags/example_params_trigger_ui.py
[2023-06-01T10:14:10.592+0300] {logging_mixin.py:149} INFO - [2023-06-01T10:14:10.591+0300] {dag.py:2726} INFO - Sync 1 DAGs
[2023-06-01T10:14:10.613+0300] {logging_mixin.py:149} INFO - [2023-06-01T10:14:10.612+0300] {dag.py:3486} INFO - Setting next_dagrun for example_params_trigger_ui to None, run_after=None
[2023-06-01T10:14:10.739+0300] {processor.py:179} INFO - Processing /home/mutwiri/airflow/airflow_env/lib/python3.10/site-packages/airflow/example_dags/example_params_trigger_ui.py took 0.293 seconds
[2023-06-01T10:15:20.459+0300] {processor.py:157} INFO - Started process (PID=2090034) to work on /home/mutwiri/airflow/airflow_env/lib/python3.10/site-packages/airflow/example_dags/example_params_trigger_ui.py
[2023-06-01T10:15:20.461+0300] {processor.py:826} INFO - Processing file /home/mutwiri/airflow/airflow_env/lib/python3.10/site-packages/airflow/example_dags/example_params_trigger_ui.py for tasks to queue
[2023-06-01T10:15:20.463+0300] {logging_mixin.py:149} INFO - [2023-06-01T10:15:20.462+0300] {dagbag.py:541} INFO - Filling up the DagBag from /home/mutwiri/airflow/airflow_env/lib/python3.10/site-packages/airflow/example_dags/example_params_trigger_ui.py
[2023-06-01T10:15:20.508+0300] {processor.py:836} INFO - DAG(s) dict_keys(['example_params_trigger_ui']) retrieved from /home/mutwiri/airflow/airflow_env/lib/python3.10/site-packages/airflow/example_dags/example_params_trigger_ui.py
[2023-06-01T10:15:20.606+0300] {logging_mixin.py:149} INFO - [2023-06-01T10:15:20.606+0300] {dag.py:2726} INFO - Sync 1 DAGs
[2023-06-01T10:15:20.623+0300] {logging_mixin.py:149} INFO - [2023-06-01T10:15:20.623+0300] {dag.py:3486} INFO - Setting next_dagrun for example_params_trigger_ui to None, run_after=None
[2023-06-01T10:15:20.781+0300] {processor.py:179} INFO - Processing /home/mutwiri/airflow/airflow_env/lib/python3.10/site-packages/airflow/example_dags/example_params_trigger_ui.py took 0.328 seconds
