[2023-06-01T10:06:24.047+0300] {processor.py:157} INFO - Started process (PID=2088322) to work on /home/mutwiri/airflow/airflow_env/lib/python3.10/site-packages/airflow/example_dags/example_datasets.py
[2023-06-01T10:06:24.052+0300] {processor.py:826} INFO - Processing file /home/mutwiri/airflow/airflow_env/lib/python3.10/site-packages/airflow/example_dags/example_datasets.py for tasks to queue
[2023-06-01T10:06:24.053+0300] {logging_mixin.py:149} INFO - [2023-06-01T10:06:24.053+0300] {dagbag.py:541} INFO - Filling up the DagBag from /home/mutwiri/airflow/airflow_env/lib/python3.10/site-packages/airflow/example_dags/example_datasets.py
[2023-06-01T10:06:24.077+0300] {processor.py:836} INFO - DAG(s) dict_keys(['dataset_consumes_1_never_scheduled', 'dataset_consumes_unknown_never_scheduled', 'dataset_produces_2', 'dataset_consumes_1', 'dataset_consumes_1_and_2', 'dataset_produces_1']) retrieved from /home/mutwiri/airflow/airflow_env/lib/python3.10/site-packages/airflow/example_dags/example_datasets.py
[2023-06-01T10:06:27.006+0300] {logging_mixin.py:149} INFO - [2023-06-01T10:06:27.006+0300] {dag.py:2726} INFO - Sync 6 DAGs
[2023-06-01T10:06:27.076+0300] {logging_mixin.py:149} INFO - [2023-06-01T10:06:27.076+0300] {dag.py:3486} INFO - Setting next_dagrun for dataset_consumes_1 to None, run_after=None
[2023-06-01T10:06:27.080+0300] {logging_mixin.py:149} INFO - [2023-06-01T10:06:27.080+0300] {dag.py:3486} INFO - Setting next_dagrun for dataset_consumes_1_and_2 to None, run_after=None
[2023-06-01T10:06:27.082+0300] {logging_mixin.py:149} INFO - [2023-06-01T10:06:27.082+0300] {dag.py:3486} INFO - Setting next_dagrun for dataset_consumes_1_never_scheduled to None, run_after=None
[2023-06-01T10:06:27.084+0300] {logging_mixin.py:149} INFO - [2023-06-01T10:06:27.084+0300] {dag.py:3486} INFO - Setting next_dagrun for dataset_consumes_unknown_never_scheduled to None, run_after=None
[2023-06-01T10:06:27.089+0300] {logging_mixin.py:149} INFO - [2023-06-01T10:06:27.088+0300] {dag.py:3486} INFO - Setting next_dagrun for dataset_produces_1 to 2023-05-31T00:00:00+00:00, run_after=2023-06-01T00:00:00+00:00
[2023-06-01T10:06:27.091+0300] {logging_mixin.py:149} INFO - [2023-06-01T10:06:27.091+0300] {dag.py:3486} INFO - Setting next_dagrun for dataset_produces_2 to None, run_after=None
[2023-06-01T10:06:27.393+0300] {processor.py:179} INFO - Processing /home/mutwiri/airflow/airflow_env/lib/python3.10/site-packages/airflow/example_dags/example_datasets.py took 3.350 seconds
[2023-06-01T10:07:28.468+0300] {processor.py:157} INFO - Started process (PID=2088569) to work on /home/mutwiri/airflow/airflow_env/lib/python3.10/site-packages/airflow/example_dags/example_datasets.py
[2023-06-01T10:07:28.469+0300] {processor.py:826} INFO - Processing file /home/mutwiri/airflow/airflow_env/lib/python3.10/site-packages/airflow/example_dags/example_datasets.py for tasks to queue
[2023-06-01T10:07:28.470+0300] {logging_mixin.py:149} INFO - [2023-06-01T10:07:28.470+0300] {dagbag.py:541} INFO - Filling up the DagBag from /home/mutwiri/airflow/airflow_env/lib/python3.10/site-packages/airflow/example_dags/example_datasets.py
[2023-06-01T10:07:28.480+0300] {processor.py:836} INFO - DAG(s) dict_keys(['dataset_consumes_unknown_never_scheduled', 'dataset_consumes_1_never_scheduled', 'dataset_consumes_1', 'dataset_consumes_1_and_2', 'dataset_produces_2', 'dataset_produces_1']) retrieved from /home/mutwiri/airflow/airflow_env/lib/python3.10/site-packages/airflow/example_dags/example_datasets.py
[2023-06-01T10:07:28.511+0300] {logging_mixin.py:149} INFO - [2023-06-01T10:07:28.511+0300] {dag.py:2726} INFO - Sync 6 DAGs
[2023-06-01T10:07:28.531+0300] {logging_mixin.py:149} INFO - [2023-06-01T10:07:28.531+0300] {dag.py:3486} INFO - Setting next_dagrun for dataset_consumes_1 to None, run_after=None
[2023-06-01T10:07:28.534+0300] {logging_mixin.py:149} INFO - [2023-06-01T10:07:28.534+0300] {dag.py:3486} INFO - Setting next_dagrun for dataset_consumes_1_and_2 to None, run_after=None
[2023-06-01T10:07:28.535+0300] {logging_mixin.py:149} INFO - [2023-06-01T10:07:28.535+0300] {dag.py:3486} INFO - Setting next_dagrun for dataset_consumes_1_never_scheduled to None, run_after=None
[2023-06-01T10:07:28.536+0300] {logging_mixin.py:149} INFO - [2023-06-01T10:07:28.536+0300] {dag.py:3486} INFO - Setting next_dagrun for dataset_consumes_unknown_never_scheduled to None, run_after=None
[2023-06-01T10:07:28.538+0300] {logging_mixin.py:149} INFO - [2023-06-01T10:07:28.538+0300] {dag.py:3486} INFO - Setting next_dagrun for dataset_produces_1 to 2023-05-31T00:00:00+00:00, run_after=2023-06-01T00:00:00+00:00
[2023-06-01T10:07:28.539+0300] {logging_mixin.py:149} INFO - [2023-06-01T10:07:28.539+0300] {dag.py:3486} INFO - Setting next_dagrun for dataset_produces_2 to None, run_after=None
[2023-06-01T10:07:28.799+0300] {processor.py:179} INFO - Processing /home/mutwiri/airflow/airflow_env/lib/python3.10/site-packages/airflow/example_dags/example_datasets.py took 0.334 seconds
[2023-06-01T10:08:26.260+0300] {processor.py:157} INFO - Started process (PID=2088643) to work on /home/mutwiri/airflow/airflow_env/lib/python3.10/site-packages/airflow/example_dags/example_datasets.py
[2023-06-01T10:08:26.262+0300] {processor.py:826} INFO - Processing file /home/mutwiri/airflow/airflow_env/lib/python3.10/site-packages/airflow/example_dags/example_datasets.py for tasks to queue
[2023-06-01T10:08:26.263+0300] {logging_mixin.py:149} INFO - [2023-06-01T10:08:26.262+0300] {dagbag.py:541} INFO - Filling up the DagBag from /home/mutwiri/airflow/airflow_env/lib/python3.10/site-packages/airflow/example_dags/example_datasets.py
[2023-06-01T10:08:26.273+0300] {processor.py:836} INFO - DAG(s) dict_keys(['dataset_consumes_1_never_scheduled', 'dataset_consumes_1_and_2', 'dataset_consumes_unknown_never_scheduled', 'dataset_consumes_1', 'dataset_produces_1', 'dataset_produces_2']) retrieved from /home/mutwiri/airflow/airflow_env/lib/python3.10/site-packages/airflow/example_dags/example_datasets.py
[2023-06-01T10:08:26.305+0300] {logging_mixin.py:149} INFO - [2023-06-01T10:08:26.305+0300] {dag.py:2726} INFO - Sync 6 DAGs
[2023-06-01T10:08:26.436+0300] {logging_mixin.py:149} INFO - [2023-06-01T10:08:26.435+0300] {dag.py:3486} INFO - Setting next_dagrun for dataset_consumes_1 to None, run_after=None
[2023-06-01T10:08:26.439+0300] {logging_mixin.py:149} INFO - [2023-06-01T10:08:26.439+0300] {dag.py:3486} INFO - Setting next_dagrun for dataset_consumes_1_and_2 to None, run_after=None
[2023-06-01T10:08:26.440+0300] {logging_mixin.py:149} INFO - [2023-06-01T10:08:26.440+0300] {dag.py:3486} INFO - Setting next_dagrun for dataset_consumes_1_never_scheduled to None, run_after=None
[2023-06-01T10:08:26.441+0300] {logging_mixin.py:149} INFO - [2023-06-01T10:08:26.441+0300] {dag.py:3486} INFO - Setting next_dagrun for dataset_consumes_unknown_never_scheduled to None, run_after=None
[2023-06-01T10:08:26.443+0300] {logging_mixin.py:149} INFO - [2023-06-01T10:08:26.443+0300] {dag.py:3486} INFO - Setting next_dagrun for dataset_produces_1 to 2023-05-31T00:00:00+00:00, run_after=2023-06-01T00:00:00+00:00
[2023-06-01T10:08:26.444+0300] {logging_mixin.py:149} INFO - [2023-06-01T10:08:26.444+0300] {dag.py:3486} INFO - Setting next_dagrun for dataset_produces_2 to None, run_after=None
[2023-06-01T10:08:26.594+0300] {processor.py:179} INFO - Processing /home/mutwiri/airflow/airflow_env/lib/python3.10/site-packages/airflow/example_dags/example_datasets.py took 0.337 seconds
[2023-06-01T10:09:22.946+0300] {processor.py:157} INFO - Started process (PID=2088758) to work on /home/mutwiri/airflow/airflow_env/lib/python3.10/site-packages/airflow/example_dags/example_datasets.py
[2023-06-01T10:09:22.961+0300] {processor.py:826} INFO - Processing file /home/mutwiri/airflow/airflow_env/lib/python3.10/site-packages/airflow/example_dags/example_datasets.py for tasks to queue
[2023-06-01T10:09:22.962+0300] {logging_mixin.py:149} INFO - [2023-06-01T10:09:22.961+0300] {dagbag.py:541} INFO - Filling up the DagBag from /home/mutwiri/airflow/airflow_env/lib/python3.10/site-packages/airflow/example_dags/example_datasets.py
[2023-06-01T10:09:22.974+0300] {processor.py:836} INFO - DAG(s) dict_keys(['dataset_consumes_unknown_never_scheduled', 'dataset_produces_1', 'dataset_consumes_1_and_2', 'dataset_consumes_1', 'dataset_produces_2', 'dataset_consumes_1_never_scheduled']) retrieved from /home/mutwiri/airflow/airflow_env/lib/python3.10/site-packages/airflow/example_dags/example_datasets.py
[2023-06-01T10:09:23.008+0300] {logging_mixin.py:149} INFO - [2023-06-01T10:09:23.008+0300] {dag.py:2726} INFO - Sync 6 DAGs
[2023-06-01T10:09:23.029+0300] {logging_mixin.py:149} INFO - [2023-06-01T10:09:23.028+0300] {dag.py:3486} INFO - Setting next_dagrun for dataset_consumes_1 to None, run_after=None
[2023-06-01T10:09:23.031+0300] {logging_mixin.py:149} INFO - [2023-06-01T10:09:23.031+0300] {dag.py:3486} INFO - Setting next_dagrun for dataset_consumes_1_and_2 to None, run_after=None
[2023-06-01T10:09:23.032+0300] {logging_mixin.py:149} INFO - [2023-06-01T10:09:23.032+0300] {dag.py:3486} INFO - Setting next_dagrun for dataset_consumes_1_never_scheduled to None, run_after=None
[2023-06-01T10:09:23.033+0300] {logging_mixin.py:149} INFO - [2023-06-01T10:09:23.033+0300] {dag.py:3486} INFO - Setting next_dagrun for dataset_consumes_unknown_never_scheduled to None, run_after=None
[2023-06-01T10:09:23.035+0300] {logging_mixin.py:149} INFO - [2023-06-01T10:09:23.035+0300] {dag.py:3486} INFO - Setting next_dagrun for dataset_produces_1 to 2023-05-31T00:00:00+00:00, run_after=2023-06-01T00:00:00+00:00
[2023-06-01T10:09:23.036+0300] {logging_mixin.py:149} INFO - [2023-06-01T10:09:23.036+0300] {dag.py:3486} INFO - Setting next_dagrun for dataset_produces_2 to None, run_after=None
[2023-06-01T10:09:23.193+0300] {processor.py:179} INFO - Processing /home/mutwiri/airflow/airflow_env/lib/python3.10/site-packages/airflow/example_dags/example_datasets.py took 0.252 seconds
[2023-06-01T10:10:16.895+0300] {processor.py:157} INFO - Started process (PID=2089014) to work on /home/mutwiri/airflow/airflow_env/lib/python3.10/site-packages/airflow/example_dags/example_datasets.py
[2023-06-01T10:10:16.918+0300] {processor.py:826} INFO - Processing file /home/mutwiri/airflow/airflow_env/lib/python3.10/site-packages/airflow/example_dags/example_datasets.py for tasks to queue
[2023-06-01T10:10:16.921+0300] {logging_mixin.py:149} INFO - [2023-06-01T10:10:16.920+0300] {dagbag.py:541} INFO - Filling up the DagBag from /home/mutwiri/airflow/airflow_env/lib/python3.10/site-packages/airflow/example_dags/example_datasets.py
[2023-06-01T10:10:16.949+0300] {processor.py:836} INFO - DAG(s) dict_keys(['dataset_consumes_1_never_scheduled', 'dataset_consumes_unknown_never_scheduled', 'dataset_consumes_1', 'dataset_produces_2', 'dataset_produces_1', 'dataset_consumes_1_and_2']) retrieved from /home/mutwiri/airflow/airflow_env/lib/python3.10/site-packages/airflow/example_dags/example_datasets.py
[2023-06-01T10:10:16.992+0300] {logging_mixin.py:149} INFO - [2023-06-01T10:10:16.992+0300] {dag.py:2726} INFO - Sync 6 DAGs
[2023-06-01T10:10:17.012+0300] {logging_mixin.py:149} INFO - [2023-06-01T10:10:17.012+0300] {dag.py:3486} INFO - Setting next_dagrun for dataset_consumes_1 to None, run_after=None
[2023-06-01T10:10:17.015+0300] {logging_mixin.py:149} INFO - [2023-06-01T10:10:17.015+0300] {dag.py:3486} INFO - Setting next_dagrun for dataset_consumes_1_and_2 to None, run_after=None
[2023-06-01T10:10:17.016+0300] {logging_mixin.py:149} INFO - [2023-06-01T10:10:17.016+0300] {dag.py:3486} INFO - Setting next_dagrun for dataset_consumes_1_never_scheduled to None, run_after=None
[2023-06-01T10:10:17.017+0300] {logging_mixin.py:149} INFO - [2023-06-01T10:10:17.016+0300] {dag.py:3486} INFO - Setting next_dagrun for dataset_consumes_unknown_never_scheduled to None, run_after=None
[2023-06-01T10:10:17.019+0300] {logging_mixin.py:149} INFO - [2023-06-01T10:10:17.019+0300] {dag.py:3486} INFO - Setting next_dagrun for dataset_produces_1 to 2023-05-31T00:00:00+00:00, run_after=2023-06-01T00:00:00+00:00
[2023-06-01T10:10:17.021+0300] {logging_mixin.py:149} INFO - [2023-06-01T10:10:17.021+0300] {dag.py:3486} INFO - Setting next_dagrun for dataset_produces_2 to None, run_after=None
[2023-06-01T10:10:17.163+0300] {processor.py:179} INFO - Processing /home/mutwiri/airflow/airflow_env/lib/python3.10/site-packages/airflow/example_dags/example_datasets.py took 0.272 seconds
[2023-06-01T10:11:10.400+0300] {processor.py:157} INFO - Started process (PID=2089247) to work on /home/mutwiri/airflow/airflow_env/lib/python3.10/site-packages/airflow/example_dags/example_datasets.py
[2023-06-01T10:11:10.418+0300] {processor.py:826} INFO - Processing file /home/mutwiri/airflow/airflow_env/lib/python3.10/site-packages/airflow/example_dags/example_datasets.py for tasks to queue
[2023-06-01T10:11:10.420+0300] {logging_mixin.py:149} INFO - [2023-06-01T10:11:10.420+0300] {dagbag.py:541} INFO - Filling up the DagBag from /home/mutwiri/airflow/airflow_env/lib/python3.10/site-packages/airflow/example_dags/example_datasets.py
[2023-06-01T10:11:10.448+0300] {processor.py:836} INFO - DAG(s) dict_keys(['dataset_consumes_1', 'dataset_produces_1', 'dataset_consumes_unknown_never_scheduled', 'dataset_consumes_1_never_scheduled', 'dataset_produces_2', 'dataset_consumes_1_and_2']) retrieved from /home/mutwiri/airflow/airflow_env/lib/python3.10/site-packages/airflow/example_dags/example_datasets.py
[2023-06-01T10:11:10.495+0300] {logging_mixin.py:149} INFO - [2023-06-01T10:11:10.495+0300] {dag.py:2726} INFO - Sync 6 DAGs
[2023-06-01T10:11:10.516+0300] {logging_mixin.py:149} INFO - [2023-06-01T10:11:10.516+0300] {dag.py:3486} INFO - Setting next_dagrun for dataset_consumes_1 to None, run_after=None
[2023-06-01T10:11:10.520+0300] {logging_mixin.py:149} INFO - [2023-06-01T10:11:10.520+0300] {dag.py:3486} INFO - Setting next_dagrun for dataset_consumes_1_and_2 to None, run_after=None
[2023-06-01T10:11:10.521+0300] {logging_mixin.py:149} INFO - [2023-06-01T10:11:10.521+0300] {dag.py:3486} INFO - Setting next_dagrun for dataset_consumes_1_never_scheduled to None, run_after=None
[2023-06-01T10:11:10.522+0300] {logging_mixin.py:149} INFO - [2023-06-01T10:11:10.522+0300] {dag.py:3486} INFO - Setting next_dagrun for dataset_consumes_unknown_never_scheduled to None, run_after=None
[2023-06-01T10:11:10.525+0300] {logging_mixin.py:149} INFO - [2023-06-01T10:11:10.524+0300] {dag.py:3486} INFO - Setting next_dagrun for dataset_produces_1 to 2023-05-31T00:00:00+00:00, run_after=2023-06-01T00:00:00+00:00
[2023-06-01T10:11:10.525+0300] {logging_mixin.py:149} INFO - [2023-06-01T10:11:10.525+0300] {dag.py:3486} INFO - Setting next_dagrun for dataset_produces_2 to None, run_after=None
[2023-06-01T10:11:10.667+0300] {processor.py:179} INFO - Processing /home/mutwiri/airflow/airflow_env/lib/python3.10/site-packages/airflow/example_dags/example_datasets.py took 0.277 seconds
[2023-06-01T10:11:58.436+0300] {processor.py:157} INFO - Started process (PID=2089406) to work on /home/mutwiri/airflow/airflow_env/lib/python3.10/site-packages/airflow/example_dags/example_datasets.py
[2023-06-01T10:11:58.451+0300] {processor.py:826} INFO - Processing file /home/mutwiri/airflow/airflow_env/lib/python3.10/site-packages/airflow/example_dags/example_datasets.py for tasks to queue
[2023-06-01T10:11:58.452+0300] {logging_mixin.py:149} INFO - [2023-06-01T10:11:58.452+0300] {dagbag.py:541} INFO - Filling up the DagBag from /home/mutwiri/airflow/airflow_env/lib/python3.10/site-packages/airflow/example_dags/example_datasets.py
[2023-06-01T10:11:58.466+0300] {processor.py:836} INFO - DAG(s) dict_keys(['dataset_consumes_unknown_never_scheduled', 'dataset_consumes_1_never_scheduled', 'dataset_produces_2', 'dataset_consumes_1_and_2', 'dataset_produces_1', 'dataset_consumes_1']) retrieved from /home/mutwiri/airflow/airflow_env/lib/python3.10/site-packages/airflow/example_dags/example_datasets.py
[2023-06-01T10:11:58.504+0300] {logging_mixin.py:149} INFO - [2023-06-01T10:11:58.504+0300] {dag.py:2726} INFO - Sync 6 DAGs
[2023-06-01T10:11:58.524+0300] {logging_mixin.py:149} INFO - [2023-06-01T10:11:58.524+0300] {dag.py:3486} INFO - Setting next_dagrun for dataset_consumes_1 to None, run_after=None
[2023-06-01T10:11:58.527+0300] {logging_mixin.py:149} INFO - [2023-06-01T10:11:58.527+0300] {dag.py:3486} INFO - Setting next_dagrun for dataset_consumes_1_and_2 to None, run_after=None
[2023-06-01T10:11:58.528+0300] {logging_mixin.py:149} INFO - [2023-06-01T10:11:58.528+0300] {dag.py:3486} INFO - Setting next_dagrun for dataset_consumes_1_never_scheduled to None, run_after=None
[2023-06-01T10:11:58.530+0300] {logging_mixin.py:149} INFO - [2023-06-01T10:11:58.530+0300] {dag.py:3486} INFO - Setting next_dagrun for dataset_consumes_unknown_never_scheduled to None, run_after=None
[2023-06-01T10:11:58.534+0300] {logging_mixin.py:149} INFO - [2023-06-01T10:11:58.534+0300] {dag.py:3486} INFO - Setting next_dagrun for dataset_produces_1 to 2023-05-31T00:00:00+00:00, run_after=2023-06-01T00:00:00+00:00
[2023-06-01T10:11:58.535+0300] {logging_mixin.py:149} INFO - [2023-06-01T10:11:58.535+0300] {dag.py:3486} INFO - Setting next_dagrun for dataset_produces_2 to None, run_after=None
[2023-06-01T10:11:58.667+0300] {processor.py:179} INFO - Processing /home/mutwiri/airflow/airflow_env/lib/python3.10/site-packages/airflow/example_dags/example_datasets.py took 0.235 seconds
[2023-06-01T10:12:51.302+0300] {processor.py:157} INFO - Started process (PID=2089615) to work on /home/mutwiri/airflow/airflow_env/lib/python3.10/site-packages/airflow/example_dags/example_datasets.py
[2023-06-01T10:12:51.303+0300] {processor.py:826} INFO - Processing file /home/mutwiri/airflow/airflow_env/lib/python3.10/site-packages/airflow/example_dags/example_datasets.py for tasks to queue
[2023-06-01T10:12:51.304+0300] {logging_mixin.py:149} INFO - [2023-06-01T10:12:51.304+0300] {dagbag.py:541} INFO - Filling up the DagBag from /home/mutwiri/airflow/airflow_env/lib/python3.10/site-packages/airflow/example_dags/example_datasets.py
[2023-06-01T10:12:51.322+0300] {processor.py:836} INFO - DAG(s) dict_keys(['dataset_consumes_1_and_2', 'dataset_produces_2', 'dataset_produces_1', 'dataset_consumes_1_never_scheduled', 'dataset_consumes_1', 'dataset_consumes_unknown_never_scheduled']) retrieved from /home/mutwiri/airflow/airflow_env/lib/python3.10/site-packages/airflow/example_dags/example_datasets.py
[2023-06-01T10:12:51.360+0300] {logging_mixin.py:149} INFO - [2023-06-01T10:12:51.359+0300] {dag.py:2726} INFO - Sync 6 DAGs
[2023-06-01T10:12:51.380+0300] {logging_mixin.py:149} INFO - [2023-06-01T10:12:51.380+0300] {dag.py:3486} INFO - Setting next_dagrun for dataset_consumes_1 to None, run_after=None
[2023-06-01T10:12:51.384+0300] {logging_mixin.py:149} INFO - [2023-06-01T10:12:51.384+0300] {dag.py:3486} INFO - Setting next_dagrun for dataset_consumes_1_and_2 to None, run_after=None
[2023-06-01T10:12:51.385+0300] {logging_mixin.py:149} INFO - [2023-06-01T10:12:51.385+0300] {dag.py:3486} INFO - Setting next_dagrun for dataset_consumes_1_never_scheduled to None, run_after=None
[2023-06-01T10:12:51.386+0300] {logging_mixin.py:149} INFO - [2023-06-01T10:12:51.386+0300] {dag.py:3486} INFO - Setting next_dagrun for dataset_consumes_unknown_never_scheduled to None, run_after=None
[2023-06-01T10:12:51.389+0300] {logging_mixin.py:149} INFO - [2023-06-01T10:12:51.388+0300] {dag.py:3486} INFO - Setting next_dagrun for dataset_produces_1 to 2023-05-31T00:00:00+00:00, run_after=2023-06-01T00:00:00+00:00
[2023-06-01T10:12:51.390+0300] {logging_mixin.py:149} INFO - [2023-06-01T10:12:51.390+0300] {dag.py:3486} INFO - Setting next_dagrun for dataset_produces_2 to None, run_after=None
[2023-06-01T10:12:51.543+0300] {processor.py:179} INFO - Processing /home/mutwiri/airflow/airflow_env/lib/python3.10/site-packages/airflow/example_dags/example_datasets.py took 0.245 seconds
[2023-06-01T10:13:56.812+0300] {processor.py:157} INFO - Started process (PID=2089857) to work on /home/mutwiri/airflow/airflow_env/lib/python3.10/site-packages/airflow/example_dags/example_datasets.py
[2023-06-01T10:13:56.827+0300] {processor.py:826} INFO - Processing file /home/mutwiri/airflow/airflow_env/lib/python3.10/site-packages/airflow/example_dags/example_datasets.py for tasks to queue
[2023-06-01T10:13:56.828+0300] {logging_mixin.py:149} INFO - [2023-06-01T10:13:56.828+0300] {dagbag.py:541} INFO - Filling up the DagBag from /home/mutwiri/airflow/airflow_env/lib/python3.10/site-packages/airflow/example_dags/example_datasets.py
[2023-06-01T10:13:56.843+0300] {processor.py:836} INFO - DAG(s) dict_keys(['dataset_consumes_1_never_scheduled', 'dataset_consumes_unknown_never_scheduled', 'dataset_consumes_1', 'dataset_consumes_1_and_2', 'dataset_produces_2', 'dataset_produces_1']) retrieved from /home/mutwiri/airflow/airflow_env/lib/python3.10/site-packages/airflow/example_dags/example_datasets.py
[2023-06-01T10:13:56.877+0300] {logging_mixin.py:149} INFO - [2023-06-01T10:13:56.877+0300] {dag.py:2726} INFO - Sync 6 DAGs
[2023-06-01T10:13:56.899+0300] {logging_mixin.py:149} INFO - [2023-06-01T10:13:56.898+0300] {dag.py:3486} INFO - Setting next_dagrun for dataset_consumes_1 to None, run_after=None
[2023-06-01T10:13:56.902+0300] {logging_mixin.py:149} INFO - [2023-06-01T10:13:56.902+0300] {dag.py:3486} INFO - Setting next_dagrun for dataset_consumes_1_and_2 to None, run_after=None
[2023-06-01T10:13:56.903+0300] {logging_mixin.py:149} INFO - [2023-06-01T10:13:56.903+0300] {dag.py:3486} INFO - Setting next_dagrun for dataset_consumes_1_never_scheduled to None, run_after=None
[2023-06-01T10:13:56.904+0300] {logging_mixin.py:149} INFO - [2023-06-01T10:13:56.903+0300] {dag.py:3486} INFO - Setting next_dagrun for dataset_consumes_unknown_never_scheduled to None, run_after=None
[2023-06-01T10:13:56.906+0300] {logging_mixin.py:149} INFO - [2023-06-01T10:13:56.906+0300] {dag.py:3486} INFO - Setting next_dagrun for dataset_produces_1 to 2023-05-31T00:00:00+00:00, run_after=2023-06-01T00:00:00+00:00
[2023-06-01T10:13:56.907+0300] {logging_mixin.py:149} INFO - [2023-06-01T10:13:56.907+0300] {dag.py:3486} INFO - Setting next_dagrun for dataset_produces_2 to None, run_after=None
[2023-06-01T10:13:57.038+0300] {processor.py:179} INFO - Processing /home/mutwiri/airflow/airflow_env/lib/python3.10/site-packages/airflow/example_dags/example_datasets.py took 0.232 seconds
[2023-06-01T10:14:46.925+0300] {processor.py:157} INFO - Started process (PID=2089938) to work on /home/mutwiri/airflow/airflow_env/lib/python3.10/site-packages/airflow/example_dags/example_datasets.py
[2023-06-01T10:14:46.933+0300] {processor.py:826} INFO - Processing file /home/mutwiri/airflow/airflow_env/lib/python3.10/site-packages/airflow/example_dags/example_datasets.py for tasks to queue
[2023-06-01T10:14:46.934+0300] {logging_mixin.py:149} INFO - [2023-06-01T10:14:46.934+0300] {dagbag.py:541} INFO - Filling up the DagBag from /home/mutwiri/airflow/airflow_env/lib/python3.10/site-packages/airflow/example_dags/example_datasets.py
[2023-06-01T10:14:46.944+0300] {processor.py:836} INFO - DAG(s) dict_keys(['dataset_produces_2', 'dataset_consumes_1_and_2', 'dataset_consumes_unknown_never_scheduled', 'dataset_consumes_1_never_scheduled', 'dataset_produces_1', 'dataset_consumes_1']) retrieved from /home/mutwiri/airflow/airflow_env/lib/python3.10/site-packages/airflow/example_dags/example_datasets.py
[2023-06-01T10:14:46.975+0300] {logging_mixin.py:149} INFO - [2023-06-01T10:14:46.975+0300] {dag.py:2726} INFO - Sync 6 DAGs
[2023-06-01T10:14:46.995+0300] {logging_mixin.py:149} INFO - [2023-06-01T10:14:46.995+0300] {dag.py:3486} INFO - Setting next_dagrun for dataset_consumes_1 to None, run_after=None
[2023-06-01T10:14:46.998+0300] {logging_mixin.py:149} INFO - [2023-06-01T10:14:46.998+0300] {dag.py:3486} INFO - Setting next_dagrun for dataset_consumes_1_and_2 to None, run_after=None
[2023-06-01T10:14:46.999+0300] {logging_mixin.py:149} INFO - [2023-06-01T10:14:46.999+0300] {dag.py:3486} INFO - Setting next_dagrun for dataset_consumes_1_never_scheduled to None, run_after=None
[2023-06-01T10:14:47.000+0300] {logging_mixin.py:149} INFO - [2023-06-01T10:14:47.000+0300] {dag.py:3486} INFO - Setting next_dagrun for dataset_consumes_unknown_never_scheduled to None, run_after=None
[2023-06-01T10:14:47.002+0300] {logging_mixin.py:149} INFO - [2023-06-01T10:14:47.002+0300] {dag.py:3486} INFO - Setting next_dagrun for dataset_produces_1 to 2023-05-31T00:00:00+00:00, run_after=2023-06-01T00:00:00+00:00
[2023-06-01T10:14:47.003+0300] {logging_mixin.py:149} INFO - [2023-06-01T10:14:47.003+0300] {dag.py:3486} INFO - Setting next_dagrun for dataset_produces_2 to None, run_after=None
[2023-06-01T10:14:47.154+0300] {processor.py:179} INFO - Processing /home/mutwiri/airflow/airflow_env/lib/python3.10/site-packages/airflow/example_dags/example_datasets.py took 0.232 seconds
