[2023-06-01T10:05:48.113+0300] {processor.py:157} INFO - Started process (PID=2088111) to work on /home/mutwiri/airflow/airflow_env/lib/python3.10/site-packages/airflow/example_dags/example_trigger_controller_dag.py
[2023-06-01T10:05:48.114+0300] {processor.py:826} INFO - Processing file /home/mutwiri/airflow/airflow_env/lib/python3.10/site-packages/airflow/example_dags/example_trigger_controller_dag.py for tasks to queue
[2023-06-01T10:05:48.115+0300] {logging_mixin.py:149} INFO - [2023-06-01T10:05:48.115+0300] {dagbag.py:541} INFO - Filling up the DagBag from /home/mutwiri/airflow/airflow_env/lib/python3.10/site-packages/airflow/example_dags/example_trigger_controller_dag.py
[2023-06-01T10:05:48.124+0300] {processor.py:836} INFO - DAG(s) dict_keys(['example_trigger_controller_dag']) retrieved from /home/mutwiri/airflow/airflow_env/lib/python3.10/site-packages/airflow/example_dags/example_trigger_controller_dag.py
[2023-06-01T10:05:48.521+0300] {logging_mixin.py:149} INFO - [2023-06-01T10:05:48.521+0300] {dag.py:2726} INFO - Sync 1 DAGs
[2023-06-01T10:05:48.694+0300] {logging_mixin.py:149} INFO - [2023-06-01T10:05:48.694+0300] {dag.py:3486} INFO - Setting next_dagrun for example_trigger_controller_dag to 2021-01-01T00:00:00+00:00, run_after=2021-01-01T00:00:00+00:00
[2023-06-01T10:05:49.062+0300] {processor.py:179} INFO - Processing /home/mutwiri/airflow/airflow_env/lib/python3.10/site-packages/airflow/example_dags/example_trigger_controller_dag.py took 0.954 seconds
[2023-06-01T10:07:15.025+0300] {processor.py:157} INFO - Started process (PID=2088554) to work on /home/mutwiri/airflow/airflow_env/lib/python3.10/site-packages/airflow/example_dags/example_trigger_controller_dag.py
[2023-06-01T10:07:15.027+0300] {processor.py:826} INFO - Processing file /home/mutwiri/airflow/airflow_env/lib/python3.10/site-packages/airflow/example_dags/example_trigger_controller_dag.py for tasks to queue
[2023-06-01T10:07:15.027+0300] {logging_mixin.py:149} INFO - [2023-06-01T10:07:15.027+0300] {dagbag.py:541} INFO - Filling up the DagBag from /home/mutwiri/airflow/airflow_env/lib/python3.10/site-packages/airflow/example_dags/example_trigger_controller_dag.py
[2023-06-01T10:07:15.033+0300] {processor.py:836} INFO - DAG(s) dict_keys(['example_trigger_controller_dag']) retrieved from /home/mutwiri/airflow/airflow_env/lib/python3.10/site-packages/airflow/example_dags/example_trigger_controller_dag.py
[2023-06-01T10:07:15.058+0300] {logging_mixin.py:149} INFO - [2023-06-01T10:07:15.057+0300] {dag.py:2726} INFO - Sync 1 DAGs
[2023-06-01T10:07:15.079+0300] {logging_mixin.py:149} INFO - [2023-06-01T10:07:15.079+0300] {dag.py:3486} INFO - Setting next_dagrun for example_trigger_controller_dag to 2021-01-01T00:00:00+00:00, run_after=2021-01-01T00:00:00+00:00
[2023-06-01T10:07:15.234+0300] {processor.py:179} INFO - Processing /home/mutwiri/airflow/airflow_env/lib/python3.10/site-packages/airflow/example_dags/example_trigger_controller_dag.py took 0.213 seconds
[2023-06-01T10:08:10.683+0300] {processor.py:157} INFO - Started process (PID=2088629) to work on /home/mutwiri/airflow/airflow_env/lib/python3.10/site-packages/airflow/example_dags/example_trigger_controller_dag.py
[2023-06-01T10:08:10.685+0300] {processor.py:826} INFO - Processing file /home/mutwiri/airflow/airflow_env/lib/python3.10/site-packages/airflow/example_dags/example_trigger_controller_dag.py for tasks to queue
[2023-06-01T10:08:10.685+0300] {logging_mixin.py:149} INFO - [2023-06-01T10:08:10.685+0300] {dagbag.py:541} INFO - Filling up the DagBag from /home/mutwiri/airflow/airflow_env/lib/python3.10/site-packages/airflow/example_dags/example_trigger_controller_dag.py
[2023-06-01T10:08:10.690+0300] {processor.py:836} INFO - DAG(s) dict_keys(['example_trigger_controller_dag']) retrieved from /home/mutwiri/airflow/airflow_env/lib/python3.10/site-packages/airflow/example_dags/example_trigger_controller_dag.py
[2023-06-01T10:08:10.714+0300] {logging_mixin.py:149} INFO - [2023-06-01T10:08:10.713+0300] {dag.py:2726} INFO - Sync 1 DAGs
[2023-06-01T10:08:10.851+0300] {logging_mixin.py:149} INFO - [2023-06-01T10:08:10.851+0300] {dag.py:3486} INFO - Setting next_dagrun for example_trigger_controller_dag to 2021-01-01T00:00:00+00:00, run_after=2021-01-01T00:00:00+00:00
[2023-06-01T10:08:10.970+0300] {processor.py:179} INFO - Processing /home/mutwiri/airflow/airflow_env/lib/python3.10/site-packages/airflow/example_dags/example_trigger_controller_dag.py took 0.291 seconds
[2023-06-01T10:09:08.070+0300] {processor.py:157} INFO - Started process (PID=2088707) to work on /home/mutwiri/airflow/airflow_env/lib/python3.10/site-packages/airflow/example_dags/example_trigger_controller_dag.py
[2023-06-01T10:09:08.072+0300] {processor.py:826} INFO - Processing file /home/mutwiri/airflow/airflow_env/lib/python3.10/site-packages/airflow/example_dags/example_trigger_controller_dag.py for tasks to queue
[2023-06-01T10:09:08.072+0300] {logging_mixin.py:149} INFO - [2023-06-01T10:09:08.072+0300] {dagbag.py:541} INFO - Filling up the DagBag from /home/mutwiri/airflow/airflow_env/lib/python3.10/site-packages/airflow/example_dags/example_trigger_controller_dag.py
[2023-06-01T10:09:08.076+0300] {processor.py:836} INFO - DAG(s) dict_keys(['example_trigger_controller_dag']) retrieved from /home/mutwiri/airflow/airflow_env/lib/python3.10/site-packages/airflow/example_dags/example_trigger_controller_dag.py
[2023-06-01T10:09:08.218+0300] {logging_mixin.py:149} INFO - [2023-06-01T10:09:08.217+0300] {dag.py:2726} INFO - Sync 1 DAGs
[2023-06-01T10:09:08.242+0300] {logging_mixin.py:149} INFO - [2023-06-01T10:09:08.242+0300] {dag.py:3486} INFO - Setting next_dagrun for example_trigger_controller_dag to 2021-01-01T00:00:00+00:00, run_after=2021-01-01T00:00:00+00:00
[2023-06-01T10:09:08.361+0300] {processor.py:179} INFO - Processing /home/mutwiri/airflow/airflow_env/lib/python3.10/site-packages/airflow/example_dags/example_trigger_controller_dag.py took 0.295 seconds
[2023-06-01T10:10:03.384+0300] {processor.py:157} INFO - Started process (PID=2088910) to work on /home/mutwiri/airflow/airflow_env/lib/python3.10/site-packages/airflow/example_dags/example_trigger_controller_dag.py
[2023-06-01T10:10:03.386+0300] {processor.py:826} INFO - Processing file /home/mutwiri/airflow/airflow_env/lib/python3.10/site-packages/airflow/example_dags/example_trigger_controller_dag.py for tasks to queue
[2023-06-01T10:10:03.387+0300] {logging_mixin.py:149} INFO - [2023-06-01T10:10:03.387+0300] {dagbag.py:541} INFO - Filling up the DagBag from /home/mutwiri/airflow/airflow_env/lib/python3.10/site-packages/airflow/example_dags/example_trigger_controller_dag.py
[2023-06-01T10:10:03.394+0300] {processor.py:836} INFO - DAG(s) dict_keys(['example_trigger_controller_dag']) retrieved from /home/mutwiri/airflow/airflow_env/lib/python3.10/site-packages/airflow/example_dags/example_trigger_controller_dag.py
[2023-06-01T10:10:03.424+0300] {logging_mixin.py:149} INFO - [2023-06-01T10:10:03.424+0300] {dag.py:2726} INFO - Sync 1 DAGs
[2023-06-01T10:10:03.446+0300] {logging_mixin.py:149} INFO - [2023-06-01T10:10:03.446+0300] {dag.py:3486} INFO - Setting next_dagrun for example_trigger_controller_dag to 2021-01-01T00:00:00+00:00, run_after=2021-01-01T00:00:00+00:00
[2023-06-01T10:10:03.574+0300] {processor.py:179} INFO - Processing /home/mutwiri/airflow/airflow_env/lib/python3.10/site-packages/airflow/example_dags/example_trigger_controller_dag.py took 0.198 seconds
[2023-06-01T10:10:52.302+0300] {processor.py:157} INFO - Started process (PID=2089179) to work on /home/mutwiri/airflow/airflow_env/lib/python3.10/site-packages/airflow/example_dags/example_trigger_controller_dag.py
[2023-06-01T10:10:52.303+0300] {processor.py:826} INFO - Processing file /home/mutwiri/airflow/airflow_env/lib/python3.10/site-packages/airflow/example_dags/example_trigger_controller_dag.py for tasks to queue
[2023-06-01T10:10:52.304+0300] {logging_mixin.py:149} INFO - [2023-06-01T10:10:52.304+0300] {dagbag.py:541} INFO - Filling up the DagBag from /home/mutwiri/airflow/airflow_env/lib/python3.10/site-packages/airflow/example_dags/example_trigger_controller_dag.py
[2023-06-01T10:10:52.309+0300] {processor.py:836} INFO - DAG(s) dict_keys(['example_trigger_controller_dag']) retrieved from /home/mutwiri/airflow/airflow_env/lib/python3.10/site-packages/airflow/example_dags/example_trigger_controller_dag.py
[2023-06-01T10:10:52.330+0300] {logging_mixin.py:149} INFO - [2023-06-01T10:10:52.330+0300] {dag.py:2726} INFO - Sync 1 DAGs
[2023-06-01T10:10:52.351+0300] {logging_mixin.py:149} INFO - [2023-06-01T10:10:52.350+0300] {dag.py:3486} INFO - Setting next_dagrun for example_trigger_controller_dag to 2021-01-01T00:00:00+00:00, run_after=2021-01-01T00:00:00+00:00
[2023-06-01T10:10:52.456+0300] {processor.py:179} INFO - Processing /home/mutwiri/airflow/airflow_env/lib/python3.10/site-packages/airflow/example_dags/example_trigger_controller_dag.py took 0.157 seconds
[2023-06-01T10:11:40.542+0300] {processor.py:157} INFO - Started process (PID=2089347) to work on /home/mutwiri/airflow/airflow_env/lib/python3.10/site-packages/airflow/example_dags/example_trigger_controller_dag.py
[2023-06-01T10:11:40.543+0300] {processor.py:826} INFO - Processing file /home/mutwiri/airflow/airflow_env/lib/python3.10/site-packages/airflow/example_dags/example_trigger_controller_dag.py for tasks to queue
[2023-06-01T10:11:40.544+0300] {logging_mixin.py:149} INFO - [2023-06-01T10:11:40.544+0300] {dagbag.py:541} INFO - Filling up the DagBag from /home/mutwiri/airflow/airflow_env/lib/python3.10/site-packages/airflow/example_dags/example_trigger_controller_dag.py
[2023-06-01T10:11:40.551+0300] {processor.py:836} INFO - DAG(s) dict_keys(['example_trigger_controller_dag']) retrieved from /home/mutwiri/airflow/airflow_env/lib/python3.10/site-packages/airflow/example_dags/example_trigger_controller_dag.py
[2023-06-01T10:11:40.574+0300] {logging_mixin.py:149} INFO - [2023-06-01T10:11:40.574+0300] {dag.py:2726} INFO - Sync 1 DAGs
[2023-06-01T10:11:40.599+0300] {logging_mixin.py:149} INFO - [2023-06-01T10:11:40.599+0300] {dag.py:3486} INFO - Setting next_dagrun for example_trigger_controller_dag to 2021-01-01T00:00:00+00:00, run_after=2021-01-01T00:00:00+00:00
[2023-06-01T10:11:40.841+0300] {processor.py:179} INFO - Processing /home/mutwiri/airflow/airflow_env/lib/python3.10/site-packages/airflow/example_dags/example_trigger_controller_dag.py took 0.303 seconds
[2023-06-01T10:12:33.379+0300] {processor.py:157} INFO - Started process (PID=2089568) to work on /home/mutwiri/airflow/airflow_env/lib/python3.10/site-packages/airflow/example_dags/example_trigger_controller_dag.py
[2023-06-01T10:12:33.381+0300] {processor.py:826} INFO - Processing file /home/mutwiri/airflow/airflow_env/lib/python3.10/site-packages/airflow/example_dags/example_trigger_controller_dag.py for tasks to queue
[2023-06-01T10:12:33.382+0300] {logging_mixin.py:149} INFO - [2023-06-01T10:12:33.382+0300] {dagbag.py:541} INFO - Filling up the DagBag from /home/mutwiri/airflow/airflow_env/lib/python3.10/site-packages/airflow/example_dags/example_trigger_controller_dag.py
[2023-06-01T10:12:33.388+0300] {processor.py:836} INFO - DAG(s) dict_keys(['example_trigger_controller_dag']) retrieved from /home/mutwiri/airflow/airflow_env/lib/python3.10/site-packages/airflow/example_dags/example_trigger_controller_dag.py
[2023-06-01T10:12:33.422+0300] {logging_mixin.py:149} INFO - [2023-06-01T10:12:33.422+0300] {dag.py:2726} INFO - Sync 1 DAGs
[2023-06-01T10:12:33.456+0300] {logging_mixin.py:149} INFO - [2023-06-01T10:12:33.455+0300] {dag.py:3486} INFO - Setting next_dagrun for example_trigger_controller_dag to 2021-01-01T00:00:00+00:00, run_after=2021-01-01T00:00:00+00:00
[2023-06-01T10:12:33.573+0300] {processor.py:179} INFO - Processing /home/mutwiri/airflow/airflow_env/lib/python3.10/site-packages/airflow/example_dags/example_trigger_controller_dag.py took 0.197 seconds
[2023-06-01T10:13:33.637+0300] {processor.py:157} INFO - Started process (PID=2089834) to work on /home/mutwiri/airflow/airflow_env/lib/python3.10/site-packages/airflow/example_dags/example_trigger_controller_dag.py
[2023-06-01T10:13:33.645+0300] {processor.py:826} INFO - Processing file /home/mutwiri/airflow/airflow_env/lib/python3.10/site-packages/airflow/example_dags/example_trigger_controller_dag.py for tasks to queue
[2023-06-01T10:13:33.646+0300] {logging_mixin.py:149} INFO - [2023-06-01T10:13:33.646+0300] {dagbag.py:541} INFO - Filling up the DagBag from /home/mutwiri/airflow/airflow_env/lib/python3.10/site-packages/airflow/example_dags/example_trigger_controller_dag.py
[2023-06-01T10:13:33.651+0300] {processor.py:836} INFO - DAG(s) dict_keys(['example_trigger_controller_dag']) retrieved from /home/mutwiri/airflow/airflow_env/lib/python3.10/site-packages/airflow/example_dags/example_trigger_controller_dag.py
[2023-06-01T10:13:33.679+0300] {logging_mixin.py:149} INFO - [2023-06-01T10:13:33.679+0300] {dag.py:2726} INFO - Sync 1 DAGs
[2023-06-01T10:13:33.700+0300] {logging_mixin.py:149} INFO - [2023-06-01T10:13:33.700+0300] {dag.py:3486} INFO - Setting next_dagrun for example_trigger_controller_dag to 2021-01-01T00:00:00+00:00, run_after=2021-01-01T00:00:00+00:00
[2023-06-01T10:13:33.821+0300] {processor.py:179} INFO - Processing /home/mutwiri/airflow/airflow_env/lib/python3.10/site-packages/airflow/example_dags/example_trigger_controller_dag.py took 0.188 seconds
[2023-06-01T10:14:24.920+0300] {processor.py:157} INFO - Started process (PID=2089890) to work on /home/mutwiri/airflow/airflow_env/lib/python3.10/site-packages/airflow/example_dags/example_trigger_controller_dag.py
[2023-06-01T10:14:24.922+0300] {processor.py:826} INFO - Processing file /home/mutwiri/airflow/airflow_env/lib/python3.10/site-packages/airflow/example_dags/example_trigger_controller_dag.py for tasks to queue
[2023-06-01T10:14:24.923+0300] {logging_mixin.py:149} INFO - [2023-06-01T10:14:24.922+0300] {dagbag.py:541} INFO - Filling up the DagBag from /home/mutwiri/airflow/airflow_env/lib/python3.10/site-packages/airflow/example_dags/example_trigger_controller_dag.py
[2023-06-01T10:14:24.928+0300] {processor.py:836} INFO - DAG(s) dict_keys(['example_trigger_controller_dag']) retrieved from /home/mutwiri/airflow/airflow_env/lib/python3.10/site-packages/airflow/example_dags/example_trigger_controller_dag.py
[2023-06-01T10:14:24.954+0300] {logging_mixin.py:149} INFO - [2023-06-01T10:14:24.954+0300] {dag.py:2726} INFO - Sync 1 DAGs
[2023-06-01T10:14:24.977+0300] {logging_mixin.py:149} INFO - [2023-06-01T10:14:24.977+0300] {dag.py:3486} INFO - Setting next_dagrun for example_trigger_controller_dag to 2021-01-01T00:00:00+00:00, run_after=2021-01-01T00:00:00+00:00
[2023-06-01T10:14:25.112+0300] {processor.py:179} INFO - Processing /home/mutwiri/airflow/airflow_env/lib/python3.10/site-packages/airflow/example_dags/example_trigger_controller_dag.py took 0.196 seconds
[2023-06-01T10:15:13.085+0300] {processor.py:157} INFO - Started process (PID=2089999) to work on /home/mutwiri/airflow/airflow_env/lib/python3.10/site-packages/airflow/example_dags/example_trigger_controller_dag.py
[2023-06-01T10:15:13.098+0300] {processor.py:826} INFO - Processing file /home/mutwiri/airflow/airflow_env/lib/python3.10/site-packages/airflow/example_dags/example_trigger_controller_dag.py for tasks to queue
[2023-06-01T10:15:13.101+0300] {logging_mixin.py:149} INFO - [2023-06-01T10:15:13.100+0300] {dagbag.py:541} INFO - Filling up the DagBag from /home/mutwiri/airflow/airflow_env/lib/python3.10/site-packages/airflow/example_dags/example_trigger_controller_dag.py
[2023-06-01T10:15:13.109+0300] {processor.py:836} INFO - DAG(s) dict_keys(['example_trigger_controller_dag']) retrieved from /home/mutwiri/airflow/airflow_env/lib/python3.10/site-packages/airflow/example_dags/example_trigger_controller_dag.py
[2023-06-01T10:15:13.134+0300] {logging_mixin.py:149} INFO - [2023-06-01T10:15:13.134+0300] {dag.py:2726} INFO - Sync 1 DAGs
[2023-06-01T10:15:13.154+0300] {logging_mixin.py:149} INFO - [2023-06-01T10:15:13.154+0300] {dag.py:3486} INFO - Setting next_dagrun for example_trigger_controller_dag to 2021-01-01T00:00:00+00:00, run_after=2021-01-01T00:00:00+00:00
[2023-06-01T10:15:13.304+0300] {processor.py:179} INFO - Processing /home/mutwiri/airflow/airflow_env/lib/python3.10/site-packages/airflow/example_dags/example_trigger_controller_dag.py took 0.231 seconds
