[2023-06-01T10:06:56.239+0300] {processor.py:157} INFO - Started process (PID=2088474) to work on /home/mutwiri/airflow/airflow_env/lib/python3.10/site-packages/airflow/example_dags/example_dag_decorator.py
[2023-06-01T10:06:56.240+0300] {processor.py:826} INFO - Processing file /home/mutwiri/airflow/airflow_env/lib/python3.10/site-packages/airflow/example_dags/example_dag_decorator.py for tasks to queue
[2023-06-01T10:06:56.241+0300] {logging_mixin.py:149} INFO - [2023-06-01T10:06:56.241+0300] {dagbag.py:541} INFO - Filling up the DagBag from /home/mutwiri/airflow/airflow_env/lib/python3.10/site-packages/airflow/example_dags/example_dag_decorator.py
[2023-06-01T10:06:56.248+0300] {logging_mixin.py:149} INFO - [2023-06-01T10:06:56.248+0300] {taskmixin.py:211} WARNING - Dependency <Task(_PythonDecoratedOperator): prepare_email>, send_email already registered for DAG: example_dag_decorator
[2023-06-01T10:06:56.248+0300] {logging_mixin.py:149} INFO - [2023-06-01T10:06:56.248+0300] {taskmixin.py:211} WARNING - Dependency <Task(EmailOperator): send_email>, prepare_email already registered for DAG: example_dag_decorator
[2023-06-01T10:06:56.257+0300] {processor.py:836} INFO - DAG(s) dict_keys(['example_dag_decorator']) retrieved from /home/mutwiri/airflow/airflow_env/lib/python3.10/site-packages/airflow/example_dags/example_dag_decorator.py
[2023-06-01T10:06:56.314+0300] {logging_mixin.py:149} INFO - [2023-06-01T10:06:56.314+0300] {dag.py:2726} INFO - Sync 1 DAGs
[2023-06-01T10:06:56.336+0300] {logging_mixin.py:149} INFO - [2023-06-01T10:06:56.335+0300] {dag.py:3486} INFO - Setting next_dagrun for example_dag_decorator to None, run_after=None
[2023-06-01T10:06:56.570+0300] {processor.py:179} INFO - Processing /home/mutwiri/airflow/airflow_env/lib/python3.10/site-packages/airflow/example_dags/example_dag_decorator.py took 0.334 seconds
[2023-06-01T10:07:49.945+0300] {processor.py:157} INFO - Started process (PID=2088607) to work on /home/mutwiri/airflow/airflow_env/lib/python3.10/site-packages/airflow/example_dags/example_dag_decorator.py
[2023-06-01T10:07:49.960+0300] {processor.py:826} INFO - Processing file /home/mutwiri/airflow/airflow_env/lib/python3.10/site-packages/airflow/example_dags/example_dag_decorator.py for tasks to queue
[2023-06-01T10:07:49.961+0300] {logging_mixin.py:149} INFO - [2023-06-01T10:07:49.961+0300] {dagbag.py:541} INFO - Filling up the DagBag from /home/mutwiri/airflow/airflow_env/lib/python3.10/site-packages/airflow/example_dags/example_dag_decorator.py
[2023-06-01T10:07:49.971+0300] {logging_mixin.py:149} INFO - [2023-06-01T10:07:49.971+0300] {taskmixin.py:211} WARNING - Dependency <Task(_PythonDecoratedOperator): prepare_email>, send_email already registered for DAG: example_dag_decorator
[2023-06-01T10:07:49.972+0300] {logging_mixin.py:149} INFO - [2023-06-01T10:07:49.972+0300] {taskmixin.py:211} WARNING - Dependency <Task(EmailOperator): send_email>, prepare_email already registered for DAG: example_dag_decorator
[2023-06-01T10:07:49.983+0300] {processor.py:836} INFO - DAG(s) dict_keys(['example_dag_decorator']) retrieved from /home/mutwiri/airflow/airflow_env/lib/python3.10/site-packages/airflow/example_dags/example_dag_decorator.py
[2023-06-01T10:07:50.155+0300] {logging_mixin.py:149} INFO - [2023-06-01T10:07:50.155+0300] {dag.py:2726} INFO - Sync 1 DAGs
[2023-06-01T10:07:50.176+0300] {logging_mixin.py:149} INFO - [2023-06-01T10:07:50.176+0300] {dag.py:3486} INFO - Setting next_dagrun for example_dag_decorator to None, run_after=None
[2023-06-01T10:07:50.342+0300] {processor.py:179} INFO - Processing /home/mutwiri/airflow/airflow_env/lib/python3.10/site-packages/airflow/example_dags/example_dag_decorator.py took 0.402 seconds
[2023-06-01T10:08:48.514+0300] {processor.py:157} INFO - Started process (PID=2088669) to work on /home/mutwiri/airflow/airflow_env/lib/python3.10/site-packages/airflow/example_dags/example_dag_decorator.py
[2023-06-01T10:08:48.532+0300] {processor.py:826} INFO - Processing file /home/mutwiri/airflow/airflow_env/lib/python3.10/site-packages/airflow/example_dags/example_dag_decorator.py for tasks to queue
[2023-06-01T10:08:48.534+0300] {logging_mixin.py:149} INFO - [2023-06-01T10:08:48.534+0300] {dagbag.py:541} INFO - Filling up the DagBag from /home/mutwiri/airflow/airflow_env/lib/python3.10/site-packages/airflow/example_dags/example_dag_decorator.py
[2023-06-01T10:08:48.545+0300] {logging_mixin.py:149} INFO - [2023-06-01T10:08:48.545+0300] {taskmixin.py:211} WARNING - Dependency <Task(_PythonDecoratedOperator): prepare_email>, send_email already registered for DAG: example_dag_decorator
[2023-06-01T10:08:48.545+0300] {logging_mixin.py:149} INFO - [2023-06-01T10:08:48.545+0300] {taskmixin.py:211} WARNING - Dependency <Task(EmailOperator): send_email>, prepare_email already registered for DAG: example_dag_decorator
[2023-06-01T10:08:48.558+0300] {processor.py:836} INFO - DAG(s) dict_keys(['example_dag_decorator']) retrieved from /home/mutwiri/airflow/airflow_env/lib/python3.10/site-packages/airflow/example_dags/example_dag_decorator.py
[2023-06-01T10:08:48.733+0300] {logging_mixin.py:149} INFO - [2023-06-01T10:08:48.732+0300] {dag.py:2726} INFO - Sync 1 DAGs
[2023-06-01T10:08:48.753+0300] {logging_mixin.py:149} INFO - [2023-06-01T10:08:48.752+0300] {dag.py:3486} INFO - Setting next_dagrun for example_dag_decorator to None, run_after=None
[2023-06-01T10:08:48.863+0300] {processor.py:179} INFO - Processing /home/mutwiri/airflow/airflow_env/lib/python3.10/site-packages/airflow/example_dags/example_dag_decorator.py took 0.356 seconds
[2023-06-01T10:09:43.263+0300] {processor.py:157} INFO - Started process (PID=2088819) to work on /home/mutwiri/airflow/airflow_env/lib/python3.10/site-packages/airflow/example_dags/example_dag_decorator.py
[2023-06-01T10:09:43.288+0300] {processor.py:826} INFO - Processing file /home/mutwiri/airflow/airflow_env/lib/python3.10/site-packages/airflow/example_dags/example_dag_decorator.py for tasks to queue
[2023-06-01T10:09:43.292+0300] {logging_mixin.py:149} INFO - [2023-06-01T10:09:43.291+0300] {dagbag.py:541} INFO - Filling up the DagBag from /home/mutwiri/airflow/airflow_env/lib/python3.10/site-packages/airflow/example_dags/example_dag_decorator.py
[2023-06-01T10:09:43.311+0300] {logging_mixin.py:149} INFO - [2023-06-01T10:09:43.311+0300] {taskmixin.py:211} WARNING - Dependency <Task(_PythonDecoratedOperator): prepare_email>, send_email already registered for DAG: example_dag_decorator
[2023-06-01T10:09:43.311+0300] {logging_mixin.py:149} INFO - [2023-06-01T10:09:43.311+0300] {taskmixin.py:211} WARNING - Dependency <Task(EmailOperator): send_email>, prepare_email already registered for DAG: example_dag_decorator
[2023-06-01T10:09:43.323+0300] {processor.py:836} INFO - DAG(s) dict_keys(['example_dag_decorator']) retrieved from /home/mutwiri/airflow/airflow_env/lib/python3.10/site-packages/airflow/example_dags/example_dag_decorator.py
[2023-06-01T10:09:43.381+0300] {logging_mixin.py:149} INFO - [2023-06-01T10:09:43.380+0300] {dag.py:2726} INFO - Sync 1 DAGs
[2023-06-01T10:09:43.398+0300] {logging_mixin.py:149} INFO - [2023-06-01T10:09:43.398+0300] {dag.py:3486} INFO - Setting next_dagrun for example_dag_decorator to None, run_after=None
[2023-06-01T10:09:43.510+0300] {processor.py:179} INFO - Processing /home/mutwiri/airflow/airflow_env/lib/python3.10/site-packages/airflow/example_dags/example_dag_decorator.py took 0.251 seconds
[2023-06-01T10:10:36.619+0300] {processor.py:157} INFO - Started process (PID=2089106) to work on /home/mutwiri/airflow/airflow_env/lib/python3.10/site-packages/airflow/example_dags/example_dag_decorator.py
[2023-06-01T10:10:36.634+0300] {processor.py:826} INFO - Processing file /home/mutwiri/airflow/airflow_env/lib/python3.10/site-packages/airflow/example_dags/example_dag_decorator.py for tasks to queue
[2023-06-01T10:10:36.636+0300] {logging_mixin.py:149} INFO - [2023-06-01T10:10:36.636+0300] {dagbag.py:541} INFO - Filling up the DagBag from /home/mutwiri/airflow/airflow_env/lib/python3.10/site-packages/airflow/example_dags/example_dag_decorator.py
[2023-06-01T10:10:36.655+0300] {logging_mixin.py:149} INFO - [2023-06-01T10:10:36.655+0300] {taskmixin.py:211} WARNING - Dependency <Task(_PythonDecoratedOperator): prepare_email>, send_email already registered for DAG: example_dag_decorator
[2023-06-01T10:10:36.655+0300] {logging_mixin.py:149} INFO - [2023-06-01T10:10:36.655+0300] {taskmixin.py:211} WARNING - Dependency <Task(EmailOperator): send_email>, prepare_email already registered for DAG: example_dag_decorator
[2023-06-01T10:10:36.668+0300] {processor.py:836} INFO - DAG(s) dict_keys(['example_dag_decorator']) retrieved from /home/mutwiri/airflow/airflow_env/lib/python3.10/site-packages/airflow/example_dags/example_dag_decorator.py
[2023-06-01T10:10:36.715+0300] {logging_mixin.py:149} INFO - [2023-06-01T10:10:36.715+0300] {dag.py:2726} INFO - Sync 1 DAGs
[2023-06-01T10:10:36.733+0300] {logging_mixin.py:149} INFO - [2023-06-01T10:10:36.733+0300] {dag.py:3486} INFO - Setting next_dagrun for example_dag_decorator to None, run_after=None
[2023-06-01T10:10:37.068+0300] {processor.py:179} INFO - Processing /home/mutwiri/airflow/airflow_env/lib/python3.10/site-packages/airflow/example_dags/example_dag_decorator.py took 0.452 seconds
[2023-06-01T10:11:50.923+0300] {processor.py:157} INFO - Started process (PID=2089372) to work on /home/mutwiri/airflow/airflow_env/lib/python3.10/site-packages/airflow/example_dags/example_dag_decorator.py
[2023-06-01T10:11:50.939+0300] {processor.py:826} INFO - Processing file /home/mutwiri/airflow/airflow_env/lib/python3.10/site-packages/airflow/example_dags/example_dag_decorator.py for tasks to queue
[2023-06-01T10:11:50.940+0300] {logging_mixin.py:149} INFO - [2023-06-01T10:11:50.940+0300] {dagbag.py:541} INFO - Filling up the DagBag from /home/mutwiri/airflow/airflow_env/lib/python3.10/site-packages/airflow/example_dags/example_dag_decorator.py
[2023-06-01T10:11:50.948+0300] {logging_mixin.py:149} INFO - [2023-06-01T10:11:50.948+0300] {taskmixin.py:211} WARNING - Dependency <Task(_PythonDecoratedOperator): prepare_email>, send_email already registered for DAG: example_dag_decorator
[2023-06-01T10:11:50.948+0300] {logging_mixin.py:149} INFO - [2023-06-01T10:11:50.948+0300] {taskmixin.py:211} WARNING - Dependency <Task(EmailOperator): send_email>, prepare_email already registered for DAG: example_dag_decorator
[2023-06-01T10:11:50.960+0300] {processor.py:836} INFO - DAG(s) dict_keys(['example_dag_decorator']) retrieved from /home/mutwiri/airflow/airflow_env/lib/python3.10/site-packages/airflow/example_dags/example_dag_decorator.py
[2023-06-01T10:11:51.013+0300] {logging_mixin.py:149} INFO - [2023-06-01T10:11:51.013+0300] {dag.py:2726} INFO - Sync 1 DAGs
[2023-06-01T10:11:51.034+0300] {logging_mixin.py:149} INFO - [2023-06-01T10:11:51.034+0300] {dag.py:3486} INFO - Setting next_dagrun for example_dag_decorator to None, run_after=None
[2023-06-01T10:11:51.180+0300] {processor.py:179} INFO - Processing /home/mutwiri/airflow/airflow_env/lib/python3.10/site-packages/airflow/example_dags/example_dag_decorator.py took 0.262 seconds
[2023-06-01T10:13:11.986+0300] {processor.py:157} INFO - Started process (PID=2089695) to work on /home/mutwiri/airflow/airflow_env/lib/python3.10/site-packages/airflow/example_dags/example_dag_decorator.py
[2023-06-01T10:13:11.995+0300] {processor.py:826} INFO - Processing file /home/mutwiri/airflow/airflow_env/lib/python3.10/site-packages/airflow/example_dags/example_dag_decorator.py for tasks to queue
[2023-06-01T10:13:11.996+0300] {logging_mixin.py:149} INFO - [2023-06-01T10:13:11.996+0300] {dagbag.py:541} INFO - Filling up the DagBag from /home/mutwiri/airflow/airflow_env/lib/python3.10/site-packages/airflow/example_dags/example_dag_decorator.py
[2023-06-01T10:13:12.003+0300] {logging_mixin.py:149} INFO - [2023-06-01T10:13:12.003+0300] {taskmixin.py:211} WARNING - Dependency <Task(_PythonDecoratedOperator): prepare_email>, send_email already registered for DAG: example_dag_decorator
[2023-06-01T10:13:12.003+0300] {logging_mixin.py:149} INFO - [2023-06-01T10:13:12.003+0300] {taskmixin.py:211} WARNING - Dependency <Task(EmailOperator): send_email>, prepare_email already registered for DAG: example_dag_decorator
[2023-06-01T10:13:12.012+0300] {processor.py:836} INFO - DAG(s) dict_keys(['example_dag_decorator']) retrieved from /home/mutwiri/airflow/airflow_env/lib/python3.10/site-packages/airflow/example_dags/example_dag_decorator.py
[2023-06-01T10:13:12.065+0300] {logging_mixin.py:149} INFO - [2023-06-01T10:13:12.064+0300] {dag.py:2726} INFO - Sync 1 DAGs
[2023-06-01T10:13:12.082+0300] {logging_mixin.py:149} INFO - [2023-06-01T10:13:12.082+0300] {dag.py:3486} INFO - Setting next_dagrun for example_dag_decorator to None, run_after=None
[2023-06-01T10:13:12.277+0300] {processor.py:179} INFO - Processing /home/mutwiri/airflow/airflow_env/lib/python3.10/site-packages/airflow/example_dags/example_dag_decorator.py took 0.295 seconds
[2023-06-01T10:14:13.160+0300] {processor.py:157} INFO - Started process (PID=2089872) to work on /home/mutwiri/airflow/airflow_env/lib/python3.10/site-packages/airflow/example_dags/example_dag_decorator.py
[2023-06-01T10:14:13.173+0300] {processor.py:826} INFO - Processing file /home/mutwiri/airflow/airflow_env/lib/python3.10/site-packages/airflow/example_dags/example_dag_decorator.py for tasks to queue
[2023-06-01T10:14:13.173+0300] {logging_mixin.py:149} INFO - [2023-06-01T10:14:13.173+0300] {dagbag.py:541} INFO - Filling up the DagBag from /home/mutwiri/airflow/airflow_env/lib/python3.10/site-packages/airflow/example_dags/example_dag_decorator.py
[2023-06-01T10:14:13.182+0300] {logging_mixin.py:149} INFO - [2023-06-01T10:14:13.181+0300] {taskmixin.py:211} WARNING - Dependency <Task(_PythonDecoratedOperator): prepare_email>, send_email already registered for DAG: example_dag_decorator
[2023-06-01T10:14:13.182+0300] {logging_mixin.py:149} INFO - [2023-06-01T10:14:13.182+0300] {taskmixin.py:211} WARNING - Dependency <Task(EmailOperator): send_email>, prepare_email already registered for DAG: example_dag_decorator
[2023-06-01T10:14:13.192+0300] {processor.py:836} INFO - DAG(s) dict_keys(['example_dag_decorator']) retrieved from /home/mutwiri/airflow/airflow_env/lib/python3.10/site-packages/airflow/example_dags/example_dag_decorator.py
[2023-06-01T10:14:13.249+0300] {logging_mixin.py:149} INFO - [2023-06-01T10:14:13.248+0300] {dag.py:2726} INFO - Sync 1 DAGs
[2023-06-01T10:14:13.271+0300] {logging_mixin.py:149} INFO - [2023-06-01T10:14:13.270+0300] {dag.py:3486} INFO - Setting next_dagrun for example_dag_decorator to None, run_after=None
[2023-06-01T10:14:13.435+0300] {processor.py:179} INFO - Processing /home/mutwiri/airflow/airflow_env/lib/python3.10/site-packages/airflow/example_dags/example_dag_decorator.py took 0.278 seconds
