[2023-06-01T10:06:48.118+0300] {processor.py:157} INFO - Started process (PID=2088437) to work on /home/mutwiri/airflow/airflow_env/lib/python3.10/site-packages/airflow/example_dags/example_branch_python_dop_operator_3.py
[2023-06-01T10:06:48.119+0300] {processor.py:826} INFO - Processing file /home/mutwiri/airflow/airflow_env/lib/python3.10/site-packages/airflow/example_dags/example_branch_python_dop_operator_3.py for tasks to queue
[2023-06-01T10:06:48.120+0300] {logging_mixin.py:149} INFO - [2023-06-01T10:06:48.120+0300] {dagbag.py:541} INFO - Filling up the DagBag from /home/mutwiri/airflow/airflow_env/lib/python3.10/site-packages/airflow/example_dags/example_branch_python_dop_operator_3.py
[2023-06-01T10:06:48.131+0300] {processor.py:836} INFO - DAG(s) dict_keys(['example_branch_dop_operator_v3']) retrieved from /home/mutwiri/airflow/airflow_env/lib/python3.10/site-packages/airflow/example_dags/example_branch_python_dop_operator_3.py
[2023-06-01T10:06:48.154+0300] {logging_mixin.py:149} INFO - [2023-06-01T10:06:48.154+0300] {dag.py:2726} INFO - Sync 1 DAGs
[2023-06-01T10:06:48.177+0300] {logging_mixin.py:149} INFO - [2023-06-01T10:06:48.177+0300] {dag.py:3486} INFO - Setting next_dagrun for example_branch_dop_operator_v3 to 2023-06-01T07:05:00+00:00, run_after=2023-06-01T07:06:00+00:00
[2023-06-01T10:06:48.301+0300] {processor.py:179} INFO - Processing /home/mutwiri/airflow/airflow_env/lib/python3.10/site-packages/airflow/example_dags/example_branch_python_dop_operator_3.py took 0.187 seconds
[2023-06-01T10:07:45.604+0300] {processor.py:157} INFO - Started process (PID=2088604) to work on /home/mutwiri/airflow/airflow_env/lib/python3.10/site-packages/airflow/example_dags/example_branch_python_dop_operator_3.py
[2023-06-01T10:07:45.606+0300] {processor.py:826} INFO - Processing file /home/mutwiri/airflow/airflow_env/lib/python3.10/site-packages/airflow/example_dags/example_branch_python_dop_operator_3.py for tasks to queue
[2023-06-01T10:07:45.607+0300] {logging_mixin.py:149} INFO - [2023-06-01T10:07:45.606+0300] {dagbag.py:541} INFO - Filling up the DagBag from /home/mutwiri/airflow/airflow_env/lib/python3.10/site-packages/airflow/example_dags/example_branch_python_dop_operator_3.py
[2023-06-01T10:07:45.616+0300] {processor.py:836} INFO - DAG(s) dict_keys(['example_branch_dop_operator_v3']) retrieved from /home/mutwiri/airflow/airflow_env/lib/python3.10/site-packages/airflow/example_dags/example_branch_python_dop_operator_3.py
[2023-06-01T10:07:45.638+0300] {logging_mixin.py:149} INFO - [2023-06-01T10:07:45.638+0300] {dag.py:2726} INFO - Sync 1 DAGs
[2023-06-01T10:07:45.662+0300] {logging_mixin.py:149} INFO - [2023-06-01T10:07:45.662+0300] {dag.py:3486} INFO - Setting next_dagrun for example_branch_dop_operator_v3 to 2023-06-01T07:06:00+00:00, run_after=2023-06-01T07:07:00+00:00
[2023-06-01T10:07:45.916+0300] {processor.py:179} INFO - Processing /home/mutwiri/airflow/airflow_env/lib/python3.10/site-packages/airflow/example_dags/example_branch_python_dop_operator_3.py took 0.315 seconds
[2023-06-01T10:08:44.260+0300] {processor.py:157} INFO - Started process (PID=2088665) to work on /home/mutwiri/airflow/airflow_env/lib/python3.10/site-packages/airflow/example_dags/example_branch_python_dop_operator_3.py
[2023-06-01T10:08:44.261+0300] {processor.py:826} INFO - Processing file /home/mutwiri/airflow/airflow_env/lib/python3.10/site-packages/airflow/example_dags/example_branch_python_dop_operator_3.py for tasks to queue
[2023-06-01T10:08:44.262+0300] {logging_mixin.py:149} INFO - [2023-06-01T10:08:44.262+0300] {dagbag.py:541} INFO - Filling up the DagBag from /home/mutwiri/airflow/airflow_env/lib/python3.10/site-packages/airflow/example_dags/example_branch_python_dop_operator_3.py
[2023-06-01T10:08:44.270+0300] {processor.py:836} INFO - DAG(s) dict_keys(['example_branch_dop_operator_v3']) retrieved from /home/mutwiri/airflow/airflow_env/lib/python3.10/site-packages/airflow/example_dags/example_branch_python_dop_operator_3.py
[2023-06-01T10:08:44.407+0300] {logging_mixin.py:149} INFO - [2023-06-01T10:08:44.407+0300] {dag.py:2726} INFO - Sync 1 DAGs
[2023-06-01T10:08:44.439+0300] {logging_mixin.py:149} INFO - [2023-06-01T10:08:44.439+0300] {dag.py:3486} INFO - Setting next_dagrun for example_branch_dop_operator_v3 to 2023-06-01T07:07:00+00:00, run_after=2023-06-01T07:08:00+00:00
[2023-06-01T10:08:44.567+0300] {processor.py:179} INFO - Processing /home/mutwiri/airflow/airflow_env/lib/python3.10/site-packages/airflow/example_dags/example_branch_python_dop_operator_3.py took 0.311 seconds
[2023-06-01T10:09:39.252+0300] {processor.py:157} INFO - Started process (PID=2088786) to work on /home/mutwiri/airflow/airflow_env/lib/python3.10/site-packages/airflow/example_dags/example_branch_python_dop_operator_3.py
[2023-06-01T10:09:39.254+0300] {processor.py:826} INFO - Processing file /home/mutwiri/airflow/airflow_env/lib/python3.10/site-packages/airflow/example_dags/example_branch_python_dop_operator_3.py for tasks to queue
[2023-06-01T10:09:39.254+0300] {logging_mixin.py:149} INFO - [2023-06-01T10:09:39.254+0300] {dagbag.py:541} INFO - Filling up the DagBag from /home/mutwiri/airflow/airflow_env/lib/python3.10/site-packages/airflow/example_dags/example_branch_python_dop_operator_3.py
[2023-06-01T10:09:39.263+0300] {processor.py:836} INFO - DAG(s) dict_keys(['example_branch_dop_operator_v3']) retrieved from /home/mutwiri/airflow/airflow_env/lib/python3.10/site-packages/airflow/example_dags/example_branch_python_dop_operator_3.py
[2023-06-01T10:09:39.285+0300] {logging_mixin.py:149} INFO - [2023-06-01T10:09:39.285+0300] {dag.py:2726} INFO - Sync 1 DAGs
[2023-06-01T10:09:39.308+0300] {logging_mixin.py:149} INFO - [2023-06-01T10:09:39.308+0300] {dag.py:3486} INFO - Setting next_dagrun for example_branch_dop_operator_v3 to 2023-06-01T07:08:00+00:00, run_after=2023-06-01T07:09:00+00:00
[2023-06-01T10:09:39.435+0300] {processor.py:179} INFO - Processing /home/mutwiri/airflow/airflow_env/lib/python3.10/site-packages/airflow/example_dags/example_branch_python_dop_operator_3.py took 0.187 seconds
[2023-06-01T10:10:34.529+0300] {processor.py:157} INFO - Started process (PID=2089091) to work on /home/mutwiri/airflow/airflow_env/lib/python3.10/site-packages/airflow/example_dags/example_branch_python_dop_operator_3.py
[2023-06-01T10:10:34.531+0300] {processor.py:826} INFO - Processing file /home/mutwiri/airflow/airflow_env/lib/python3.10/site-packages/airflow/example_dags/example_branch_python_dop_operator_3.py for tasks to queue
[2023-06-01T10:10:34.532+0300] {logging_mixin.py:149} INFO - [2023-06-01T10:10:34.531+0300] {dagbag.py:541} INFO - Filling up the DagBag from /home/mutwiri/airflow/airflow_env/lib/python3.10/site-packages/airflow/example_dags/example_branch_python_dop_operator_3.py
[2023-06-01T10:10:34.541+0300] {processor.py:836} INFO - DAG(s) dict_keys(['example_branch_dop_operator_v3']) retrieved from /home/mutwiri/airflow/airflow_env/lib/python3.10/site-packages/airflow/example_dags/example_branch_python_dop_operator_3.py
[2023-06-01T10:10:34.565+0300] {logging_mixin.py:149} INFO - [2023-06-01T10:10:34.565+0300] {dag.py:2726} INFO - Sync 1 DAGs
[2023-06-01T10:10:34.589+0300] {logging_mixin.py:149} INFO - [2023-06-01T10:10:34.589+0300] {dag.py:3486} INFO - Setting next_dagrun for example_branch_dop_operator_v3 to 2023-06-01T07:09:00+00:00, run_after=2023-06-01T07:10:00+00:00
[2023-06-01T10:10:34.703+0300] {processor.py:179} INFO - Processing /home/mutwiri/airflow/airflow_env/lib/python3.10/site-packages/airflow/example_dags/example_branch_python_dop_operator_3.py took 0.177 seconds
[2023-06-01T10:11:26.199+0300] {processor.py:157} INFO - Started process (PID=2089285) to work on /home/mutwiri/airflow/airflow_env/lib/python3.10/site-packages/airflow/example_dags/example_branch_python_dop_operator_3.py
[2023-06-01T10:11:26.200+0300] {processor.py:826} INFO - Processing file /home/mutwiri/airflow/airflow_env/lib/python3.10/site-packages/airflow/example_dags/example_branch_python_dop_operator_3.py for tasks to queue
[2023-06-01T10:11:26.201+0300] {logging_mixin.py:149} INFO - [2023-06-01T10:11:26.201+0300] {dagbag.py:541} INFO - Filling up the DagBag from /home/mutwiri/airflow/airflow_env/lib/python3.10/site-packages/airflow/example_dags/example_branch_python_dop_operator_3.py
[2023-06-01T10:11:26.210+0300] {processor.py:836} INFO - DAG(s) dict_keys(['example_branch_dop_operator_v3']) retrieved from /home/mutwiri/airflow/airflow_env/lib/python3.10/site-packages/airflow/example_dags/example_branch_python_dop_operator_3.py
[2023-06-01T10:11:26.230+0300] {logging_mixin.py:149} INFO - [2023-06-01T10:11:26.230+0300] {dag.py:2726} INFO - Sync 1 DAGs
[2023-06-01T10:11:26.255+0300] {logging_mixin.py:149} INFO - [2023-06-01T10:11:26.254+0300] {dag.py:3486} INFO - Setting next_dagrun for example_branch_dop_operator_v3 to 2023-06-01T07:10:00+00:00, run_after=2023-06-01T07:11:00+00:00
[2023-06-01T10:11:26.373+0300] {processor.py:179} INFO - Processing /home/mutwiri/airflow/airflow_env/lib/python3.10/site-packages/airflow/example_dags/example_branch_python_dop_operator_3.py took 0.178 seconds
[2023-06-01T10:12:43.019+0300] {processor.py:157} INFO - Started process (PID=2089607) to work on /home/mutwiri/airflow/airflow_env/lib/python3.10/site-packages/airflow/example_dags/example_branch_python_dop_operator_3.py
[2023-06-01T10:12:43.021+0300] {processor.py:826} INFO - Processing file /home/mutwiri/airflow/airflow_env/lib/python3.10/site-packages/airflow/example_dags/example_branch_python_dop_operator_3.py for tasks to queue
[2023-06-01T10:12:43.022+0300] {logging_mixin.py:149} INFO - [2023-06-01T10:12:43.022+0300] {dagbag.py:541} INFO - Filling up the DagBag from /home/mutwiri/airflow/airflow_env/lib/python3.10/site-packages/airflow/example_dags/example_branch_python_dop_operator_3.py
[2023-06-01T10:12:43.036+0300] {processor.py:836} INFO - DAG(s) dict_keys(['example_branch_dop_operator_v3']) retrieved from /home/mutwiri/airflow/airflow_env/lib/python3.10/site-packages/airflow/example_dags/example_branch_python_dop_operator_3.py
[2023-06-01T10:12:43.059+0300] {logging_mixin.py:149} INFO - [2023-06-01T10:12:43.059+0300] {dag.py:2726} INFO - Sync 1 DAGs
[2023-06-01T10:12:43.083+0300] {logging_mixin.py:149} INFO - [2023-06-01T10:12:43.082+0300] {dag.py:3486} INFO - Setting next_dagrun for example_branch_dop_operator_v3 to 2023-06-01T07:11:00+00:00, run_after=2023-06-01T07:12:00+00:00
[2023-06-01T10:12:43.211+0300] {processor.py:179} INFO - Processing /home/mutwiri/airflow/airflow_env/lib/python3.10/site-packages/airflow/example_dags/example_branch_python_dop_operator_3.py took 0.197 seconds
[2023-06-01T10:13:43.466+0300] {processor.py:157} INFO - Started process (PID=2089845) to work on /home/mutwiri/airflow/airflow_env/lib/python3.10/site-packages/airflow/example_dags/example_branch_python_dop_operator_3.py
[2023-06-01T10:13:43.487+0300] {processor.py:826} INFO - Processing file /home/mutwiri/airflow/airflow_env/lib/python3.10/site-packages/airflow/example_dags/example_branch_python_dop_operator_3.py for tasks to queue
[2023-06-01T10:13:43.490+0300] {logging_mixin.py:149} INFO - [2023-06-01T10:13:43.489+0300] {dagbag.py:541} INFO - Filling up the DagBag from /home/mutwiri/airflow/airflow_env/lib/python3.10/site-packages/airflow/example_dags/example_branch_python_dop_operator_3.py
[2023-06-01T10:13:43.512+0300] {processor.py:836} INFO - DAG(s) dict_keys(['example_branch_dop_operator_v3']) retrieved from /home/mutwiri/airflow/airflow_env/lib/python3.10/site-packages/airflow/example_dags/example_branch_python_dop_operator_3.py
[2023-06-01T10:13:43.536+0300] {logging_mixin.py:149} INFO - [2023-06-01T10:13:43.536+0300] {dag.py:2726} INFO - Sync 1 DAGs
[2023-06-01T10:13:43.560+0300] {logging_mixin.py:149} INFO - [2023-06-01T10:13:43.559+0300] {dag.py:3486} INFO - Setting next_dagrun for example_branch_dop_operator_v3 to 2023-06-01T07:12:00+00:00, run_after=2023-06-01T07:13:00+00:00
[2023-06-01T10:13:43.689+0300] {processor.py:179} INFO - Processing /home/mutwiri/airflow/airflow_env/lib/python3.10/site-packages/airflow/example_dags/example_branch_python_dop_operator_3.py took 0.228 seconds
[2023-06-01T10:14:36.674+0300] {processor.py:157} INFO - Started process (PID=2089929) to work on /home/mutwiri/airflow/airflow_env/lib/python3.10/site-packages/airflow/example_dags/example_branch_python_dop_operator_3.py
[2023-06-01T10:14:36.701+0300] {processor.py:826} INFO - Processing file /home/mutwiri/airflow/airflow_env/lib/python3.10/site-packages/airflow/example_dags/example_branch_python_dop_operator_3.py for tasks to queue
[2023-06-01T10:14:36.703+0300] {logging_mixin.py:149} INFO - [2023-06-01T10:14:36.703+0300] {dagbag.py:541} INFO - Filling up the DagBag from /home/mutwiri/airflow/airflow_env/lib/python3.10/site-packages/airflow/example_dags/example_branch_python_dop_operator_3.py
[2023-06-01T10:14:36.718+0300] {processor.py:836} INFO - DAG(s) dict_keys(['example_branch_dop_operator_v3']) retrieved from /home/mutwiri/airflow/airflow_env/lib/python3.10/site-packages/airflow/example_dags/example_branch_python_dop_operator_3.py
[2023-06-01T10:14:36.743+0300] {logging_mixin.py:149} INFO - [2023-06-01T10:14:36.743+0300] {dag.py:2726} INFO - Sync 1 DAGs
[2023-06-01T10:14:36.772+0300] {logging_mixin.py:149} INFO - [2023-06-01T10:14:36.771+0300] {dag.py:3486} INFO - Setting next_dagrun for example_branch_dop_operator_v3 to 2023-06-01T07:13:00+00:00, run_after=2023-06-01T07:14:00+00:00
[2023-06-01T10:14:37.046+0300] {processor.py:179} INFO - Processing /home/mutwiri/airflow/airflow_env/lib/python3.10/site-packages/airflow/example_dags/example_branch_python_dop_operator_3.py took 0.380 seconds
