[2023-06-01T10:07:03.153+0300] {processor.py:157} INFO - Started process (PID=2088530) to work on /home/mutwiri/airflow/airflow_env/lib/python3.10/site-packages/airflow/example_dags/example_branch_operator.py
[2023-06-01T10:07:03.154+0300] {processor.py:826} INFO - Processing file /home/mutwiri/airflow/airflow_env/lib/python3.10/site-packages/airflow/example_dags/example_branch_operator.py for tasks to queue
[2023-06-01T10:07:03.154+0300] {logging_mixin.py:149} INFO - [2023-06-01T10:07:03.154+0300] {dagbag.py:541} INFO - Filling up the DagBag from /home/mutwiri/airflow/airflow_env/lib/python3.10/site-packages/airflow/example_dags/example_branch_operator.py
[2023-06-01T10:07:03.167+0300] {processor.py:836} INFO - DAG(s) dict_keys(['example_branch_operator']) retrieved from /home/mutwiri/airflow/airflow_env/lib/python3.10/site-packages/airflow/example_dags/example_branch_operator.py
[2023-06-01T10:07:03.193+0300] {logging_mixin.py:149} INFO - [2023-06-01T10:07:03.193+0300] {dag.py:2726} INFO - Sync 1 DAGs
[2023-06-01T10:07:03.213+0300] {logging_mixin.py:149} INFO - [2023-06-01T10:07:03.213+0300] {dag.py:3486} INFO - Setting next_dagrun for example_branch_operator to 2023-05-31T00:00:00+00:00, run_after=2023-06-01T00:00:00+00:00
[2023-06-01T10:07:03.323+0300] {processor.py:179} INFO - Processing /home/mutwiri/airflow/airflow_env/lib/python3.10/site-packages/airflow/example_dags/example_branch_operator.py took 0.175 seconds
[2023-06-01T10:08:24.903+0300] {processor.py:157} INFO - Started process (PID=2088641) to work on /home/mutwiri/airflow/airflow_env/lib/python3.10/site-packages/airflow/example_dags/example_branch_operator.py
[2023-06-01T10:08:24.920+0300] {processor.py:826} INFO - Processing file /home/mutwiri/airflow/airflow_env/lib/python3.10/site-packages/airflow/example_dags/example_branch_operator.py for tasks to queue
[2023-06-01T10:08:24.921+0300] {logging_mixin.py:149} INFO - [2023-06-01T10:08:24.921+0300] {dagbag.py:541} INFO - Filling up the DagBag from /home/mutwiri/airflow/airflow_env/lib/python3.10/site-packages/airflow/example_dags/example_branch_operator.py
[2023-06-01T10:08:24.933+0300] {processor.py:836} INFO - DAG(s) dict_keys(['example_branch_operator']) retrieved from /home/mutwiri/airflow/airflow_env/lib/python3.10/site-packages/airflow/example_dags/example_branch_operator.py
[2023-06-01T10:08:24.960+0300] {logging_mixin.py:149} INFO - [2023-06-01T10:08:24.959+0300] {dag.py:2726} INFO - Sync 1 DAGs
[2023-06-01T10:08:25.093+0300] {logging_mixin.py:149} INFO - [2023-06-01T10:08:25.093+0300] {dag.py:3486} INFO - Setting next_dagrun for example_branch_operator to 2023-05-31T00:00:00+00:00, run_after=2023-06-01T00:00:00+00:00
[2023-06-01T10:08:25.192+0300] {processor.py:179} INFO - Processing /home/mutwiri/airflow/airflow_env/lib/python3.10/site-packages/airflow/example_dags/example_branch_operator.py took 0.294 seconds
[2023-06-01T10:09:48.598+0300] {processor.py:157} INFO - Started process (PID=2088857) to work on /home/mutwiri/airflow/airflow_env/lib/python3.10/site-packages/airflow/example_dags/example_branch_operator.py
[2023-06-01T10:09:48.611+0300] {processor.py:826} INFO - Processing file /home/mutwiri/airflow/airflow_env/lib/python3.10/site-packages/airflow/example_dags/example_branch_operator.py for tasks to queue
[2023-06-01T10:09:48.613+0300] {logging_mixin.py:149} INFO - [2023-06-01T10:09:48.612+0300] {dagbag.py:541} INFO - Filling up the DagBag from /home/mutwiri/airflow/airflow_env/lib/python3.10/site-packages/airflow/example_dags/example_branch_operator.py
[2023-06-01T10:09:48.630+0300] {processor.py:836} INFO - DAG(s) dict_keys(['example_branch_operator']) retrieved from /home/mutwiri/airflow/airflow_env/lib/python3.10/site-packages/airflow/example_dags/example_branch_operator.py
[2023-06-01T10:09:48.654+0300] {logging_mixin.py:149} INFO - [2023-06-01T10:09:48.654+0300] {dag.py:2726} INFO - Sync 1 DAGs
[2023-06-01T10:09:48.682+0300] {logging_mixin.py:149} INFO - [2023-06-01T10:09:48.682+0300] {dag.py:3486} INFO - Setting next_dagrun for example_branch_operator to 2023-05-31T00:00:00+00:00, run_after=2023-06-01T00:00:00+00:00
[2023-06-01T10:09:48.796+0300] {processor.py:179} INFO - Processing /home/mutwiri/airflow/airflow_env/lib/python3.10/site-packages/airflow/example_dags/example_branch_operator.py took 0.202 seconds
[2023-06-01T10:11:03.473+0300] {processor.py:157} INFO - Started process (PID=2089205) to work on /home/mutwiri/airflow/airflow_env/lib/python3.10/site-packages/airflow/example_dags/example_branch_operator.py
[2023-06-01T10:11:03.474+0300] {processor.py:826} INFO - Processing file /home/mutwiri/airflow/airflow_env/lib/python3.10/site-packages/airflow/example_dags/example_branch_operator.py for tasks to queue
[2023-06-01T10:11:03.475+0300] {logging_mixin.py:149} INFO - [2023-06-01T10:11:03.475+0300] {dagbag.py:541} INFO - Filling up the DagBag from /home/mutwiri/airflow/airflow_env/lib/python3.10/site-packages/airflow/example_dags/example_branch_operator.py
[2023-06-01T10:11:03.490+0300] {processor.py:836} INFO - DAG(s) dict_keys(['example_branch_operator']) retrieved from /home/mutwiri/airflow/airflow_env/lib/python3.10/site-packages/airflow/example_dags/example_branch_operator.py
[2023-06-01T10:11:03.514+0300] {logging_mixin.py:149} INFO - [2023-06-01T10:11:03.514+0300] {dag.py:2726} INFO - Sync 1 DAGs
[2023-06-01T10:11:03.535+0300] {logging_mixin.py:149} INFO - [2023-06-01T10:11:03.534+0300] {dag.py:3486} INFO - Setting next_dagrun for example_branch_operator to 2023-05-31T00:00:00+00:00, run_after=2023-06-01T00:00:00+00:00
[2023-06-01T10:11:03.665+0300] {processor.py:179} INFO - Processing /home/mutwiri/airflow/airflow_env/lib/python3.10/site-packages/airflow/example_dags/example_branch_operator.py took 0.198 seconds
[2023-06-01T10:12:17.263+0300] {processor.py:157} INFO - Started process (PID=2089471) to work on /home/mutwiri/airflow/airflow_env/lib/python3.10/site-packages/airflow/example_dags/example_branch_operator.py
[2023-06-01T10:12:17.286+0300] {processor.py:826} INFO - Processing file /home/mutwiri/airflow/airflow_env/lib/python3.10/site-packages/airflow/example_dags/example_branch_operator.py for tasks to queue
[2023-06-01T10:12:17.287+0300] {logging_mixin.py:149} INFO - [2023-06-01T10:12:17.287+0300] {dagbag.py:541} INFO - Filling up the DagBag from /home/mutwiri/airflow/airflow_env/lib/python3.10/site-packages/airflow/example_dags/example_branch_operator.py
[2023-06-01T10:12:17.297+0300] {processor.py:836} INFO - DAG(s) dict_keys(['example_branch_operator']) retrieved from /home/mutwiri/airflow/airflow_env/lib/python3.10/site-packages/airflow/example_dags/example_branch_operator.py
[2023-06-01T10:12:17.323+0300] {logging_mixin.py:149} INFO - [2023-06-01T10:12:17.322+0300] {dag.py:2726} INFO - Sync 1 DAGs
[2023-06-01T10:12:17.347+0300] {logging_mixin.py:149} INFO - [2023-06-01T10:12:17.346+0300] {dag.py:3486} INFO - Setting next_dagrun for example_branch_operator to 2023-05-31T00:00:00+00:00, run_after=2023-06-01T00:00:00+00:00
[2023-06-01T10:12:17.449+0300] {processor.py:179} INFO - Processing /home/mutwiri/airflow/airflow_env/lib/python3.10/site-packages/airflow/example_dags/example_branch_operator.py took 0.190 seconds
[2023-06-01T10:13:47.699+0300] {processor.py:157} INFO - Started process (PID=2089849) to work on /home/mutwiri/airflow/airflow_env/lib/python3.10/site-packages/airflow/example_dags/example_branch_operator.py
[2023-06-01T10:13:47.707+0300] {processor.py:826} INFO - Processing file /home/mutwiri/airflow/airflow_env/lib/python3.10/site-packages/airflow/example_dags/example_branch_operator.py for tasks to queue
[2023-06-01T10:13:47.708+0300] {logging_mixin.py:149} INFO - [2023-06-01T10:13:47.708+0300] {dagbag.py:541} INFO - Filling up the DagBag from /home/mutwiri/airflow/airflow_env/lib/python3.10/site-packages/airflow/example_dags/example_branch_operator.py
[2023-06-01T10:13:47.721+0300] {processor.py:836} INFO - DAG(s) dict_keys(['example_branch_operator']) retrieved from /home/mutwiri/airflow/airflow_env/lib/python3.10/site-packages/airflow/example_dags/example_branch_operator.py
[2023-06-01T10:13:47.747+0300] {logging_mixin.py:149} INFO - [2023-06-01T10:13:47.747+0300] {dag.py:2726} INFO - Sync 1 DAGs
[2023-06-01T10:13:47.772+0300] {logging_mixin.py:149} INFO - [2023-06-01T10:13:47.772+0300] {dag.py:3486} INFO - Setting next_dagrun for example_branch_operator to 2023-05-31T00:00:00+00:00, run_after=2023-06-01T00:00:00+00:00
[2023-06-01T10:13:47.897+0300] {processor.py:179} INFO - Processing /home/mutwiri/airflow/airflow_env/lib/python3.10/site-packages/airflow/example_dags/example_branch_operator.py took 0.203 seconds
[2023-06-01T10:15:01.884+0300] {processor.py:157} INFO - Started process (PID=2089960) to work on /home/mutwiri/airflow/airflow_env/lib/python3.10/site-packages/airflow/example_dags/example_branch_operator.py
[2023-06-01T10:15:01.894+0300] {processor.py:826} INFO - Processing file /home/mutwiri/airflow/airflow_env/lib/python3.10/site-packages/airflow/example_dags/example_branch_operator.py for tasks to queue
[2023-06-01T10:15:01.895+0300] {logging_mixin.py:149} INFO - [2023-06-01T10:15:01.895+0300] {dagbag.py:541} INFO - Filling up the DagBag from /home/mutwiri/airflow/airflow_env/lib/python3.10/site-packages/airflow/example_dags/example_branch_operator.py
[2023-06-01T10:15:01.911+0300] {processor.py:836} INFO - DAG(s) dict_keys(['example_branch_operator']) retrieved from /home/mutwiri/airflow/airflow_env/lib/python3.10/site-packages/airflow/example_dags/example_branch_operator.py
[2023-06-01T10:15:01.935+0300] {logging_mixin.py:149} INFO - [2023-06-01T10:15:01.935+0300] {dag.py:2726} INFO - Sync 1 DAGs
[2023-06-01T10:15:01.956+0300] {logging_mixin.py:149} INFO - [2023-06-01T10:15:01.956+0300] {dag.py:3486} INFO - Setting next_dagrun for example_branch_operator to 2023-05-31T00:00:00+00:00, run_after=2023-06-01T00:00:00+00:00
[2023-06-01T10:15:02.108+0300] {processor.py:179} INFO - Processing /home/mutwiri/airflow/airflow_env/lib/python3.10/site-packages/airflow/example_dags/example_branch_operator.py took 0.230 seconds
