[2023-06-01T10:07:01.770+0300] {processor.py:157} INFO - Started process (PID=2088527) to work on /home/mutwiri/airflow/airflow_env/lib/python3.10/site-packages/airflow/example_dags/example_bash_operator.py
[2023-06-01T10:07:01.772+0300] {processor.py:826} INFO - Processing file /home/mutwiri/airflow/airflow_env/lib/python3.10/site-packages/airflow/example_dags/example_bash_operator.py for tasks to queue
[2023-06-01T10:07:01.773+0300] {logging_mixin.py:149} INFO - [2023-06-01T10:07:01.772+0300] {dagbag.py:541} INFO - Filling up the DagBag from /home/mutwiri/airflow/airflow_env/lib/python3.10/site-packages/airflow/example_dags/example_bash_operator.py
[2023-06-01T10:07:01.797+0300] {processor.py:836} INFO - DAG(s) dict_keys(['example_bash_operator']) retrieved from /home/mutwiri/airflow/airflow_env/lib/python3.10/site-packages/airflow/example_dags/example_bash_operator.py
[2023-06-01T10:07:01.845+0300] {logging_mixin.py:149} INFO - [2023-06-01T10:07:01.845+0300] {dag.py:2726} INFO - Sync 1 DAGs
[2023-06-01T10:07:01.867+0300] {logging_mixin.py:149} INFO - [2023-06-01T10:07:01.867+0300] {dag.py:3486} INFO - Setting next_dagrun for example_bash_operator to 2023-05-31T00:00:00+00:00, run_after=2023-06-01T00:00:00+00:00
[2023-06-01T10:07:01.968+0300] {processor.py:179} INFO - Processing /home/mutwiri/airflow/airflow_env/lib/python3.10/site-packages/airflow/example_dags/example_bash_operator.py took 0.203 seconds
[2023-06-01T10:07:57.088+0300] {processor.py:157} INFO - Started process (PID=2088615) to work on /home/mutwiri/airflow/airflow_env/lib/python3.10/site-packages/airflow/example_dags/example_bash_operator.py
[2023-06-01T10:07:57.100+0300] {processor.py:826} INFO - Processing file /home/mutwiri/airflow/airflow_env/lib/python3.10/site-packages/airflow/example_dags/example_bash_operator.py for tasks to queue
[2023-06-01T10:07:57.101+0300] {logging_mixin.py:149} INFO - [2023-06-01T10:07:57.101+0300] {dagbag.py:541} INFO - Filling up the DagBag from /home/mutwiri/airflow/airflow_env/lib/python3.10/site-packages/airflow/example_dags/example_bash_operator.py
[2023-06-01T10:07:57.119+0300] {processor.py:836} INFO - DAG(s) dict_keys(['example_bash_operator']) retrieved from /home/mutwiri/airflow/airflow_env/lib/python3.10/site-packages/airflow/example_dags/example_bash_operator.py
[2023-06-01T10:07:57.152+0300] {logging_mixin.py:149} INFO - [2023-06-01T10:07:57.152+0300] {dag.py:2726} INFO - Sync 1 DAGs
[2023-06-01T10:07:57.296+0300] {logging_mixin.py:149} INFO - [2023-06-01T10:07:57.296+0300] {dag.py:3486} INFO - Setting next_dagrun for example_bash_operator to 2023-05-31T00:00:00+00:00, run_after=2023-06-01T00:00:00+00:00
[2023-06-01T10:07:57.420+0300] {processor.py:179} INFO - Processing /home/mutwiri/airflow/airflow_env/lib/python3.10/site-packages/airflow/example_dags/example_bash_operator.py took 0.335 seconds
[2023-06-01T10:09:21.759+0300] {processor.py:157} INFO - Started process (PID=2088754) to work on /home/mutwiri/airflow/airflow_env/lib/python3.10/site-packages/airflow/example_dags/example_bash_operator.py
[2023-06-01T10:09:21.776+0300] {processor.py:826} INFO - Processing file /home/mutwiri/airflow/airflow_env/lib/python3.10/site-packages/airflow/example_dags/example_bash_operator.py for tasks to queue
[2023-06-01T10:09:21.778+0300] {logging_mixin.py:149} INFO - [2023-06-01T10:09:21.777+0300] {dagbag.py:541} INFO - Filling up the DagBag from /home/mutwiri/airflow/airflow_env/lib/python3.10/site-packages/airflow/example_dags/example_bash_operator.py
[2023-06-01T10:09:21.801+0300] {processor.py:836} INFO - DAG(s) dict_keys(['example_bash_operator']) retrieved from /home/mutwiri/airflow/airflow_env/lib/python3.10/site-packages/airflow/example_dags/example_bash_operator.py
[2023-06-01T10:09:21.834+0300] {logging_mixin.py:149} INFO - [2023-06-01T10:09:21.834+0300] {dag.py:2726} INFO - Sync 1 DAGs
[2023-06-01T10:09:21.854+0300] {logging_mixin.py:149} INFO - [2023-06-01T10:09:21.854+0300] {dag.py:3486} INFO - Setting next_dagrun for example_bash_operator to 2023-05-31T00:00:00+00:00, run_after=2023-06-01T00:00:00+00:00
[2023-06-01T10:09:21.968+0300] {processor.py:179} INFO - Processing /home/mutwiri/airflow/airflow_env/lib/python3.10/site-packages/airflow/example_dags/example_bash_operator.py took 0.214 seconds
[2023-06-01T10:10:38.365+0300] {processor.py:157} INFO - Started process (PID=2089109) to work on /home/mutwiri/airflow/airflow_env/lib/python3.10/site-packages/airflow/example_dags/example_bash_operator.py
[2023-06-01T10:10:38.368+0300] {processor.py:826} INFO - Processing file /home/mutwiri/airflow/airflow_env/lib/python3.10/site-packages/airflow/example_dags/example_bash_operator.py for tasks to queue
[2023-06-01T10:10:38.371+0300] {logging_mixin.py:149} INFO - [2023-06-01T10:10:38.370+0300] {dagbag.py:541} INFO - Filling up the DagBag from /home/mutwiri/airflow/airflow_env/lib/python3.10/site-packages/airflow/example_dags/example_bash_operator.py
[2023-06-01T10:10:38.400+0300] {processor.py:836} INFO - DAG(s) dict_keys(['example_bash_operator']) retrieved from /home/mutwiri/airflow/airflow_env/lib/python3.10/site-packages/airflow/example_dags/example_bash_operator.py
[2023-06-01T10:10:38.434+0300] {logging_mixin.py:149} INFO - [2023-06-01T10:10:38.434+0300] {dag.py:2726} INFO - Sync 1 DAGs
[2023-06-01T10:10:38.454+0300] {logging_mixin.py:149} INFO - [2023-06-01T10:10:38.454+0300] {dag.py:3486} INFO - Setting next_dagrun for example_bash_operator to 2023-05-31T00:00:00+00:00, run_after=2023-06-01T00:00:00+00:00
[2023-06-01T10:10:38.587+0300] {processor.py:179} INFO - Processing /home/mutwiri/airflow/airflow_env/lib/python3.10/site-packages/airflow/example_dags/example_bash_operator.py took 0.236 seconds
[2023-06-01T10:11:51.467+0300] {processor.py:157} INFO - Started process (PID=2089373) to work on /home/mutwiri/airflow/airflow_env/lib/python3.10/site-packages/airflow/example_dags/example_bash_operator.py
[2023-06-01T10:11:51.478+0300] {processor.py:826} INFO - Processing file /home/mutwiri/airflow/airflow_env/lib/python3.10/site-packages/airflow/example_dags/example_bash_operator.py for tasks to queue
[2023-06-01T10:11:51.479+0300] {logging_mixin.py:149} INFO - [2023-06-01T10:11:51.479+0300] {dagbag.py:541} INFO - Filling up the DagBag from /home/mutwiri/airflow/airflow_env/lib/python3.10/site-packages/airflow/example_dags/example_bash_operator.py
[2023-06-01T10:11:51.501+0300] {processor.py:836} INFO - DAG(s) dict_keys(['example_bash_operator']) retrieved from /home/mutwiri/airflow/airflow_env/lib/python3.10/site-packages/airflow/example_dags/example_bash_operator.py
[2023-06-01T10:11:51.539+0300] {logging_mixin.py:149} INFO - [2023-06-01T10:11:51.538+0300] {dag.py:2726} INFO - Sync 1 DAGs
[2023-06-01T10:11:51.563+0300] {logging_mixin.py:149} INFO - [2023-06-01T10:11:51.563+0300] {dag.py:3486} INFO - Setting next_dagrun for example_bash_operator to 2023-05-31T00:00:00+00:00, run_after=2023-06-01T00:00:00+00:00
[2023-06-01T10:11:51.678+0300] {processor.py:179} INFO - Processing /home/mutwiri/airflow/airflow_env/lib/python3.10/site-packages/airflow/example_dags/example_bash_operator.py took 0.216 seconds
[2023-06-01T10:13:14.960+0300] {processor.py:157} INFO - Started process (PID=2089727) to work on /home/mutwiri/airflow/airflow_env/lib/python3.10/site-packages/airflow/example_dags/example_bash_operator.py
[2023-06-01T10:13:14.981+0300] {processor.py:826} INFO - Processing file /home/mutwiri/airflow/airflow_env/lib/python3.10/site-packages/airflow/example_dags/example_bash_operator.py for tasks to queue
[2023-06-01T10:13:14.983+0300] {logging_mixin.py:149} INFO - [2023-06-01T10:13:14.982+0300] {dagbag.py:541} INFO - Filling up the DagBag from /home/mutwiri/airflow/airflow_env/lib/python3.10/site-packages/airflow/example_dags/example_bash_operator.py
[2023-06-01T10:13:15.010+0300] {processor.py:836} INFO - DAG(s) dict_keys(['example_bash_operator']) retrieved from /home/mutwiri/airflow/airflow_env/lib/python3.10/site-packages/airflow/example_dags/example_bash_operator.py
[2023-06-01T10:13:15.058+0300] {logging_mixin.py:149} INFO - [2023-06-01T10:13:15.058+0300] {dag.py:2726} INFO - Sync 1 DAGs
[2023-06-01T10:13:15.097+0300] {logging_mixin.py:149} INFO - [2023-06-01T10:13:15.097+0300] {dag.py:3486} INFO - Setting next_dagrun for example_bash_operator to 2023-05-31T00:00:00+00:00, run_after=2023-06-01T00:00:00+00:00
[2023-06-01T10:13:15.207+0300] {processor.py:179} INFO - Processing /home/mutwiri/airflow/airflow_env/lib/python3.10/site-packages/airflow/example_dags/example_bash_operator.py took 0.251 seconds
[2023-06-01T10:14:15.920+0300] {processor.py:157} INFO - Started process (PID=2089876) to work on /home/mutwiri/airflow/airflow_env/lib/python3.10/site-packages/airflow/example_dags/example_bash_operator.py
[2023-06-01T10:14:15.936+0300] {processor.py:826} INFO - Processing file /home/mutwiri/airflow/airflow_env/lib/python3.10/site-packages/airflow/example_dags/example_bash_operator.py for tasks to queue
[2023-06-01T10:14:15.936+0300] {logging_mixin.py:149} INFO - [2023-06-01T10:14:15.936+0300] {dagbag.py:541} INFO - Filling up the DagBag from /home/mutwiri/airflow/airflow_env/lib/python3.10/site-packages/airflow/example_dags/example_bash_operator.py
[2023-06-01T10:14:15.959+0300] {processor.py:836} INFO - DAG(s) dict_keys(['example_bash_operator']) retrieved from /home/mutwiri/airflow/airflow_env/lib/python3.10/site-packages/airflow/example_dags/example_bash_operator.py
[2023-06-01T10:14:16.002+0300] {logging_mixin.py:149} INFO - [2023-06-01T10:14:16.002+0300] {dag.py:2726} INFO - Sync 1 DAGs
[2023-06-01T10:14:16.025+0300] {logging_mixin.py:149} INFO - [2023-06-01T10:14:16.025+0300] {dag.py:3486} INFO - Setting next_dagrun for example_bash_operator to 2023-05-31T00:00:00+00:00, run_after=2023-06-01T00:00:00+00:00
[2023-06-01T10:14:16.123+0300] {processor.py:179} INFO - Processing /home/mutwiri/airflow/airflow_env/lib/python3.10/site-packages/airflow/example_dags/example_bash_operator.py took 0.207 seconds
