[2023-06-01T10:06:39.133+0300] {processor.py:157} INFO - Started process (PID=2088425) to work on /home/mutwiri/airflow/airflow_env/lib/python3.10/site-packages/airflow/example_dags/example_latest_only.py
[2023-06-01T10:06:39.136+0300] {processor.py:826} INFO - Processing file /home/mutwiri/airflow/airflow_env/lib/python3.10/site-packages/airflow/example_dags/example_latest_only.py for tasks to queue
[2023-06-01T10:06:39.138+0300] {logging_mixin.py:149} INFO - [2023-06-01T10:06:39.137+0300] {dagbag.py:541} INFO - Filling up the DagBag from /home/mutwiri/airflow/airflow_env/lib/python3.10/site-packages/airflow/example_dags/example_latest_only.py
[2023-06-01T10:06:39.153+0300] {processor.py:836} INFO - DAG(s) dict_keys(['latest_only']) retrieved from /home/mutwiri/airflow/airflow_env/lib/python3.10/site-packages/airflow/example_dags/example_latest_only.py
[2023-06-01T10:06:39.177+0300] {logging_mixin.py:149} INFO - [2023-06-01T10:06:39.177+0300] {dag.py:2726} INFO - Sync 1 DAGs
[2023-06-01T10:06:39.204+0300] {logging_mixin.py:149} INFO - [2023-06-01T10:06:39.204+0300] {dag.py:3486} INFO - Setting next_dagrun for latest_only to 2023-06-01T03:06:39.203889+00:00, run_after=2023-06-01T07:06:39.203889+00:00
[2023-06-01T10:06:39.338+0300] {processor.py:179} INFO - Processing /home/mutwiri/airflow/airflow_env/lib/python3.10/site-packages/airflow/example_dags/example_latest_only.py took 0.216 seconds
[2023-06-01T10:07:36.594+0300] {processor.py:157} INFO - Started process (PID=2088578) to work on /home/mutwiri/airflow/airflow_env/lib/python3.10/site-packages/airflow/example_dags/example_latest_only.py
[2023-06-01T10:07:36.595+0300] {processor.py:826} INFO - Processing file /home/mutwiri/airflow/airflow_env/lib/python3.10/site-packages/airflow/example_dags/example_latest_only.py for tasks to queue
[2023-06-01T10:07:36.596+0300] {logging_mixin.py:149} INFO - [2023-06-01T10:07:36.596+0300] {dagbag.py:541} INFO - Filling up the DagBag from /home/mutwiri/airflow/airflow_env/lib/python3.10/site-packages/airflow/example_dags/example_latest_only.py
[2023-06-01T10:07:36.603+0300] {processor.py:836} INFO - DAG(s) dict_keys(['latest_only']) retrieved from /home/mutwiri/airflow/airflow_env/lib/python3.10/site-packages/airflow/example_dags/example_latest_only.py
[2023-06-01T10:07:36.624+0300] {logging_mixin.py:149} INFO - [2023-06-01T10:07:36.624+0300] {dag.py:2726} INFO - Sync 1 DAGs
[2023-06-01T10:07:36.643+0300] {logging_mixin.py:149} INFO - [2023-06-01T10:07:36.643+0300] {dag.py:3486} INFO - Setting next_dagrun for latest_only to 2023-06-01T03:07:36.643237+00:00, run_after=2023-06-01T07:07:36.643237+00:00
[2023-06-01T10:07:36.844+0300] {processor.py:179} INFO - Processing /home/mutwiri/airflow/airflow_env/lib/python3.10/site-packages/airflow/example_dags/example_latest_only.py took 0.253 seconds
[2023-06-01T10:08:34.694+0300] {processor.py:157} INFO - Started process (PID=2088658) to work on /home/mutwiri/airflow/airflow_env/lib/python3.10/site-packages/airflow/example_dags/example_latest_only.py
[2023-06-01T10:08:34.695+0300] {processor.py:826} INFO - Processing file /home/mutwiri/airflow/airflow_env/lib/python3.10/site-packages/airflow/example_dags/example_latest_only.py for tasks to queue
[2023-06-01T10:08:34.696+0300] {logging_mixin.py:149} INFO - [2023-06-01T10:08:34.696+0300] {dagbag.py:541} INFO - Filling up the DagBag from /home/mutwiri/airflow/airflow_env/lib/python3.10/site-packages/airflow/example_dags/example_latest_only.py
[2023-06-01T10:08:34.704+0300] {processor.py:836} INFO - DAG(s) dict_keys(['latest_only']) retrieved from /home/mutwiri/airflow/airflow_env/lib/python3.10/site-packages/airflow/example_dags/example_latest_only.py
[2023-06-01T10:08:34.728+0300] {logging_mixin.py:149} INFO - [2023-06-01T10:08:34.728+0300] {dag.py:2726} INFO - Sync 1 DAGs
[2023-06-01T10:08:34.869+0300] {logging_mixin.py:149} INFO - [2023-06-01T10:08:34.869+0300] {dag.py:3486} INFO - Setting next_dagrun for latest_only to 2023-06-01T03:08:34.868840+00:00, run_after=2023-06-01T07:08:34.868840+00:00
[2023-06-01T10:08:35.004+0300] {processor.py:179} INFO - Processing /home/mutwiri/airflow/airflow_env/lib/python3.10/site-packages/airflow/example_dags/example_latest_only.py took 0.315 seconds
[2023-06-01T10:09:31.166+0300] {processor.py:157} INFO - Started process (PID=2088779) to work on /home/mutwiri/airflow/airflow_env/lib/python3.10/site-packages/airflow/example_dags/example_latest_only.py
[2023-06-01T10:09:31.168+0300] {processor.py:826} INFO - Processing file /home/mutwiri/airflow/airflow_env/lib/python3.10/site-packages/airflow/example_dags/example_latest_only.py for tasks to queue
[2023-06-01T10:09:31.168+0300] {logging_mixin.py:149} INFO - [2023-06-01T10:09:31.168+0300] {dagbag.py:541} INFO - Filling up the DagBag from /home/mutwiri/airflow/airflow_env/lib/python3.10/site-packages/airflow/example_dags/example_latest_only.py
[2023-06-01T10:09:31.175+0300] {processor.py:836} INFO - DAG(s) dict_keys(['latest_only']) retrieved from /home/mutwiri/airflow/airflow_env/lib/python3.10/site-packages/airflow/example_dags/example_latest_only.py
[2023-06-01T10:09:31.194+0300] {logging_mixin.py:149} INFO - [2023-06-01T10:09:31.194+0300] {dag.py:2726} INFO - Sync 1 DAGs
[2023-06-01T10:09:31.213+0300] {logging_mixin.py:149} INFO - [2023-06-01T10:09:31.213+0300] {dag.py:3486} INFO - Setting next_dagrun for latest_only to 2023-06-01T03:09:31.213190+00:00, run_after=2023-06-01T07:09:31.213190+00:00
[2023-06-01T10:09:31.332+0300] {processor.py:179} INFO - Processing /home/mutwiri/airflow/airflow_env/lib/python3.10/site-packages/airflow/example_dags/example_latest_only.py took 0.169 seconds
[2023-06-01T10:10:25.858+0300] {processor.py:157} INFO - Started process (PID=2089045) to work on /home/mutwiri/airflow/airflow_env/lib/python3.10/site-packages/airflow/example_dags/example_latest_only.py
[2023-06-01T10:10:25.862+0300] {processor.py:826} INFO - Processing file /home/mutwiri/airflow/airflow_env/lib/python3.10/site-packages/airflow/example_dags/example_latest_only.py for tasks to queue
[2023-06-01T10:10:25.864+0300] {logging_mixin.py:149} INFO - [2023-06-01T10:10:25.863+0300] {dagbag.py:541} INFO - Filling up the DagBag from /home/mutwiri/airflow/airflow_env/lib/python3.10/site-packages/airflow/example_dags/example_latest_only.py
[2023-06-01T10:10:25.887+0300] {processor.py:836} INFO - DAG(s) dict_keys(['latest_only']) retrieved from /home/mutwiri/airflow/airflow_env/lib/python3.10/site-packages/airflow/example_dags/example_latest_only.py
[2023-06-01T10:10:25.921+0300] {logging_mixin.py:149} INFO - [2023-06-01T10:10:25.921+0300] {dag.py:2726} INFO - Sync 1 DAGs
[2023-06-01T10:10:25.946+0300] {logging_mixin.py:149} INFO - [2023-06-01T10:10:25.946+0300] {dag.py:3486} INFO - Setting next_dagrun for latest_only to 2023-06-01T03:10:25.946027+00:00, run_after=2023-06-01T07:10:25.946027+00:00
[2023-06-01T10:10:26.052+0300] {processor.py:179} INFO - Processing /home/mutwiri/airflow/airflow_env/lib/python3.10/site-packages/airflow/example_dags/example_latest_only.py took 0.206 seconds
[2023-06-01T10:11:18.418+0300] {processor.py:157} INFO - Started process (PID=2089275) to work on /home/mutwiri/airflow/airflow_env/lib/python3.10/site-packages/airflow/example_dags/example_latest_only.py
[2023-06-01T10:11:18.419+0300] {processor.py:826} INFO - Processing file /home/mutwiri/airflow/airflow_env/lib/python3.10/site-packages/airflow/example_dags/example_latest_only.py for tasks to queue
[2023-06-01T10:11:18.420+0300] {logging_mixin.py:149} INFO - [2023-06-01T10:11:18.420+0300] {dagbag.py:541} INFO - Filling up the DagBag from /home/mutwiri/airflow/airflow_env/lib/python3.10/site-packages/airflow/example_dags/example_latest_only.py
[2023-06-01T10:11:18.426+0300] {processor.py:836} INFO - DAG(s) dict_keys(['latest_only']) retrieved from /home/mutwiri/airflow/airflow_env/lib/python3.10/site-packages/airflow/example_dags/example_latest_only.py
[2023-06-01T10:11:18.446+0300] {logging_mixin.py:149} INFO - [2023-06-01T10:11:18.446+0300] {dag.py:2726} INFO - Sync 1 DAGs
[2023-06-01T10:11:18.465+0300] {logging_mixin.py:149} INFO - [2023-06-01T10:11:18.465+0300] {dag.py:3486} INFO - Setting next_dagrun for latest_only to 2023-06-01T03:11:18.464931+00:00, run_after=2023-06-01T07:11:18.464931+00:00
[2023-06-01T10:11:18.593+0300] {processor.py:179} INFO - Processing /home/mutwiri/airflow/airflow_env/lib/python3.10/site-packages/airflow/example_dags/example_latest_only.py took 0.178 seconds
[2023-06-01T10:12:07.432+0300] {processor.py:157} INFO - Started process (PID=2089434) to work on /home/mutwiri/airflow/airflow_env/lib/python3.10/site-packages/airflow/example_dags/example_latest_only.py
[2023-06-01T10:12:07.434+0300] {processor.py:826} INFO - Processing file /home/mutwiri/airflow/airflow_env/lib/python3.10/site-packages/airflow/example_dags/example_latest_only.py for tasks to queue
[2023-06-01T10:12:07.434+0300] {logging_mixin.py:149} INFO - [2023-06-01T10:12:07.434+0300] {dagbag.py:541} INFO - Filling up the DagBag from /home/mutwiri/airflow/airflow_env/lib/python3.10/site-packages/airflow/example_dags/example_latest_only.py
[2023-06-01T10:12:07.441+0300] {processor.py:836} INFO - DAG(s) dict_keys(['latest_only']) retrieved from /home/mutwiri/airflow/airflow_env/lib/python3.10/site-packages/airflow/example_dags/example_latest_only.py
[2023-06-01T10:12:07.461+0300] {logging_mixin.py:149} INFO - [2023-06-01T10:12:07.461+0300] {dag.py:2726} INFO - Sync 1 DAGs
[2023-06-01T10:12:07.484+0300] {logging_mixin.py:149} INFO - [2023-06-01T10:12:07.484+0300] {dag.py:3486} INFO - Setting next_dagrun for latest_only to 2023-06-01T03:12:07.484521+00:00, run_after=2023-06-01T07:12:07.484521+00:00
[2023-06-01T10:12:07.612+0300] {processor.py:179} INFO - Processing /home/mutwiri/airflow/airflow_env/lib/python3.10/site-packages/airflow/example_dags/example_latest_only.py took 0.183 seconds
[2023-06-01T10:12:59.012+0300] {processor.py:157} INFO - Started process (PID=2089625) to work on /home/mutwiri/airflow/airflow_env/lib/python3.10/site-packages/airflow/example_dags/example_latest_only.py
[2023-06-01T10:12:59.029+0300] {processor.py:826} INFO - Processing file /home/mutwiri/airflow/airflow_env/lib/python3.10/site-packages/airflow/example_dags/example_latest_only.py for tasks to queue
[2023-06-01T10:12:59.030+0300] {logging_mixin.py:149} INFO - [2023-06-01T10:12:59.030+0300] {dagbag.py:541} INFO - Filling up the DagBag from /home/mutwiri/airflow/airflow_env/lib/python3.10/site-packages/airflow/example_dags/example_latest_only.py
[2023-06-01T10:12:59.040+0300] {processor.py:836} INFO - DAG(s) dict_keys(['latest_only']) retrieved from /home/mutwiri/airflow/airflow_env/lib/python3.10/site-packages/airflow/example_dags/example_latest_only.py
[2023-06-01T10:12:59.071+0300] {logging_mixin.py:149} INFO - [2023-06-01T10:12:59.071+0300] {dag.py:2726} INFO - Sync 1 DAGs
[2023-06-01T10:12:59.091+0300] {logging_mixin.py:149} INFO - [2023-06-01T10:12:59.091+0300] {dag.py:3486} INFO - Setting next_dagrun for latest_only to 2023-06-01T03:12:59.091581+00:00, run_after=2023-06-01T07:12:59.091581+00:00
[2023-06-01T10:12:59.261+0300] {processor.py:179} INFO - Processing /home/mutwiri/airflow/airflow_env/lib/python3.10/site-packages/airflow/example_dags/example_latest_only.py took 0.256 seconds
[2023-06-01T10:14:05.565+0300] {processor.py:157} INFO - Started process (PID=2089865) to work on /home/mutwiri/airflow/airflow_env/lib/python3.10/site-packages/airflow/example_dags/example_latest_only.py
[2023-06-01T10:14:05.566+0300] {processor.py:826} INFO - Processing file /home/mutwiri/airflow/airflow_env/lib/python3.10/site-packages/airflow/example_dags/example_latest_only.py for tasks to queue
[2023-06-01T10:14:05.567+0300] {logging_mixin.py:149} INFO - [2023-06-01T10:14:05.567+0300] {dagbag.py:541} INFO - Filling up the DagBag from /home/mutwiri/airflow/airflow_env/lib/python3.10/site-packages/airflow/example_dags/example_latest_only.py
[2023-06-01T10:14:05.575+0300] {processor.py:836} INFO - DAG(s) dict_keys(['latest_only']) retrieved from /home/mutwiri/airflow/airflow_env/lib/python3.10/site-packages/airflow/example_dags/example_latest_only.py
[2023-06-01T10:14:05.599+0300] {logging_mixin.py:149} INFO - [2023-06-01T10:14:05.599+0300] {dag.py:2726} INFO - Sync 1 DAGs
[2023-06-01T10:14:05.622+0300] {logging_mixin.py:149} INFO - [2023-06-01T10:14:05.622+0300] {dag.py:3486} INFO - Setting next_dagrun for latest_only to 2023-06-01T03:14:05.622277+00:00, run_after=2023-06-01T07:14:05.622277+00:00
[2023-06-01T10:14:05.755+0300] {processor.py:179} INFO - Processing /home/mutwiri/airflow/airflow_env/lib/python3.10/site-packages/airflow/example_dags/example_latest_only.py took 0.196 seconds
[2023-06-01T10:14:54.994+0300] {processor.py:157} INFO - Started process (PID=2089945) to work on /home/mutwiri/airflow/airflow_env/lib/python3.10/site-packages/airflow/example_dags/example_latest_only.py
[2023-06-01T10:14:55.010+0300] {processor.py:826} INFO - Processing file /home/mutwiri/airflow/airflow_env/lib/python3.10/site-packages/airflow/example_dags/example_latest_only.py for tasks to queue
[2023-06-01T10:14:55.011+0300] {logging_mixin.py:149} INFO - [2023-06-01T10:14:55.011+0300] {dagbag.py:541} INFO - Filling up the DagBag from /home/mutwiri/airflow/airflow_env/lib/python3.10/site-packages/airflow/example_dags/example_latest_only.py
[2023-06-01T10:14:55.019+0300] {processor.py:836} INFO - DAG(s) dict_keys(['latest_only']) retrieved from /home/mutwiri/airflow/airflow_env/lib/python3.10/site-packages/airflow/example_dags/example_latest_only.py
[2023-06-01T10:14:55.042+0300] {logging_mixin.py:149} INFO - [2023-06-01T10:14:55.042+0300] {dag.py:2726} INFO - Sync 1 DAGs
[2023-06-01T10:14:55.067+0300] {logging_mixin.py:149} INFO - [2023-06-01T10:14:55.066+0300] {dag.py:3486} INFO - Setting next_dagrun for latest_only to 2023-06-01T03:14:55.066411+00:00, run_after=2023-06-01T07:14:55.066411+00:00
[2023-06-01T10:14:55.198+0300] {processor.py:179} INFO - Processing /home/mutwiri/airflow/airflow_env/lib/python3.10/site-packages/airflow/example_dags/example_latest_only.py took 0.208 seconds
