[2023-06-01T10:05:55.990+0300] {processor.py:157} INFO - Started process (PID=2088145) to work on /home/mutwiri/airflow/airflow_env/lib/python3.10/site-packages/airflow/example_dags/example_time_delta_sensor_async.py
[2023-06-01T10:05:55.991+0300] {processor.py:826} INFO - Processing file /home/mutwiri/airflow/airflow_env/lib/python3.10/site-packages/airflow/example_dags/example_time_delta_sensor_async.py for tasks to queue
[2023-06-01T10:05:55.992+0300] {logging_mixin.py:149} INFO - [2023-06-01T10:05:55.992+0300] {dagbag.py:541} INFO - Filling up the DagBag from /home/mutwiri/airflow/airflow_env/lib/python3.10/site-packages/airflow/example_dags/example_time_delta_sensor_async.py
[2023-06-01T10:05:56.003+0300] {processor.py:836} INFO - DAG(s) dict_keys(['example_time_delta_sensor_async']) retrieved from /home/mutwiri/airflow/airflow_env/lib/python3.10/site-packages/airflow/example_dags/example_time_delta_sensor_async.py
[2023-06-01T10:05:56.120+0300] {logging_mixin.py:149} INFO - [2023-06-01T10:05:56.119+0300] {dag.py:2726} INFO - Sync 1 DAGs
[2023-06-01T10:05:58.373+0300] {logging_mixin.py:149} INFO - [2023-06-01T10:05:58.373+0300] {dag.py:3486} INFO - Setting next_dagrun for example_time_delta_sensor_async to None, run_after=None
[2023-06-01T10:05:58.679+0300] {processor.py:179} INFO - Processing /home/mutwiri/airflow/airflow_env/lib/python3.10/site-packages/airflow/example_dags/example_time_delta_sensor_async.py took 2.694 seconds
[2023-06-01T10:07:17.797+0300] {processor.py:157} INFO - Started process (PID=2088556) to work on /home/mutwiri/airflow/airflow_env/lib/python3.10/site-packages/airflow/example_dags/example_time_delta_sensor_async.py
[2023-06-01T10:07:17.816+0300] {processor.py:826} INFO - Processing file /home/mutwiri/airflow/airflow_env/lib/python3.10/site-packages/airflow/example_dags/example_time_delta_sensor_async.py for tasks to queue
[2023-06-01T10:07:17.819+0300] {logging_mixin.py:149} INFO - [2023-06-01T10:07:17.818+0300] {dagbag.py:541} INFO - Filling up the DagBag from /home/mutwiri/airflow/airflow_env/lib/python3.10/site-packages/airflow/example_dags/example_time_delta_sensor_async.py
[2023-06-01T10:07:17.835+0300] {processor.py:836} INFO - DAG(s) dict_keys(['example_time_delta_sensor_async']) retrieved from /home/mutwiri/airflow/airflow_env/lib/python3.10/site-packages/airflow/example_dags/example_time_delta_sensor_async.py
[2023-06-01T10:07:17.883+0300] {logging_mixin.py:149} INFO - [2023-06-01T10:07:17.883+0300] {dag.py:2726} INFO - Sync 1 DAGs
[2023-06-01T10:07:17.904+0300] {logging_mixin.py:149} INFO - [2023-06-01T10:07:17.904+0300] {dag.py:3486} INFO - Setting next_dagrun for example_time_delta_sensor_async to None, run_after=None
[2023-06-01T10:07:17.991+0300] {processor.py:179} INFO - Processing /home/mutwiri/airflow/airflow_env/lib/python3.10/site-packages/airflow/example_dags/example_time_delta_sensor_async.py took 0.207 seconds
[2023-06-01T10:08:13.652+0300] {processor.py:157} INFO - Started process (PID=2088631) to work on /home/mutwiri/airflow/airflow_env/lib/python3.10/site-packages/airflow/example_dags/example_time_delta_sensor_async.py
[2023-06-01T10:08:13.654+0300] {processor.py:826} INFO - Processing file /home/mutwiri/airflow/airflow_env/lib/python3.10/site-packages/airflow/example_dags/example_time_delta_sensor_async.py for tasks to queue
[2023-06-01T10:08:13.655+0300] {logging_mixin.py:149} INFO - [2023-06-01T10:08:13.654+0300] {dagbag.py:541} INFO - Filling up the DagBag from /home/mutwiri/airflow/airflow_env/lib/python3.10/site-packages/airflow/example_dags/example_time_delta_sensor_async.py
[2023-06-01T10:08:13.660+0300] {processor.py:836} INFO - DAG(s) dict_keys(['example_time_delta_sensor_async']) retrieved from /home/mutwiri/airflow/airflow_env/lib/python3.10/site-packages/airflow/example_dags/example_time_delta_sensor_async.py
[2023-06-01T10:08:13.681+0300] {logging_mixin.py:149} INFO - [2023-06-01T10:08:13.681+0300] {dag.py:2726} INFO - Sync 1 DAGs
[2023-06-01T10:08:13.815+0300] {logging_mixin.py:149} INFO - [2023-06-01T10:08:13.815+0300] {dag.py:3486} INFO - Setting next_dagrun for example_time_delta_sensor_async to None, run_after=None
[2023-06-01T10:08:13.945+0300] {processor.py:179} INFO - Processing /home/mutwiri/airflow/airflow_env/lib/python3.10/site-packages/airflow/example_dags/example_time_delta_sensor_async.py took 0.297 seconds
[2023-06-01T10:09:10.919+0300] {processor.py:157} INFO - Started process (PID=2088712) to work on /home/mutwiri/airflow/airflow_env/lib/python3.10/site-packages/airflow/example_dags/example_time_delta_sensor_async.py
[2023-06-01T10:09:10.920+0300] {processor.py:826} INFO - Processing file /home/mutwiri/airflow/airflow_env/lib/python3.10/site-packages/airflow/example_dags/example_time_delta_sensor_async.py for tasks to queue
[2023-06-01T10:09:10.921+0300] {logging_mixin.py:149} INFO - [2023-06-01T10:09:10.920+0300] {dagbag.py:541} INFO - Filling up the DagBag from /home/mutwiri/airflow/airflow_env/lib/python3.10/site-packages/airflow/example_dags/example_time_delta_sensor_async.py
[2023-06-01T10:09:10.926+0300] {processor.py:836} INFO - DAG(s) dict_keys(['example_time_delta_sensor_async']) retrieved from /home/mutwiri/airflow/airflow_env/lib/python3.10/site-packages/airflow/example_dags/example_time_delta_sensor_async.py
[2023-06-01T10:09:11.074+0300] {logging_mixin.py:149} INFO - [2023-06-01T10:09:11.074+0300] {dag.py:2726} INFO - Sync 1 DAGs
[2023-06-01T10:09:11.096+0300] {logging_mixin.py:149} INFO - [2023-06-01T10:09:11.096+0300] {dag.py:3486} INFO - Setting next_dagrun for example_time_delta_sensor_async to None, run_after=None
[2023-06-01T10:09:11.223+0300] {processor.py:179} INFO - Processing /home/mutwiri/airflow/airflow_env/lib/python3.10/site-packages/airflow/example_dags/example_time_delta_sensor_async.py took 0.309 seconds
[2023-06-01T10:10:04.526+0300] {processor.py:157} INFO - Started process (PID=2088920) to work on /home/mutwiri/airflow/airflow_env/lib/python3.10/site-packages/airflow/example_dags/example_time_delta_sensor_async.py
[2023-06-01T10:10:04.528+0300] {processor.py:826} INFO - Processing file /home/mutwiri/airflow/airflow_env/lib/python3.10/site-packages/airflow/example_dags/example_time_delta_sensor_async.py for tasks to queue
[2023-06-01T10:10:04.530+0300] {logging_mixin.py:149} INFO - [2023-06-01T10:10:04.529+0300] {dagbag.py:541} INFO - Filling up the DagBag from /home/mutwiri/airflow/airflow_env/lib/python3.10/site-packages/airflow/example_dags/example_time_delta_sensor_async.py
[2023-06-01T10:10:04.535+0300] {processor.py:836} INFO - DAG(s) dict_keys(['example_time_delta_sensor_async']) retrieved from /home/mutwiri/airflow/airflow_env/lib/python3.10/site-packages/airflow/example_dags/example_time_delta_sensor_async.py
[2023-06-01T10:10:04.559+0300] {logging_mixin.py:149} INFO - [2023-06-01T10:10:04.558+0300] {dag.py:2726} INFO - Sync 1 DAGs
[2023-06-01T10:10:04.580+0300] {logging_mixin.py:149} INFO - [2023-06-01T10:10:04.580+0300] {dag.py:3486} INFO - Setting next_dagrun for example_time_delta_sensor_async to None, run_after=None
[2023-06-01T10:10:04.714+0300] {processor.py:179} INFO - Processing /home/mutwiri/airflow/airflow_env/lib/python3.10/site-packages/airflow/example_dags/example_time_delta_sensor_async.py took 0.194 seconds
[2023-06-01T10:10:54.433+0300] {processor.py:157} INFO - Started process (PID=2089184) to work on /home/mutwiri/airflow/airflow_env/lib/python3.10/site-packages/airflow/example_dags/example_time_delta_sensor_async.py
[2023-06-01T10:10:54.434+0300] {processor.py:826} INFO - Processing file /home/mutwiri/airflow/airflow_env/lib/python3.10/site-packages/airflow/example_dags/example_time_delta_sensor_async.py for tasks to queue
[2023-06-01T10:10:54.435+0300] {logging_mixin.py:149} INFO - [2023-06-01T10:10:54.435+0300] {dagbag.py:541} INFO - Filling up the DagBag from /home/mutwiri/airflow/airflow_env/lib/python3.10/site-packages/airflow/example_dags/example_time_delta_sensor_async.py
[2023-06-01T10:10:54.439+0300] {processor.py:836} INFO - DAG(s) dict_keys(['example_time_delta_sensor_async']) retrieved from /home/mutwiri/airflow/airflow_env/lib/python3.10/site-packages/airflow/example_dags/example_time_delta_sensor_async.py
[2023-06-01T10:10:54.460+0300] {logging_mixin.py:149} INFO - [2023-06-01T10:10:54.460+0300] {dag.py:2726} INFO - Sync 1 DAGs
[2023-06-01T10:10:54.479+0300] {logging_mixin.py:149} INFO - [2023-06-01T10:10:54.479+0300] {dag.py:3486} INFO - Setting next_dagrun for example_time_delta_sensor_async to None, run_after=None
[2023-06-01T10:10:54.600+0300] {processor.py:179} INFO - Processing /home/mutwiri/airflow/airflow_env/lib/python3.10/site-packages/airflow/example_dags/example_time_delta_sensor_async.py took 0.170 seconds
[2023-06-01T10:11:43.514+0300] {processor.py:157} INFO - Started process (PID=2089362) to work on /home/mutwiri/airflow/airflow_env/lib/python3.10/site-packages/airflow/example_dags/example_time_delta_sensor_async.py
[2023-06-01T10:11:43.530+0300] {processor.py:826} INFO - Processing file /home/mutwiri/airflow/airflow_env/lib/python3.10/site-packages/airflow/example_dags/example_time_delta_sensor_async.py for tasks to queue
[2023-06-01T10:11:43.531+0300] {logging_mixin.py:149} INFO - [2023-06-01T10:11:43.531+0300] {dagbag.py:541} INFO - Filling up the DagBag from /home/mutwiri/airflow/airflow_env/lib/python3.10/site-packages/airflow/example_dags/example_time_delta_sensor_async.py
[2023-06-01T10:11:43.537+0300] {processor.py:836} INFO - DAG(s) dict_keys(['example_time_delta_sensor_async']) retrieved from /home/mutwiri/airflow/airflow_env/lib/python3.10/site-packages/airflow/example_dags/example_time_delta_sensor_async.py
[2023-06-01T10:11:43.562+0300] {logging_mixin.py:149} INFO - [2023-06-01T10:11:43.561+0300] {dag.py:2726} INFO - Sync 1 DAGs
[2023-06-01T10:11:43.584+0300] {logging_mixin.py:149} INFO - [2023-06-01T10:11:43.584+0300] {dag.py:3486} INFO - Setting next_dagrun for example_time_delta_sensor_async to None, run_after=None
[2023-06-01T10:11:43.708+0300] {processor.py:179} INFO - Processing /home/mutwiri/airflow/airflow_env/lib/python3.10/site-packages/airflow/example_dags/example_time_delta_sensor_async.py took 0.200 seconds
[2023-06-01T10:12:36.018+0300] {processor.py:157} INFO - Started process (PID=2089570) to work on /home/mutwiri/airflow/airflow_env/lib/python3.10/site-packages/airflow/example_dags/example_time_delta_sensor_async.py
[2023-06-01T10:12:36.020+0300] {processor.py:826} INFO - Processing file /home/mutwiri/airflow/airflow_env/lib/python3.10/site-packages/airflow/example_dags/example_time_delta_sensor_async.py for tasks to queue
[2023-06-01T10:12:36.021+0300] {logging_mixin.py:149} INFO - [2023-06-01T10:12:36.021+0300] {dagbag.py:541} INFO - Filling up the DagBag from /home/mutwiri/airflow/airflow_env/lib/python3.10/site-packages/airflow/example_dags/example_time_delta_sensor_async.py
[2023-06-01T10:12:36.028+0300] {processor.py:836} INFO - DAG(s) dict_keys(['example_time_delta_sensor_async']) retrieved from /home/mutwiri/airflow/airflow_env/lib/python3.10/site-packages/airflow/example_dags/example_time_delta_sensor_async.py
[2023-06-01T10:12:36.071+0300] {logging_mixin.py:149} INFO - [2023-06-01T10:12:36.071+0300] {dag.py:2726} INFO - Sync 1 DAGs
[2023-06-01T10:12:36.105+0300] {logging_mixin.py:149} INFO - [2023-06-01T10:12:36.105+0300] {dag.py:3486} INFO - Setting next_dagrun for example_time_delta_sensor_async to None, run_after=None
[2023-06-01T10:12:36.284+0300] {processor.py:179} INFO - Processing /home/mutwiri/airflow/airflow_env/lib/python3.10/site-packages/airflow/example_dags/example_time_delta_sensor_async.py took 0.271 seconds
[2023-06-01T10:13:35.518+0300] {processor.py:157} INFO - Started process (PID=2089837) to work on /home/mutwiri/airflow/airflow_env/lib/python3.10/site-packages/airflow/example_dags/example_time_delta_sensor_async.py
[2023-06-01T10:13:35.520+0300] {processor.py:826} INFO - Processing file /home/mutwiri/airflow/airflow_env/lib/python3.10/site-packages/airflow/example_dags/example_time_delta_sensor_async.py for tasks to queue
[2023-06-01T10:13:35.521+0300] {logging_mixin.py:149} INFO - [2023-06-01T10:13:35.521+0300] {dagbag.py:541} INFO - Filling up the DagBag from /home/mutwiri/airflow/airflow_env/lib/python3.10/site-packages/airflow/example_dags/example_time_delta_sensor_async.py
[2023-06-01T10:13:35.527+0300] {processor.py:836} INFO - DAG(s) dict_keys(['example_time_delta_sensor_async']) retrieved from /home/mutwiri/airflow/airflow_env/lib/python3.10/site-packages/airflow/example_dags/example_time_delta_sensor_async.py
[2023-06-01T10:13:35.551+0300] {logging_mixin.py:149} INFO - [2023-06-01T10:13:35.551+0300] {dag.py:2726} INFO - Sync 1 DAGs
[2023-06-01T10:13:35.576+0300] {logging_mixin.py:149} INFO - [2023-06-01T10:13:35.576+0300] {dag.py:3486} INFO - Setting next_dagrun for example_time_delta_sensor_async to None, run_after=None
[2023-06-01T10:13:35.703+0300] {processor.py:179} INFO - Processing /home/mutwiri/airflow/airflow_env/lib/python3.10/site-packages/airflow/example_dags/example_time_delta_sensor_async.py took 0.189 seconds
[2023-06-01T10:14:27.714+0300] {processor.py:157} INFO - Started process (PID=2089892) to work on /home/mutwiri/airflow/airflow_env/lib/python3.10/site-packages/airflow/example_dags/example_time_delta_sensor_async.py
[2023-06-01T10:14:27.730+0300] {processor.py:826} INFO - Processing file /home/mutwiri/airflow/airflow_env/lib/python3.10/site-packages/airflow/example_dags/example_time_delta_sensor_async.py for tasks to queue
[2023-06-01T10:14:27.731+0300] {logging_mixin.py:149} INFO - [2023-06-01T10:14:27.731+0300] {dagbag.py:541} INFO - Filling up the DagBag from /home/mutwiri/airflow/airflow_env/lib/python3.10/site-packages/airflow/example_dags/example_time_delta_sensor_async.py
[2023-06-01T10:14:27.738+0300] {processor.py:836} INFO - DAG(s) dict_keys(['example_time_delta_sensor_async']) retrieved from /home/mutwiri/airflow/airflow_env/lib/python3.10/site-packages/airflow/example_dags/example_time_delta_sensor_async.py
[2023-06-01T10:14:27.763+0300] {logging_mixin.py:149} INFO - [2023-06-01T10:14:27.763+0300] {dag.py:2726} INFO - Sync 1 DAGs
[2023-06-01T10:14:27.782+0300] {logging_mixin.py:149} INFO - [2023-06-01T10:14:27.782+0300] {dag.py:3486} INFO - Setting next_dagrun for example_time_delta_sensor_async to None, run_after=None
[2023-06-01T10:14:27.900+0300] {processor.py:179} INFO - Processing /home/mutwiri/airflow/airflow_env/lib/python3.10/site-packages/airflow/example_dags/example_time_delta_sensor_async.py took 0.190 seconds
[2023-06-01T10:15:15.224+0300] {processor.py:157} INFO - Started process (PID=2090001) to work on /home/mutwiri/airflow/airflow_env/lib/python3.10/site-packages/airflow/example_dags/example_time_delta_sensor_async.py
[2023-06-01T10:15:15.244+0300] {processor.py:826} INFO - Processing file /home/mutwiri/airflow/airflow_env/lib/python3.10/site-packages/airflow/example_dags/example_time_delta_sensor_async.py for tasks to queue
[2023-06-01T10:15:15.245+0300] {logging_mixin.py:149} INFO - [2023-06-01T10:15:15.245+0300] {dagbag.py:541} INFO - Filling up the DagBag from /home/mutwiri/airflow/airflow_env/lib/python3.10/site-packages/airflow/example_dags/example_time_delta_sensor_async.py
[2023-06-01T10:15:15.254+0300] {processor.py:836} INFO - DAG(s) dict_keys(['example_time_delta_sensor_async']) retrieved from /home/mutwiri/airflow/airflow_env/lib/python3.10/site-packages/airflow/example_dags/example_time_delta_sensor_async.py
[2023-06-01T10:15:15.293+0300] {logging_mixin.py:149} INFO - [2023-06-01T10:15:15.293+0300] {dag.py:2726} INFO - Sync 1 DAGs
[2023-06-01T10:15:15.317+0300] {logging_mixin.py:149} INFO - [2023-06-01T10:15:15.317+0300] {dag.py:3486} INFO - Setting next_dagrun for example_time_delta_sensor_async to None, run_after=None
[2023-06-01T10:15:15.405+0300] {processor.py:179} INFO - Processing /home/mutwiri/airflow/airflow_env/lib/python3.10/site-packages/airflow/example_dags/example_time_delta_sensor_async.py took 0.190 seconds
