[2023-06-01T10:06:59.658+0300] {processor.py:157} INFO - Started process (PID=2088508) to work on /home/mutwiri/airflow/airflow_env/lib/python3.10/site-packages/airflow/example_dags/example_branch_datetime_operator.py
[2023-06-01T10:06:59.661+0300] {processor.py:826} INFO - Processing file /home/mutwiri/airflow/airflow_env/lib/python3.10/site-packages/airflow/example_dags/example_branch_datetime_operator.py for tasks to queue
[2023-06-01T10:06:59.663+0300] {logging_mixin.py:149} INFO - [2023-06-01T10:06:59.663+0300] {dagbag.py:541} INFO - Filling up the DagBag from /home/mutwiri/airflow/airflow_env/lib/python3.10/site-packages/airflow/example_dags/example_branch_datetime_operator.py
[2023-06-01T10:06:59.700+0300] {processor.py:836} INFO - DAG(s) dict_keys(['example_branch_datetime_operator', 'example_branch_datetime_operator_3', 'example_branch_datetime_operator_2']) retrieved from /home/mutwiri/airflow/airflow_env/lib/python3.10/site-packages/airflow/example_dags/example_branch_datetime_operator.py
[2023-06-01T10:06:59.741+0300] {logging_mixin.py:149} INFO - [2023-06-01T10:06:59.741+0300] {dag.py:2726} INFO - Sync 3 DAGs
[2023-06-01T10:06:59.786+0300] {logging_mixin.py:149} INFO - [2023-06-01T10:06:59.786+0300] {dag.py:3486} INFO - Setting next_dagrun for example_branch_datetime_operator to 2023-05-31T00:00:00+00:00, run_after=2023-06-01T00:00:00+00:00
[2023-06-01T10:06:59.795+0300] {logging_mixin.py:149} INFO - [2023-06-01T10:06:59.795+0300] {dag.py:3486} INFO - Setting next_dagrun for example_branch_datetime_operator_2 to 2023-05-31T00:00:00+00:00, run_after=2023-06-01T00:00:00+00:00
[2023-06-01T10:06:59.800+0300] {logging_mixin.py:149} INFO - [2023-06-01T10:06:59.799+0300] {dag.py:3486} INFO - Setting next_dagrun for example_branch_datetime_operator_3 to 2023-05-31T00:00:00+00:00, run_after=2023-06-01T00:00:00+00:00
[2023-06-01T10:06:59.896+0300] {processor.py:179} INFO - Processing /home/mutwiri/airflow/airflow_env/lib/python3.10/site-packages/airflow/example_dags/example_branch_datetime_operator.py took 0.249 seconds
[2023-06-01T10:07:54.134+0300] {processor.py:157} INFO - Started process (PID=2088610) to work on /home/mutwiri/airflow/airflow_env/lib/python3.10/site-packages/airflow/example_dags/example_branch_datetime_operator.py
[2023-06-01T10:07:54.136+0300] {processor.py:826} INFO - Processing file /home/mutwiri/airflow/airflow_env/lib/python3.10/site-packages/airflow/example_dags/example_branch_datetime_operator.py for tasks to queue
[2023-06-01T10:07:54.137+0300] {logging_mixin.py:149} INFO - [2023-06-01T10:07:54.137+0300] {dagbag.py:541} INFO - Filling up the DagBag from /home/mutwiri/airflow/airflow_env/lib/python3.10/site-packages/airflow/example_dags/example_branch_datetime_operator.py
[2023-06-01T10:07:54.148+0300] {processor.py:836} INFO - DAG(s) dict_keys(['example_branch_datetime_operator_3', 'example_branch_datetime_operator_2', 'example_branch_datetime_operator']) retrieved from /home/mutwiri/airflow/airflow_env/lib/python3.10/site-packages/airflow/example_dags/example_branch_datetime_operator.py
[2023-06-01T10:07:54.178+0300] {logging_mixin.py:149} INFO - [2023-06-01T10:07:54.178+0300] {dag.py:2726} INFO - Sync 3 DAGs
[2023-06-01T10:07:54.200+0300] {logging_mixin.py:149} INFO - [2023-06-01T10:07:54.200+0300] {dag.py:3486} INFO - Setting next_dagrun for example_branch_datetime_operator to 2023-05-31T00:00:00+00:00, run_after=2023-06-01T00:00:00+00:00
[2023-06-01T10:07:54.322+0300] {logging_mixin.py:149} INFO - [2023-06-01T10:07:54.321+0300] {dag.py:3486} INFO - Setting next_dagrun for example_branch_datetime_operator_2 to 2023-05-31T00:00:00+00:00, run_after=2023-06-01T00:00:00+00:00
[2023-06-01T10:07:54.326+0300] {logging_mixin.py:149} INFO - [2023-06-01T10:07:54.325+0300] {dag.py:3486} INFO - Setting next_dagrun for example_branch_datetime_operator_3 to 2023-05-31T00:00:00+00:00, run_after=2023-06-01T00:00:00+00:00
[2023-06-01T10:07:54.428+0300] {processor.py:179} INFO - Processing /home/mutwiri/airflow/airflow_env/lib/python3.10/site-packages/airflow/example_dags/example_branch_datetime_operator.py took 0.297 seconds
[2023-06-01T10:08:51.968+0300] {processor.py:157} INFO - Started process (PID=2088673) to work on /home/mutwiri/airflow/airflow_env/lib/python3.10/site-packages/airflow/example_dags/example_branch_datetime_operator.py
[2023-06-01T10:08:51.981+0300] {processor.py:826} INFO - Processing file /home/mutwiri/airflow/airflow_env/lib/python3.10/site-packages/airflow/example_dags/example_branch_datetime_operator.py for tasks to queue
[2023-06-01T10:08:51.982+0300] {logging_mixin.py:149} INFO - [2023-06-01T10:08:51.982+0300] {dagbag.py:541} INFO - Filling up the DagBag from /home/mutwiri/airflow/airflow_env/lib/python3.10/site-packages/airflow/example_dags/example_branch_datetime_operator.py
[2023-06-01T10:08:51.996+0300] {processor.py:836} INFO - DAG(s) dict_keys(['example_branch_datetime_operator_3', 'example_branch_datetime_operator', 'example_branch_datetime_operator_2']) retrieved from /home/mutwiri/airflow/airflow_env/lib/python3.10/site-packages/airflow/example_dags/example_branch_datetime_operator.py
[2023-06-01T10:08:52.144+0300] {logging_mixin.py:149} INFO - [2023-06-01T10:08:52.144+0300] {dag.py:2726} INFO - Sync 3 DAGs
[2023-06-01T10:08:52.167+0300] {logging_mixin.py:149} INFO - [2023-06-01T10:08:52.167+0300] {dag.py:3486} INFO - Setting next_dagrun for example_branch_datetime_operator to 2023-05-31T00:00:00+00:00, run_after=2023-06-01T00:00:00+00:00
[2023-06-01T10:08:52.172+0300] {logging_mixin.py:149} INFO - [2023-06-01T10:08:52.172+0300] {dag.py:3486} INFO - Setting next_dagrun for example_branch_datetime_operator_2 to 2023-05-31T00:00:00+00:00, run_after=2023-06-01T00:00:00+00:00
[2023-06-01T10:08:52.175+0300] {logging_mixin.py:149} INFO - [2023-06-01T10:08:52.175+0300] {dag.py:3486} INFO - Setting next_dagrun for example_branch_datetime_operator_3 to 2023-05-31T00:00:00+00:00, run_after=2023-06-01T00:00:00+00:00
[2023-06-01T10:08:52.299+0300] {processor.py:179} INFO - Processing /home/mutwiri/airflow/airflow_env/lib/python3.10/site-packages/airflow/example_dags/example_branch_datetime_operator.py took 0.336 seconds
[2023-06-01T10:09:47.739+0300] {processor.py:157} INFO - Started process (PID=2088854) to work on /home/mutwiri/airflow/airflow_env/lib/python3.10/site-packages/airflow/example_dags/example_branch_datetime_operator.py
[2023-06-01T10:09:47.753+0300] {processor.py:826} INFO - Processing file /home/mutwiri/airflow/airflow_env/lib/python3.10/site-packages/airflow/example_dags/example_branch_datetime_operator.py for tasks to queue
[2023-06-01T10:09:47.753+0300] {logging_mixin.py:149} INFO - [2023-06-01T10:09:47.753+0300] {dagbag.py:541} INFO - Filling up the DagBag from /home/mutwiri/airflow/airflow_env/lib/python3.10/site-packages/airflow/example_dags/example_branch_datetime_operator.py
[2023-06-01T10:09:47.764+0300] {processor.py:836} INFO - DAG(s) dict_keys(['example_branch_datetime_operator', 'example_branch_datetime_operator_2', 'example_branch_datetime_operator_3']) retrieved from /home/mutwiri/airflow/airflow_env/lib/python3.10/site-packages/airflow/example_dags/example_branch_datetime_operator.py
[2023-06-01T10:09:47.795+0300] {logging_mixin.py:149} INFO - [2023-06-01T10:09:47.794+0300] {dag.py:2726} INFO - Sync 3 DAGs
[2023-06-01T10:09:47.821+0300] {logging_mixin.py:149} INFO - [2023-06-01T10:09:47.820+0300] {dag.py:3486} INFO - Setting next_dagrun for example_branch_datetime_operator to 2023-05-31T00:00:00+00:00, run_after=2023-06-01T00:00:00+00:00
[2023-06-01T10:09:47.825+0300] {logging_mixin.py:149} INFO - [2023-06-01T10:09:47.825+0300] {dag.py:3486} INFO - Setting next_dagrun for example_branch_datetime_operator_2 to 2023-05-31T00:00:00+00:00, run_after=2023-06-01T00:00:00+00:00
[2023-06-01T10:09:47.827+0300] {logging_mixin.py:149} INFO - [2023-06-01T10:09:47.827+0300] {dag.py:3486} INFO - Setting next_dagrun for example_branch_datetime_operator_3 to 2023-05-31T00:00:00+00:00, run_after=2023-06-01T00:00:00+00:00
[2023-06-01T10:09:47.952+0300] {processor.py:179} INFO - Processing /home/mutwiri/airflow/airflow_env/lib/python3.10/site-packages/airflow/example_dags/example_branch_datetime_operator.py took 0.216 seconds
[2023-06-01T10:11:02.140+0300] {processor.py:157} INFO - Started process (PID=2089204) to work on /home/mutwiri/airflow/airflow_env/lib/python3.10/site-packages/airflow/example_dags/example_branch_datetime_operator.py
[2023-06-01T10:11:02.153+0300] {processor.py:826} INFO - Processing file /home/mutwiri/airflow/airflow_env/lib/python3.10/site-packages/airflow/example_dags/example_branch_datetime_operator.py for tasks to queue
[2023-06-01T10:11:02.154+0300] {logging_mixin.py:149} INFO - [2023-06-01T10:11:02.154+0300] {dagbag.py:541} INFO - Filling up the DagBag from /home/mutwiri/airflow/airflow_env/lib/python3.10/site-packages/airflow/example_dags/example_branch_datetime_operator.py
[2023-06-01T10:11:02.171+0300] {processor.py:836} INFO - DAG(s) dict_keys(['example_branch_datetime_operator', 'example_branch_datetime_operator_3', 'example_branch_datetime_operator_2']) retrieved from /home/mutwiri/airflow/airflow_env/lib/python3.10/site-packages/airflow/example_dags/example_branch_datetime_operator.py
[2023-06-01T10:11:02.200+0300] {logging_mixin.py:149} INFO - [2023-06-01T10:11:02.200+0300] {dag.py:2726} INFO - Sync 3 DAGs
[2023-06-01T10:11:02.222+0300] {logging_mixin.py:149} INFO - [2023-06-01T10:11:02.222+0300] {dag.py:3486} INFO - Setting next_dagrun for example_branch_datetime_operator to 2023-05-31T00:00:00+00:00, run_after=2023-06-01T00:00:00+00:00
[2023-06-01T10:11:02.226+0300] {logging_mixin.py:149} INFO - [2023-06-01T10:11:02.226+0300] {dag.py:3486} INFO - Setting next_dagrun for example_branch_datetime_operator_2 to 2023-05-31T00:00:00+00:00, run_after=2023-06-01T00:00:00+00:00
[2023-06-01T10:11:02.228+0300] {logging_mixin.py:149} INFO - [2023-06-01T10:11:02.228+0300] {dag.py:3486} INFO - Setting next_dagrun for example_branch_datetime_operator_3 to 2023-05-31T00:00:00+00:00, run_after=2023-06-01T00:00:00+00:00
[2023-06-01T10:11:02.331+0300] {processor.py:179} INFO - Processing /home/mutwiri/airflow/airflow_env/lib/python3.10/site-packages/airflow/example_dags/example_branch_datetime_operator.py took 0.198 seconds
[2023-06-01T10:12:15.911+0300] {processor.py:157} INFO - Started process (PID=2089460) to work on /home/mutwiri/airflow/airflow_env/lib/python3.10/site-packages/airflow/example_dags/example_branch_datetime_operator.py
[2023-06-01T10:12:15.912+0300] {processor.py:826} INFO - Processing file /home/mutwiri/airflow/airflow_env/lib/python3.10/site-packages/airflow/example_dags/example_branch_datetime_operator.py for tasks to queue
[2023-06-01T10:12:15.913+0300] {logging_mixin.py:149} INFO - [2023-06-01T10:12:15.913+0300] {dagbag.py:541} INFO - Filling up the DagBag from /home/mutwiri/airflow/airflow_env/lib/python3.10/site-packages/airflow/example_dags/example_branch_datetime_operator.py
[2023-06-01T10:12:15.929+0300] {processor.py:836} INFO - DAG(s) dict_keys(['example_branch_datetime_operator', 'example_branch_datetime_operator_3', 'example_branch_datetime_operator_2']) retrieved from /home/mutwiri/airflow/airflow_env/lib/python3.10/site-packages/airflow/example_dags/example_branch_datetime_operator.py
[2023-06-01T10:12:15.992+0300] {logging_mixin.py:149} INFO - [2023-06-01T10:12:15.992+0300] {dag.py:2726} INFO - Sync 3 DAGs
[2023-06-01T10:12:16.030+0300] {logging_mixin.py:149} INFO - [2023-06-01T10:12:16.030+0300] {dag.py:3486} INFO - Setting next_dagrun for example_branch_datetime_operator to 2023-05-31T00:00:00+00:00, run_after=2023-06-01T00:00:00+00:00
[2023-06-01T10:12:16.038+0300] {logging_mixin.py:149} INFO - [2023-06-01T10:12:16.038+0300] {dag.py:3486} INFO - Setting next_dagrun for example_branch_datetime_operator_2 to 2023-05-31T00:00:00+00:00, run_after=2023-06-01T00:00:00+00:00
[2023-06-01T10:12:16.042+0300] {logging_mixin.py:149} INFO - [2023-06-01T10:12:16.042+0300] {dag.py:3486} INFO - Setting next_dagrun for example_branch_datetime_operator_3 to 2023-05-31T00:00:00+00:00, run_after=2023-06-01T00:00:00+00:00
[2023-06-01T10:12:16.156+0300] {processor.py:179} INFO - Processing /home/mutwiri/airflow/airflow_env/lib/python3.10/site-packages/airflow/example_dags/example_branch_datetime_operator.py took 0.250 seconds
[2023-06-01T10:13:44.814+0300] {processor.py:157} INFO - Started process (PID=2089847) to work on /home/mutwiri/airflow/airflow_env/lib/python3.10/site-packages/airflow/example_dags/example_branch_datetime_operator.py
[2023-06-01T10:13:44.816+0300] {processor.py:826} INFO - Processing file /home/mutwiri/airflow/airflow_env/lib/python3.10/site-packages/airflow/example_dags/example_branch_datetime_operator.py for tasks to queue
[2023-06-01T10:13:44.817+0300] {logging_mixin.py:149} INFO - [2023-06-01T10:13:44.817+0300] {dagbag.py:541} INFO - Filling up the DagBag from /home/mutwiri/airflow/airflow_env/lib/python3.10/site-packages/airflow/example_dags/example_branch_datetime_operator.py
[2023-06-01T10:13:44.833+0300] {processor.py:836} INFO - DAG(s) dict_keys(['example_branch_datetime_operator', 'example_branch_datetime_operator_3', 'example_branch_datetime_operator_2']) retrieved from /home/mutwiri/airflow/airflow_env/lib/python3.10/site-packages/airflow/example_dags/example_branch_datetime_operator.py
[2023-06-01T10:13:44.861+0300] {logging_mixin.py:149} INFO - [2023-06-01T10:13:44.861+0300] {dag.py:2726} INFO - Sync 3 DAGs
[2023-06-01T10:13:44.882+0300] {logging_mixin.py:149} INFO - [2023-06-01T10:13:44.882+0300] {dag.py:3486} INFO - Setting next_dagrun for example_branch_datetime_operator to 2023-05-31T00:00:00+00:00, run_after=2023-06-01T00:00:00+00:00
[2023-06-01T10:13:44.887+0300] {logging_mixin.py:149} INFO - [2023-06-01T10:13:44.887+0300] {dag.py:3486} INFO - Setting next_dagrun for example_branch_datetime_operator_2 to 2023-05-31T00:00:00+00:00, run_after=2023-06-01T00:00:00+00:00
[2023-06-01T10:13:44.889+0300] {logging_mixin.py:149} INFO - [2023-06-01T10:13:44.889+0300] {dag.py:3486} INFO - Setting next_dagrun for example_branch_datetime_operator_3 to 2023-05-31T00:00:00+00:00, run_after=2023-06-01T00:00:00+00:00
[2023-06-01T10:13:45.006+0300] {processor.py:179} INFO - Processing /home/mutwiri/airflow/airflow_env/lib/python3.10/site-packages/airflow/example_dags/example_branch_datetime_operator.py took 0.197 seconds
[2023-06-01T10:14:39.454+0300] {processor.py:157} INFO - Started process (PID=2089931) to work on /home/mutwiri/airflow/airflow_env/lib/python3.10/site-packages/airflow/example_dags/example_branch_datetime_operator.py
[2023-06-01T10:14:39.455+0300] {processor.py:826} INFO - Processing file /home/mutwiri/airflow/airflow_env/lib/python3.10/site-packages/airflow/example_dags/example_branch_datetime_operator.py for tasks to queue
[2023-06-01T10:14:39.456+0300] {logging_mixin.py:149} INFO - [2023-06-01T10:14:39.455+0300] {dagbag.py:541} INFO - Filling up the DagBag from /home/mutwiri/airflow/airflow_env/lib/python3.10/site-packages/airflow/example_dags/example_branch_datetime_operator.py
[2023-06-01T10:14:39.465+0300] {processor.py:836} INFO - DAG(s) dict_keys(['example_branch_datetime_operator_2', 'example_branch_datetime_operator_3', 'example_branch_datetime_operator']) retrieved from /home/mutwiri/airflow/airflow_env/lib/python3.10/site-packages/airflow/example_dags/example_branch_datetime_operator.py
[2023-06-01T10:14:39.491+0300] {logging_mixin.py:149} INFO - [2023-06-01T10:14:39.491+0300] {dag.py:2726} INFO - Sync 3 DAGs
[2023-06-01T10:14:39.512+0300] {logging_mixin.py:149} INFO - [2023-06-01T10:14:39.512+0300] {dag.py:3486} INFO - Setting next_dagrun for example_branch_datetime_operator to 2023-05-31T00:00:00+00:00, run_after=2023-06-01T00:00:00+00:00
[2023-06-01T10:14:39.516+0300] {logging_mixin.py:149} INFO - [2023-06-01T10:14:39.516+0300] {dag.py:3486} INFO - Setting next_dagrun for example_branch_datetime_operator_2 to 2023-05-31T00:00:00+00:00, run_after=2023-06-01T00:00:00+00:00
[2023-06-01T10:14:39.518+0300] {logging_mixin.py:149} INFO - [2023-06-01T10:14:39.518+0300] {dag.py:3486} INFO - Setting next_dagrun for example_branch_datetime_operator_3 to 2023-05-31T00:00:00+00:00, run_after=2023-06-01T00:00:00+00:00
[2023-06-01T10:14:39.646+0300] {processor.py:179} INFO - Processing /home/mutwiri/airflow/airflow_env/lib/python3.10/site-packages/airflow/example_dags/example_branch_datetime_operator.py took 0.196 seconds
