[2023-06-01T10:06:45.863+0300] {processor.py:157} INFO - Started process (PID=2088434) to work on /home/mutwiri/airflow/airflow_env/lib/python3.10/site-packages/airflow/example_dags/example_nested_branch_dag.py
[2023-06-01T10:06:45.864+0300] {processor.py:826} INFO - Processing file /home/mutwiri/airflow/airflow_env/lib/python3.10/site-packages/airflow/example_dags/example_nested_branch_dag.py for tasks to queue
[2023-06-01T10:06:45.866+0300] {logging_mixin.py:149} INFO - [2023-06-01T10:06:45.865+0300] {dagbag.py:541} INFO - Filling up the DagBag from /home/mutwiri/airflow/airflow_env/lib/python3.10/site-packages/airflow/example_dags/example_nested_branch_dag.py
[2023-06-01T10:06:45.881+0300] {processor.py:836} INFO - DAG(s) dict_keys(['example_nested_branch_dag']) retrieved from /home/mutwiri/airflow/airflow_env/lib/python3.10/site-packages/airflow/example_dags/example_nested_branch_dag.py
[2023-06-01T10:06:45.903+0300] {logging_mixin.py:149} INFO - [2023-06-01T10:06:45.903+0300] {dag.py:2726} INFO - Sync 1 DAGs
[2023-06-01T10:06:45.924+0300] {logging_mixin.py:149} INFO - [2023-06-01T10:06:45.924+0300] {dag.py:3486} INFO - Setting next_dagrun for example_nested_branch_dag to 2023-05-31T00:00:00+00:00, run_after=2023-06-01T00:00:00+00:00
[2023-06-01T10:06:46.058+0300] {processor.py:179} INFO - Processing /home/mutwiri/airflow/airflow_env/lib/python3.10/site-packages/airflow/example_dags/example_nested_branch_dag.py took 0.200 seconds
[2023-06-01T10:07:43.450+0300] {processor.py:157} INFO - Started process (PID=2088602) to work on /home/mutwiri/airflow/airflow_env/lib/python3.10/site-packages/airflow/example_dags/example_nested_branch_dag.py
[2023-06-01T10:07:43.451+0300] {processor.py:826} INFO - Processing file /home/mutwiri/airflow/airflow_env/lib/python3.10/site-packages/airflow/example_dags/example_nested_branch_dag.py for tasks to queue
[2023-06-01T10:07:43.452+0300] {logging_mixin.py:149} INFO - [2023-06-01T10:07:43.452+0300] {dagbag.py:541} INFO - Filling up the DagBag from /home/mutwiri/airflow/airflow_env/lib/python3.10/site-packages/airflow/example_dags/example_nested_branch_dag.py
[2023-06-01T10:07:43.467+0300] {processor.py:836} INFO - DAG(s) dict_keys(['example_nested_branch_dag']) retrieved from /home/mutwiri/airflow/airflow_env/lib/python3.10/site-packages/airflow/example_dags/example_nested_branch_dag.py
[2023-06-01T10:07:43.492+0300] {logging_mixin.py:149} INFO - [2023-06-01T10:07:43.492+0300] {dag.py:2726} INFO - Sync 1 DAGs
[2023-06-01T10:07:43.514+0300] {logging_mixin.py:149} INFO - [2023-06-01T10:07:43.514+0300] {dag.py:3486} INFO - Setting next_dagrun for example_nested_branch_dag to 2023-05-31T00:00:00+00:00, run_after=2023-06-01T00:00:00+00:00
[2023-06-01T10:07:43.758+0300] {processor.py:179} INFO - Processing /home/mutwiri/airflow/airflow_env/lib/python3.10/site-packages/airflow/example_dags/example_nested_branch_dag.py took 0.313 seconds
[2023-06-01T10:08:41.478+0300] {processor.py:157} INFO - Started process (PID=2088663) to work on /home/mutwiri/airflow/airflow_env/lib/python3.10/site-packages/airflow/example_dags/example_nested_branch_dag.py
[2023-06-01T10:08:41.479+0300] {processor.py:826} INFO - Processing file /home/mutwiri/airflow/airflow_env/lib/python3.10/site-packages/airflow/example_dags/example_nested_branch_dag.py for tasks to queue
[2023-06-01T10:08:41.480+0300] {logging_mixin.py:149} INFO - [2023-06-01T10:08:41.479+0300] {dagbag.py:541} INFO - Filling up the DagBag from /home/mutwiri/airflow/airflow_env/lib/python3.10/site-packages/airflow/example_dags/example_nested_branch_dag.py
[2023-06-01T10:08:41.491+0300] {processor.py:836} INFO - DAG(s) dict_keys(['example_nested_branch_dag']) retrieved from /home/mutwiri/airflow/airflow_env/lib/python3.10/site-packages/airflow/example_dags/example_nested_branch_dag.py
[2023-06-01T10:08:41.514+0300] {logging_mixin.py:149} INFO - [2023-06-01T10:08:41.514+0300] {dag.py:2726} INFO - Sync 1 DAGs
[2023-06-01T10:08:41.661+0300] {logging_mixin.py:149} INFO - [2023-06-01T10:08:41.661+0300] {dag.py:3486} INFO - Setting next_dagrun for example_nested_branch_dag to 2023-05-31T00:00:00+00:00, run_after=2023-06-01T00:00:00+00:00
[2023-06-01T10:08:41.794+0300] {processor.py:179} INFO - Processing /home/mutwiri/airflow/airflow_env/lib/python3.10/site-packages/airflow/example_dags/example_nested_branch_dag.py took 0.320 seconds
[2023-06-01T10:09:37.126+0300] {processor.py:157} INFO - Started process (PID=2088784) to work on /home/mutwiri/airflow/airflow_env/lib/python3.10/site-packages/airflow/example_dags/example_nested_branch_dag.py
[2023-06-01T10:09:37.127+0300] {processor.py:826} INFO - Processing file /home/mutwiri/airflow/airflow_env/lib/python3.10/site-packages/airflow/example_dags/example_nested_branch_dag.py for tasks to queue
[2023-06-01T10:09:37.128+0300] {logging_mixin.py:149} INFO - [2023-06-01T10:09:37.128+0300] {dagbag.py:541} INFO - Filling up the DagBag from /home/mutwiri/airflow/airflow_env/lib/python3.10/site-packages/airflow/example_dags/example_nested_branch_dag.py
[2023-06-01T10:09:37.139+0300] {processor.py:836} INFO - DAG(s) dict_keys(['example_nested_branch_dag']) retrieved from /home/mutwiri/airflow/airflow_env/lib/python3.10/site-packages/airflow/example_dags/example_nested_branch_dag.py
[2023-06-01T10:09:37.161+0300] {logging_mixin.py:149} INFO - [2023-06-01T10:09:37.160+0300] {dag.py:2726} INFO - Sync 1 DAGs
[2023-06-01T10:09:37.181+0300] {logging_mixin.py:149} INFO - [2023-06-01T10:09:37.181+0300] {dag.py:3486} INFO - Setting next_dagrun for example_nested_branch_dag to 2023-05-31T00:00:00+00:00, run_after=2023-06-01T00:00:00+00:00
[2023-06-01T10:09:37.284+0300] {processor.py:179} INFO - Processing /home/mutwiri/airflow/airflow_env/lib/python3.10/site-packages/airflow/example_dags/example_nested_branch_dag.py took 0.162 seconds
[2023-06-01T10:10:32.624+0300] {processor.py:157} INFO - Started process (PID=2089089) to work on /home/mutwiri/airflow/airflow_env/lib/python3.10/site-packages/airflow/example_dags/example_nested_branch_dag.py
[2023-06-01T10:10:32.625+0300] {processor.py:826} INFO - Processing file /home/mutwiri/airflow/airflow_env/lib/python3.10/site-packages/airflow/example_dags/example_nested_branch_dag.py for tasks to queue
[2023-06-01T10:10:32.626+0300] {logging_mixin.py:149} INFO - [2023-06-01T10:10:32.625+0300] {dagbag.py:541} INFO - Filling up the DagBag from /home/mutwiri/airflow/airflow_env/lib/python3.10/site-packages/airflow/example_dags/example_nested_branch_dag.py
[2023-06-01T10:10:32.637+0300] {processor.py:836} INFO - DAG(s) dict_keys(['example_nested_branch_dag']) retrieved from /home/mutwiri/airflow/airflow_env/lib/python3.10/site-packages/airflow/example_dags/example_nested_branch_dag.py
[2023-06-01T10:10:32.661+0300] {logging_mixin.py:149} INFO - [2023-06-01T10:10:32.660+0300] {dag.py:2726} INFO - Sync 1 DAGs
[2023-06-01T10:10:32.681+0300] {logging_mixin.py:149} INFO - [2023-06-01T10:10:32.681+0300] {dag.py:3486} INFO - Setting next_dagrun for example_nested_branch_dag to 2023-05-31T00:00:00+00:00, run_after=2023-06-01T00:00:00+00:00
[2023-06-01T10:10:32.793+0300] {processor.py:179} INFO - Processing /home/mutwiri/airflow/airflow_env/lib/python3.10/site-packages/airflow/example_dags/example_nested_branch_dag.py took 0.173 seconds
[2023-06-01T10:11:23.967+0300] {processor.py:157} INFO - Started process (PID=2089283) to work on /home/mutwiri/airflow/airflow_env/lib/python3.10/site-packages/airflow/example_dags/example_nested_branch_dag.py
[2023-06-01T10:11:23.978+0300] {processor.py:826} INFO - Processing file /home/mutwiri/airflow/airflow_env/lib/python3.10/site-packages/airflow/example_dags/example_nested_branch_dag.py for tasks to queue
[2023-06-01T10:11:23.979+0300] {logging_mixin.py:149} INFO - [2023-06-01T10:11:23.979+0300] {dagbag.py:541} INFO - Filling up the DagBag from /home/mutwiri/airflow/airflow_env/lib/python3.10/site-packages/airflow/example_dags/example_nested_branch_dag.py
[2023-06-01T10:11:23.995+0300] {processor.py:836} INFO - DAG(s) dict_keys(['example_nested_branch_dag']) retrieved from /home/mutwiri/airflow/airflow_env/lib/python3.10/site-packages/airflow/example_dags/example_nested_branch_dag.py
[2023-06-01T10:11:24.022+0300] {logging_mixin.py:149} INFO - [2023-06-01T10:11:24.022+0300] {dag.py:2726} INFO - Sync 1 DAGs
[2023-06-01T10:11:24.043+0300] {logging_mixin.py:149} INFO - [2023-06-01T10:11:24.043+0300] {dag.py:3486} INFO - Setting next_dagrun for example_nested_branch_dag to 2023-05-31T00:00:00+00:00, run_after=2023-06-01T00:00:00+00:00
[2023-06-01T10:11:24.172+0300] {processor.py:179} INFO - Processing /home/mutwiri/airflow/airflow_env/lib/python3.10/site-packages/airflow/example_dags/example_nested_branch_dag.py took 0.208 seconds
[2023-06-01T10:12:40.914+0300] {processor.py:157} INFO - Started process (PID=2089605) to work on /home/mutwiri/airflow/airflow_env/lib/python3.10/site-packages/airflow/example_dags/example_nested_branch_dag.py
[2023-06-01T10:12:40.915+0300] {processor.py:826} INFO - Processing file /home/mutwiri/airflow/airflow_env/lib/python3.10/site-packages/airflow/example_dags/example_nested_branch_dag.py for tasks to queue
[2023-06-01T10:12:40.917+0300] {logging_mixin.py:149} INFO - [2023-06-01T10:12:40.916+0300] {dagbag.py:541} INFO - Filling up the DagBag from /home/mutwiri/airflow/airflow_env/lib/python3.10/site-packages/airflow/example_dags/example_nested_branch_dag.py
[2023-06-01T10:12:40.934+0300] {processor.py:836} INFO - DAG(s) dict_keys(['example_nested_branch_dag']) retrieved from /home/mutwiri/airflow/airflow_env/lib/python3.10/site-packages/airflow/example_dags/example_nested_branch_dag.py
[2023-06-01T10:12:40.957+0300] {logging_mixin.py:149} INFO - [2023-06-01T10:12:40.957+0300] {dag.py:2726} INFO - Sync 1 DAGs
[2023-06-01T10:12:40.977+0300] {logging_mixin.py:149} INFO - [2023-06-01T10:12:40.977+0300] {dag.py:3486} INFO - Setting next_dagrun for example_nested_branch_dag to 2023-05-31T00:00:00+00:00, run_after=2023-06-01T00:00:00+00:00
[2023-06-01T10:12:41.124+0300] {processor.py:179} INFO - Processing /home/mutwiri/airflow/airflow_env/lib/python3.10/site-packages/airflow/example_dags/example_nested_branch_dag.py took 0.216 seconds
[2023-06-01T10:13:40.815+0300] {processor.py:157} INFO - Started process (PID=2089843) to work on /home/mutwiri/airflow/airflow_env/lib/python3.10/site-packages/airflow/example_dags/example_nested_branch_dag.py
[2023-06-01T10:13:40.831+0300] {processor.py:826} INFO - Processing file /home/mutwiri/airflow/airflow_env/lib/python3.10/site-packages/airflow/example_dags/example_nested_branch_dag.py for tasks to queue
[2023-06-01T10:13:40.832+0300] {logging_mixin.py:149} INFO - [2023-06-01T10:13:40.832+0300] {dagbag.py:541} INFO - Filling up the DagBag from /home/mutwiri/airflow/airflow_env/lib/python3.10/site-packages/airflow/example_dags/example_nested_branch_dag.py
[2023-06-01T10:13:40.849+0300] {processor.py:836} INFO - DAG(s) dict_keys(['example_nested_branch_dag']) retrieved from /home/mutwiri/airflow/airflow_env/lib/python3.10/site-packages/airflow/example_dags/example_nested_branch_dag.py
[2023-06-01T10:13:40.874+0300] {logging_mixin.py:149} INFO - [2023-06-01T10:13:40.874+0300] {dag.py:2726} INFO - Sync 1 DAGs
[2023-06-01T10:13:40.907+0300] {logging_mixin.py:149} INFO - [2023-06-01T10:13:40.907+0300] {dag.py:3486} INFO - Setting next_dagrun for example_nested_branch_dag to 2023-05-31T00:00:00+00:00, run_after=2023-06-01T00:00:00+00:00
[2023-06-01T10:13:41.043+0300] {processor.py:179} INFO - Processing /home/mutwiri/airflow/airflow_env/lib/python3.10/site-packages/airflow/example_dags/example_nested_branch_dag.py took 0.233 seconds
[2023-06-01T10:14:34.229+0300] {processor.py:157} INFO - Started process (PID=2089913) to work on /home/mutwiri/airflow/airflow_env/lib/python3.10/site-packages/airflow/example_dags/example_nested_branch_dag.py
[2023-06-01T10:14:34.244+0300] {processor.py:826} INFO - Processing file /home/mutwiri/airflow/airflow_env/lib/python3.10/site-packages/airflow/example_dags/example_nested_branch_dag.py for tasks to queue
[2023-06-01T10:14:34.245+0300] {logging_mixin.py:149} INFO - [2023-06-01T10:14:34.245+0300] {dagbag.py:541} INFO - Filling up the DagBag from /home/mutwiri/airflow/airflow_env/lib/python3.10/site-packages/airflow/example_dags/example_nested_branch_dag.py
[2023-06-01T10:14:34.258+0300] {processor.py:836} INFO - DAG(s) dict_keys(['example_nested_branch_dag']) retrieved from /home/mutwiri/airflow/airflow_env/lib/python3.10/site-packages/airflow/example_dags/example_nested_branch_dag.py
[2023-06-01T10:14:34.293+0300] {logging_mixin.py:149} INFO - [2023-06-01T10:14:34.293+0300] {dag.py:2726} INFO - Sync 1 DAGs
[2023-06-01T10:14:34.327+0300] {logging_mixin.py:149} INFO - [2023-06-01T10:14:34.327+0300] {dag.py:3486} INFO - Setting next_dagrun for example_nested_branch_dag to 2023-05-31T00:00:00+00:00, run_after=2023-06-01T00:00:00+00:00
[2023-06-01T10:14:34.461+0300] {processor.py:179} INFO - Processing /home/mutwiri/airflow/airflow_env/lib/python3.10/site-packages/airflow/example_dags/example_nested_branch_dag.py took 0.235 seconds
