[2023-06-01T10:06:29.537+0300] {processor.py:157} INFO - Started process (PID=2088355) to work on /home/mutwiri/airflow/airflow_env/lib/python3.10/site-packages/airflow/example_dags/example_setup_teardown.py
[2023-06-01T10:06:29.540+0300] {processor.py:826} INFO - Processing file /home/mutwiri/airflow/airflow_env/lib/python3.10/site-packages/airflow/example_dags/example_setup_teardown.py for tasks to queue
[2023-06-01T10:06:29.543+0300] {logging_mixin.py:149} INFO - [2023-06-01T10:06:29.542+0300] {dagbag.py:541} INFO - Filling up the DagBag from /home/mutwiri/airflow/airflow_env/lib/python3.10/site-packages/airflow/example_dags/example_setup_teardown.py
[2023-06-01T10:06:29.547+0300] {processor.py:838} WARNING - No viable dags retrieved from /home/mutwiri/airflow/airflow_env/lib/python3.10/site-packages/airflow/example_dags/example_setup_teardown.py
[2023-06-01T10:06:29.566+0300] {processor.py:179} INFO - Processing /home/mutwiri/airflow/airflow_env/lib/python3.10/site-packages/airflow/example_dags/example_setup_teardown.py took 0.040 seconds
[2023-06-01T10:07:30.414+0300] {processor.py:157} INFO - Started process (PID=2088572) to work on /home/mutwiri/airflow/airflow_env/lib/python3.10/site-packages/airflow/example_dags/example_setup_teardown.py
[2023-06-01T10:07:30.416+0300] {processor.py:826} INFO - Processing file /home/mutwiri/airflow/airflow_env/lib/python3.10/site-packages/airflow/example_dags/example_setup_teardown.py for tasks to queue
[2023-06-01T10:07:30.417+0300] {logging_mixin.py:149} INFO - [2023-06-01T10:07:30.417+0300] {dagbag.py:541} INFO - Filling up the DagBag from /home/mutwiri/airflow/airflow_env/lib/python3.10/site-packages/airflow/example_dags/example_setup_teardown.py
[2023-06-01T10:07:30.420+0300] {processor.py:838} WARNING - No viable dags retrieved from /home/mutwiri/airflow/airflow_env/lib/python3.10/site-packages/airflow/example_dags/example_setup_teardown.py
[2023-06-01T10:07:30.437+0300] {processor.py:179} INFO - Processing /home/mutwiri/airflow/airflow_env/lib/python3.10/site-packages/airflow/example_dags/example_setup_teardown.py took 0.028 seconds
[2023-06-01T10:08:29.033+0300] {processor.py:157} INFO - Started process (PID=2088653) to work on /home/mutwiri/airflow/airflow_env/lib/python3.10/site-packages/airflow/example_dags/example_setup_teardown.py
[2023-06-01T10:08:29.035+0300] {processor.py:826} INFO - Processing file /home/mutwiri/airflow/airflow_env/lib/python3.10/site-packages/airflow/example_dags/example_setup_teardown.py for tasks to queue
[2023-06-01T10:08:29.036+0300] {logging_mixin.py:149} INFO - [2023-06-01T10:08:29.036+0300] {dagbag.py:541} INFO - Filling up the DagBag from /home/mutwiri/airflow/airflow_env/lib/python3.10/site-packages/airflow/example_dags/example_setup_teardown.py
[2023-06-01T10:08:29.038+0300] {processor.py:838} WARNING - No viable dags retrieved from /home/mutwiri/airflow/airflow_env/lib/python3.10/site-packages/airflow/example_dags/example_setup_teardown.py
[2023-06-01T10:08:29.050+0300] {processor.py:179} INFO - Processing /home/mutwiri/airflow/airflow_env/lib/python3.10/site-packages/airflow/example_dags/example_setup_teardown.py took 0.021 seconds
[2023-06-01T10:09:25.698+0300] {processor.py:157} INFO - Started process (PID=2088761) to work on /home/mutwiri/airflow/airflow_env/lib/python3.10/site-packages/airflow/example_dags/example_setup_teardown.py
[2023-06-01T10:09:25.716+0300] {processor.py:826} INFO - Processing file /home/mutwiri/airflow/airflow_env/lib/python3.10/site-packages/airflow/example_dags/example_setup_teardown.py for tasks to queue
[2023-06-01T10:09:25.717+0300] {logging_mixin.py:149} INFO - [2023-06-01T10:09:25.717+0300] {dagbag.py:541} INFO - Filling up the DagBag from /home/mutwiri/airflow/airflow_env/lib/python3.10/site-packages/airflow/example_dags/example_setup_teardown.py
[2023-06-01T10:09:25.720+0300] {processor.py:838} WARNING - No viable dags retrieved from /home/mutwiri/airflow/airflow_env/lib/python3.10/site-packages/airflow/example_dags/example_setup_teardown.py
[2023-06-01T10:09:25.740+0300] {processor.py:179} INFO - Processing /home/mutwiri/airflow/airflow_env/lib/python3.10/site-packages/airflow/example_dags/example_setup_teardown.py took 0.045 seconds
[2023-06-01T10:10:19.356+0300] {processor.py:157} INFO - Started process (PID=2089019) to work on /home/mutwiri/airflow/airflow_env/lib/python3.10/site-packages/airflow/example_dags/example_setup_teardown.py
[2023-06-01T10:10:19.358+0300] {processor.py:826} INFO - Processing file /home/mutwiri/airflow/airflow_env/lib/python3.10/site-packages/airflow/example_dags/example_setup_teardown.py for tasks to queue
[2023-06-01T10:10:19.359+0300] {logging_mixin.py:149} INFO - [2023-06-01T10:10:19.359+0300] {dagbag.py:541} INFO - Filling up the DagBag from /home/mutwiri/airflow/airflow_env/lib/python3.10/site-packages/airflow/example_dags/example_setup_teardown.py
[2023-06-01T10:10:19.361+0300] {processor.py:838} WARNING - No viable dags retrieved from /home/mutwiri/airflow/airflow_env/lib/python3.10/site-packages/airflow/example_dags/example_setup_teardown.py
[2023-06-01T10:10:19.372+0300] {processor.py:179} INFO - Processing /home/mutwiri/airflow/airflow_env/lib/python3.10/site-packages/airflow/example_dags/example_setup_teardown.py took 0.020 seconds
[2023-06-01T10:11:13.172+0300] {processor.py:157} INFO - Started process (PID=2089258) to work on /home/mutwiri/airflow/airflow_env/lib/python3.10/site-packages/airflow/example_dags/example_setup_teardown.py
[2023-06-01T10:11:13.175+0300] {processor.py:826} INFO - Processing file /home/mutwiri/airflow/airflow_env/lib/python3.10/site-packages/airflow/example_dags/example_setup_teardown.py for tasks to queue
[2023-06-01T10:11:13.176+0300] {logging_mixin.py:149} INFO - [2023-06-01T10:11:13.176+0300] {dagbag.py:541} INFO - Filling up the DagBag from /home/mutwiri/airflow/airflow_env/lib/python3.10/site-packages/airflow/example_dags/example_setup_teardown.py
[2023-06-01T10:11:13.178+0300] {processor.py:838} WARNING - No viable dags retrieved from /home/mutwiri/airflow/airflow_env/lib/python3.10/site-packages/airflow/example_dags/example_setup_teardown.py
[2023-06-01T10:11:13.189+0300] {processor.py:179} INFO - Processing /home/mutwiri/airflow/airflow_env/lib/python3.10/site-packages/airflow/example_dags/example_setup_teardown.py took 0.020 seconds
[2023-06-01T10:12:01.071+0300] {processor.py:157} INFO - Started process (PID=2089420) to work on /home/mutwiri/airflow/airflow_env/lib/python3.10/site-packages/airflow/example_dags/example_setup_teardown.py
[2023-06-01T10:12:01.087+0300] {processor.py:826} INFO - Processing file /home/mutwiri/airflow/airflow_env/lib/python3.10/site-packages/airflow/example_dags/example_setup_teardown.py for tasks to queue
[2023-06-01T10:12:01.088+0300] {logging_mixin.py:149} INFO - [2023-06-01T10:12:01.088+0300] {dagbag.py:541} INFO - Filling up the DagBag from /home/mutwiri/airflow/airflow_env/lib/python3.10/site-packages/airflow/example_dags/example_setup_teardown.py
[2023-06-01T10:12:01.090+0300] {processor.py:838} WARNING - No viable dags retrieved from /home/mutwiri/airflow/airflow_env/lib/python3.10/site-packages/airflow/example_dags/example_setup_teardown.py
[2023-06-01T10:12:01.100+0300] {processor.py:179} INFO - Processing /home/mutwiri/airflow/airflow_env/lib/python3.10/site-packages/airflow/example_dags/example_setup_teardown.py took 0.034 seconds
[2023-06-01T10:12:53.630+0300] {processor.py:157} INFO - Started process (PID=2089618) to work on /home/mutwiri/airflow/airflow_env/lib/python3.10/site-packages/airflow/example_dags/example_setup_teardown.py
[2023-06-01T10:12:53.649+0300] {processor.py:826} INFO - Processing file /home/mutwiri/airflow/airflow_env/lib/python3.10/site-packages/airflow/example_dags/example_setup_teardown.py for tasks to queue
[2023-06-01T10:12:53.650+0300] {logging_mixin.py:149} INFO - [2023-06-01T10:12:53.650+0300] {dagbag.py:541} INFO - Filling up the DagBag from /home/mutwiri/airflow/airflow_env/lib/python3.10/site-packages/airflow/example_dags/example_setup_teardown.py
[2023-06-01T10:12:53.654+0300] {processor.py:838} WARNING - No viable dags retrieved from /home/mutwiri/airflow/airflow_env/lib/python3.10/site-packages/airflow/example_dags/example_setup_teardown.py
[2023-06-01T10:12:53.675+0300] {processor.py:179} INFO - Processing /home/mutwiri/airflow/airflow_env/lib/python3.10/site-packages/airflow/example_dags/example_setup_teardown.py took 0.050 seconds
[2023-06-01T10:13:59.630+0300] {processor.py:157} INFO - Started process (PID=2089859) to work on /home/mutwiri/airflow/airflow_env/lib/python3.10/site-packages/airflow/example_dags/example_setup_teardown.py
[2023-06-01T10:13:59.631+0300] {processor.py:826} INFO - Processing file /home/mutwiri/airflow/airflow_env/lib/python3.10/site-packages/airflow/example_dags/example_setup_teardown.py for tasks to queue
[2023-06-01T10:13:59.632+0300] {logging_mixin.py:149} INFO - [2023-06-01T10:13:59.632+0300] {dagbag.py:541} INFO - Filling up the DagBag from /home/mutwiri/airflow/airflow_env/lib/python3.10/site-packages/airflow/example_dags/example_setup_teardown.py
[2023-06-01T10:13:59.634+0300] {processor.py:838} WARNING - No viable dags retrieved from /home/mutwiri/airflow/airflow_env/lib/python3.10/site-packages/airflow/example_dags/example_setup_teardown.py
[2023-06-01T10:13:59.648+0300] {processor.py:179} INFO - Processing /home/mutwiri/airflow/airflow_env/lib/python3.10/site-packages/airflow/example_dags/example_setup_teardown.py took 0.023 seconds
[2023-06-01T10:14:49.782+0300] {processor.py:157} INFO - Started process (PID=2089940) to work on /home/mutwiri/airflow/airflow_env/lib/python3.10/site-packages/airflow/example_dags/example_setup_teardown.py
[2023-06-01T10:14:49.794+0300] {processor.py:826} INFO - Processing file /home/mutwiri/airflow/airflow_env/lib/python3.10/site-packages/airflow/example_dags/example_setup_teardown.py for tasks to queue
[2023-06-01T10:14:49.796+0300] {logging_mixin.py:149} INFO - [2023-06-01T10:14:49.796+0300] {dagbag.py:541} INFO - Filling up the DagBag from /home/mutwiri/airflow/airflow_env/lib/python3.10/site-packages/airflow/example_dags/example_setup_teardown.py
[2023-06-01T10:14:49.801+0300] {processor.py:838} WARNING - No viable dags retrieved from /home/mutwiri/airflow/airflow_env/lib/python3.10/site-packages/airflow/example_dags/example_setup_teardown.py
[2023-06-01T10:14:49.819+0300] {processor.py:179} INFO - Processing /home/mutwiri/airflow/airflow_env/lib/python3.10/site-packages/airflow/example_dags/example_setup_teardown.py took 0.042 seconds
