[2023-06-01T10:05:24.118+0300] {processor.py:157} INFO - Started process (PID=2087961) to work on /home/mutwiri/airflow/airflow_env/lib/python3.10/site-packages/airflow/example_dags/example_task_group_decorator.py
[2023-06-01T10:05:24.118+0300] {processor.py:826} INFO - Processing file /home/mutwiri/airflow/airflow_env/lib/python3.10/site-packages/airflow/example_dags/example_task_group_decorator.py for tasks to queue
[2023-06-01T10:05:24.119+0300] {logging_mixin.py:149} INFO - [2023-06-01T10:05:24.119+0300] {dagbag.py:541} INFO - Filling up the DagBag from /home/mutwiri/airflow/airflow_env/lib/python3.10/site-packages/airflow/example_dags/example_task_group_decorator.py
[2023-06-01T10:05:24.137+0300] {processor.py:836} INFO - DAG(s) dict_keys(['example_task_group_decorator']) retrieved from /home/mutwiri/airflow/airflow_env/lib/python3.10/site-packages/airflow/example_dags/example_task_group_decorator.py
[2023-06-01T10:05:24.315+0300] {logging_mixin.py:149} INFO - [2023-06-01T10:05:24.314+0300] {dag.py:2726} INFO - Sync 1 DAGs
[2023-06-01T10:05:24.785+0300] {logging_mixin.py:149} INFO - [2023-06-01T10:05:24.784+0300] {dag.py:2747} INFO - Creating ORM DAG for example_task_group_decorator
[2023-06-01T10:05:25.773+0300] {logging_mixin.py:149} INFO - [2023-06-01T10:05:25.772+0300] {dag.py:3486} INFO - Setting next_dagrun for example_task_group_decorator to 2023-05-31T07:05:25.771243+00:00, run_after=2023-06-01T07:05:25.771243+00:00
[2023-06-01T10:05:26.230+0300] {processor.py:179} INFO - Processing /home/mutwiri/airflow/airflow_env/lib/python3.10/site-packages/airflow/example_dags/example_task_group_decorator.py took 2.115 seconds
[2023-06-01T10:07:10.015+0300] {processor.py:157} INFO - Started process (PID=2088548) to work on /home/mutwiri/airflow/airflow_env/lib/python3.10/site-packages/airflow/example_dags/example_task_group_decorator.py
[2023-06-01T10:07:10.029+0300] {processor.py:826} INFO - Processing file /home/mutwiri/airflow/airflow_env/lib/python3.10/site-packages/airflow/example_dags/example_task_group_decorator.py for tasks to queue
[2023-06-01T10:07:10.030+0300] {logging_mixin.py:149} INFO - [2023-06-01T10:07:10.030+0300] {dagbag.py:541} INFO - Filling up the DagBag from /home/mutwiri/airflow/airflow_env/lib/python3.10/site-packages/airflow/example_dags/example_task_group_decorator.py
[2023-06-01T10:07:10.045+0300] {processor.py:836} INFO - DAG(s) dict_keys(['example_task_group_decorator']) retrieved from /home/mutwiri/airflow/airflow_env/lib/python3.10/site-packages/airflow/example_dags/example_task_group_decorator.py
[2023-06-01T10:07:10.068+0300] {logging_mixin.py:149} INFO - [2023-06-01T10:07:10.068+0300] {dag.py:2726} INFO - Sync 1 DAGs
[2023-06-01T10:07:10.087+0300] {logging_mixin.py:149} INFO - [2023-06-01T10:07:10.087+0300] {dag.py:3486} INFO - Setting next_dagrun for example_task_group_decorator to 2023-05-31T07:07:10.087392+00:00, run_after=2023-06-01T07:07:10.087392+00:00
[2023-06-01T10:07:10.225+0300] {processor.py:179} INFO - Processing /home/mutwiri/airflow/airflow_env/lib/python3.10/site-packages/airflow/example_dags/example_task_group_decorator.py took 0.213 seconds
[2023-06-01T10:08:04.082+0300] {processor.py:157} INFO - Started process (PID=2088623) to work on /home/mutwiri/airflow/airflow_env/lib/python3.10/site-packages/airflow/example_dags/example_task_group_decorator.py
[2023-06-01T10:08:04.096+0300] {processor.py:826} INFO - Processing file /home/mutwiri/airflow/airflow_env/lib/python3.10/site-packages/airflow/example_dags/example_task_group_decorator.py for tasks to queue
[2023-06-01T10:08:04.097+0300] {logging_mixin.py:149} INFO - [2023-06-01T10:08:04.097+0300] {dagbag.py:541} INFO - Filling up the DagBag from /home/mutwiri/airflow/airflow_env/lib/python3.10/site-packages/airflow/example_dags/example_task_group_decorator.py
[2023-06-01T10:08:04.116+0300] {processor.py:836} INFO - DAG(s) dict_keys(['example_task_group_decorator']) retrieved from /home/mutwiri/airflow/airflow_env/lib/python3.10/site-packages/airflow/example_dags/example_task_group_decorator.py
[2023-06-01T10:08:04.143+0300] {logging_mixin.py:149} INFO - [2023-06-01T10:08:04.143+0300] {dag.py:2726} INFO - Sync 1 DAGs
[2023-06-01T10:08:04.278+0300] {logging_mixin.py:149} INFO - [2023-06-01T10:08:04.278+0300] {dag.py:3486} INFO - Setting next_dagrun for example_task_group_decorator to 2023-05-31T07:08:04.278439+00:00, run_after=2023-06-01T07:08:04.278439+00:00
[2023-06-01T10:08:04.387+0300] {processor.py:179} INFO - Processing /home/mutwiri/airflow/airflow_env/lib/python3.10/site-packages/airflow/example_dags/example_task_group_decorator.py took 0.309 seconds
[2023-06-01T10:09:01.997+0300] {processor.py:157} INFO - Started process (PID=2088689) to work on /home/mutwiri/airflow/airflow_env/lib/python3.10/site-packages/airflow/example_dags/example_task_group_decorator.py
[2023-06-01T10:09:01.999+0300] {processor.py:826} INFO - Processing file /home/mutwiri/airflow/airflow_env/lib/python3.10/site-packages/airflow/example_dags/example_task_group_decorator.py for tasks to queue
[2023-06-01T10:09:02.001+0300] {logging_mixin.py:149} INFO - [2023-06-01T10:09:02.000+0300] {dagbag.py:541} INFO - Filling up the DagBag from /home/mutwiri/airflow/airflow_env/lib/python3.10/site-packages/airflow/example_dags/example_task_group_decorator.py
[2023-06-01T10:09:02.039+0300] {processor.py:836} INFO - DAG(s) dict_keys(['example_task_group_decorator']) retrieved from /home/mutwiri/airflow/airflow_env/lib/python3.10/site-packages/airflow/example_dags/example_task_group_decorator.py
[2023-06-01T10:09:02.209+0300] {logging_mixin.py:149} INFO - [2023-06-01T10:09:02.209+0300] {dag.py:2726} INFO - Sync 1 DAGs
[2023-06-01T10:09:02.228+0300] {logging_mixin.py:149} INFO - [2023-06-01T10:09:02.228+0300] {dag.py:3486} INFO - Setting next_dagrun for example_task_group_decorator to 2023-05-31T07:09:02.228134+00:00, run_after=2023-06-01T07:09:02.228134+00:00
[2023-06-01T10:09:02.371+0300] {processor.py:179} INFO - Processing /home/mutwiri/airflow/airflow_env/lib/python3.10/site-packages/airflow/example_dags/example_task_group_decorator.py took 0.381 seconds
[2023-06-01T10:09:56.573+0300] {processor.py:157} INFO - Started process (PID=2088891) to work on /home/mutwiri/airflow/airflow_env/lib/python3.10/site-packages/airflow/example_dags/example_task_group_decorator.py
[2023-06-01T10:09:56.575+0300] {processor.py:826} INFO - Processing file /home/mutwiri/airflow/airflow_env/lib/python3.10/site-packages/airflow/example_dags/example_task_group_decorator.py for tasks to queue
[2023-06-01T10:09:56.575+0300] {logging_mixin.py:149} INFO - [2023-06-01T10:09:56.575+0300] {dagbag.py:541} INFO - Filling up the DagBag from /home/mutwiri/airflow/airflow_env/lib/python3.10/site-packages/airflow/example_dags/example_task_group_decorator.py
[2023-06-01T10:09:56.591+0300] {processor.py:836} INFO - DAG(s) dict_keys(['example_task_group_decorator']) retrieved from /home/mutwiri/airflow/airflow_env/lib/python3.10/site-packages/airflow/example_dags/example_task_group_decorator.py
[2023-06-01T10:09:56.617+0300] {logging_mixin.py:149} INFO - [2023-06-01T10:09:56.616+0300] {dag.py:2726} INFO - Sync 1 DAGs
[2023-06-01T10:09:56.639+0300] {logging_mixin.py:149} INFO - [2023-06-01T10:09:56.639+0300] {dag.py:3486} INFO - Setting next_dagrun for example_task_group_decorator to 2023-05-31T07:09:56.639305+00:00, run_after=2023-06-01T07:09:56.639305+00:00
[2023-06-01T10:09:56.743+0300] {processor.py:179} INFO - Processing /home/mutwiri/airflow/airflow_env/lib/python3.10/site-packages/airflow/example_dags/example_task_group_decorator.py took 0.175 seconds
[2023-06-01T10:10:46.431+0300] {processor.py:157} INFO - Started process (PID=2089153) to work on /home/mutwiri/airflow/airflow_env/lib/python3.10/site-packages/airflow/example_dags/example_task_group_decorator.py
[2023-06-01T10:10:46.433+0300] {processor.py:826} INFO - Processing file /home/mutwiri/airflow/airflow_env/lib/python3.10/site-packages/airflow/example_dags/example_task_group_decorator.py for tasks to queue
[2023-06-01T10:10:46.435+0300] {logging_mixin.py:149} INFO - [2023-06-01T10:10:46.434+0300] {dagbag.py:541} INFO - Filling up the DagBag from /home/mutwiri/airflow/airflow_env/lib/python3.10/site-packages/airflow/example_dags/example_task_group_decorator.py
[2023-06-01T10:10:46.461+0300] {processor.py:836} INFO - DAG(s) dict_keys(['example_task_group_decorator']) retrieved from /home/mutwiri/airflow/airflow_env/lib/python3.10/site-packages/airflow/example_dags/example_task_group_decorator.py
[2023-06-01T10:10:46.503+0300] {logging_mixin.py:149} INFO - [2023-06-01T10:10:46.502+0300] {dag.py:2726} INFO - Sync 1 DAGs
[2023-06-01T10:10:46.538+0300] {logging_mixin.py:149} INFO - [2023-06-01T10:10:46.538+0300] {dag.py:3486} INFO - Setting next_dagrun for example_task_group_decorator to 2023-05-31T07:10:46.538087+00:00, run_after=2023-06-01T07:10:46.538087+00:00
[2023-06-01T10:10:46.648+0300] {processor.py:179} INFO - Processing /home/mutwiri/airflow/airflow_env/lib/python3.10/site-packages/airflow/example_dags/example_task_group_decorator.py took 0.222 seconds
[2023-06-01T10:11:34.709+0300] {processor.py:157} INFO - Started process (PID=2089326) to work on /home/mutwiri/airflow/airflow_env/lib/python3.10/site-packages/airflow/example_dags/example_task_group_decorator.py
[2023-06-01T10:11:34.711+0300] {processor.py:826} INFO - Processing file /home/mutwiri/airflow/airflow_env/lib/python3.10/site-packages/airflow/example_dags/example_task_group_decorator.py for tasks to queue
[2023-06-01T10:11:34.711+0300] {logging_mixin.py:149} INFO - [2023-06-01T10:11:34.711+0300] {dagbag.py:541} INFO - Filling up the DagBag from /home/mutwiri/airflow/airflow_env/lib/python3.10/site-packages/airflow/example_dags/example_task_group_decorator.py
[2023-06-01T10:11:34.726+0300] {processor.py:836} INFO - DAG(s) dict_keys(['example_task_group_decorator']) retrieved from /home/mutwiri/airflow/airflow_env/lib/python3.10/site-packages/airflow/example_dags/example_task_group_decorator.py
[2023-06-01T10:11:34.751+0300] {logging_mixin.py:149} INFO - [2023-06-01T10:11:34.750+0300] {dag.py:2726} INFO - Sync 1 DAGs
[2023-06-01T10:11:34.774+0300] {logging_mixin.py:149} INFO - [2023-06-01T10:11:34.773+0300] {dag.py:3486} INFO - Setting next_dagrun for example_task_group_decorator to 2023-05-31T07:11:34.773657+00:00, run_after=2023-06-01T07:11:34.773657+00:00
[2023-06-01T10:11:34.917+0300] {processor.py:179} INFO - Processing /home/mutwiri/airflow/airflow_env/lib/python3.10/site-packages/airflow/example_dags/example_task_group_decorator.py took 0.213 seconds
[2023-06-01T10:12:22.888+0300] {processor.py:157} INFO - Started process (PID=2089498) to work on /home/mutwiri/airflow/airflow_env/lib/python3.10/site-packages/airflow/example_dags/example_task_group_decorator.py
[2023-06-01T10:12:22.890+0300] {processor.py:826} INFO - Processing file /home/mutwiri/airflow/airflow_env/lib/python3.10/site-packages/airflow/example_dags/example_task_group_decorator.py for tasks to queue
[2023-06-01T10:12:22.891+0300] {logging_mixin.py:149} INFO - [2023-06-01T10:12:22.890+0300] {dagbag.py:541} INFO - Filling up the DagBag from /home/mutwiri/airflow/airflow_env/lib/python3.10/site-packages/airflow/example_dags/example_task_group_decorator.py
[2023-06-01T10:12:22.909+0300] {processor.py:836} INFO - DAG(s) dict_keys(['example_task_group_decorator']) retrieved from /home/mutwiri/airflow/airflow_env/lib/python3.10/site-packages/airflow/example_dags/example_task_group_decorator.py
[2023-06-01T10:12:22.942+0300] {logging_mixin.py:149} INFO - [2023-06-01T10:12:22.941+0300] {dag.py:2726} INFO - Sync 1 DAGs
[2023-06-01T10:12:22.969+0300] {logging_mixin.py:149} INFO - [2023-06-01T10:12:22.969+0300] {dag.py:3486} INFO - Setting next_dagrun for example_task_group_decorator to 2023-05-31T07:12:22.968567+00:00, run_after=2023-06-01T07:12:22.968567+00:00
[2023-06-01T10:12:23.121+0300] {processor.py:179} INFO - Processing /home/mutwiri/airflow/airflow_env/lib/python3.10/site-packages/airflow/example_dags/example_task_group_decorator.py took 0.239 seconds
[2023-06-01T10:13:27.509+0300] {processor.py:157} INFO - Started process (PID=2089798) to work on /home/mutwiri/airflow/airflow_env/lib/python3.10/site-packages/airflow/example_dags/example_task_group_decorator.py
[2023-06-01T10:13:27.512+0300] {processor.py:826} INFO - Processing file /home/mutwiri/airflow/airflow_env/lib/python3.10/site-packages/airflow/example_dags/example_task_group_decorator.py for tasks to queue
[2023-06-01T10:13:27.515+0300] {logging_mixin.py:149} INFO - [2023-06-01T10:13:27.514+0300] {dagbag.py:541} INFO - Filling up the DagBag from /home/mutwiri/airflow/airflow_env/lib/python3.10/site-packages/airflow/example_dags/example_task_group_decorator.py
[2023-06-01T10:13:27.551+0300] {processor.py:836} INFO - DAG(s) dict_keys(['example_task_group_decorator']) retrieved from /home/mutwiri/airflow/airflow_env/lib/python3.10/site-packages/airflow/example_dags/example_task_group_decorator.py
[2023-06-01T10:13:27.581+0300] {logging_mixin.py:149} INFO - [2023-06-01T10:13:27.580+0300] {dag.py:2726} INFO - Sync 1 DAGs
[2023-06-01T10:13:27.601+0300] {logging_mixin.py:149} INFO - [2023-06-01T10:13:27.601+0300] {dag.py:3486} INFO - Setting next_dagrun for example_task_group_decorator to 2023-05-31T07:13:27.601268+00:00, run_after=2023-06-01T07:13:27.601268+00:00
[2023-06-01T10:13:27.682+0300] {processor.py:179} INFO - Processing /home/mutwiri/airflow/airflow_env/lib/python3.10/site-packages/airflow/example_dags/example_task_group_decorator.py took 0.188 seconds
[2023-06-01T10:14:20.033+0300] {processor.py:157} INFO - Started process (PID=2089882) to work on /home/mutwiri/airflow/airflow_env/lib/python3.10/site-packages/airflow/example_dags/example_task_group_decorator.py
[2023-06-01T10:14:20.035+0300] {processor.py:826} INFO - Processing file /home/mutwiri/airflow/airflow_env/lib/python3.10/site-packages/airflow/example_dags/example_task_group_decorator.py for tasks to queue
[2023-06-01T10:14:20.035+0300] {logging_mixin.py:149} INFO - [2023-06-01T10:14:20.035+0300] {dagbag.py:541} INFO - Filling up the DagBag from /home/mutwiri/airflow/airflow_env/lib/python3.10/site-packages/airflow/example_dags/example_task_group_decorator.py
[2023-06-01T10:14:20.051+0300] {processor.py:836} INFO - DAG(s) dict_keys(['example_task_group_decorator']) retrieved from /home/mutwiri/airflow/airflow_env/lib/python3.10/site-packages/airflow/example_dags/example_task_group_decorator.py
[2023-06-01T10:14:20.075+0300] {logging_mixin.py:149} INFO - [2023-06-01T10:14:20.075+0300] {dag.py:2726} INFO - Sync 1 DAGs
[2023-06-01T10:14:20.096+0300] {logging_mixin.py:149} INFO - [2023-06-01T10:14:20.096+0300] {dag.py:3486} INFO - Setting next_dagrun for example_task_group_decorator to 2023-05-31T07:14:20.096130+00:00, run_after=2023-06-01T07:14:20.096130+00:00
[2023-06-01T10:14:20.236+0300] {processor.py:179} INFO - Processing /home/mutwiri/airflow/airflow_env/lib/python3.10/site-packages/airflow/example_dags/example_task_group_decorator.py took 0.206 seconds
[2023-06-01T10:15:07.488+0300] {processor.py:157} INFO - Started process (PID=2089979) to work on /home/mutwiri/airflow/airflow_env/lib/python3.10/site-packages/airflow/example_dags/example_task_group_decorator.py
[2023-06-01T10:15:07.489+0300] {processor.py:826} INFO - Processing file /home/mutwiri/airflow/airflow_env/lib/python3.10/site-packages/airflow/example_dags/example_task_group_decorator.py for tasks to queue
[2023-06-01T10:15:07.490+0300] {logging_mixin.py:149} INFO - [2023-06-01T10:15:07.490+0300] {dagbag.py:541} INFO - Filling up the DagBag from /home/mutwiri/airflow/airflow_env/lib/python3.10/site-packages/airflow/example_dags/example_task_group_decorator.py
[2023-06-01T10:15:07.505+0300] {processor.py:836} INFO - DAG(s) dict_keys(['example_task_group_decorator']) retrieved from /home/mutwiri/airflow/airflow_env/lib/python3.10/site-packages/airflow/example_dags/example_task_group_decorator.py
[2023-06-01T10:15:07.528+0300] {logging_mixin.py:149} INFO - [2023-06-01T10:15:07.528+0300] {dag.py:2726} INFO - Sync 1 DAGs
[2023-06-01T10:15:07.548+0300] {logging_mixin.py:149} INFO - [2023-06-01T10:15:07.548+0300] {dag.py:3486} INFO - Setting next_dagrun for example_task_group_decorator to 2023-05-31T07:15:07.548110+00:00, run_after=2023-06-01T07:15:07.548110+00:00
[2023-06-01T10:15:07.704+0300] {processor.py:179} INFO - Processing /home/mutwiri/airflow/airflow_env/lib/python3.10/site-packages/airflow/example_dags/example_task_group_decorator.py took 0.220 seconds
