[2023-06-01T10:06:58.363+0300] {processor.py:157} INFO - Started process (PID=2088506) to work on /home/mutwiri/airflow/airflow_env/lib/python3.10/site-packages/airflow/example_dags/example_branch_operator_decorator.py
[2023-06-01T10:06:58.364+0300] {processor.py:826} INFO - Processing file /home/mutwiri/airflow/airflow_env/lib/python3.10/site-packages/airflow/example_dags/example_branch_operator_decorator.py for tasks to queue
[2023-06-01T10:06:58.365+0300] {logging_mixin.py:149} INFO - [2023-06-01T10:06:58.365+0300] {dagbag.py:541} INFO - Filling up the DagBag from /home/mutwiri/airflow/airflow_env/lib/python3.10/site-packages/airflow/example_dags/example_branch_operator_decorator.py
[2023-06-01T10:06:58.375+0300] {processor.py:836} INFO - DAG(s) dict_keys(['example_branch_python_operator_decorator']) retrieved from /home/mutwiri/airflow/airflow_env/lib/python3.10/site-packages/airflow/example_dags/example_branch_operator_decorator.py
[2023-06-01T10:06:58.400+0300] {logging_mixin.py:149} INFO - [2023-06-01T10:06:58.400+0300] {dag.py:2726} INFO - Sync 1 DAGs
[2023-06-01T10:06:58.422+0300] {logging_mixin.py:149} INFO - [2023-06-01T10:06:58.422+0300] {dag.py:3486} INFO - Setting next_dagrun for example_branch_python_operator_decorator to 2023-05-31T00:00:00+00:00, run_after=2023-06-01T00:00:00+00:00
[2023-06-01T10:06:58.537+0300] {processor.py:179} INFO - Processing /home/mutwiri/airflow/airflow_env/lib/python3.10/site-packages/airflow/example_dags/example_branch_operator_decorator.py took 0.177 seconds
[2023-06-01T10:07:52.903+0300] {processor.py:157} INFO - Started process (PID=2088609) to work on /home/mutwiri/airflow/airflow_env/lib/python3.10/site-packages/airflow/example_dags/example_branch_operator_decorator.py
[2023-06-01T10:07:52.916+0300] {processor.py:826} INFO - Processing file /home/mutwiri/airflow/airflow_env/lib/python3.10/site-packages/airflow/example_dags/example_branch_operator_decorator.py for tasks to queue
[2023-06-01T10:07:52.920+0300] {logging_mixin.py:149} INFO - [2023-06-01T10:07:52.919+0300] {dagbag.py:541} INFO - Filling up the DagBag from /home/mutwiri/airflow/airflow_env/lib/python3.10/site-packages/airflow/example_dags/example_branch_operator_decorator.py
[2023-06-01T10:07:52.951+0300] {processor.py:836} INFO - DAG(s) dict_keys(['example_branch_python_operator_decorator']) retrieved from /home/mutwiri/airflow/airflow_env/lib/python3.10/site-packages/airflow/example_dags/example_branch_operator_decorator.py
[2023-06-01T10:07:52.976+0300] {logging_mixin.py:149} INFO - [2023-06-01T10:07:52.976+0300] {dag.py:2726} INFO - Sync 1 DAGs
[2023-06-01T10:07:53.113+0300] {logging_mixin.py:149} INFO - [2023-06-01T10:07:53.113+0300] {dag.py:3486} INFO - Setting next_dagrun for example_branch_python_operator_decorator to 2023-05-31T00:00:00+00:00, run_after=2023-06-01T00:00:00+00:00
[2023-06-01T10:07:53.227+0300] {processor.py:179} INFO - Processing /home/mutwiri/airflow/airflow_env/lib/python3.10/site-packages/airflow/example_dags/example_branch_operator_decorator.py took 0.328 seconds
[2023-06-01T10:08:51.413+0300] {processor.py:157} INFO - Started process (PID=2088671) to work on /home/mutwiri/airflow/airflow_env/lib/python3.10/site-packages/airflow/example_dags/example_branch_operator_decorator.py
[2023-06-01T10:08:51.414+0300] {processor.py:826} INFO - Processing file /home/mutwiri/airflow/airflow_env/lib/python3.10/site-packages/airflow/example_dags/example_branch_operator_decorator.py for tasks to queue
[2023-06-01T10:08:51.415+0300] {logging_mixin.py:149} INFO - [2023-06-01T10:08:51.415+0300] {dagbag.py:541} INFO - Filling up the DagBag from /home/mutwiri/airflow/airflow_env/lib/python3.10/site-packages/airflow/example_dags/example_branch_operator_decorator.py
[2023-06-01T10:08:51.427+0300] {processor.py:836} INFO - DAG(s) dict_keys(['example_branch_python_operator_decorator']) retrieved from /home/mutwiri/airflow/airflow_env/lib/python3.10/site-packages/airflow/example_dags/example_branch_operator_decorator.py
[2023-06-01T10:08:51.569+0300] {logging_mixin.py:149} INFO - [2023-06-01T10:08:51.569+0300] {dag.py:2726} INFO - Sync 1 DAGs
[2023-06-01T10:08:51.594+0300] {logging_mixin.py:149} INFO - [2023-06-01T10:08:51.594+0300] {dag.py:3486} INFO - Setting next_dagrun for example_branch_python_operator_decorator to 2023-05-31T00:00:00+00:00, run_after=2023-06-01T00:00:00+00:00
[2023-06-01T10:08:51.722+0300] {processor.py:179} INFO - Processing /home/mutwiri/airflow/airflow_env/lib/python3.10/site-packages/airflow/example_dags/example_branch_operator_decorator.py took 0.313 seconds
[2023-06-01T10:09:46.346+0300] {processor.py:157} INFO - Started process (PID=2088842) to work on /home/mutwiri/airflow/airflow_env/lib/python3.10/site-packages/airflow/example_dags/example_branch_operator_decorator.py
[2023-06-01T10:09:46.358+0300] {processor.py:826} INFO - Processing file /home/mutwiri/airflow/airflow_env/lib/python3.10/site-packages/airflow/example_dags/example_branch_operator_decorator.py for tasks to queue
[2023-06-01T10:09:46.359+0300] {logging_mixin.py:149} INFO - [2023-06-01T10:09:46.359+0300] {dagbag.py:541} INFO - Filling up the DagBag from /home/mutwiri/airflow/airflow_env/lib/python3.10/site-packages/airflow/example_dags/example_branch_operator_decorator.py
[2023-06-01T10:09:46.372+0300] {processor.py:836} INFO - DAG(s) dict_keys(['example_branch_python_operator_decorator']) retrieved from /home/mutwiri/airflow/airflow_env/lib/python3.10/site-packages/airflow/example_dags/example_branch_operator_decorator.py
[2023-06-01T10:09:46.396+0300] {logging_mixin.py:149} INFO - [2023-06-01T10:09:46.396+0300] {dag.py:2726} INFO - Sync 1 DAGs
[2023-06-01T10:09:46.422+0300] {logging_mixin.py:149} INFO - [2023-06-01T10:09:46.422+0300] {dag.py:3486} INFO - Setting next_dagrun for example_branch_python_operator_decorator to 2023-05-31T00:00:00+00:00, run_after=2023-06-01T00:00:00+00:00
[2023-06-01T10:09:46.541+0300] {processor.py:179} INFO - Processing /home/mutwiri/airflow/airflow_env/lib/python3.10/site-packages/airflow/example_dags/example_branch_operator_decorator.py took 0.199 seconds
[2023-06-01T10:11:00.745+0300] {processor.py:157} INFO - Started process (PID=2089202) to work on /home/mutwiri/airflow/airflow_env/lib/python3.10/site-packages/airflow/example_dags/example_branch_operator_decorator.py
[2023-06-01T10:11:00.762+0300] {processor.py:826} INFO - Processing file /home/mutwiri/airflow/airflow_env/lib/python3.10/site-packages/airflow/example_dags/example_branch_operator_decorator.py for tasks to queue
[2023-06-01T10:11:00.764+0300] {logging_mixin.py:149} INFO - [2023-06-01T10:11:00.763+0300] {dagbag.py:541} INFO - Filling up the DagBag from /home/mutwiri/airflow/airflow_env/lib/python3.10/site-packages/airflow/example_dags/example_branch_operator_decorator.py
[2023-06-01T10:11:00.797+0300] {processor.py:836} INFO - DAG(s) dict_keys(['example_branch_python_operator_decorator']) retrieved from /home/mutwiri/airflow/airflow_env/lib/python3.10/site-packages/airflow/example_dags/example_branch_operator_decorator.py
[2023-06-01T10:11:00.849+0300] {logging_mixin.py:149} INFO - [2023-06-01T10:11:00.849+0300] {dag.py:2726} INFO - Sync 1 DAGs
[2023-06-01T10:11:00.876+0300] {logging_mixin.py:149} INFO - [2023-06-01T10:11:00.875+0300] {dag.py:3486} INFO - Setting next_dagrun for example_branch_python_operator_decorator to 2023-05-31T00:00:00+00:00, run_after=2023-06-01T00:00:00+00:00
[2023-06-01T10:11:00.978+0300] {processor.py:179} INFO - Processing /home/mutwiri/airflow/airflow_env/lib/python3.10/site-packages/airflow/example_dags/example_branch_operator_decorator.py took 0.244 seconds
[2023-06-01T10:12:15.420+0300] {processor.py:157} INFO - Started process (PID=2089455) to work on /home/mutwiri/airflow/airflow_env/lib/python3.10/site-packages/airflow/example_dags/example_branch_operator_decorator.py
[2023-06-01T10:12:15.441+0300] {processor.py:826} INFO - Processing file /home/mutwiri/airflow/airflow_env/lib/python3.10/site-packages/airflow/example_dags/example_branch_operator_decorator.py for tasks to queue
[2023-06-01T10:12:15.443+0300] {logging_mixin.py:149} INFO - [2023-06-01T10:12:15.443+0300] {dagbag.py:541} INFO - Filling up the DagBag from /home/mutwiri/airflow/airflow_env/lib/python3.10/site-packages/airflow/example_dags/example_branch_operator_decorator.py
[2023-06-01T10:12:15.471+0300] {processor.py:836} INFO - DAG(s) dict_keys(['example_branch_python_operator_decorator']) retrieved from /home/mutwiri/airflow/airflow_env/lib/python3.10/site-packages/airflow/example_dags/example_branch_operator_decorator.py
[2023-06-01T10:12:15.495+0300] {logging_mixin.py:149} INFO - [2023-06-01T10:12:15.494+0300] {dag.py:2726} INFO - Sync 1 DAGs
[2023-06-01T10:12:15.515+0300] {logging_mixin.py:149} INFO - [2023-06-01T10:12:15.515+0300] {dag.py:3486} INFO - Setting next_dagrun for example_branch_python_operator_decorator to 2023-05-31T00:00:00+00:00, run_after=2023-06-01T00:00:00+00:00
[2023-06-01T10:12:15.634+0300] {processor.py:179} INFO - Processing /home/mutwiri/airflow/airflow_env/lib/python3.10/site-packages/airflow/example_dags/example_branch_operator_decorator.py took 0.217 seconds
[2023-06-01T10:13:43.907+0300] {processor.py:157} INFO - Started process (PID=2089846) to work on /home/mutwiri/airflow/airflow_env/lib/python3.10/site-packages/airflow/example_dags/example_branch_operator_decorator.py
[2023-06-01T10:13:43.909+0300] {processor.py:826} INFO - Processing file /home/mutwiri/airflow/airflow_env/lib/python3.10/site-packages/airflow/example_dags/example_branch_operator_decorator.py for tasks to queue
[2023-06-01T10:13:43.910+0300] {logging_mixin.py:149} INFO - [2023-06-01T10:13:43.910+0300] {dagbag.py:541} INFO - Filling up the DagBag from /home/mutwiri/airflow/airflow_env/lib/python3.10/site-packages/airflow/example_dags/example_branch_operator_decorator.py
[2023-06-01T10:13:43.926+0300] {processor.py:836} INFO - DAG(s) dict_keys(['example_branch_python_operator_decorator']) retrieved from /home/mutwiri/airflow/airflow_env/lib/python3.10/site-packages/airflow/example_dags/example_branch_operator_decorator.py
[2023-06-01T10:13:43.948+0300] {logging_mixin.py:149} INFO - [2023-06-01T10:13:43.948+0300] {dag.py:2726} INFO - Sync 1 DAGs
[2023-06-01T10:13:43.969+0300] {logging_mixin.py:149} INFO - [2023-06-01T10:13:43.969+0300] {dag.py:3486} INFO - Setting next_dagrun for example_branch_python_operator_decorator to 2023-05-31T00:00:00+00:00, run_after=2023-06-01T00:00:00+00:00
[2023-06-01T10:13:44.093+0300] {processor.py:179} INFO - Processing /home/mutwiri/airflow/airflow_env/lib/python3.10/site-packages/airflow/example_dags/example_branch_operator_decorator.py took 0.192 seconds
[2023-06-01T10:14:38.120+0300] {processor.py:157} INFO - Started process (PID=2089930) to work on /home/mutwiri/airflow/airflow_env/lib/python3.10/site-packages/airflow/example_dags/example_branch_operator_decorator.py
[2023-06-01T10:14:38.136+0300] {processor.py:826} INFO - Processing file /home/mutwiri/airflow/airflow_env/lib/python3.10/site-packages/airflow/example_dags/example_branch_operator_decorator.py for tasks to queue
[2023-06-01T10:14:38.137+0300] {logging_mixin.py:149} INFO - [2023-06-01T10:14:38.136+0300] {dagbag.py:541} INFO - Filling up the DagBag from /home/mutwiri/airflow/airflow_env/lib/python3.10/site-packages/airflow/example_dags/example_branch_operator_decorator.py
[2023-06-01T10:14:38.147+0300] {processor.py:836} INFO - DAG(s) dict_keys(['example_branch_python_operator_decorator']) retrieved from /home/mutwiri/airflow/airflow_env/lib/python3.10/site-packages/airflow/example_dags/example_branch_operator_decorator.py
[2023-06-01T10:14:38.169+0300] {logging_mixin.py:149} INFO - [2023-06-01T10:14:38.169+0300] {dag.py:2726} INFO - Sync 1 DAGs
[2023-06-01T10:14:38.190+0300] {logging_mixin.py:149} INFO - [2023-06-01T10:14:38.190+0300] {dag.py:3486} INFO - Setting next_dagrun for example_branch_python_operator_decorator to 2023-05-31T00:00:00+00:00, run_after=2023-06-01T00:00:00+00:00
[2023-06-01T10:14:38.307+0300] {processor.py:179} INFO - Processing /home/mutwiri/airflow/airflow_env/lib/python3.10/site-packages/airflow/example_dags/example_branch_operator_decorator.py took 0.191 seconds
