[2023-06-01T10:06:37.742+0300] {processor.py:157} INFO - Started process (PID=2088424) to work on /home/mutwiri/airflow/airflow_env/lib/python3.10/site-packages/airflow/example_dags/example_dynamic_task_mapping.py
[2023-06-01T10:06:37.743+0300] {processor.py:826} INFO - Processing file /home/mutwiri/airflow/airflow_env/lib/python3.10/site-packages/airflow/example_dags/example_dynamic_task_mapping.py for tasks to queue
[2023-06-01T10:06:37.744+0300] {logging_mixin.py:149} INFO - [2023-06-01T10:06:37.744+0300] {dagbag.py:541} INFO - Filling up the DagBag from /home/mutwiri/airflow/airflow_env/lib/python3.10/site-packages/airflow/example_dags/example_dynamic_task_mapping.py
[2023-06-01T10:06:37.753+0300] {processor.py:836} INFO - DAG(s) dict_keys(['example_dynamic_task_mapping']) retrieved from /home/mutwiri/airflow/airflow_env/lib/python3.10/site-packages/airflow/example_dags/example_dynamic_task_mapping.py
[2023-06-01T10:06:37.776+0300] {logging_mixin.py:149} INFO - [2023-06-01T10:06:37.776+0300] {dag.py:2726} INFO - Sync 1 DAGs
[2023-06-01T10:06:37.800+0300] {logging_mixin.py:149} INFO - [2023-06-01T10:06:37.800+0300] {dag.py:3486} INFO - Setting next_dagrun for example_dynamic_task_mapping to 2022-03-04T00:00:00+00:00, run_after=2022-03-05T00:00:00+00:00
[2023-06-01T10:06:38.031+0300] {processor.py:179} INFO - Processing /home/mutwiri/airflow/airflow_env/lib/python3.10/site-packages/airflow/example_dags/example_dynamic_task_mapping.py took 0.295 seconds
[2023-06-01T10:07:35.245+0300] {processor.py:157} INFO - Started process (PID=2088577) to work on /home/mutwiri/airflow/airflow_env/lib/python3.10/site-packages/airflow/example_dags/example_dynamic_task_mapping.py
[2023-06-01T10:07:35.247+0300] {processor.py:826} INFO - Processing file /home/mutwiri/airflow/airflow_env/lib/python3.10/site-packages/airflow/example_dags/example_dynamic_task_mapping.py for tasks to queue
[2023-06-01T10:07:35.247+0300] {logging_mixin.py:149} INFO - [2023-06-01T10:07:35.247+0300] {dagbag.py:541} INFO - Filling up the DagBag from /home/mutwiri/airflow/airflow_env/lib/python3.10/site-packages/airflow/example_dags/example_dynamic_task_mapping.py
[2023-06-01T10:07:35.256+0300] {processor.py:836} INFO - DAG(s) dict_keys(['example_dynamic_task_mapping']) retrieved from /home/mutwiri/airflow/airflow_env/lib/python3.10/site-packages/airflow/example_dags/example_dynamic_task_mapping.py
[2023-06-01T10:07:35.276+0300] {logging_mixin.py:149} INFO - [2023-06-01T10:07:35.276+0300] {dag.py:2726} INFO - Sync 1 DAGs
[2023-06-01T10:07:35.295+0300] {logging_mixin.py:149} INFO - [2023-06-01T10:07:35.295+0300] {dag.py:3486} INFO - Setting next_dagrun for example_dynamic_task_mapping to 2022-03-04T00:00:00+00:00, run_after=2022-03-05T00:00:00+00:00
[2023-06-01T10:07:35.517+0300] {processor.py:179} INFO - Processing /home/mutwiri/airflow/airflow_env/lib/python3.10/site-packages/airflow/example_dags/example_dynamic_task_mapping.py took 0.275 seconds
[2023-06-01T10:08:33.018+0300] {processor.py:157} INFO - Started process (PID=2088657) to work on /home/mutwiri/airflow/airflow_env/lib/python3.10/site-packages/airflow/example_dags/example_dynamic_task_mapping.py
[2023-06-01T10:08:33.019+0300] {processor.py:826} INFO - Processing file /home/mutwiri/airflow/airflow_env/lib/python3.10/site-packages/airflow/example_dags/example_dynamic_task_mapping.py for tasks to queue
[2023-06-01T10:08:33.020+0300] {logging_mixin.py:149} INFO - [2023-06-01T10:08:33.020+0300] {dagbag.py:541} INFO - Filling up the DagBag from /home/mutwiri/airflow/airflow_env/lib/python3.10/site-packages/airflow/example_dags/example_dynamic_task_mapping.py
[2023-06-01T10:08:33.028+0300] {processor.py:836} INFO - DAG(s) dict_keys(['example_dynamic_task_mapping']) retrieved from /home/mutwiri/airflow/airflow_env/lib/python3.10/site-packages/airflow/example_dags/example_dynamic_task_mapping.py
[2023-06-01T10:08:33.052+0300] {logging_mixin.py:149} INFO - [2023-06-01T10:08:33.052+0300] {dag.py:2726} INFO - Sync 1 DAGs
[2023-06-01T10:08:33.195+0300] {logging_mixin.py:149} INFO - [2023-06-01T10:08:33.195+0300] {dag.py:3486} INFO - Setting next_dagrun for example_dynamic_task_mapping to 2022-03-04T00:00:00+00:00, run_after=2022-03-05T00:00:00+00:00
[2023-06-01T10:08:33.437+0300] {processor.py:179} INFO - Processing /home/mutwiri/airflow/airflow_env/lib/python3.10/site-packages/airflow/example_dags/example_dynamic_task_mapping.py took 0.423 seconds
[2023-06-01T10:09:29.910+0300] {processor.py:157} INFO - Started process (PID=2088778) to work on /home/mutwiri/airflow/airflow_env/lib/python3.10/site-packages/airflow/example_dags/example_dynamic_task_mapping.py
[2023-06-01T10:09:29.921+0300] {processor.py:826} INFO - Processing file /home/mutwiri/airflow/airflow_env/lib/python3.10/site-packages/airflow/example_dags/example_dynamic_task_mapping.py for tasks to queue
[2023-06-01T10:09:29.922+0300] {logging_mixin.py:149} INFO - [2023-06-01T10:09:29.922+0300] {dagbag.py:541} INFO - Filling up the DagBag from /home/mutwiri/airflow/airflow_env/lib/python3.10/site-packages/airflow/example_dags/example_dynamic_task_mapping.py
[2023-06-01T10:09:29.930+0300] {processor.py:836} INFO - DAG(s) dict_keys(['example_dynamic_task_mapping']) retrieved from /home/mutwiri/airflow/airflow_env/lib/python3.10/site-packages/airflow/example_dags/example_dynamic_task_mapping.py
[2023-06-01T10:09:29.949+0300] {logging_mixin.py:149} INFO - [2023-06-01T10:09:29.949+0300] {dag.py:2726} INFO - Sync 1 DAGs
[2023-06-01T10:09:29.968+0300] {logging_mixin.py:149} INFO - [2023-06-01T10:09:29.968+0300] {dag.py:3486} INFO - Setting next_dagrun for example_dynamic_task_mapping to 2022-03-04T00:00:00+00:00, run_after=2022-03-05T00:00:00+00:00
[2023-06-01T10:09:30.093+0300] {processor.py:179} INFO - Processing /home/mutwiri/airflow/airflow_env/lib/python3.10/site-packages/airflow/example_dags/example_dynamic_task_mapping.py took 0.186 seconds
[2023-06-01T10:10:24.439+0300] {processor.py:157} INFO - Started process (PID=2089035) to work on /home/mutwiri/airflow/airflow_env/lib/python3.10/site-packages/airflow/example_dags/example_dynamic_task_mapping.py
[2023-06-01T10:10:24.453+0300] {processor.py:826} INFO - Processing file /home/mutwiri/airflow/airflow_env/lib/python3.10/site-packages/airflow/example_dags/example_dynamic_task_mapping.py for tasks to queue
[2023-06-01T10:10:24.454+0300] {logging_mixin.py:149} INFO - [2023-06-01T10:10:24.454+0300] {dagbag.py:541} INFO - Filling up the DagBag from /home/mutwiri/airflow/airflow_env/lib/python3.10/site-packages/airflow/example_dags/example_dynamic_task_mapping.py
[2023-06-01T10:10:24.469+0300] {processor.py:836} INFO - DAG(s) dict_keys(['example_dynamic_task_mapping']) retrieved from /home/mutwiri/airflow/airflow_env/lib/python3.10/site-packages/airflow/example_dags/example_dynamic_task_mapping.py
[2023-06-01T10:10:24.492+0300] {logging_mixin.py:149} INFO - [2023-06-01T10:10:24.492+0300] {dag.py:2726} INFO - Sync 1 DAGs
[2023-06-01T10:10:24.515+0300] {logging_mixin.py:149} INFO - [2023-06-01T10:10:24.515+0300] {dag.py:3486} INFO - Setting next_dagrun for example_dynamic_task_mapping to 2022-03-04T00:00:00+00:00, run_after=2022-03-05T00:00:00+00:00
[2023-06-01T10:10:24.634+0300] {processor.py:179} INFO - Processing /home/mutwiri/airflow/airflow_env/lib/python3.10/site-packages/airflow/example_dags/example_dynamic_task_mapping.py took 0.201 seconds
[2023-06-01T10:11:17.176+0300] {processor.py:157} INFO - Started process (PID=2089265) to work on /home/mutwiri/airflow/airflow_env/lib/python3.10/site-packages/airflow/example_dags/example_dynamic_task_mapping.py
[2023-06-01T10:11:17.177+0300] {processor.py:826} INFO - Processing file /home/mutwiri/airflow/airflow_env/lib/python3.10/site-packages/airflow/example_dags/example_dynamic_task_mapping.py for tasks to queue
[2023-06-01T10:11:17.177+0300] {logging_mixin.py:149} INFO - [2023-06-01T10:11:17.177+0300] {dagbag.py:541} INFO - Filling up the DagBag from /home/mutwiri/airflow/airflow_env/lib/python3.10/site-packages/airflow/example_dags/example_dynamic_task_mapping.py
[2023-06-01T10:11:17.185+0300] {processor.py:836} INFO - DAG(s) dict_keys(['example_dynamic_task_mapping']) retrieved from /home/mutwiri/airflow/airflow_env/lib/python3.10/site-packages/airflow/example_dags/example_dynamic_task_mapping.py
[2023-06-01T10:11:17.205+0300] {logging_mixin.py:149} INFO - [2023-06-01T10:11:17.204+0300] {dag.py:2726} INFO - Sync 1 DAGs
[2023-06-01T10:11:17.226+0300] {logging_mixin.py:149} INFO - [2023-06-01T10:11:17.226+0300] {dag.py:3486} INFO - Setting next_dagrun for example_dynamic_task_mapping to 2022-03-04T00:00:00+00:00, run_after=2022-03-05T00:00:00+00:00
[2023-06-01T10:11:17.343+0300] {processor.py:179} INFO - Processing /home/mutwiri/airflow/airflow_env/lib/python3.10/site-packages/airflow/example_dags/example_dynamic_task_mapping.py took 0.171 seconds
[2023-06-01T10:12:06.163+0300] {processor.py:157} INFO - Started process (PID=2089424) to work on /home/mutwiri/airflow/airflow_env/lib/python3.10/site-packages/airflow/example_dags/example_dynamic_task_mapping.py
[2023-06-01T10:12:06.181+0300] {processor.py:826} INFO - Processing file /home/mutwiri/airflow/airflow_env/lib/python3.10/site-packages/airflow/example_dags/example_dynamic_task_mapping.py for tasks to queue
[2023-06-01T10:12:06.183+0300] {logging_mixin.py:149} INFO - [2023-06-01T10:12:06.183+0300] {dagbag.py:541} INFO - Filling up the DagBag from /home/mutwiri/airflow/airflow_env/lib/python3.10/site-packages/airflow/example_dags/example_dynamic_task_mapping.py
[2023-06-01T10:12:06.209+0300] {processor.py:836} INFO - DAG(s) dict_keys(['example_dynamic_task_mapping']) retrieved from /home/mutwiri/airflow/airflow_env/lib/python3.10/site-packages/airflow/example_dags/example_dynamic_task_mapping.py
[2023-06-01T10:12:06.234+0300] {logging_mixin.py:149} INFO - [2023-06-01T10:12:06.234+0300] {dag.py:2726} INFO - Sync 1 DAGs
[2023-06-01T10:12:06.258+0300] {logging_mixin.py:149} INFO - [2023-06-01T10:12:06.258+0300] {dag.py:3486} INFO - Setting next_dagrun for example_dynamic_task_mapping to 2022-03-04T00:00:00+00:00, run_after=2022-03-05T00:00:00+00:00
[2023-06-01T10:12:06.375+0300] {processor.py:179} INFO - Processing /home/mutwiri/airflow/airflow_env/lib/python3.10/site-packages/airflow/example_dags/example_dynamic_task_mapping.py took 0.225 seconds
[2023-06-01T10:12:57.617+0300] {processor.py:157} INFO - Started process (PID=2089624) to work on /home/mutwiri/airflow/airflow_env/lib/python3.10/site-packages/airflow/example_dags/example_dynamic_task_mapping.py
[2023-06-01T10:12:57.624+0300] {processor.py:826} INFO - Processing file /home/mutwiri/airflow/airflow_env/lib/python3.10/site-packages/airflow/example_dags/example_dynamic_task_mapping.py for tasks to queue
[2023-06-01T10:12:57.627+0300] {logging_mixin.py:149} INFO - [2023-06-01T10:12:57.626+0300] {dagbag.py:541} INFO - Filling up the DagBag from /home/mutwiri/airflow/airflow_env/lib/python3.10/site-packages/airflow/example_dags/example_dynamic_task_mapping.py
[2023-06-01T10:12:57.646+0300] {processor.py:836} INFO - DAG(s) dict_keys(['example_dynamic_task_mapping']) retrieved from /home/mutwiri/airflow/airflow_env/lib/python3.10/site-packages/airflow/example_dags/example_dynamic_task_mapping.py
[2023-06-01T10:12:57.668+0300] {logging_mixin.py:149} INFO - [2023-06-01T10:12:57.668+0300] {dag.py:2726} INFO - Sync 1 DAGs
[2023-06-01T10:12:57.691+0300] {logging_mixin.py:149} INFO - [2023-06-01T10:12:57.691+0300] {dag.py:3486} INFO - Setting next_dagrun for example_dynamic_task_mapping to 2022-03-04T00:00:00+00:00, run_after=2022-03-05T00:00:00+00:00
[2023-06-01T10:12:57.803+0300] {processor.py:179} INFO - Processing /home/mutwiri/airflow/airflow_env/lib/python3.10/site-packages/airflow/example_dags/example_dynamic_task_mapping.py took 0.190 seconds
[2023-06-01T10:14:04.291+0300] {processor.py:157} INFO - Started process (PID=2089863) to work on /home/mutwiri/airflow/airflow_env/lib/python3.10/site-packages/airflow/example_dags/example_dynamic_task_mapping.py
[2023-06-01T10:14:04.293+0300] {processor.py:826} INFO - Processing file /home/mutwiri/airflow/airflow_env/lib/python3.10/site-packages/airflow/example_dags/example_dynamic_task_mapping.py for tasks to queue
[2023-06-01T10:14:04.294+0300] {logging_mixin.py:149} INFO - [2023-06-01T10:14:04.293+0300] {dagbag.py:541} INFO - Filling up the DagBag from /home/mutwiri/airflow/airflow_env/lib/python3.10/site-packages/airflow/example_dags/example_dynamic_task_mapping.py
[2023-06-01T10:14:04.304+0300] {processor.py:836} INFO - DAG(s) dict_keys(['example_dynamic_task_mapping']) retrieved from /home/mutwiri/airflow/airflow_env/lib/python3.10/site-packages/airflow/example_dags/example_dynamic_task_mapping.py
[2023-06-01T10:14:04.325+0300] {logging_mixin.py:149} INFO - [2023-06-01T10:14:04.324+0300] {dag.py:2726} INFO - Sync 1 DAGs
[2023-06-01T10:14:04.346+0300] {logging_mixin.py:149} INFO - [2023-06-01T10:14:04.346+0300] {dag.py:3486} INFO - Setting next_dagrun for example_dynamic_task_mapping to 2022-03-04T00:00:00+00:00, run_after=2022-03-05T00:00:00+00:00
[2023-06-01T10:14:04.464+0300] {processor.py:179} INFO - Processing /home/mutwiri/airflow/airflow_env/lib/python3.10/site-packages/airflow/example_dags/example_dynamic_task_mapping.py took 0.177 seconds
[2023-06-01T10:14:53.770+0300] {processor.py:157} INFO - Started process (PID=2089944) to work on /home/mutwiri/airflow/airflow_env/lib/python3.10/site-packages/airflow/example_dags/example_dynamic_task_mapping.py
[2023-06-01T10:14:53.780+0300] {processor.py:826} INFO - Processing file /home/mutwiri/airflow/airflow_env/lib/python3.10/site-packages/airflow/example_dags/example_dynamic_task_mapping.py for tasks to queue
[2023-06-01T10:14:53.782+0300] {logging_mixin.py:149} INFO - [2023-06-01T10:14:53.782+0300] {dagbag.py:541} INFO - Filling up the DagBag from /home/mutwiri/airflow/airflow_env/lib/python3.10/site-packages/airflow/example_dags/example_dynamic_task_mapping.py
[2023-06-01T10:14:53.793+0300] {processor.py:836} INFO - DAG(s) dict_keys(['example_dynamic_task_mapping']) retrieved from /home/mutwiri/airflow/airflow_env/lib/python3.10/site-packages/airflow/example_dags/example_dynamic_task_mapping.py
[2023-06-01T10:14:53.818+0300] {logging_mixin.py:149} INFO - [2023-06-01T10:14:53.818+0300] {dag.py:2726} INFO - Sync 1 DAGs
[2023-06-01T10:14:53.842+0300] {logging_mixin.py:149} INFO - [2023-06-01T10:14:53.842+0300] {dag.py:3486} INFO - Setting next_dagrun for example_dynamic_task_mapping to 2022-03-04T00:00:00+00:00, run_after=2022-03-05T00:00:00+00:00
[2023-06-01T10:14:53.976+0300] {processor.py:179} INFO - Processing /home/mutwiri/airflow/airflow_env/lib/python3.10/site-packages/airflow/example_dags/example_dynamic_task_mapping.py took 0.211 seconds
