[2023-06-01T10:05:42.845+0300] {processor.py:157} INFO - Started process (PID=2088078) to work on /home/mutwiri/airflow/airflow_env/lib/python3.10/site-packages/airflow/example_dags/example_xcomargs.py
[2023-06-01T10:05:42.847+0300] {processor.py:826} INFO - Processing file /home/mutwiri/airflow/airflow_env/lib/python3.10/site-packages/airflow/example_dags/example_xcomargs.py for tasks to queue
[2023-06-01T10:05:42.848+0300] {logging_mixin.py:149} INFO - [2023-06-01T10:05:42.848+0300] {dagbag.py:541} INFO - Filling up the DagBag from /home/mutwiri/airflow/airflow_env/lib/python3.10/site-packages/airflow/example_dags/example_xcomargs.py
[2023-06-01T10:05:42.863+0300] {processor.py:836} INFO - DAG(s) dict_keys(['example_xcom_args', 'example_xcom_args_with_operators']) retrieved from /home/mutwiri/airflow/airflow_env/lib/python3.10/site-packages/airflow/example_dags/example_xcomargs.py
[2023-06-01T10:05:42.877+0300] {logging_mixin.py:149} INFO - [2023-06-01T10:05:42.877+0300] {dag.py:2726} INFO - Sync 2 DAGs
[2023-06-01T10:05:42.913+0300] {logging_mixin.py:149} INFO - [2023-06-01T10:05:42.912+0300] {dag.py:3486} INFO - Setting next_dagrun for example_xcom_args to None, run_after=None
[2023-06-01T10:05:42.917+0300] {logging_mixin.py:149} INFO - [2023-06-01T10:05:42.917+0300] {dag.py:3486} INFO - Setting next_dagrun for example_xcom_args_with_operators to None, run_after=None
[2023-06-01T10:05:43.025+0300] {processor.py:179} INFO - Processing /home/mutwiri/airflow/airflow_env/lib/python3.10/site-packages/airflow/example_dags/example_xcomargs.py took 0.186 seconds
[2023-06-01T10:07:13.842+0300] {processor.py:157} INFO - Started process (PID=2088552) to work on /home/mutwiri/airflow/airflow_env/lib/python3.10/site-packages/airflow/example_dags/example_xcomargs.py
[2023-06-01T10:07:13.884+0300] {processor.py:826} INFO - Processing file /home/mutwiri/airflow/airflow_env/lib/python3.10/site-packages/airflow/example_dags/example_xcomargs.py for tasks to queue
[2023-06-01T10:07:13.885+0300] {logging_mixin.py:149} INFO - [2023-06-01T10:07:13.885+0300] {dagbag.py:541} INFO - Filling up the DagBag from /home/mutwiri/airflow/airflow_env/lib/python3.10/site-packages/airflow/example_dags/example_xcomargs.py
[2023-06-01T10:07:13.894+0300] {processor.py:836} INFO - DAG(s) dict_keys(['example_xcom_args', 'example_xcom_args_with_operators']) retrieved from /home/mutwiri/airflow/airflow_env/lib/python3.10/site-packages/airflow/example_dags/example_xcomargs.py
[2023-06-01T10:07:13.920+0300] {logging_mixin.py:149} INFO - [2023-06-01T10:07:13.920+0300] {dag.py:2726} INFO - Sync 2 DAGs
[2023-06-01T10:07:13.942+0300] {logging_mixin.py:149} INFO - [2023-06-01T10:07:13.942+0300] {dag.py:3486} INFO - Setting next_dagrun for example_xcom_args to None, run_after=None
[2023-06-01T10:07:13.945+0300] {logging_mixin.py:149} INFO - [2023-06-01T10:07:13.945+0300] {dag.py:3486} INFO - Setting next_dagrun for example_xcom_args_with_operators to None, run_after=None
[2023-06-01T10:07:14.059+0300] {processor.py:179} INFO - Processing /home/mutwiri/airflow/airflow_env/lib/python3.10/site-packages/airflow/example_dags/example_xcomargs.py took 0.223 seconds
[2023-06-01T10:08:08.041+0300] {processor.py:157} INFO - Started process (PID=2088627) to work on /home/mutwiri/airflow/airflow_env/lib/python3.10/site-packages/airflow/example_dags/example_xcomargs.py
[2023-06-01T10:08:08.061+0300] {processor.py:826} INFO - Processing file /home/mutwiri/airflow/airflow_env/lib/python3.10/site-packages/airflow/example_dags/example_xcomargs.py for tasks to queue
[2023-06-01T10:08:08.062+0300] {logging_mixin.py:149} INFO - [2023-06-01T10:08:08.062+0300] {dagbag.py:541} INFO - Filling up the DagBag from /home/mutwiri/airflow/airflow_env/lib/python3.10/site-packages/airflow/example_dags/example_xcomargs.py
[2023-06-01T10:08:08.071+0300] {processor.py:836} INFO - DAG(s) dict_keys(['example_xcom_args_with_operators', 'example_xcom_args']) retrieved from /home/mutwiri/airflow/airflow_env/lib/python3.10/site-packages/airflow/example_dags/example_xcomargs.py
[2023-06-01T10:08:08.100+0300] {logging_mixin.py:149} INFO - [2023-06-01T10:08:08.099+0300] {dag.py:2726} INFO - Sync 2 DAGs
[2023-06-01T10:08:08.235+0300] {logging_mixin.py:149} INFO - [2023-06-01T10:08:08.235+0300] {dag.py:3486} INFO - Setting next_dagrun for example_xcom_args to None, run_after=None
[2023-06-01T10:08:08.240+0300] {logging_mixin.py:149} INFO - [2023-06-01T10:08:08.239+0300] {dag.py:3486} INFO - Setting next_dagrun for example_xcom_args_with_operators to None, run_after=None
[2023-06-01T10:08:08.353+0300] {processor.py:179} INFO - Processing /home/mutwiri/airflow/airflow_env/lib/python3.10/site-packages/airflow/example_dags/example_xcomargs.py took 0.316 seconds
[2023-06-01T10:09:05.424+0300] {processor.py:157} INFO - Started process (PID=2088696) to work on /home/mutwiri/airflow/airflow_env/lib/python3.10/site-packages/airflow/example_dags/example_xcomargs.py
[2023-06-01T10:09:05.441+0300] {processor.py:826} INFO - Processing file /home/mutwiri/airflow/airflow_env/lib/python3.10/site-packages/airflow/example_dags/example_xcomargs.py for tasks to queue
[2023-06-01T10:09:05.442+0300] {logging_mixin.py:149} INFO - [2023-06-01T10:09:05.442+0300] {dagbag.py:541} INFO - Filling up the DagBag from /home/mutwiri/airflow/airflow_env/lib/python3.10/site-packages/airflow/example_dags/example_xcomargs.py
[2023-06-01T10:09:05.454+0300] {processor.py:836} INFO - DAG(s) dict_keys(['example_xcom_args_with_operators', 'example_xcom_args']) retrieved from /home/mutwiri/airflow/airflow_env/lib/python3.10/site-packages/airflow/example_dags/example_xcomargs.py
[2023-06-01T10:09:05.604+0300] {logging_mixin.py:149} INFO - [2023-06-01T10:09:05.603+0300] {dag.py:2726} INFO - Sync 2 DAGs
[2023-06-01T10:09:05.624+0300] {logging_mixin.py:149} INFO - [2023-06-01T10:09:05.624+0300] {dag.py:3486} INFO - Setting next_dagrun for example_xcom_args to None, run_after=None
[2023-06-01T10:09:05.627+0300] {logging_mixin.py:149} INFO - [2023-06-01T10:09:05.627+0300] {dag.py:3486} INFO - Setting next_dagrun for example_xcom_args_with_operators to None, run_after=None
[2023-06-01T10:09:05.751+0300] {processor.py:179} INFO - Processing /home/mutwiri/airflow/airflow_env/lib/python3.10/site-packages/airflow/example_dags/example_xcomargs.py took 0.332 seconds
[2023-06-01T10:10:00.564+0300] {processor.py:157} INFO - Started process (PID=2088901) to work on /home/mutwiri/airflow/airflow_env/lib/python3.10/site-packages/airflow/example_dags/example_xcomargs.py
[2023-06-01T10:10:00.568+0300] {processor.py:826} INFO - Processing file /home/mutwiri/airflow/airflow_env/lib/python3.10/site-packages/airflow/example_dags/example_xcomargs.py for tasks to queue
[2023-06-01T10:10:00.572+0300] {logging_mixin.py:149} INFO - [2023-06-01T10:10:00.571+0300] {dagbag.py:541} INFO - Filling up the DagBag from /home/mutwiri/airflow/airflow_env/lib/python3.10/site-packages/airflow/example_dags/example_xcomargs.py
[2023-06-01T10:10:00.610+0300] {processor.py:836} INFO - DAG(s) dict_keys(['example_xcom_args', 'example_xcom_args_with_operators']) retrieved from /home/mutwiri/airflow/airflow_env/lib/python3.10/site-packages/airflow/example_dags/example_xcomargs.py
[2023-06-01T10:10:00.650+0300] {logging_mixin.py:149} INFO - [2023-06-01T10:10:00.650+0300] {dag.py:2726} INFO - Sync 2 DAGs
[2023-06-01T10:10:00.674+0300] {logging_mixin.py:149} INFO - [2023-06-01T10:10:00.674+0300] {dag.py:3486} INFO - Setting next_dagrun for example_xcom_args to None, run_after=None
[2023-06-01T10:10:00.678+0300] {logging_mixin.py:149} INFO - [2023-06-01T10:10:00.678+0300] {dag.py:3486} INFO - Setting next_dagrun for example_xcom_args_with_operators to None, run_after=None
[2023-06-01T10:10:00.809+0300] {processor.py:179} INFO - Processing /home/mutwiri/airflow/airflow_env/lib/python3.10/site-packages/airflow/example_dags/example_xcomargs.py took 0.258 seconds
[2023-06-01T10:10:49.803+0300] {processor.py:157} INFO - Started process (PID=2089165) to work on /home/mutwiri/airflow/airflow_env/lib/python3.10/site-packages/airflow/example_dags/example_xcomargs.py
[2023-06-01T10:10:49.805+0300] {processor.py:826} INFO - Processing file /home/mutwiri/airflow/airflow_env/lib/python3.10/site-packages/airflow/example_dags/example_xcomargs.py for tasks to queue
[2023-06-01T10:10:49.805+0300] {logging_mixin.py:149} INFO - [2023-06-01T10:10:49.805+0300] {dagbag.py:541} INFO - Filling up the DagBag from /home/mutwiri/airflow/airflow_env/lib/python3.10/site-packages/airflow/example_dags/example_xcomargs.py
[2023-06-01T10:10:49.817+0300] {processor.py:836} INFO - DAG(s) dict_keys(['example_xcom_args', 'example_xcom_args_with_operators']) retrieved from /home/mutwiri/airflow/airflow_env/lib/python3.10/site-packages/airflow/example_dags/example_xcomargs.py
[2023-06-01T10:10:49.842+0300] {logging_mixin.py:149} INFO - [2023-06-01T10:10:49.842+0300] {dag.py:2726} INFO - Sync 2 DAGs
[2023-06-01T10:10:49.860+0300] {logging_mixin.py:149} INFO - [2023-06-01T10:10:49.860+0300] {dag.py:3486} INFO - Setting next_dagrun for example_xcom_args to None, run_after=None
[2023-06-01T10:10:49.863+0300] {logging_mixin.py:149} INFO - [2023-06-01T10:10:49.863+0300] {dag.py:3486} INFO - Setting next_dagrun for example_xcom_args_with_operators to None, run_after=None
[2023-06-01T10:10:49.988+0300] {processor.py:179} INFO - Processing /home/mutwiri/airflow/airflow_env/lib/python3.10/site-packages/airflow/example_dags/example_xcomargs.py took 0.190 seconds
[2023-06-01T10:11:37.894+0300] {processor.py:157} INFO - Started process (PID=2089333) to work on /home/mutwiri/airflow/airflow_env/lib/python3.10/site-packages/airflow/example_dags/example_xcomargs.py
[2023-06-01T10:11:37.898+0300] {processor.py:826} INFO - Processing file /home/mutwiri/airflow/airflow_env/lib/python3.10/site-packages/airflow/example_dags/example_xcomargs.py for tasks to queue
[2023-06-01T10:11:37.902+0300] {logging_mixin.py:149} INFO - [2023-06-01T10:11:37.901+0300] {dagbag.py:541} INFO - Filling up the DagBag from /home/mutwiri/airflow/airflow_env/lib/python3.10/site-packages/airflow/example_dags/example_xcomargs.py
[2023-06-01T10:11:37.940+0300] {processor.py:836} INFO - DAG(s) dict_keys(['example_xcom_args_with_operators', 'example_xcom_args']) retrieved from /home/mutwiri/airflow/airflow_env/lib/python3.10/site-packages/airflow/example_dags/example_xcomargs.py
[2023-06-01T10:11:38.000+0300] {logging_mixin.py:149} INFO - [2023-06-01T10:11:38.000+0300] {dag.py:2726} INFO - Sync 2 DAGs
[2023-06-01T10:11:38.026+0300] {logging_mixin.py:149} INFO - [2023-06-01T10:11:38.025+0300] {dag.py:3486} INFO - Setting next_dagrun for example_xcom_args to None, run_after=None
[2023-06-01T10:11:38.029+0300] {logging_mixin.py:149} INFO - [2023-06-01T10:11:38.028+0300] {dag.py:3486} INFO - Setting next_dagrun for example_xcom_args_with_operators to None, run_after=None
[2023-06-01T10:11:38.163+0300] {processor.py:179} INFO - Processing /home/mutwiri/airflow/airflow_env/lib/python3.10/site-packages/airflow/example_dags/example_xcomargs.py took 0.282 seconds
[2023-06-01T10:12:27.453+0300] {processor.py:157} INFO - Started process (PID=2089519) to work on /home/mutwiri/airflow/airflow_env/lib/python3.10/site-packages/airflow/example_dags/example_xcomargs.py
[2023-06-01T10:12:27.476+0300] {processor.py:826} INFO - Processing file /home/mutwiri/airflow/airflow_env/lib/python3.10/site-packages/airflow/example_dags/example_xcomargs.py for tasks to queue
[2023-06-01T10:12:27.478+0300] {logging_mixin.py:149} INFO - [2023-06-01T10:12:27.478+0300] {dagbag.py:541} INFO - Filling up the DagBag from /home/mutwiri/airflow/airflow_env/lib/python3.10/site-packages/airflow/example_dags/example_xcomargs.py
[2023-06-01T10:12:27.496+0300] {processor.py:836} INFO - DAG(s) dict_keys(['example_xcom_args_with_operators', 'example_xcom_args']) retrieved from /home/mutwiri/airflow/airflow_env/lib/python3.10/site-packages/airflow/example_dags/example_xcomargs.py
[2023-06-01T10:12:27.976+0300] {logging_mixin.py:149} INFO - [2023-06-01T10:12:27.976+0300] {dag.py:2726} INFO - Sync 2 DAGs
[2023-06-01T10:12:28.483+0300] {logging_mixin.py:149} INFO - [2023-06-01T10:12:28.482+0300] {dag.py:3486} INFO - Setting next_dagrun for example_xcom_args to None, run_after=None
[2023-06-01T10:12:28.504+0300] {logging_mixin.py:149} INFO - [2023-06-01T10:12:28.501+0300] {dag.py:3486} INFO - Setting next_dagrun for example_xcom_args_with_operators to None, run_after=None
[2023-06-01T10:12:29.312+0300] {processor.py:179} INFO - Processing /home/mutwiri/airflow/airflow_env/lib/python3.10/site-packages/airflow/example_dags/example_xcomargs.py took 1.865 seconds
[2023-06-01T10:13:31.443+0300] {processor.py:157} INFO - Started process (PID=2089831) to work on /home/mutwiri/airflow/airflow_env/lib/python3.10/site-packages/airflow/example_dags/example_xcomargs.py
[2023-06-01T10:13:31.457+0300] {processor.py:826} INFO - Processing file /home/mutwiri/airflow/airflow_env/lib/python3.10/site-packages/airflow/example_dags/example_xcomargs.py for tasks to queue
[2023-06-01T10:13:31.458+0300] {logging_mixin.py:149} INFO - [2023-06-01T10:13:31.457+0300] {dagbag.py:541} INFO - Filling up the DagBag from /home/mutwiri/airflow/airflow_env/lib/python3.10/site-packages/airflow/example_dags/example_xcomargs.py
[2023-06-01T10:13:31.467+0300] {processor.py:836} INFO - DAG(s) dict_keys(['example_xcom_args', 'example_xcom_args_with_operators']) retrieved from /home/mutwiri/airflow/airflow_env/lib/python3.10/site-packages/airflow/example_dags/example_xcomargs.py
[2023-06-01T10:13:31.493+0300] {logging_mixin.py:149} INFO - [2023-06-01T10:13:31.493+0300] {dag.py:2726} INFO - Sync 2 DAGs
[2023-06-01T10:13:31.519+0300] {logging_mixin.py:149} INFO - [2023-06-01T10:13:31.519+0300] {dag.py:3486} INFO - Setting next_dagrun for example_xcom_args to None, run_after=None
[2023-06-01T10:13:31.523+0300] {logging_mixin.py:149} INFO - [2023-06-01T10:13:31.523+0300] {dag.py:3486} INFO - Setting next_dagrun for example_xcom_args_with_operators to None, run_after=None
[2023-06-01T10:13:31.625+0300] {processor.py:179} INFO - Processing /home/mutwiri/airflow/airflow_env/lib/python3.10/site-packages/airflow/example_dags/example_xcomargs.py took 0.186 seconds
[2023-06-01T10:14:24.062+0300] {processor.py:157} INFO - Started process (PID=2089888) to work on /home/mutwiri/airflow/airflow_env/lib/python3.10/site-packages/airflow/example_dags/example_xcomargs.py
[2023-06-01T10:14:24.073+0300] {processor.py:826} INFO - Processing file /home/mutwiri/airflow/airflow_env/lib/python3.10/site-packages/airflow/example_dags/example_xcomargs.py for tasks to queue
[2023-06-01T10:14:24.074+0300] {logging_mixin.py:149} INFO - [2023-06-01T10:14:24.074+0300] {dagbag.py:541} INFO - Filling up the DagBag from /home/mutwiri/airflow/airflow_env/lib/python3.10/site-packages/airflow/example_dags/example_xcomargs.py
[2023-06-01T10:14:24.085+0300] {processor.py:836} INFO - DAG(s) dict_keys(['example_xcom_args_with_operators', 'example_xcom_args']) retrieved from /home/mutwiri/airflow/airflow_env/lib/python3.10/site-packages/airflow/example_dags/example_xcomargs.py
[2023-06-01T10:14:24.114+0300] {logging_mixin.py:149} INFO - [2023-06-01T10:14:24.114+0300] {dag.py:2726} INFO - Sync 2 DAGs
[2023-06-01T10:14:24.136+0300] {logging_mixin.py:149} INFO - [2023-06-01T10:14:24.136+0300] {dag.py:3486} INFO - Setting next_dagrun for example_xcom_args to None, run_after=None
[2023-06-01T10:14:24.139+0300] {logging_mixin.py:149} INFO - [2023-06-01T10:14:24.139+0300] {dag.py:3486} INFO - Setting next_dagrun for example_xcom_args_with_operators to None, run_after=None
[2023-06-01T10:14:24.249+0300] {processor.py:179} INFO - Processing /home/mutwiri/airflow/airflow_env/lib/python3.10/site-packages/airflow/example_dags/example_xcomargs.py took 0.191 seconds
[2023-06-01T10:15:10.367+0300] {processor.py:157} INFO - Started process (PID=2089997) to work on /home/mutwiri/airflow/airflow_env/lib/python3.10/site-packages/airflow/example_dags/example_xcomargs.py
[2023-06-01T10:15:10.381+0300] {processor.py:826} INFO - Processing file /home/mutwiri/airflow/airflow_env/lib/python3.10/site-packages/airflow/example_dags/example_xcomargs.py for tasks to queue
[2023-06-01T10:15:10.382+0300] {logging_mixin.py:149} INFO - [2023-06-01T10:15:10.382+0300] {dagbag.py:541} INFO - Filling up the DagBag from /home/mutwiri/airflow/airflow_env/lib/python3.10/site-packages/airflow/example_dags/example_xcomargs.py
[2023-06-01T10:15:10.397+0300] {processor.py:836} INFO - DAG(s) dict_keys(['example_xcom_args_with_operators', 'example_xcom_args']) retrieved from /home/mutwiri/airflow/airflow_env/lib/python3.10/site-packages/airflow/example_dags/example_xcomargs.py
[2023-06-01T10:15:10.422+0300] {logging_mixin.py:149} INFO - [2023-06-01T10:15:10.422+0300] {dag.py:2726} INFO - Sync 2 DAGs
[2023-06-01T10:15:10.442+0300] {logging_mixin.py:149} INFO - [2023-06-01T10:15:10.442+0300] {dag.py:3486} INFO - Setting next_dagrun for example_xcom_args to None, run_after=None
[2023-06-01T10:15:10.446+0300] {logging_mixin.py:149} INFO - [2023-06-01T10:15:10.446+0300] {dag.py:3486} INFO - Setting next_dagrun for example_xcom_args_with_operators to None, run_after=None
[2023-06-01T10:15:10.553+0300] {processor.py:179} INFO - Processing /home/mutwiri/airflow/airflow_env/lib/python3.10/site-packages/airflow/example_dags/example_xcomargs.py took 0.190 seconds
