[2023-06-01T10:06:01.943+0300] {processor.py:157} INFO - Started process (PID=2088173) to work on /home/mutwiri/airflow/airflow_env/lib/python3.10/site-packages/airflow/example_dags/example_xcom.py
[2023-06-01T10:06:01.944+0300] {processor.py:826} INFO - Processing file /home/mutwiri/airflow/airflow_env/lib/python3.10/site-packages/airflow/example_dags/example_xcom.py for tasks to queue
[2023-06-01T10:06:01.945+0300] {logging_mixin.py:149} INFO - [2023-06-01T10:06:01.945+0300] {dagbag.py:541} INFO - Filling up the DagBag from /home/mutwiri/airflow/airflow_env/lib/python3.10/site-packages/airflow/example_dags/example_xcom.py
[2023-06-01T10:06:01.967+0300] {processor.py:836} INFO - DAG(s) dict_keys(['example_xcom']) retrieved from /home/mutwiri/airflow/airflow_env/lib/python3.10/site-packages/airflow/example_dags/example_xcom.py
[2023-06-01T10:06:03.247+0300] {logging_mixin.py:149} INFO - [2023-06-01T10:06:03.247+0300] {dag.py:2726} INFO - Sync 1 DAGs
[2023-06-01T10:06:05.293+0300] {logging_mixin.py:149} INFO - [2023-06-01T10:06:05.293+0300] {dag.py:3486} INFO - Setting next_dagrun for example_xcom to 2021-01-01T00:00:00+00:00, run_after=2021-01-01T00:00:00+00:00
[2023-06-01T10:06:08.895+0300] {processor.py:179} INFO - Processing /home/mutwiri/airflow/airflow_env/lib/python3.10/site-packages/airflow/example_dags/example_xcom.py took 6.957 seconds
[2023-06-01T10:07:20.413+0300] {processor.py:157} INFO - Started process (PID=2088559) to work on /home/mutwiri/airflow/airflow_env/lib/python3.10/site-packages/airflow/example_dags/example_xcom.py
[2023-06-01T10:07:20.426+0300] {processor.py:826} INFO - Processing file /home/mutwiri/airflow/airflow_env/lib/python3.10/site-packages/airflow/example_dags/example_xcom.py for tasks to queue
[2023-06-01T10:07:20.427+0300] {logging_mixin.py:149} INFO - [2023-06-01T10:07:20.427+0300] {dagbag.py:541} INFO - Filling up the DagBag from /home/mutwiri/airflow/airflow_env/lib/python3.10/site-packages/airflow/example_dags/example_xcom.py
[2023-06-01T10:07:20.439+0300] {processor.py:836} INFO - DAG(s) dict_keys(['example_xcom']) retrieved from /home/mutwiri/airflow/airflow_env/lib/python3.10/site-packages/airflow/example_dags/example_xcom.py
[2023-06-01T10:07:20.462+0300] {logging_mixin.py:149} INFO - [2023-06-01T10:07:20.462+0300] {dag.py:2726} INFO - Sync 1 DAGs
[2023-06-01T10:07:20.481+0300] {logging_mixin.py:149} INFO - [2023-06-01T10:07:20.481+0300] {dag.py:3486} INFO - Setting next_dagrun for example_xcom to 2021-01-01T00:00:00+00:00, run_after=2021-01-01T00:00:00+00:00
[2023-06-01T10:07:20.610+0300] {processor.py:179} INFO - Processing /home/mutwiri/airflow/airflow_env/lib/python3.10/site-packages/airflow/example_dags/example_xcom.py took 0.202 seconds
[2023-06-01T10:08:16.166+0300] {processor.py:157} INFO - Started process (PID=2088633) to work on /home/mutwiri/airflow/airflow_env/lib/python3.10/site-packages/airflow/example_dags/example_xcom.py
[2023-06-01T10:08:16.186+0300] {processor.py:826} INFO - Processing file /home/mutwiri/airflow/airflow_env/lib/python3.10/site-packages/airflow/example_dags/example_xcom.py for tasks to queue
[2023-06-01T10:08:16.187+0300] {logging_mixin.py:149} INFO - [2023-06-01T10:08:16.187+0300] {dagbag.py:541} INFO - Filling up the DagBag from /home/mutwiri/airflow/airflow_env/lib/python3.10/site-packages/airflow/example_dags/example_xcom.py
[2023-06-01T10:08:16.198+0300] {processor.py:836} INFO - DAG(s) dict_keys(['example_xcom']) retrieved from /home/mutwiri/airflow/airflow_env/lib/python3.10/site-packages/airflow/example_dags/example_xcom.py
[2023-06-01T10:08:16.224+0300] {logging_mixin.py:149} INFO - [2023-06-01T10:08:16.224+0300] {dag.py:2726} INFO - Sync 1 DAGs
[2023-06-01T10:08:16.360+0300] {logging_mixin.py:149} INFO - [2023-06-01T10:08:16.359+0300] {dag.py:3486} INFO - Setting next_dagrun for example_xcom to 2021-01-01T00:00:00+00:00, run_after=2021-01-01T00:00:00+00:00
[2023-06-01T10:08:16.495+0300] {processor.py:179} INFO - Processing /home/mutwiri/airflow/airflow_env/lib/python3.10/site-packages/airflow/example_dags/example_xcom.py took 0.336 seconds
[2023-06-01T10:09:13.935+0300] {processor.py:157} INFO - Started process (PID=2088726) to work on /home/mutwiri/airflow/airflow_env/lib/python3.10/site-packages/airflow/example_dags/example_xcom.py
[2023-06-01T10:09:13.944+0300] {processor.py:826} INFO - Processing file /home/mutwiri/airflow/airflow_env/lib/python3.10/site-packages/airflow/example_dags/example_xcom.py for tasks to queue
[2023-06-01T10:09:13.945+0300] {logging_mixin.py:149} INFO - [2023-06-01T10:09:13.945+0300] {dagbag.py:541} INFO - Filling up the DagBag from /home/mutwiri/airflow/airflow_env/lib/python3.10/site-packages/airflow/example_dags/example_xcom.py
[2023-06-01T10:09:13.956+0300] {processor.py:836} INFO - DAG(s) dict_keys(['example_xcom']) retrieved from /home/mutwiri/airflow/airflow_env/lib/python3.10/site-packages/airflow/example_dags/example_xcom.py
[2023-06-01T10:09:14.092+0300] {logging_mixin.py:149} INFO - [2023-06-01T10:09:14.092+0300] {dag.py:2726} INFO - Sync 1 DAGs
[2023-06-01T10:09:14.112+0300] {logging_mixin.py:149} INFO - [2023-06-01T10:09:14.112+0300] {dag.py:3486} INFO - Setting next_dagrun for example_xcom to 2021-01-01T00:00:00+00:00, run_after=2021-01-01T00:00:00+00:00
[2023-06-01T10:09:14.405+0300] {processor.py:179} INFO - Processing /home/mutwiri/airflow/airflow_env/lib/python3.10/site-packages/airflow/example_dags/example_xcom.py took 0.474 seconds
[2023-06-01T10:10:07.471+0300] {processor.py:157} INFO - Started process (PID=2088936) to work on /home/mutwiri/airflow/airflow_env/lib/python3.10/site-packages/airflow/example_dags/example_xcom.py
[2023-06-01T10:10:07.479+0300] {processor.py:826} INFO - Processing file /home/mutwiri/airflow/airflow_env/lib/python3.10/site-packages/airflow/example_dags/example_xcom.py for tasks to queue
[2023-06-01T10:10:07.480+0300] {logging_mixin.py:149} INFO - [2023-06-01T10:10:07.480+0300] {dagbag.py:541} INFO - Filling up the DagBag from /home/mutwiri/airflow/airflow_env/lib/python3.10/site-packages/airflow/example_dags/example_xcom.py
[2023-06-01T10:10:07.490+0300] {processor.py:836} INFO - DAG(s) dict_keys(['example_xcom']) retrieved from /home/mutwiri/airflow/airflow_env/lib/python3.10/site-packages/airflow/example_dags/example_xcom.py
[2023-06-01T10:10:07.513+0300] {logging_mixin.py:149} INFO - [2023-06-01T10:10:07.513+0300] {dag.py:2726} INFO - Sync 1 DAGs
[2023-06-01T10:10:07.533+0300] {logging_mixin.py:149} INFO - [2023-06-01T10:10:07.533+0300] {dag.py:3486} INFO - Setting next_dagrun for example_xcom to 2021-01-01T00:00:00+00:00, run_after=2021-01-01T00:00:00+00:00
[2023-06-01T10:10:07.653+0300] {processor.py:179} INFO - Processing /home/mutwiri/airflow/airflow_env/lib/python3.10/site-packages/airflow/example_dags/example_xcom.py took 0.187 seconds
[2023-06-01T10:10:56.806+0300] {processor.py:157} INFO - Started process (PID=2089187) to work on /home/mutwiri/airflow/airflow_env/lib/python3.10/site-packages/airflow/example_dags/example_xcom.py
[2023-06-01T10:10:56.820+0300] {processor.py:826} INFO - Processing file /home/mutwiri/airflow/airflow_env/lib/python3.10/site-packages/airflow/example_dags/example_xcom.py for tasks to queue
[2023-06-01T10:10:56.822+0300] {logging_mixin.py:149} INFO - [2023-06-01T10:10:56.822+0300] {dagbag.py:541} INFO - Filling up the DagBag from /home/mutwiri/airflow/airflow_env/lib/python3.10/site-packages/airflow/example_dags/example_xcom.py
[2023-06-01T10:10:56.844+0300] {processor.py:836} INFO - DAG(s) dict_keys(['example_xcom']) retrieved from /home/mutwiri/airflow/airflow_env/lib/python3.10/site-packages/airflow/example_dags/example_xcom.py
[2023-06-01T10:10:56.869+0300] {logging_mixin.py:149} INFO - [2023-06-01T10:10:56.868+0300] {dag.py:2726} INFO - Sync 1 DAGs
[2023-06-01T10:10:56.887+0300] {logging_mixin.py:149} INFO - [2023-06-01T10:10:56.887+0300] {dag.py:3486} INFO - Setting next_dagrun for example_xcom to 2021-01-01T00:00:00+00:00, run_after=2021-01-01T00:00:00+00:00
[2023-06-01T10:10:57.007+0300] {processor.py:179} INFO - Processing /home/mutwiri/airflow/airflow_env/lib/python3.10/site-packages/airflow/example_dags/example_xcom.py took 0.205 seconds
[2023-06-01T10:11:46.121+0300] {processor.py:157} INFO - Started process (PID=2089366) to work on /home/mutwiri/airflow/airflow_env/lib/python3.10/site-packages/airflow/example_dags/example_xcom.py
[2023-06-01T10:11:46.126+0300] {processor.py:826} INFO - Processing file /home/mutwiri/airflow/airflow_env/lib/python3.10/site-packages/airflow/example_dags/example_xcom.py for tasks to queue
[2023-06-01T10:11:46.127+0300] {logging_mixin.py:149} INFO - [2023-06-01T10:11:46.126+0300] {dagbag.py:541} INFO - Filling up the DagBag from /home/mutwiri/airflow/airflow_env/lib/python3.10/site-packages/airflow/example_dags/example_xcom.py
[2023-06-01T10:11:46.139+0300] {processor.py:836} INFO - DAG(s) dict_keys(['example_xcom']) retrieved from /home/mutwiri/airflow/airflow_env/lib/python3.10/site-packages/airflow/example_dags/example_xcom.py
[2023-06-01T10:11:46.163+0300] {logging_mixin.py:149} INFO - [2023-06-01T10:11:46.163+0300] {dag.py:2726} INFO - Sync 1 DAGs
[2023-06-01T10:11:46.183+0300] {logging_mixin.py:149} INFO - [2023-06-01T10:11:46.182+0300] {dag.py:3486} INFO - Setting next_dagrun for example_xcom to 2021-01-01T00:00:00+00:00, run_after=2021-01-01T00:00:00+00:00
[2023-06-01T10:11:46.302+0300] {processor.py:179} INFO - Processing /home/mutwiri/airflow/airflow_env/lib/python3.10/site-packages/airflow/example_dags/example_xcom.py took 0.187 seconds
[2023-06-01T10:12:38.317+0300] {processor.py:157} INFO - Started process (PID=2089602) to work on /home/mutwiri/airflow/airflow_env/lib/python3.10/site-packages/airflow/example_dags/example_xcom.py
[2023-06-01T10:12:38.343+0300] {processor.py:826} INFO - Processing file /home/mutwiri/airflow/airflow_env/lib/python3.10/site-packages/airflow/example_dags/example_xcom.py for tasks to queue
[2023-06-01T10:12:38.345+0300] {logging_mixin.py:149} INFO - [2023-06-01T10:12:38.345+0300] {dagbag.py:541} INFO - Filling up the DagBag from /home/mutwiri/airflow/airflow_env/lib/python3.10/site-packages/airflow/example_dags/example_xcom.py
[2023-06-01T10:12:38.367+0300] {processor.py:836} INFO - DAG(s) dict_keys(['example_xcom']) retrieved from /home/mutwiri/airflow/airflow_env/lib/python3.10/site-packages/airflow/example_dags/example_xcom.py
[2023-06-01T10:12:38.393+0300] {logging_mixin.py:149} INFO - [2023-06-01T10:12:38.393+0300] {dag.py:2726} INFO - Sync 1 DAGs
[2023-06-01T10:12:38.413+0300] {logging_mixin.py:149} INFO - [2023-06-01T10:12:38.412+0300] {dag.py:3486} INFO - Setting next_dagrun for example_xcom to 2021-01-01T00:00:00+00:00, run_after=2021-01-01T00:00:00+00:00
[2023-06-01T10:12:38.532+0300] {processor.py:179} INFO - Processing /home/mutwiri/airflow/airflow_env/lib/python3.10/site-packages/airflow/example_dags/example_xcom.py took 0.220 seconds
[2023-06-01T10:13:38.163+0300] {processor.py:157} INFO - Started process (PID=2089840) to work on /home/mutwiri/airflow/airflow_env/lib/python3.10/site-packages/airflow/example_dags/example_xcom.py
[2023-06-01T10:13:38.165+0300] {processor.py:826} INFO - Processing file /home/mutwiri/airflow/airflow_env/lib/python3.10/site-packages/airflow/example_dags/example_xcom.py for tasks to queue
[2023-06-01T10:13:38.166+0300] {logging_mixin.py:149} INFO - [2023-06-01T10:13:38.165+0300] {dagbag.py:541} INFO - Filling up the DagBag from /home/mutwiri/airflow/airflow_env/lib/python3.10/site-packages/airflow/example_dags/example_xcom.py
[2023-06-01T10:13:38.173+0300] {processor.py:836} INFO - DAG(s) dict_keys(['example_xcom']) retrieved from /home/mutwiri/airflow/airflow_env/lib/python3.10/site-packages/airflow/example_dags/example_xcom.py
[2023-06-01T10:13:38.194+0300] {logging_mixin.py:149} INFO - [2023-06-01T10:13:38.194+0300] {dag.py:2726} INFO - Sync 1 DAGs
[2023-06-01T10:13:38.216+0300] {logging_mixin.py:149} INFO - [2023-06-01T10:13:38.216+0300] {dag.py:3486} INFO - Setting next_dagrun for example_xcom to 2021-01-01T00:00:00+00:00, run_after=2021-01-01T00:00:00+00:00
[2023-06-01T10:13:38.440+0300] {processor.py:179} INFO - Processing /home/mutwiri/airflow/airflow_env/lib/python3.10/site-packages/airflow/example_dags/example_xcom.py took 0.280 seconds
[2023-06-01T10:14:30.451+0300] {processor.py:157} INFO - Started process (PID=2089894) to work on /home/mutwiri/airflow/airflow_env/lib/python3.10/site-packages/airflow/example_dags/example_xcom.py
[2023-06-01T10:14:30.452+0300] {processor.py:826} INFO - Processing file /home/mutwiri/airflow/airflow_env/lib/python3.10/site-packages/airflow/example_dags/example_xcom.py for tasks to queue
[2023-06-01T10:14:30.454+0300] {logging_mixin.py:149} INFO - [2023-06-01T10:14:30.453+0300] {dagbag.py:541} INFO - Filling up the DagBag from /home/mutwiri/airflow/airflow_env/lib/python3.10/site-packages/airflow/example_dags/example_xcom.py
[2023-06-01T10:14:30.465+0300] {processor.py:836} INFO - DAG(s) dict_keys(['example_xcom']) retrieved from /home/mutwiri/airflow/airflow_env/lib/python3.10/site-packages/airflow/example_dags/example_xcom.py
[2023-06-01T10:14:30.489+0300] {logging_mixin.py:149} INFO - [2023-06-01T10:14:30.489+0300] {dag.py:2726} INFO - Sync 1 DAGs
[2023-06-01T10:14:30.512+0300] {logging_mixin.py:149} INFO - [2023-06-01T10:14:30.512+0300] {dag.py:3486} INFO - Setting next_dagrun for example_xcom to 2021-01-01T00:00:00+00:00, run_after=2021-01-01T00:00:00+00:00
[2023-06-01T10:14:30.611+0300] {processor.py:179} INFO - Processing /home/mutwiri/airflow/airflow_env/lib/python3.10/site-packages/airflow/example_dags/example_xcom.py took 0.168 seconds
[2023-06-01T10:15:16.842+0300] {processor.py:157} INFO - Started process (PID=2090013) to work on /home/mutwiri/airflow/airflow_env/lib/python3.10/site-packages/airflow/example_dags/example_xcom.py
[2023-06-01T10:15:16.843+0300] {processor.py:826} INFO - Processing file /home/mutwiri/airflow/airflow_env/lib/python3.10/site-packages/airflow/example_dags/example_xcom.py for tasks to queue
[2023-06-01T10:15:16.844+0300] {logging_mixin.py:149} INFO - [2023-06-01T10:15:16.844+0300] {dagbag.py:541} INFO - Filling up the DagBag from /home/mutwiri/airflow/airflow_env/lib/python3.10/site-packages/airflow/example_dags/example_xcom.py
[2023-06-01T10:15:16.853+0300] {processor.py:836} INFO - DAG(s) dict_keys(['example_xcom']) retrieved from /home/mutwiri/airflow/airflow_env/lib/python3.10/site-packages/airflow/example_dags/example_xcom.py
[2023-06-01T10:15:16.876+0300] {logging_mixin.py:149} INFO - [2023-06-01T10:15:16.876+0300] {dag.py:2726} INFO - Sync 1 DAGs
[2023-06-01T10:15:16.898+0300] {logging_mixin.py:149} INFO - [2023-06-01T10:15:16.898+0300] {dag.py:3486} INFO - Setting next_dagrun for example_xcom to 2021-01-01T00:00:00+00:00, run_after=2021-01-01T00:00:00+00:00
[2023-06-01T10:15:17.007+0300] {processor.py:179} INFO - Processing /home/mutwiri/airflow/airflow_env/lib/python3.10/site-packages/airflow/example_dags/example_xcom.py took 0.169 seconds
