[2023-06-01T10:06:57.766+0300] {processor.py:157} INFO - Started process (PID=2088490) to work on /home/mutwiri/airflow/airflow_env/lib/python3.10/site-packages/airflow/example_dags/example_branch_day_of_week_operator.py
[2023-06-01T10:06:57.767+0300] {processor.py:826} INFO - Processing file /home/mutwiri/airflow/airflow_env/lib/python3.10/site-packages/airflow/example_dags/example_branch_day_of_week_operator.py for tasks to queue
[2023-06-01T10:06:57.768+0300] {logging_mixin.py:149} INFO - [2023-06-01T10:06:57.768+0300] {dagbag.py:541} INFO - Filling up the DagBag from /home/mutwiri/airflow/airflow_env/lib/python3.10/site-packages/airflow/example_dags/example_branch_day_of_week_operator.py
[2023-06-01T10:06:57.782+0300] {processor.py:836} INFO - DAG(s) dict_keys(['example_weekday_branch_operator']) retrieved from /home/mutwiri/airflow/airflow_env/lib/python3.10/site-packages/airflow/example_dags/example_branch_day_of_week_operator.py
[2023-06-01T10:06:57.807+0300] {logging_mixin.py:149} INFO - [2023-06-01T10:06:57.807+0300] {dag.py:2726} INFO - Sync 1 DAGs
[2023-06-01T10:06:57.830+0300] {logging_mixin.py:149} INFO - [2023-06-01T10:06:57.829+0300] {dag.py:3486} INFO - Setting next_dagrun for example_weekday_branch_operator to 2023-05-31T00:00:00+00:00, run_after=2023-06-01T00:00:00+00:00
[2023-06-01T10:06:57.921+0300] {processor.py:179} INFO - Processing /home/mutwiri/airflow/airflow_env/lib/python3.10/site-packages/airflow/example_dags/example_branch_day_of_week_operator.py took 0.166 seconds
[2023-06-01T10:07:51.542+0300] {processor.py:157} INFO - Started process (PID=2088608) to work on /home/mutwiri/airflow/airflow_env/lib/python3.10/site-packages/airflow/example_dags/example_branch_day_of_week_operator.py
[2023-06-01T10:07:51.543+0300] {processor.py:826} INFO - Processing file /home/mutwiri/airflow/airflow_env/lib/python3.10/site-packages/airflow/example_dags/example_branch_day_of_week_operator.py for tasks to queue
[2023-06-01T10:07:51.545+0300] {logging_mixin.py:149} INFO - [2023-06-01T10:07:51.544+0300] {dagbag.py:541} INFO - Filling up the DagBag from /home/mutwiri/airflow/airflow_env/lib/python3.10/site-packages/airflow/example_dags/example_branch_day_of_week_operator.py
[2023-06-01T10:07:51.553+0300] {processor.py:836} INFO - DAG(s) dict_keys(['example_weekday_branch_operator']) retrieved from /home/mutwiri/airflow/airflow_env/lib/python3.10/site-packages/airflow/example_dags/example_branch_day_of_week_operator.py
[2023-06-01T10:07:51.576+0300] {logging_mixin.py:149} INFO - [2023-06-01T10:07:51.576+0300] {dag.py:2726} INFO - Sync 1 DAGs
[2023-06-01T10:07:51.599+0300] {logging_mixin.py:149} INFO - [2023-06-01T10:07:51.599+0300] {dag.py:3486} INFO - Setting next_dagrun for example_weekday_branch_operator to 2023-05-31T00:00:00+00:00, run_after=2023-06-01T00:00:00+00:00
[2023-06-01T10:07:51.820+0300] {processor.py:179} INFO - Processing /home/mutwiri/airflow/airflow_env/lib/python3.10/site-packages/airflow/example_dags/example_branch_day_of_week_operator.py took 0.282 seconds
[2023-06-01T10:08:49.832+0300] {processor.py:157} INFO - Started process (PID=2088670) to work on /home/mutwiri/airflow/airflow_env/lib/python3.10/site-packages/airflow/example_dags/example_branch_day_of_week_operator.py
[2023-06-01T10:08:49.839+0300] {processor.py:826} INFO - Processing file /home/mutwiri/airflow/airflow_env/lib/python3.10/site-packages/airflow/example_dags/example_branch_day_of_week_operator.py for tasks to queue
[2023-06-01T10:08:49.841+0300] {logging_mixin.py:149} INFO - [2023-06-01T10:08:49.841+0300] {dagbag.py:541} INFO - Filling up the DagBag from /home/mutwiri/airflow/airflow_env/lib/python3.10/site-packages/airflow/example_dags/example_branch_day_of_week_operator.py
[2023-06-01T10:08:49.860+0300] {processor.py:836} INFO - DAG(s) dict_keys(['example_weekday_branch_operator']) retrieved from /home/mutwiri/airflow/airflow_env/lib/python3.10/site-packages/airflow/example_dags/example_branch_day_of_week_operator.py
[2023-06-01T10:08:49.998+0300] {logging_mixin.py:149} INFO - [2023-06-01T10:08:49.998+0300] {dag.py:2726} INFO - Sync 1 DAGs
[2023-06-01T10:08:50.026+0300] {logging_mixin.py:149} INFO - [2023-06-01T10:08:50.026+0300] {dag.py:3486} INFO - Setting next_dagrun for example_weekday_branch_operator to 2023-05-31T00:00:00+00:00, run_after=2023-06-01T00:00:00+00:00
[2023-06-01T10:08:50.134+0300] {processor.py:179} INFO - Processing /home/mutwiri/airflow/airflow_env/lib/python3.10/site-packages/airflow/example_dags/example_branch_day_of_week_operator.py took 0.306 seconds
[2023-06-01T10:09:44.773+0300] {processor.py:157} INFO - Started process (PID=2088829) to work on /home/mutwiri/airflow/airflow_env/lib/python3.10/site-packages/airflow/example_dags/example_branch_day_of_week_operator.py
[2023-06-01T10:09:44.775+0300] {processor.py:826} INFO - Processing file /home/mutwiri/airflow/airflow_env/lib/python3.10/site-packages/airflow/example_dags/example_branch_day_of_week_operator.py for tasks to queue
[2023-06-01T10:09:44.776+0300] {logging_mixin.py:149} INFO - [2023-06-01T10:09:44.776+0300] {dagbag.py:541} INFO - Filling up the DagBag from /home/mutwiri/airflow/airflow_env/lib/python3.10/site-packages/airflow/example_dags/example_branch_day_of_week_operator.py
[2023-06-01T10:09:44.789+0300] {processor.py:836} INFO - DAG(s) dict_keys(['example_weekday_branch_operator']) retrieved from /home/mutwiri/airflow/airflow_env/lib/python3.10/site-packages/airflow/example_dags/example_branch_day_of_week_operator.py
[2023-06-01T10:09:44.815+0300] {logging_mixin.py:149} INFO - [2023-06-01T10:09:44.815+0300] {dag.py:2726} INFO - Sync 1 DAGs
[2023-06-01T10:09:44.837+0300] {logging_mixin.py:149} INFO - [2023-06-01T10:09:44.837+0300] {dag.py:3486} INFO - Setting next_dagrun for example_weekday_branch_operator to 2023-05-31T00:00:00+00:00, run_after=2023-06-01T00:00:00+00:00
[2023-06-01T10:09:45.193+0300] {processor.py:179} INFO - Processing /home/mutwiri/airflow/airflow_env/lib/python3.10/site-packages/airflow/example_dags/example_branch_day_of_week_operator.py took 0.425 seconds
[2023-06-01T10:10:59.448+0300] {processor.py:157} INFO - Started process (PID=2089189) to work on /home/mutwiri/airflow/airflow_env/lib/python3.10/site-packages/airflow/example_dags/example_branch_day_of_week_operator.py
[2023-06-01T10:10:59.449+0300] {processor.py:826} INFO - Processing file /home/mutwiri/airflow/airflow_env/lib/python3.10/site-packages/airflow/example_dags/example_branch_day_of_week_operator.py for tasks to queue
[2023-06-01T10:10:59.449+0300] {logging_mixin.py:149} INFO - [2023-06-01T10:10:59.449+0300] {dagbag.py:541} INFO - Filling up the DagBag from /home/mutwiri/airflow/airflow_env/lib/python3.10/site-packages/airflow/example_dags/example_branch_day_of_week_operator.py
[2023-06-01T10:10:59.457+0300] {processor.py:836} INFO - DAG(s) dict_keys(['example_weekday_branch_operator']) retrieved from /home/mutwiri/airflow/airflow_env/lib/python3.10/site-packages/airflow/example_dags/example_branch_day_of_week_operator.py
[2023-06-01T10:10:59.479+0300] {logging_mixin.py:149} INFO - [2023-06-01T10:10:59.479+0300] {dag.py:2726} INFO - Sync 1 DAGs
[2023-06-01T10:10:59.500+0300] {logging_mixin.py:149} INFO - [2023-06-01T10:10:59.499+0300] {dag.py:3486} INFO - Setting next_dagrun for example_weekday_branch_operator to 2023-05-31T00:00:00+00:00, run_after=2023-06-01T00:00:00+00:00
[2023-06-01T10:10:59.622+0300] {processor.py:179} INFO - Processing /home/mutwiri/airflow/airflow_env/lib/python3.10/site-packages/airflow/example_dags/example_branch_day_of_week_operator.py took 0.178 seconds
[2023-06-01T10:12:14.041+0300] {processor.py:157} INFO - Started process (PID=2089443) to work on /home/mutwiri/airflow/airflow_env/lib/python3.10/site-packages/airflow/example_dags/example_branch_day_of_week_operator.py
[2023-06-01T10:12:14.052+0300] {processor.py:826} INFO - Processing file /home/mutwiri/airflow/airflow_env/lib/python3.10/site-packages/airflow/example_dags/example_branch_day_of_week_operator.py for tasks to queue
[2023-06-01T10:12:14.055+0300] {logging_mixin.py:149} INFO - [2023-06-01T10:12:14.054+0300] {dagbag.py:541} INFO - Filling up the DagBag from /home/mutwiri/airflow/airflow_env/lib/python3.10/site-packages/airflow/example_dags/example_branch_day_of_week_operator.py
[2023-06-01T10:12:14.081+0300] {processor.py:836} INFO - DAG(s) dict_keys(['example_weekday_branch_operator']) retrieved from /home/mutwiri/airflow/airflow_env/lib/python3.10/site-packages/airflow/example_dags/example_branch_day_of_week_operator.py
[2023-06-01T10:12:14.107+0300] {logging_mixin.py:149} INFO - [2023-06-01T10:12:14.106+0300] {dag.py:2726} INFO - Sync 1 DAGs
[2023-06-01T10:12:14.127+0300] {logging_mixin.py:149} INFO - [2023-06-01T10:12:14.127+0300] {dag.py:3486} INFO - Setting next_dagrun for example_weekday_branch_operator to 2023-05-31T00:00:00+00:00, run_after=2023-06-01T00:00:00+00:00
[2023-06-01T10:12:14.238+0300] {processor.py:179} INFO - Processing /home/mutwiri/airflow/airflow_env/lib/python3.10/site-packages/airflow/example_dags/example_branch_day_of_week_operator.py took 0.201 seconds
[2023-06-01T10:13:13.584+0300] {processor.py:157} INFO - Started process (PID=2089696) to work on /home/mutwiri/airflow/airflow_env/lib/python3.10/site-packages/airflow/example_dags/example_branch_day_of_week_operator.py
[2023-06-01T10:13:13.585+0300] {processor.py:826} INFO - Processing file /home/mutwiri/airflow/airflow_env/lib/python3.10/site-packages/airflow/example_dags/example_branch_day_of_week_operator.py for tasks to queue
[2023-06-01T10:13:13.586+0300] {logging_mixin.py:149} INFO - [2023-06-01T10:13:13.586+0300] {dagbag.py:541} INFO - Filling up the DagBag from /home/mutwiri/airflow/airflow_env/lib/python3.10/site-packages/airflow/example_dags/example_branch_day_of_week_operator.py
[2023-06-01T10:13:13.596+0300] {processor.py:836} INFO - DAG(s) dict_keys(['example_weekday_branch_operator']) retrieved from /home/mutwiri/airflow/airflow_env/lib/python3.10/site-packages/airflow/example_dags/example_branch_day_of_week_operator.py
[2023-06-01T10:13:13.618+0300] {logging_mixin.py:149} INFO - [2023-06-01T10:13:13.618+0300] {dag.py:2726} INFO - Sync 1 DAGs
[2023-06-01T10:13:13.645+0300] {logging_mixin.py:149} INFO - [2023-06-01T10:13:13.644+0300] {dag.py:3486} INFO - Setting next_dagrun for example_weekday_branch_operator to 2023-05-31T00:00:00+00:00, run_after=2023-06-01T00:00:00+00:00
[2023-06-01T10:13:13.785+0300] {processor.py:179} INFO - Processing /home/mutwiri/airflow/airflow_env/lib/python3.10/site-packages/airflow/example_dags/example_branch_day_of_week_operator.py took 0.205 seconds
[2023-06-01T10:14:14.518+0300] {processor.py:157} INFO - Started process (PID=2089875) to work on /home/mutwiri/airflow/airflow_env/lib/python3.10/site-packages/airflow/example_dags/example_branch_day_of_week_operator.py
[2023-06-01T10:14:14.534+0300] {processor.py:826} INFO - Processing file /home/mutwiri/airflow/airflow_env/lib/python3.10/site-packages/airflow/example_dags/example_branch_day_of_week_operator.py for tasks to queue
[2023-06-01T10:14:14.535+0300] {logging_mixin.py:149} INFO - [2023-06-01T10:14:14.535+0300] {dagbag.py:541} INFO - Filling up the DagBag from /home/mutwiri/airflow/airflow_env/lib/python3.10/site-packages/airflow/example_dags/example_branch_day_of_week_operator.py
[2023-06-01T10:14:14.546+0300] {processor.py:836} INFO - DAG(s) dict_keys(['example_weekday_branch_operator']) retrieved from /home/mutwiri/airflow/airflow_env/lib/python3.10/site-packages/airflow/example_dags/example_branch_day_of_week_operator.py
[2023-06-01T10:14:14.575+0300] {logging_mixin.py:149} INFO - [2023-06-01T10:14:14.575+0300] {dag.py:2726} INFO - Sync 1 DAGs
[2023-06-01T10:14:14.601+0300] {logging_mixin.py:149} INFO - [2023-06-01T10:14:14.601+0300] {dag.py:3486} INFO - Setting next_dagrun for example_weekday_branch_operator to 2023-05-31T00:00:00+00:00, run_after=2023-06-01T00:00:00+00:00
[2023-06-01T10:14:14.718+0300] {processor.py:179} INFO - Processing /home/mutwiri/airflow/airflow_env/lib/python3.10/site-packages/airflow/example_dags/example_branch_day_of_week_operator.py took 0.204 seconds
