[2023-06-01T10:06:21.933+0300] {processor.py:157} INFO - Started process (PID=2088308) to work on /home/mutwiri/airflow/airflow_env/lib/python3.10/site-packages/airflow/example_dags/example_complex.py
[2023-06-01T10:06:21.934+0300] {processor.py:826} INFO - Processing file /home/mutwiri/airflow/airflow_env/lib/python3.10/site-packages/airflow/example_dags/example_complex.py for tasks to queue
[2023-06-01T10:06:21.935+0300] {logging_mixin.py:149} INFO - [2023-06-01T10:06:21.935+0300] {dagbag.py:541} INFO - Filling up the DagBag from /home/mutwiri/airflow/airflow_env/lib/python3.10/site-packages/airflow/example_dags/example_complex.py
[2023-06-01T10:06:21.950+0300] {logging_mixin.py:149} INFO - [2023-06-01T10:06:21.950+0300] {taskmixin.py:211} WARNING - Dependency <Task(BashOperator): create_entry_group>, delete_entry_group already registered for DAG: example_complex
[2023-06-01T10:06:21.951+0300] {logging_mixin.py:149} INFO - [2023-06-01T10:06:21.950+0300] {taskmixin.py:211} WARNING - Dependency <Task(BashOperator): delete_entry_group>, create_entry_group already registered for DAG: example_complex
[2023-06-01T10:06:21.951+0300] {logging_mixin.py:149} INFO - [2023-06-01T10:06:21.951+0300] {taskmixin.py:211} WARNING - Dependency <Task(BashOperator): create_entry_gcs>, delete_entry already registered for DAG: example_complex
[2023-06-01T10:06:21.951+0300] {logging_mixin.py:149} INFO - [2023-06-01T10:06:21.951+0300] {taskmixin.py:211} WARNING - Dependency <Task(BashOperator): delete_entry>, create_entry_gcs already registered for DAG: example_complex
[2023-06-01T10:06:21.952+0300] {logging_mixin.py:149} INFO - [2023-06-01T10:06:21.952+0300] {taskmixin.py:211} WARNING - Dependency <Task(BashOperator): create_tag>, delete_tag already registered for DAG: example_complex
[2023-06-01T10:06:21.952+0300] {logging_mixin.py:149} INFO - [2023-06-01T10:06:21.952+0300] {taskmixin.py:211} WARNING - Dependency <Task(BashOperator): delete_tag>, create_tag already registered for DAG: example_complex
[2023-06-01T10:06:21.954+0300] {processor.py:836} INFO - DAG(s) dict_keys(['example_complex']) retrieved from /home/mutwiri/airflow/airflow_env/lib/python3.10/site-packages/airflow/example_dags/example_complex.py
[2023-06-01T10:06:21.986+0300] {logging_mixin.py:149} INFO - [2023-06-01T10:06:21.986+0300] {dag.py:2726} INFO - Sync 1 DAGs
[2023-06-01T10:06:22.005+0300] {logging_mixin.py:149} INFO - [2023-06-01T10:06:22.005+0300] {dag.py:3486} INFO - Setting next_dagrun for example_complex to None, run_after=None
[2023-06-01T10:06:22.141+0300] {processor.py:179} INFO - Processing /home/mutwiri/airflow/airflow_env/lib/python3.10/site-packages/airflow/example_dags/example_complex.py took 0.213 seconds
[2023-06-01T10:07:27.142+0300] {processor.py:157} INFO - Started process (PID=2088567) to work on /home/mutwiri/airflow/airflow_env/lib/python3.10/site-packages/airflow/example_dags/example_complex.py
[2023-06-01T10:07:27.143+0300] {processor.py:826} INFO - Processing file /home/mutwiri/airflow/airflow_env/lib/python3.10/site-packages/airflow/example_dags/example_complex.py for tasks to queue
[2023-06-01T10:07:27.144+0300] {logging_mixin.py:149} INFO - [2023-06-01T10:07:27.144+0300] {dagbag.py:541} INFO - Filling up the DagBag from /home/mutwiri/airflow/airflow_env/lib/python3.10/site-packages/airflow/example_dags/example_complex.py
[2023-06-01T10:07:27.157+0300] {logging_mixin.py:149} INFO - [2023-06-01T10:07:27.157+0300] {taskmixin.py:211} WARNING - Dependency <Task(BashOperator): create_entry_group>, delete_entry_group already registered for DAG: example_complex
[2023-06-01T10:07:27.157+0300] {logging_mixin.py:149} INFO - [2023-06-01T10:07:27.157+0300] {taskmixin.py:211} WARNING - Dependency <Task(BashOperator): delete_entry_group>, create_entry_group already registered for DAG: example_complex
[2023-06-01T10:07:27.158+0300] {logging_mixin.py:149} INFO - [2023-06-01T10:07:27.158+0300] {taskmixin.py:211} WARNING - Dependency <Task(BashOperator): create_entry_gcs>, delete_entry already registered for DAG: example_complex
[2023-06-01T10:07:27.158+0300] {logging_mixin.py:149} INFO - [2023-06-01T10:07:27.158+0300] {taskmixin.py:211} WARNING - Dependency <Task(BashOperator): delete_entry>, create_entry_gcs already registered for DAG: example_complex
[2023-06-01T10:07:27.158+0300] {logging_mixin.py:149} INFO - [2023-06-01T10:07:27.158+0300] {taskmixin.py:211} WARNING - Dependency <Task(BashOperator): create_tag>, delete_tag already registered for DAG: example_complex
[2023-06-01T10:07:27.159+0300] {logging_mixin.py:149} INFO - [2023-06-01T10:07:27.159+0300] {taskmixin.py:211} WARNING - Dependency <Task(BashOperator): delete_tag>, create_tag already registered for DAG: example_complex
[2023-06-01T10:07:27.160+0300] {processor.py:836} INFO - DAG(s) dict_keys(['example_complex']) retrieved from /home/mutwiri/airflow/airflow_env/lib/python3.10/site-packages/airflow/example_dags/example_complex.py
[2023-06-01T10:07:27.190+0300] {logging_mixin.py:149} INFO - [2023-06-01T10:07:27.190+0300] {dag.py:2726} INFO - Sync 1 DAGs
[2023-06-01T10:07:27.209+0300] {logging_mixin.py:149} INFO - [2023-06-01T10:07:27.209+0300] {dag.py:3486} INFO - Setting next_dagrun for example_complex to None, run_after=None
[2023-06-01T10:07:27.309+0300] {processor.py:179} INFO - Processing /home/mutwiri/airflow/airflow_env/lib/python3.10/site-packages/airflow/example_dags/example_complex.py took 0.171 seconds
[2023-06-01T10:08:23.419+0300] {processor.py:157} INFO - Started process (PID=2088640) to work on /home/mutwiri/airflow/airflow_env/lib/python3.10/site-packages/airflow/example_dags/example_complex.py
[2023-06-01T10:08:23.425+0300] {processor.py:826} INFO - Processing file /home/mutwiri/airflow/airflow_env/lib/python3.10/site-packages/airflow/example_dags/example_complex.py for tasks to queue
[2023-06-01T10:08:23.426+0300] {logging_mixin.py:149} INFO - [2023-06-01T10:08:23.426+0300] {dagbag.py:541} INFO - Filling up the DagBag from /home/mutwiri/airflow/airflow_env/lib/python3.10/site-packages/airflow/example_dags/example_complex.py
[2023-06-01T10:08:23.437+0300] {logging_mixin.py:149} INFO - [2023-06-01T10:08:23.436+0300] {taskmixin.py:211} WARNING - Dependency <Task(BashOperator): create_entry_group>, delete_entry_group already registered for DAG: example_complex
[2023-06-01T10:08:23.437+0300] {logging_mixin.py:149} INFO - [2023-06-01T10:08:23.437+0300] {taskmixin.py:211} WARNING - Dependency <Task(BashOperator): delete_entry_group>, create_entry_group already registered for DAG: example_complex
[2023-06-01T10:08:23.437+0300] {logging_mixin.py:149} INFO - [2023-06-01T10:08:23.437+0300] {taskmixin.py:211} WARNING - Dependency <Task(BashOperator): create_entry_gcs>, delete_entry already registered for DAG: example_complex
[2023-06-01T10:08:23.437+0300] {logging_mixin.py:149} INFO - [2023-06-01T10:08:23.437+0300] {taskmixin.py:211} WARNING - Dependency <Task(BashOperator): delete_entry>, create_entry_gcs already registered for DAG: example_complex
[2023-06-01T10:08:23.438+0300] {logging_mixin.py:149} INFO - [2023-06-01T10:08:23.437+0300] {taskmixin.py:211} WARNING - Dependency <Task(BashOperator): create_tag>, delete_tag already registered for DAG: example_complex
[2023-06-01T10:08:23.438+0300] {logging_mixin.py:149} INFO - [2023-06-01T10:08:23.438+0300] {taskmixin.py:211} WARNING - Dependency <Task(BashOperator): delete_tag>, create_tag already registered for DAG: example_complex
[2023-06-01T10:08:23.440+0300] {processor.py:836} INFO - DAG(s) dict_keys(['example_complex']) retrieved from /home/mutwiri/airflow/airflow_env/lib/python3.10/site-packages/airflow/example_dags/example_complex.py
[2023-06-01T10:08:23.483+0300] {logging_mixin.py:149} INFO - [2023-06-01T10:08:23.483+0300] {dag.py:2726} INFO - Sync 1 DAGs
[2023-06-01T10:08:23.623+0300] {logging_mixin.py:149} INFO - [2023-06-01T10:08:23.622+0300] {dag.py:3486} INFO - Setting next_dagrun for example_complex to None, run_after=None
[2023-06-01T10:08:23.760+0300] {processor.py:179} INFO - Processing /home/mutwiri/airflow/airflow_env/lib/python3.10/site-packages/airflow/example_dags/example_complex.py took 0.344 seconds
[2023-06-01T10:09:20.655+0300] {processor.py:157} INFO - Started process (PID=2088744) to work on /home/mutwiri/airflow/airflow_env/lib/python3.10/site-packages/airflow/example_dags/example_complex.py
[2023-06-01T10:09:20.669+0300] {processor.py:826} INFO - Processing file /home/mutwiri/airflow/airflow_env/lib/python3.10/site-packages/airflow/example_dags/example_complex.py for tasks to queue
[2023-06-01T10:09:20.670+0300] {logging_mixin.py:149} INFO - [2023-06-01T10:09:20.670+0300] {dagbag.py:541} INFO - Filling up the DagBag from /home/mutwiri/airflow/airflow_env/lib/python3.10/site-packages/airflow/example_dags/example_complex.py
[2023-06-01T10:09:20.681+0300] {logging_mixin.py:149} INFO - [2023-06-01T10:09:20.681+0300] {taskmixin.py:211} WARNING - Dependency <Task(BashOperator): create_entry_group>, delete_entry_group already registered for DAG: example_complex
[2023-06-01T10:09:20.681+0300] {logging_mixin.py:149} INFO - [2023-06-01T10:09:20.681+0300] {taskmixin.py:211} WARNING - Dependency <Task(BashOperator): delete_entry_group>, create_entry_group already registered for DAG: example_complex
[2023-06-01T10:09:20.682+0300] {logging_mixin.py:149} INFO - [2023-06-01T10:09:20.682+0300] {taskmixin.py:211} WARNING - Dependency <Task(BashOperator): create_entry_gcs>, delete_entry already registered for DAG: example_complex
[2023-06-01T10:09:20.682+0300] {logging_mixin.py:149} INFO - [2023-06-01T10:09:20.682+0300] {taskmixin.py:211} WARNING - Dependency <Task(BashOperator): delete_entry>, create_entry_gcs already registered for DAG: example_complex
[2023-06-01T10:09:20.682+0300] {logging_mixin.py:149} INFO - [2023-06-01T10:09:20.682+0300] {taskmixin.py:211} WARNING - Dependency <Task(BashOperator): create_tag>, delete_tag already registered for DAG: example_complex
[2023-06-01T10:09:20.682+0300] {logging_mixin.py:149} INFO - [2023-06-01T10:09:20.682+0300] {taskmixin.py:211} WARNING - Dependency <Task(BashOperator): delete_tag>, create_tag already registered for DAG: example_complex
[2023-06-01T10:09:20.684+0300] {processor.py:836} INFO - DAG(s) dict_keys(['example_complex']) retrieved from /home/mutwiri/airflow/airflow_env/lib/python3.10/site-packages/airflow/example_dags/example_complex.py
[2023-06-01T10:09:20.714+0300] {logging_mixin.py:149} INFO - [2023-06-01T10:09:20.714+0300] {dag.py:2726} INFO - Sync 1 DAGs
[2023-06-01T10:09:20.732+0300] {logging_mixin.py:149} INFO - [2023-06-01T10:09:20.732+0300] {dag.py:3486} INFO - Setting next_dagrun for example_complex to None, run_after=None
[2023-06-01T10:09:20.835+0300] {processor.py:179} INFO - Processing /home/mutwiri/airflow/airflow_env/lib/python3.10/site-packages/airflow/example_dags/example_complex.py took 0.185 seconds
[2023-06-01T10:10:15.182+0300] {processor.py:157} INFO - Started process (PID=2089004) to work on /home/mutwiri/airflow/airflow_env/lib/python3.10/site-packages/airflow/example_dags/example_complex.py
[2023-06-01T10:10:15.197+0300] {processor.py:826} INFO - Processing file /home/mutwiri/airflow/airflow_env/lib/python3.10/site-packages/airflow/example_dags/example_complex.py for tasks to queue
[2023-06-01T10:10:15.199+0300] {logging_mixin.py:149} INFO - [2023-06-01T10:10:15.198+0300] {dagbag.py:541} INFO - Filling up the DagBag from /home/mutwiri/airflow/airflow_env/lib/python3.10/site-packages/airflow/example_dags/example_complex.py
[2023-06-01T10:10:15.210+0300] {logging_mixin.py:149} INFO - [2023-06-01T10:10:15.210+0300] {taskmixin.py:211} WARNING - Dependency <Task(BashOperator): create_entry_group>, delete_entry_group already registered for DAG: example_complex
[2023-06-01T10:10:15.210+0300] {logging_mixin.py:149} INFO - [2023-06-01T10:10:15.210+0300] {taskmixin.py:211} WARNING - Dependency <Task(BashOperator): delete_entry_group>, create_entry_group already registered for DAG: example_complex
[2023-06-01T10:10:15.210+0300] {logging_mixin.py:149} INFO - [2023-06-01T10:10:15.210+0300] {taskmixin.py:211} WARNING - Dependency <Task(BashOperator): create_entry_gcs>, delete_entry already registered for DAG: example_complex
[2023-06-01T10:10:15.210+0300] {logging_mixin.py:149} INFO - [2023-06-01T10:10:15.210+0300] {taskmixin.py:211} WARNING - Dependency <Task(BashOperator): delete_entry>, create_entry_gcs already registered for DAG: example_complex
[2023-06-01T10:10:15.211+0300] {logging_mixin.py:149} INFO - [2023-06-01T10:10:15.211+0300] {taskmixin.py:211} WARNING - Dependency <Task(BashOperator): create_tag>, delete_tag already registered for DAG: example_complex
[2023-06-01T10:10:15.211+0300] {logging_mixin.py:149} INFO - [2023-06-01T10:10:15.211+0300] {taskmixin.py:211} WARNING - Dependency <Task(BashOperator): delete_tag>, create_tag already registered for DAG: example_complex
[2023-06-01T10:10:15.213+0300] {processor.py:836} INFO - DAG(s) dict_keys(['example_complex']) retrieved from /home/mutwiri/airflow/airflow_env/lib/python3.10/site-packages/airflow/example_dags/example_complex.py
[2023-06-01T10:10:15.244+0300] {logging_mixin.py:149} INFO - [2023-06-01T10:10:15.243+0300] {dag.py:2726} INFO - Sync 1 DAGs
[2023-06-01T10:10:15.267+0300] {logging_mixin.py:149} INFO - [2023-06-01T10:10:15.267+0300] {dag.py:3486} INFO - Setting next_dagrun for example_complex to None, run_after=None
[2023-06-01T10:10:15.374+0300] {processor.py:179} INFO - Processing /home/mutwiri/airflow/airflow_env/lib/python3.10/site-packages/airflow/example_dags/example_complex.py took 0.197 seconds
[2023-06-01T10:11:08.947+0300] {processor.py:157} INFO - Started process (PID=2089234) to work on /home/mutwiri/airflow/airflow_env/lib/python3.10/site-packages/airflow/example_dags/example_complex.py
[2023-06-01T10:11:08.958+0300] {processor.py:826} INFO - Processing file /home/mutwiri/airflow/airflow_env/lib/python3.10/site-packages/airflow/example_dags/example_complex.py for tasks to queue
[2023-06-01T10:11:08.958+0300] {logging_mixin.py:149} INFO - [2023-06-01T10:11:08.958+0300] {dagbag.py:541} INFO - Filling up the DagBag from /home/mutwiri/airflow/airflow_env/lib/python3.10/site-packages/airflow/example_dags/example_complex.py
[2023-06-01T10:11:08.968+0300] {logging_mixin.py:149} INFO - [2023-06-01T10:11:08.968+0300] {taskmixin.py:211} WARNING - Dependency <Task(BashOperator): create_entry_group>, delete_entry_group already registered for DAG: example_complex
[2023-06-01T10:11:08.969+0300] {logging_mixin.py:149} INFO - [2023-06-01T10:11:08.969+0300] {taskmixin.py:211} WARNING - Dependency <Task(BashOperator): delete_entry_group>, create_entry_group already registered for DAG: example_complex
[2023-06-01T10:11:08.969+0300] {logging_mixin.py:149} INFO - [2023-06-01T10:11:08.969+0300] {taskmixin.py:211} WARNING - Dependency <Task(BashOperator): create_entry_gcs>, delete_entry already registered for DAG: example_complex
[2023-06-01T10:11:08.969+0300] {logging_mixin.py:149} INFO - [2023-06-01T10:11:08.969+0300] {taskmixin.py:211} WARNING - Dependency <Task(BashOperator): delete_entry>, create_entry_gcs already registered for DAG: example_complex
[2023-06-01T10:11:08.969+0300] {logging_mixin.py:149} INFO - [2023-06-01T10:11:08.969+0300] {taskmixin.py:211} WARNING - Dependency <Task(BashOperator): create_tag>, delete_tag already registered for DAG: example_complex
[2023-06-01T10:11:08.970+0300] {logging_mixin.py:149} INFO - [2023-06-01T10:11:08.970+0300] {taskmixin.py:211} WARNING - Dependency <Task(BashOperator): delete_tag>, create_tag already registered for DAG: example_complex
[2023-06-01T10:11:08.971+0300] {processor.py:836} INFO - DAG(s) dict_keys(['example_complex']) retrieved from /home/mutwiri/airflow/airflow_env/lib/python3.10/site-packages/airflow/example_dags/example_complex.py
[2023-06-01T10:11:09.000+0300] {logging_mixin.py:149} INFO - [2023-06-01T10:11:09.000+0300] {dag.py:2726} INFO - Sync 1 DAGs
[2023-06-01T10:11:09.019+0300] {logging_mixin.py:149} INFO - [2023-06-01T10:11:09.019+0300] {dag.py:3486} INFO - Setting next_dagrun for example_complex to None, run_after=None
[2023-06-01T10:11:09.168+0300] {processor.py:179} INFO - Processing /home/mutwiri/airflow/airflow_env/lib/python3.10/site-packages/airflow/example_dags/example_complex.py took 0.225 seconds
[2023-06-01T10:11:56.947+0300] {processor.py:157} INFO - Started process (PID=2089389) to work on /home/mutwiri/airflow/airflow_env/lib/python3.10/site-packages/airflow/example_dags/example_complex.py
[2023-06-01T10:11:56.958+0300] {processor.py:826} INFO - Processing file /home/mutwiri/airflow/airflow_env/lib/python3.10/site-packages/airflow/example_dags/example_complex.py for tasks to queue
[2023-06-01T10:11:56.959+0300] {logging_mixin.py:149} INFO - [2023-06-01T10:11:56.958+0300] {dagbag.py:541} INFO - Filling up the DagBag from /home/mutwiri/airflow/airflow_env/lib/python3.10/site-packages/airflow/example_dags/example_complex.py
[2023-06-01T10:11:56.973+0300] {logging_mixin.py:149} INFO - [2023-06-01T10:11:56.972+0300] {taskmixin.py:211} WARNING - Dependency <Task(BashOperator): create_entry_group>, delete_entry_group already registered for DAG: example_complex
[2023-06-01T10:11:56.973+0300] {logging_mixin.py:149} INFO - [2023-06-01T10:11:56.973+0300] {taskmixin.py:211} WARNING - Dependency <Task(BashOperator): delete_entry_group>, create_entry_group already registered for DAG: example_complex
[2023-06-01T10:11:56.973+0300] {logging_mixin.py:149} INFO - [2023-06-01T10:11:56.973+0300] {taskmixin.py:211} WARNING - Dependency <Task(BashOperator): create_entry_gcs>, delete_entry already registered for DAG: example_complex
[2023-06-01T10:11:56.974+0300] {logging_mixin.py:149} INFO - [2023-06-01T10:11:56.974+0300] {taskmixin.py:211} WARNING - Dependency <Task(BashOperator): delete_entry>, create_entry_gcs already registered for DAG: example_complex
[2023-06-01T10:11:56.975+0300] {logging_mixin.py:149} INFO - [2023-06-01T10:11:56.974+0300] {taskmixin.py:211} WARNING - Dependency <Task(BashOperator): create_tag>, delete_tag already registered for DAG: example_complex
[2023-06-01T10:11:56.975+0300] {logging_mixin.py:149} INFO - [2023-06-01T10:11:56.975+0300] {taskmixin.py:211} WARNING - Dependency <Task(BashOperator): delete_tag>, create_tag already registered for DAG: example_complex
[2023-06-01T10:11:56.977+0300] {processor.py:836} INFO - DAG(s) dict_keys(['example_complex']) retrieved from /home/mutwiri/airflow/airflow_env/lib/python3.10/site-packages/airflow/example_dags/example_complex.py
[2023-06-01T10:11:57.034+0300] {logging_mixin.py:149} INFO - [2023-06-01T10:11:57.033+0300] {dag.py:2726} INFO - Sync 1 DAGs
[2023-06-01T10:11:57.073+0300] {logging_mixin.py:149} INFO - [2023-06-01T10:11:57.073+0300] {dag.py:3486} INFO - Setting next_dagrun for example_complex to None, run_after=None
[2023-06-01T10:11:57.186+0300] {processor.py:179} INFO - Processing /home/mutwiri/airflow/airflow_env/lib/python3.10/site-packages/airflow/example_dags/example_complex.py took 0.242 seconds
[2023-06-01T10:12:50.744+0300] {processor.py:157} INFO - Started process (PID=2089614) to work on /home/mutwiri/airflow/airflow_env/lib/python3.10/site-packages/airflow/example_dags/example_complex.py
[2023-06-01T10:12:50.746+0300] {processor.py:826} INFO - Processing file /home/mutwiri/airflow/airflow_env/lib/python3.10/site-packages/airflow/example_dags/example_complex.py for tasks to queue
[2023-06-01T10:12:50.747+0300] {logging_mixin.py:149} INFO - [2023-06-01T10:12:50.747+0300] {dagbag.py:541} INFO - Filling up the DagBag from /home/mutwiri/airflow/airflow_env/lib/python3.10/site-packages/airflow/example_dags/example_complex.py
[2023-06-01T10:12:50.759+0300] {logging_mixin.py:149} INFO - [2023-06-01T10:12:50.759+0300] {taskmixin.py:211} WARNING - Dependency <Task(BashOperator): create_entry_group>, delete_entry_group already registered for DAG: example_complex
[2023-06-01T10:12:50.760+0300] {logging_mixin.py:149} INFO - [2023-06-01T10:12:50.760+0300] {taskmixin.py:211} WARNING - Dependency <Task(BashOperator): delete_entry_group>, create_entry_group already registered for DAG: example_complex
[2023-06-01T10:12:50.760+0300] {logging_mixin.py:149} INFO - [2023-06-01T10:12:50.760+0300] {taskmixin.py:211} WARNING - Dependency <Task(BashOperator): create_entry_gcs>, delete_entry already registered for DAG: example_complex
[2023-06-01T10:12:50.760+0300] {logging_mixin.py:149} INFO - [2023-06-01T10:12:50.760+0300] {taskmixin.py:211} WARNING - Dependency <Task(BashOperator): delete_entry>, create_entry_gcs already registered for DAG: example_complex
[2023-06-01T10:12:50.761+0300] {logging_mixin.py:149} INFO - [2023-06-01T10:12:50.761+0300] {taskmixin.py:211} WARNING - Dependency <Task(BashOperator): create_tag>, delete_tag already registered for DAG: example_complex
[2023-06-01T10:12:50.761+0300] {logging_mixin.py:149} INFO - [2023-06-01T10:12:50.761+0300] {taskmixin.py:211} WARNING - Dependency <Task(BashOperator): delete_tag>, create_tag already registered for DAG: example_complex
[2023-06-01T10:12:50.763+0300] {processor.py:836} INFO - DAG(s) dict_keys(['example_complex']) retrieved from /home/mutwiri/airflow/airflow_env/lib/python3.10/site-packages/airflow/example_dags/example_complex.py
[2023-06-01T10:12:50.792+0300] {logging_mixin.py:149} INFO - [2023-06-01T10:12:50.792+0300] {dag.py:2726} INFO - Sync 1 DAGs
[2023-06-01T10:12:50.811+0300] {logging_mixin.py:149} INFO - [2023-06-01T10:12:50.811+0300] {dag.py:3486} INFO - Setting next_dagrun for example_complex to None, run_after=None
[2023-06-01T10:12:50.928+0300] {processor.py:179} INFO - Processing /home/mutwiri/airflow/airflow_env/lib/python3.10/site-packages/airflow/example_dags/example_complex.py took 0.188 seconds
[2023-06-01T10:13:55.273+0300] {processor.py:157} INFO - Started process (PID=2089856) to work on /home/mutwiri/airflow/airflow_env/lib/python3.10/site-packages/airflow/example_dags/example_complex.py
[2023-06-01T10:13:55.275+0300] {processor.py:826} INFO - Processing file /home/mutwiri/airflow/airflow_env/lib/python3.10/site-packages/airflow/example_dags/example_complex.py for tasks to queue
[2023-06-01T10:13:55.276+0300] {logging_mixin.py:149} INFO - [2023-06-01T10:13:55.276+0300] {dagbag.py:541} INFO - Filling up the DagBag from /home/mutwiri/airflow/airflow_env/lib/python3.10/site-packages/airflow/example_dags/example_complex.py
[2023-06-01T10:13:55.291+0300] {logging_mixin.py:149} INFO - [2023-06-01T10:13:55.291+0300] {taskmixin.py:211} WARNING - Dependency <Task(BashOperator): create_entry_group>, delete_entry_group already registered for DAG: example_complex
[2023-06-01T10:13:55.291+0300] {logging_mixin.py:149} INFO - [2023-06-01T10:13:55.291+0300] {taskmixin.py:211} WARNING - Dependency <Task(BashOperator): delete_entry_group>, create_entry_group already registered for DAG: example_complex
[2023-06-01T10:13:55.291+0300] {logging_mixin.py:149} INFO - [2023-06-01T10:13:55.291+0300] {taskmixin.py:211} WARNING - Dependency <Task(BashOperator): create_entry_gcs>, delete_entry already registered for DAG: example_complex
[2023-06-01T10:13:55.291+0300] {logging_mixin.py:149} INFO - [2023-06-01T10:13:55.291+0300] {taskmixin.py:211} WARNING - Dependency <Task(BashOperator): delete_entry>, create_entry_gcs already registered for DAG: example_complex
[2023-06-01T10:13:55.292+0300] {logging_mixin.py:149} INFO - [2023-06-01T10:13:55.292+0300] {taskmixin.py:211} WARNING - Dependency <Task(BashOperator): create_tag>, delete_tag already registered for DAG: example_complex
[2023-06-01T10:13:55.292+0300] {logging_mixin.py:149} INFO - [2023-06-01T10:13:55.292+0300] {taskmixin.py:211} WARNING - Dependency <Task(BashOperator): delete_tag>, create_tag already registered for DAG: example_complex
[2023-06-01T10:13:55.293+0300] {processor.py:836} INFO - DAG(s) dict_keys(['example_complex']) retrieved from /home/mutwiri/airflow/airflow_env/lib/python3.10/site-packages/airflow/example_dags/example_complex.py
[2023-06-01T10:13:55.327+0300] {logging_mixin.py:149} INFO - [2023-06-01T10:13:55.327+0300] {dag.py:2726} INFO - Sync 1 DAGs
[2023-06-01T10:13:55.347+0300] {logging_mixin.py:149} INFO - [2023-06-01T10:13:55.347+0300] {dag.py:3486} INFO - Setting next_dagrun for example_complex to None, run_after=None
[2023-06-01T10:13:55.463+0300] {processor.py:179} INFO - Processing /home/mutwiri/airflow/airflow_env/lib/python3.10/site-packages/airflow/example_dags/example_complex.py took 0.195 seconds
[2023-06-01T10:14:45.664+0300] {processor.py:157} INFO - Started process (PID=2089937) to work on /home/mutwiri/airflow/airflow_env/lib/python3.10/site-packages/airflow/example_dags/example_complex.py
[2023-06-01T10:14:45.666+0300] {processor.py:826} INFO - Processing file /home/mutwiri/airflow/airflow_env/lib/python3.10/site-packages/airflow/example_dags/example_complex.py for tasks to queue
[2023-06-01T10:14:45.666+0300] {logging_mixin.py:149} INFO - [2023-06-01T10:14:45.666+0300] {dagbag.py:541} INFO - Filling up the DagBag from /home/mutwiri/airflow/airflow_env/lib/python3.10/site-packages/airflow/example_dags/example_complex.py
[2023-06-01T10:14:45.678+0300] {logging_mixin.py:149} INFO - [2023-06-01T10:14:45.678+0300] {taskmixin.py:211} WARNING - Dependency <Task(BashOperator): create_entry_group>, delete_entry_group already registered for DAG: example_complex
[2023-06-01T10:14:45.679+0300] {logging_mixin.py:149} INFO - [2023-06-01T10:14:45.678+0300] {taskmixin.py:211} WARNING - Dependency <Task(BashOperator): delete_entry_group>, create_entry_group already registered for DAG: example_complex
[2023-06-01T10:14:45.679+0300] {logging_mixin.py:149} INFO - [2023-06-01T10:14:45.679+0300] {taskmixin.py:211} WARNING - Dependency <Task(BashOperator): create_entry_gcs>, delete_entry already registered for DAG: example_complex
[2023-06-01T10:14:45.679+0300] {logging_mixin.py:149} INFO - [2023-06-01T10:14:45.679+0300] {taskmixin.py:211} WARNING - Dependency <Task(BashOperator): delete_entry>, create_entry_gcs already registered for DAG: example_complex
[2023-06-01T10:14:45.679+0300] {logging_mixin.py:149} INFO - [2023-06-01T10:14:45.679+0300] {taskmixin.py:211} WARNING - Dependency <Task(BashOperator): create_tag>, delete_tag already registered for DAG: example_complex
[2023-06-01T10:14:45.680+0300] {logging_mixin.py:149} INFO - [2023-06-01T10:14:45.680+0300] {taskmixin.py:211} WARNING - Dependency <Task(BashOperator): delete_tag>, create_tag already registered for DAG: example_complex
[2023-06-01T10:14:45.681+0300] {processor.py:836} INFO - DAG(s) dict_keys(['example_complex']) retrieved from /home/mutwiri/airflow/airflow_env/lib/python3.10/site-packages/airflow/example_dags/example_complex.py
[2023-06-01T10:14:45.714+0300] {logging_mixin.py:149} INFO - [2023-06-01T10:14:45.714+0300] {dag.py:2726} INFO - Sync 1 DAGs
[2023-06-01T10:14:45.734+0300] {logging_mixin.py:149} INFO - [2023-06-01T10:14:45.734+0300] {dag.py:3486} INFO - Setting next_dagrun for example_complex to None, run_after=None
[2023-06-01T10:14:45.853+0300] {processor.py:179} INFO - Processing /home/mutwiri/airflow/airflow_env/lib/python3.10/site-packages/airflow/example_dags/example_complex.py took 0.195 seconds
