[2023-06-01T10:05:44.109+0300] {processor.py:157} INFO - Started process (PID=2088080) to work on /home/mutwiri/airflow/airflow_env/lib/python3.10/site-packages/airflow/example_dags/example_task_group.py
[2023-06-01T10:05:44.110+0300] {processor.py:826} INFO - Processing file /home/mutwiri/airflow/airflow_env/lib/python3.10/site-packages/airflow/example_dags/example_task_group.py for tasks to queue
[2023-06-01T10:05:44.111+0300] {logging_mixin.py:149} INFO - [2023-06-01T10:05:44.111+0300] {dagbag.py:541} INFO - Filling up the DagBag from /home/mutwiri/airflow/airflow_env/lib/python3.10/site-packages/airflow/example_dags/example_task_group.py
[2023-06-01T10:05:44.127+0300] {processor.py:836} INFO - DAG(s) dict_keys(['example_task_group']) retrieved from /home/mutwiri/airflow/airflow_env/lib/python3.10/site-packages/airflow/example_dags/example_task_group.py
[2023-06-01T10:05:44.971+0300] {logging_mixin.py:149} INFO - [2023-06-01T10:05:44.971+0300] {dag.py:2726} INFO - Sync 1 DAGs
[2023-06-01T10:05:45.113+0300] {logging_mixin.py:149} INFO - [2023-06-01T10:05:45.112+0300] {dag.py:3486} INFO - Setting next_dagrun for example_task_group to 2023-05-31T07:05:45.112383+00:00, run_after=2023-06-01T07:05:45.112383+00:00
[2023-06-01T10:05:45.500+0300] {processor.py:179} INFO - Processing /home/mutwiri/airflow/airflow_env/lib/python3.10/site-packages/airflow/example_dags/example_task_group.py took 1.395 seconds
[2023-06-01T10:07:14.440+0300] {processor.py:157} INFO - Started process (PID=2088553) to work on /home/mutwiri/airflow/airflow_env/lib/python3.10/site-packages/airflow/example_dags/example_task_group.py
[2023-06-01T10:07:14.442+0300] {processor.py:826} INFO - Processing file /home/mutwiri/airflow/airflow_env/lib/python3.10/site-packages/airflow/example_dags/example_task_group.py for tasks to queue
[2023-06-01T10:07:14.443+0300] {logging_mixin.py:149} INFO - [2023-06-01T10:07:14.442+0300] {dagbag.py:541} INFO - Filling up the DagBag from /home/mutwiri/airflow/airflow_env/lib/python3.10/site-packages/airflow/example_dags/example_task_group.py
[2023-06-01T10:07:14.454+0300] {processor.py:836} INFO - DAG(s) dict_keys(['example_task_group']) retrieved from /home/mutwiri/airflow/airflow_env/lib/python3.10/site-packages/airflow/example_dags/example_task_group.py
[2023-06-01T10:07:14.478+0300] {logging_mixin.py:149} INFO - [2023-06-01T10:07:14.478+0300] {dag.py:2726} INFO - Sync 1 DAGs
[2023-06-01T10:07:14.500+0300] {logging_mixin.py:149} INFO - [2023-06-01T10:07:14.500+0300] {dag.py:3486} INFO - Setting next_dagrun for example_task_group to 2023-05-31T07:07:14.499945+00:00, run_after=2023-06-01T07:07:14.499945+00:00
[2023-06-01T10:07:14.645+0300] {processor.py:179} INFO - Processing /home/mutwiri/airflow/airflow_env/lib/python3.10/site-packages/airflow/example_dags/example_task_group.py took 0.210 seconds
[2023-06-01T10:08:09.536+0300] {processor.py:157} INFO - Started process (PID=2088628) to work on /home/mutwiri/airflow/airflow_env/lib/python3.10/site-packages/airflow/example_dags/example_task_group.py
[2023-06-01T10:08:09.537+0300] {processor.py:826} INFO - Processing file /home/mutwiri/airflow/airflow_env/lib/python3.10/site-packages/airflow/example_dags/example_task_group.py for tasks to queue
[2023-06-01T10:08:09.539+0300] {logging_mixin.py:149} INFO - [2023-06-01T10:08:09.538+0300] {dagbag.py:541} INFO - Filling up the DagBag from /home/mutwiri/airflow/airflow_env/lib/python3.10/site-packages/airflow/example_dags/example_task_group.py
[2023-06-01T10:08:09.549+0300] {processor.py:836} INFO - DAG(s) dict_keys(['example_task_group']) retrieved from /home/mutwiri/airflow/airflow_env/lib/python3.10/site-packages/airflow/example_dags/example_task_group.py
[2023-06-01T10:08:09.575+0300] {logging_mixin.py:149} INFO - [2023-06-01T10:08:09.574+0300] {dag.py:2726} INFO - Sync 1 DAGs
[2023-06-01T10:08:09.711+0300] {logging_mixin.py:149} INFO - [2023-06-01T10:08:09.711+0300] {dag.py:3486} INFO - Setting next_dagrun for example_task_group to 2023-05-31T07:08:09.711103+00:00, run_after=2023-06-01T07:08:09.711103+00:00
[2023-06-01T10:08:09.846+0300] {processor.py:179} INFO - Processing /home/mutwiri/airflow/airflow_env/lib/python3.10/site-packages/airflow/example_dags/example_task_group.py took 0.314 seconds
[2023-06-01T10:09:06.611+0300] {processor.py:157} INFO - Started process (PID=2088697) to work on /home/mutwiri/airflow/airflow_env/lib/python3.10/site-packages/airflow/example_dags/example_task_group.py
[2023-06-01T10:09:06.614+0300] {processor.py:826} INFO - Processing file /home/mutwiri/airflow/airflow_env/lib/python3.10/site-packages/airflow/example_dags/example_task_group.py for tasks to queue
[2023-06-01T10:09:06.616+0300] {logging_mixin.py:149} INFO - [2023-06-01T10:09:06.615+0300] {dagbag.py:541} INFO - Filling up the DagBag from /home/mutwiri/airflow/airflow_env/lib/python3.10/site-packages/airflow/example_dags/example_task_group.py
[2023-06-01T10:09:06.632+0300] {processor.py:836} INFO - DAG(s) dict_keys(['example_task_group']) retrieved from /home/mutwiri/airflow/airflow_env/lib/python3.10/site-packages/airflow/example_dags/example_task_group.py
[2023-06-01T10:09:06.783+0300] {logging_mixin.py:149} INFO - [2023-06-01T10:09:06.783+0300] {dag.py:2726} INFO - Sync 1 DAGs
[2023-06-01T10:09:06.805+0300] {logging_mixin.py:149} INFO - [2023-06-01T10:09:06.805+0300] {dag.py:3486} INFO - Setting next_dagrun for example_task_group to 2023-05-31T07:09:06.805312+00:00, run_after=2023-06-01T07:09:06.805312+00:00
[2023-06-01T10:09:06.935+0300] {processor.py:179} INFO - Processing /home/mutwiri/airflow/airflow_env/lib/python3.10/site-packages/airflow/example_dags/example_task_group.py took 0.334 seconds
[2023-06-01T10:10:01.975+0300] {processor.py:157} INFO - Started process (PID=2088902) to work on /home/mutwiri/airflow/airflow_env/lib/python3.10/site-packages/airflow/example_dags/example_task_group.py
[2023-06-01T10:10:01.979+0300] {processor.py:826} INFO - Processing file /home/mutwiri/airflow/airflow_env/lib/python3.10/site-packages/airflow/example_dags/example_task_group.py for tasks to queue
[2023-06-01T10:10:01.981+0300] {logging_mixin.py:149} INFO - [2023-06-01T10:10:01.980+0300] {dagbag.py:541} INFO - Filling up the DagBag from /home/mutwiri/airflow/airflow_env/lib/python3.10/site-packages/airflow/example_dags/example_task_group.py
[2023-06-01T10:10:02.005+0300] {processor.py:836} INFO - DAG(s) dict_keys(['example_task_group']) retrieved from /home/mutwiri/airflow/airflow_env/lib/python3.10/site-packages/airflow/example_dags/example_task_group.py
[2023-06-01T10:10:02.030+0300] {logging_mixin.py:149} INFO - [2023-06-01T10:10:02.030+0300] {dag.py:2726} INFO - Sync 1 DAGs
[2023-06-01T10:10:02.052+0300] {logging_mixin.py:149} INFO - [2023-06-01T10:10:02.052+0300] {dag.py:3486} INFO - Setting next_dagrun for example_task_group to 2023-05-31T07:10:02.052125+00:00, run_after=2023-06-01T07:10:02.052125+00:00
[2023-06-01T10:10:02.174+0300] {processor.py:179} INFO - Processing /home/mutwiri/airflow/airflow_env/lib/python3.10/site-packages/airflow/example_dags/example_task_group.py took 0.211 seconds
[2023-06-01T10:10:51.053+0300] {processor.py:157} INFO - Started process (PID=2089169) to work on /home/mutwiri/airflow/airflow_env/lib/python3.10/site-packages/airflow/example_dags/example_task_group.py
[2023-06-01T10:10:51.055+0300] {processor.py:826} INFO - Processing file /home/mutwiri/airflow/airflow_env/lib/python3.10/site-packages/airflow/example_dags/example_task_group.py for tasks to queue
[2023-06-01T10:10:51.056+0300] {logging_mixin.py:149} INFO - [2023-06-01T10:10:51.055+0300] {dagbag.py:541} INFO - Filling up the DagBag from /home/mutwiri/airflow/airflow_env/lib/python3.10/site-packages/airflow/example_dags/example_task_group.py
[2023-06-01T10:10:51.064+0300] {processor.py:836} INFO - DAG(s) dict_keys(['example_task_group']) retrieved from /home/mutwiri/airflow/airflow_env/lib/python3.10/site-packages/airflow/example_dags/example_task_group.py
[2023-06-01T10:10:51.086+0300] {logging_mixin.py:149} INFO - [2023-06-01T10:10:51.086+0300] {dag.py:2726} INFO - Sync 1 DAGs
[2023-06-01T10:10:51.105+0300] {logging_mixin.py:149} INFO - [2023-06-01T10:10:51.105+0300] {dag.py:3486} INFO - Setting next_dagrun for example_task_group to 2023-05-31T07:10:51.104904+00:00, run_after=2023-06-01T07:10:51.104904+00:00
[2023-06-01T10:10:51.235+0300] {processor.py:179} INFO - Processing /home/mutwiri/airflow/airflow_env/lib/python3.10/site-packages/airflow/example_dags/example_task_group.py took 0.185 seconds
[2023-06-01T10:11:39.284+0300] {processor.py:157} INFO - Started process (PID=2089343) to work on /home/mutwiri/airflow/airflow_env/lib/python3.10/site-packages/airflow/example_dags/example_task_group.py
[2023-06-01T10:11:39.286+0300] {processor.py:826} INFO - Processing file /home/mutwiri/airflow/airflow_env/lib/python3.10/site-packages/airflow/example_dags/example_task_group.py for tasks to queue
[2023-06-01T10:11:39.287+0300] {logging_mixin.py:149} INFO - [2023-06-01T10:11:39.286+0300] {dagbag.py:541} INFO - Filling up the DagBag from /home/mutwiri/airflow/airflow_env/lib/python3.10/site-packages/airflow/example_dags/example_task_group.py
[2023-06-01T10:11:39.300+0300] {processor.py:836} INFO - DAG(s) dict_keys(['example_task_group']) retrieved from /home/mutwiri/airflow/airflow_env/lib/python3.10/site-packages/airflow/example_dags/example_task_group.py
[2023-06-01T10:11:39.325+0300] {logging_mixin.py:149} INFO - [2023-06-01T10:11:39.325+0300] {dag.py:2726} INFO - Sync 1 DAGs
[2023-06-01T10:11:39.346+0300] {logging_mixin.py:149} INFO - [2023-06-01T10:11:39.346+0300] {dag.py:3486} INFO - Setting next_dagrun for example_task_group to 2023-05-31T07:11:39.346345+00:00, run_after=2023-06-01T07:11:39.346345+00:00
[2023-06-01T10:11:39.455+0300] {processor.py:179} INFO - Processing /home/mutwiri/airflow/airflow_env/lib/python3.10/site-packages/airflow/example_dags/example_task_group.py took 0.175 seconds
[2023-06-01T10:12:32.005+0300] {processor.py:157} INFO - Started process (PID=2089552) to work on /home/mutwiri/airflow/airflow_env/lib/python3.10/site-packages/airflow/example_dags/example_task_group.py
[2023-06-01T10:12:32.007+0300] {processor.py:826} INFO - Processing file /home/mutwiri/airflow/airflow_env/lib/python3.10/site-packages/airflow/example_dags/example_task_group.py for tasks to queue
[2023-06-01T10:12:32.008+0300] {logging_mixin.py:149} INFO - [2023-06-01T10:12:32.008+0300] {dagbag.py:541} INFO - Filling up the DagBag from /home/mutwiri/airflow/airflow_env/lib/python3.10/site-packages/airflow/example_dags/example_task_group.py
[2023-06-01T10:12:32.023+0300] {processor.py:836} INFO - DAG(s) dict_keys(['example_task_group']) retrieved from /home/mutwiri/airflow/airflow_env/lib/python3.10/site-packages/airflow/example_dags/example_task_group.py
[2023-06-01T10:12:32.055+0300] {logging_mixin.py:149} INFO - [2023-06-01T10:12:32.055+0300] {dag.py:2726} INFO - Sync 1 DAGs
[2023-06-01T10:12:32.095+0300] {logging_mixin.py:149} INFO - [2023-06-01T10:12:32.095+0300] {dag.py:3486} INFO - Setting next_dagrun for example_task_group to 2023-05-31T07:12:32.094915+00:00, run_after=2023-06-01T07:12:32.094915+00:00
[2023-06-01T10:12:32.251+0300] {processor.py:179} INFO - Processing /home/mutwiri/airflow/airflow_env/lib/python3.10/site-packages/airflow/example_dags/example_task_group.py took 0.250 seconds
[2023-06-01T10:13:32.722+0300] {processor.py:157} INFO - Started process (PID=2089833) to work on /home/mutwiri/airflow/airflow_env/lib/python3.10/site-packages/airflow/example_dags/example_task_group.py
[2023-06-01T10:13:32.743+0300] {processor.py:826} INFO - Processing file /home/mutwiri/airflow/airflow_env/lib/python3.10/site-packages/airflow/example_dags/example_task_group.py for tasks to queue
[2023-06-01T10:13:32.745+0300] {logging_mixin.py:149} INFO - [2023-06-01T10:13:32.744+0300] {dagbag.py:541} INFO - Filling up the DagBag from /home/mutwiri/airflow/airflow_env/lib/python3.10/site-packages/airflow/example_dags/example_task_group.py
[2023-06-01T10:13:32.759+0300] {processor.py:836} INFO - DAG(s) dict_keys(['example_task_group']) retrieved from /home/mutwiri/airflow/airflow_env/lib/python3.10/site-packages/airflow/example_dags/example_task_group.py
[2023-06-01T10:13:32.784+0300] {logging_mixin.py:149} INFO - [2023-06-01T10:13:32.784+0300] {dag.py:2726} INFO - Sync 1 DAGs
[2023-06-01T10:13:32.804+0300] {logging_mixin.py:149} INFO - [2023-06-01T10:13:32.804+0300] {dag.py:3486} INFO - Setting next_dagrun for example_task_group to 2023-05-31T07:13:32.803977+00:00, run_after=2023-06-01T07:13:32.803977+00:00
[2023-06-01T10:13:32.928+0300] {processor.py:179} INFO - Processing /home/mutwiri/airflow/airflow_env/lib/python3.10/site-packages/airflow/example_dags/example_task_group.py took 0.212 seconds
[2023-06-01T10:14:24.446+0300] {processor.py:157} INFO - Started process (PID=2089889) to work on /home/mutwiri/airflow/airflow_env/lib/python3.10/site-packages/airflow/example_dags/example_task_group.py
[2023-06-01T10:14:24.448+0300] {processor.py:826} INFO - Processing file /home/mutwiri/airflow/airflow_env/lib/python3.10/site-packages/airflow/example_dags/example_task_group.py for tasks to queue
[2023-06-01T10:14:24.449+0300] {logging_mixin.py:149} INFO - [2023-06-01T10:14:24.449+0300] {dagbag.py:541} INFO - Filling up the DagBag from /home/mutwiri/airflow/airflow_env/lib/python3.10/site-packages/airflow/example_dags/example_task_group.py
[2023-06-01T10:14:24.464+0300] {processor.py:836} INFO - DAG(s) dict_keys(['example_task_group']) retrieved from /home/mutwiri/airflow/airflow_env/lib/python3.10/site-packages/airflow/example_dags/example_task_group.py
[2023-06-01T10:14:24.488+0300] {logging_mixin.py:149} INFO - [2023-06-01T10:14:24.488+0300] {dag.py:2726} INFO - Sync 1 DAGs
[2023-06-01T10:14:24.511+0300] {logging_mixin.py:149} INFO - [2023-06-01T10:14:24.510+0300] {dag.py:3486} INFO - Setting next_dagrun for example_task_group to 2023-05-31T07:14:24.510602+00:00, run_after=2023-06-01T07:14:24.510602+00:00
[2023-06-01T10:14:24.656+0300] {processor.py:179} INFO - Processing /home/mutwiri/airflow/airflow_env/lib/python3.10/site-packages/airflow/example_dags/example_task_group.py took 0.218 seconds
[2023-06-01T10:15:11.635+0300] {processor.py:157} INFO - Started process (PID=2089998) to work on /home/mutwiri/airflow/airflow_env/lib/python3.10/site-packages/airflow/example_dags/example_task_group.py
[2023-06-01T10:15:11.646+0300] {processor.py:826} INFO - Processing file /home/mutwiri/airflow/airflow_env/lib/python3.10/site-packages/airflow/example_dags/example_task_group.py for tasks to queue
[2023-06-01T10:15:11.647+0300] {logging_mixin.py:149} INFO - [2023-06-01T10:15:11.647+0300] {dagbag.py:541} INFO - Filling up the DagBag from /home/mutwiri/airflow/airflow_env/lib/python3.10/site-packages/airflow/example_dags/example_task_group.py
[2023-06-01T10:15:11.657+0300] {processor.py:836} INFO - DAG(s) dict_keys(['example_task_group']) retrieved from /home/mutwiri/airflow/airflow_env/lib/python3.10/site-packages/airflow/example_dags/example_task_group.py
[2023-06-01T10:15:11.685+0300] {logging_mixin.py:149} INFO - [2023-06-01T10:15:11.684+0300] {dag.py:2726} INFO - Sync 1 DAGs
[2023-06-01T10:15:11.711+0300] {logging_mixin.py:149} INFO - [2023-06-01T10:15:11.711+0300] {dag.py:3486} INFO - Setting next_dagrun for example_task_group to 2023-05-31T07:15:11.711423+00:00, run_after=2023-06-01T07:15:11.711423+00:00
[2023-06-01T10:15:11.840+0300] {processor.py:179} INFO - Processing /home/mutwiri/airflow/airflow_env/lib/python3.10/site-packages/airflow/example_dags/example_task_group.py took 0.210 seconds
