[2023-06-01T10:06:40.588+0300] {processor.py:157} INFO - Started process (PID=2088427) to work on /home/mutwiri/airflow/airflow_env/lib/python3.10/site-packages/airflow/example_dags/example_latest_only_with_trigger.py
[2023-06-01T10:06:40.589+0300] {processor.py:826} INFO - Processing file /home/mutwiri/airflow/airflow_env/lib/python3.10/site-packages/airflow/example_dags/example_latest_only_with_trigger.py for tasks to queue
[2023-06-01T10:06:40.590+0300] {logging_mixin.py:149} INFO - [2023-06-01T10:06:40.589+0300] {dagbag.py:541} INFO - Filling up the DagBag from /home/mutwiri/airflow/airflow_env/lib/python3.10/site-packages/airflow/example_dags/example_latest_only_with_trigger.py
[2023-06-01T10:06:40.596+0300] {processor.py:836} INFO - DAG(s) dict_keys(['latest_only_with_trigger']) retrieved from /home/mutwiri/airflow/airflow_env/lib/python3.10/site-packages/airflow/example_dags/example_latest_only_with_trigger.py
[2023-06-01T10:06:40.619+0300] {logging_mixin.py:149} INFO - [2023-06-01T10:06:40.618+0300] {dag.py:2726} INFO - Sync 1 DAGs
[2023-06-01T10:06:40.638+0300] {logging_mixin.py:149} INFO - [2023-06-01T10:06:40.638+0300] {dag.py:3486} INFO - Setting next_dagrun for latest_only_with_trigger to 2023-06-01T03:06:40.638316+00:00, run_after=2023-06-01T07:06:40.638316+00:00
[2023-06-01T10:06:40.959+0300] {processor.py:179} INFO - Processing /home/mutwiri/airflow/airflow_env/lib/python3.10/site-packages/airflow/example_dags/example_latest_only_with_trigger.py took 0.375 seconds
[2023-06-01T10:07:37.963+0300] {processor.py:157} INFO - Started process (PID=2088580) to work on /home/mutwiri/airflow/airflow_env/lib/python3.10/site-packages/airflow/example_dags/example_latest_only_with_trigger.py
[2023-06-01T10:07:37.965+0300] {processor.py:826} INFO - Processing file /home/mutwiri/airflow/airflow_env/lib/python3.10/site-packages/airflow/example_dags/example_latest_only_with_trigger.py for tasks to queue
[2023-06-01T10:07:37.965+0300] {logging_mixin.py:149} INFO - [2023-06-01T10:07:37.965+0300] {dagbag.py:541} INFO - Filling up the DagBag from /home/mutwiri/airflow/airflow_env/lib/python3.10/site-packages/airflow/example_dags/example_latest_only_with_trigger.py
[2023-06-01T10:07:37.973+0300] {processor.py:836} INFO - DAG(s) dict_keys(['latest_only_with_trigger']) retrieved from /home/mutwiri/airflow/airflow_env/lib/python3.10/site-packages/airflow/example_dags/example_latest_only_with_trigger.py
[2023-06-01T10:07:37.995+0300] {logging_mixin.py:149} INFO - [2023-06-01T10:07:37.994+0300] {dag.py:2726} INFO - Sync 1 DAGs
[2023-06-01T10:07:38.014+0300] {logging_mixin.py:149} INFO - [2023-06-01T10:07:38.013+0300] {dag.py:3486} INFO - Setting next_dagrun for latest_only_with_trigger to 2023-06-01T03:07:38.013669+00:00, run_after=2023-06-01T07:07:38.013669+00:00
[2023-06-01T10:07:38.240+0300] {processor.py:179} INFO - Processing /home/mutwiri/airflow/airflow_env/lib/python3.10/site-packages/airflow/example_dags/example_latest_only_with_trigger.py took 0.280 seconds
[2023-06-01T10:08:36.174+0300] {processor.py:157} INFO - Started process (PID=2088659) to work on /home/mutwiri/airflow/airflow_env/lib/python3.10/site-packages/airflow/example_dags/example_latest_only_with_trigger.py
[2023-06-01T10:08:36.175+0300] {processor.py:826} INFO - Processing file /home/mutwiri/airflow/airflow_env/lib/python3.10/site-packages/airflow/example_dags/example_latest_only_with_trigger.py for tasks to queue
[2023-06-01T10:08:36.176+0300] {logging_mixin.py:149} INFO - [2023-06-01T10:08:36.176+0300] {dagbag.py:541} INFO - Filling up the DagBag from /home/mutwiri/airflow/airflow_env/lib/python3.10/site-packages/airflow/example_dags/example_latest_only_with_trigger.py
[2023-06-01T10:08:36.184+0300] {processor.py:836} INFO - DAG(s) dict_keys(['latest_only_with_trigger']) retrieved from /home/mutwiri/airflow/airflow_env/lib/python3.10/site-packages/airflow/example_dags/example_latest_only_with_trigger.py
[2023-06-01T10:08:36.209+0300] {logging_mixin.py:149} INFO - [2023-06-01T10:08:36.209+0300] {dag.py:2726} INFO - Sync 1 DAGs
[2023-06-01T10:08:36.352+0300] {logging_mixin.py:149} INFO - [2023-06-01T10:08:36.352+0300] {dag.py:3486} INFO - Setting next_dagrun for latest_only_with_trigger to 2023-06-01T03:08:36.352169+00:00, run_after=2023-06-01T07:08:36.352169+00:00
[2023-06-01T10:08:36.487+0300] {processor.py:179} INFO - Processing /home/mutwiri/airflow/airflow_env/lib/python3.10/site-packages/airflow/example_dags/example_latest_only_with_trigger.py took 0.317 seconds
[2023-06-01T10:09:32.417+0300] {processor.py:157} INFO - Started process (PID=2088780) to work on /home/mutwiri/airflow/airflow_env/lib/python3.10/site-packages/airflow/example_dags/example_latest_only_with_trigger.py
[2023-06-01T10:09:32.433+0300] {processor.py:826} INFO - Processing file /home/mutwiri/airflow/airflow_env/lib/python3.10/site-packages/airflow/example_dags/example_latest_only_with_trigger.py for tasks to queue
[2023-06-01T10:09:32.434+0300] {logging_mixin.py:149} INFO - [2023-06-01T10:09:32.434+0300] {dagbag.py:541} INFO - Filling up the DagBag from /home/mutwiri/airflow/airflow_env/lib/python3.10/site-packages/airflow/example_dags/example_latest_only_with_trigger.py
[2023-06-01T10:09:32.446+0300] {processor.py:836} INFO - DAG(s) dict_keys(['latest_only_with_trigger']) retrieved from /home/mutwiri/airflow/airflow_env/lib/python3.10/site-packages/airflow/example_dags/example_latest_only_with_trigger.py
[2023-06-01T10:09:32.473+0300] {logging_mixin.py:149} INFO - [2023-06-01T10:09:32.473+0300] {dag.py:2726} INFO - Sync 1 DAGs
[2023-06-01T10:09:32.492+0300] {logging_mixin.py:149} INFO - [2023-06-01T10:09:32.492+0300] {dag.py:3486} INFO - Setting next_dagrun for latest_only_with_trigger to 2023-06-01T03:09:32.492328+00:00, run_after=2023-06-01T07:09:32.492328+00:00
[2023-06-01T10:09:32.626+0300] {processor.py:179} INFO - Processing /home/mutwiri/airflow/airflow_env/lib/python3.10/site-packages/airflow/example_dags/example_latest_only_with_trigger.py took 0.212 seconds
[2023-06-01T10:10:27.378+0300] {processor.py:157} INFO - Started process (PID=2089049) to work on /home/mutwiri/airflow/airflow_env/lib/python3.10/site-packages/airflow/example_dags/example_latest_only_with_trigger.py
[2023-06-01T10:10:27.386+0300] {processor.py:826} INFO - Processing file /home/mutwiri/airflow/airflow_env/lib/python3.10/site-packages/airflow/example_dags/example_latest_only_with_trigger.py for tasks to queue
[2023-06-01T10:10:27.388+0300] {logging_mixin.py:149} INFO - [2023-06-01T10:10:27.388+0300] {dagbag.py:541} INFO - Filling up the DagBag from /home/mutwiri/airflow/airflow_env/lib/python3.10/site-packages/airflow/example_dags/example_latest_only_with_trigger.py
[2023-06-01T10:10:27.409+0300] {processor.py:836} INFO - DAG(s) dict_keys(['latest_only_with_trigger']) retrieved from /home/mutwiri/airflow/airflow_env/lib/python3.10/site-packages/airflow/example_dags/example_latest_only_with_trigger.py
[2023-06-01T10:10:27.445+0300] {logging_mixin.py:149} INFO - [2023-06-01T10:10:27.445+0300] {dag.py:2726} INFO - Sync 1 DAGs
[2023-06-01T10:10:27.470+0300] {logging_mixin.py:149} INFO - [2023-06-01T10:10:27.470+0300] {dag.py:3486} INFO - Setting next_dagrun for latest_only_with_trigger to 2023-06-01T03:10:27.470258+00:00, run_after=2023-06-01T07:10:27.470258+00:00
[2023-06-01T10:10:27.612+0300] {processor.py:179} INFO - Processing /home/mutwiri/airflow/airflow_env/lib/python3.10/site-packages/airflow/example_dags/example_latest_only_with_trigger.py took 0.244 seconds
[2023-06-01T10:11:19.616+0300] {processor.py:157} INFO - Started process (PID=2089279) to work on /home/mutwiri/airflow/airflow_env/lib/python3.10/site-packages/airflow/example_dags/example_latest_only_with_trigger.py
[2023-06-01T10:11:19.637+0300] {processor.py:826} INFO - Processing file /home/mutwiri/airflow/airflow_env/lib/python3.10/site-packages/airflow/example_dags/example_latest_only_with_trigger.py for tasks to queue
[2023-06-01T10:11:19.639+0300] {logging_mixin.py:149} INFO - [2023-06-01T10:11:19.638+0300] {dagbag.py:541} INFO - Filling up the DagBag from /home/mutwiri/airflow/airflow_env/lib/python3.10/site-packages/airflow/example_dags/example_latest_only_with_trigger.py
[2023-06-01T10:11:19.656+0300] {processor.py:836} INFO - DAG(s) dict_keys(['latest_only_with_trigger']) retrieved from /home/mutwiri/airflow/airflow_env/lib/python3.10/site-packages/airflow/example_dags/example_latest_only_with_trigger.py
[2023-06-01T10:11:19.688+0300] {logging_mixin.py:149} INFO - [2023-06-01T10:11:19.688+0300] {dag.py:2726} INFO - Sync 1 DAGs
[2023-06-01T10:11:19.707+0300] {logging_mixin.py:149} INFO - [2023-06-01T10:11:19.707+0300] {dag.py:3486} INFO - Setting next_dagrun for latest_only_with_trigger to 2023-06-01T03:11:19.706786+00:00, run_after=2023-06-01T07:11:19.706786+00:00
[2023-06-01T10:11:19.842+0300] {processor.py:179} INFO - Processing /home/mutwiri/airflow/airflow_env/lib/python3.10/site-packages/airflow/example_dags/example_latest_only_with_trigger.py took 0.230 seconds
[2023-06-01T10:12:08.812+0300] {processor.py:157} INFO - Started process (PID=2089438) to work on /home/mutwiri/airflow/airflow_env/lib/python3.10/site-packages/airflow/example_dags/example_latest_only_with_trigger.py
[2023-06-01T10:12:08.813+0300] {processor.py:826} INFO - Processing file /home/mutwiri/airflow/airflow_env/lib/python3.10/site-packages/airflow/example_dags/example_latest_only_with_trigger.py for tasks to queue
[2023-06-01T10:12:08.814+0300] {logging_mixin.py:149} INFO - [2023-06-01T10:12:08.814+0300] {dagbag.py:541} INFO - Filling up the DagBag from /home/mutwiri/airflow/airflow_env/lib/python3.10/site-packages/airflow/example_dags/example_latest_only_with_trigger.py
[2023-06-01T10:12:08.825+0300] {processor.py:836} INFO - DAG(s) dict_keys(['latest_only_with_trigger']) retrieved from /home/mutwiri/airflow/airflow_env/lib/python3.10/site-packages/airflow/example_dags/example_latest_only_with_trigger.py
[2023-06-01T10:12:08.856+0300] {logging_mixin.py:149} INFO - [2023-06-01T10:12:08.856+0300] {dag.py:2726} INFO - Sync 1 DAGs
[2023-06-01T10:12:08.878+0300] {logging_mixin.py:149} INFO - [2023-06-01T10:12:08.878+0300] {dag.py:3486} INFO - Setting next_dagrun for latest_only_with_trigger to 2023-06-01T03:12:08.878215+00:00, run_after=2023-06-01T07:12:08.878215+00:00
[2023-06-01T10:12:08.992+0300] {processor.py:179} INFO - Processing /home/mutwiri/airflow/airflow_env/lib/python3.10/site-packages/airflow/example_dags/example_latest_only_with_trigger.py took 0.185 seconds
[2023-06-01T10:13:00.378+0300] {processor.py:157} INFO - Started process (PID=2089626) to work on /home/mutwiri/airflow/airflow_env/lib/python3.10/site-packages/airflow/example_dags/example_latest_only_with_trigger.py
[2023-06-01T10:13:00.379+0300] {processor.py:826} INFO - Processing file /home/mutwiri/airflow/airflow_env/lib/python3.10/site-packages/airflow/example_dags/example_latest_only_with_trigger.py for tasks to queue
[2023-06-01T10:13:00.380+0300] {logging_mixin.py:149} INFO - [2023-06-01T10:13:00.380+0300] {dagbag.py:541} INFO - Filling up the DagBag from /home/mutwiri/airflow/airflow_env/lib/python3.10/site-packages/airflow/example_dags/example_latest_only_with_trigger.py
[2023-06-01T10:13:00.387+0300] {processor.py:836} INFO - DAG(s) dict_keys(['latest_only_with_trigger']) retrieved from /home/mutwiri/airflow/airflow_env/lib/python3.10/site-packages/airflow/example_dags/example_latest_only_with_trigger.py
[2023-06-01T10:13:00.410+0300] {logging_mixin.py:149} INFO - [2023-06-01T10:13:00.410+0300] {dag.py:2726} INFO - Sync 1 DAGs
[2023-06-01T10:13:00.432+0300] {logging_mixin.py:149} INFO - [2023-06-01T10:13:00.432+0300] {dag.py:3486} INFO - Setting next_dagrun for latest_only_with_trigger to 2023-06-01T03:13:00.431962+00:00, run_after=2023-06-01T07:13:00.431962+00:00
[2023-06-01T10:13:00.557+0300] {processor.py:179} INFO - Processing /home/mutwiri/airflow/airflow_env/lib/python3.10/site-packages/airflow/example_dags/example_latest_only_with_trigger.py took 0.182 seconds
[2023-06-01T10:14:06.078+0300] {processor.py:157} INFO - Started process (PID=2089866) to work on /home/mutwiri/airflow/airflow_env/lib/python3.10/site-packages/airflow/example_dags/example_latest_only_with_trigger.py
[2023-06-01T10:14:06.079+0300] {processor.py:826} INFO - Processing file /home/mutwiri/airflow/airflow_env/lib/python3.10/site-packages/airflow/example_dags/example_latest_only_with_trigger.py for tasks to queue
[2023-06-01T10:14:06.080+0300] {logging_mixin.py:149} INFO - [2023-06-01T10:14:06.080+0300] {dagbag.py:541} INFO - Filling up the DagBag from /home/mutwiri/airflow/airflow_env/lib/python3.10/site-packages/airflow/example_dags/example_latest_only_with_trigger.py
[2023-06-01T10:14:06.088+0300] {processor.py:836} INFO - DAG(s) dict_keys(['latest_only_with_trigger']) retrieved from /home/mutwiri/airflow/airflow_env/lib/python3.10/site-packages/airflow/example_dags/example_latest_only_with_trigger.py
[2023-06-01T10:14:06.113+0300] {logging_mixin.py:149} INFO - [2023-06-01T10:14:06.113+0300] {dag.py:2726} INFO - Sync 1 DAGs
[2023-06-01T10:14:06.136+0300] {logging_mixin.py:149} INFO - [2023-06-01T10:14:06.136+0300] {dag.py:3486} INFO - Setting next_dagrun for latest_only_with_trigger to 2023-06-01T03:14:06.136094+00:00, run_after=2023-06-01T07:14:06.136094+00:00
[2023-06-01T10:14:06.274+0300] {processor.py:179} INFO - Processing /home/mutwiri/airflow/airflow_env/lib/python3.10/site-packages/airflow/example_dags/example_latest_only_with_trigger.py took 0.201 seconds
[2023-06-01T10:14:55.924+0300] {processor.py:157} INFO - Started process (PID=2089946) to work on /home/mutwiri/airflow/airflow_env/lib/python3.10/site-packages/airflow/example_dags/example_latest_only_with_trigger.py
[2023-06-01T10:14:55.940+0300] {processor.py:826} INFO - Processing file /home/mutwiri/airflow/airflow_env/lib/python3.10/site-packages/airflow/example_dags/example_latest_only_with_trigger.py for tasks to queue
[2023-06-01T10:14:55.941+0300] {logging_mixin.py:149} INFO - [2023-06-01T10:14:55.941+0300] {dagbag.py:541} INFO - Filling up the DagBag from /home/mutwiri/airflow/airflow_env/lib/python3.10/site-packages/airflow/example_dags/example_latest_only_with_trigger.py
[2023-06-01T10:14:55.949+0300] {processor.py:836} INFO - DAG(s) dict_keys(['latest_only_with_trigger']) retrieved from /home/mutwiri/airflow/airflow_env/lib/python3.10/site-packages/airflow/example_dags/example_latest_only_with_trigger.py
[2023-06-01T10:14:55.974+0300] {logging_mixin.py:149} INFO - [2023-06-01T10:14:55.974+0300] {dag.py:2726} INFO - Sync 1 DAGs
[2023-06-01T10:14:56.000+0300] {logging_mixin.py:149} INFO - [2023-06-01T10:14:56.000+0300] {dag.py:3486} INFO - Setting next_dagrun for latest_only_with_trigger to 2023-06-01T03:14:56.000013+00:00, run_after=2023-06-01T07:14:56.000013+00:00
[2023-06-01T10:14:56.105+0300] {processor.py:179} INFO - Processing /home/mutwiri/airflow/airflow_env/lib/python3.10/site-packages/airflow/example_dags/example_latest_only_with_trigger.py took 0.184 seconds
