[2023-06-01T10:07:00.280+0300] {processor.py:157} INFO - Started process (PID=2088526) to work on /home/mutwiri/airflow/airflow_env/lib/python3.10/site-packages/airflow/example_dags/example_branch_labels.py
[2023-06-01T10:07:00.284+0300] {processor.py:826} INFO - Processing file /home/mutwiri/airflow/airflow_env/lib/python3.10/site-packages/airflow/example_dags/example_branch_labels.py for tasks to queue
[2023-06-01T10:07:00.286+0300] {logging_mixin.py:149} INFO - [2023-06-01T10:07:00.286+0300] {dagbag.py:541} INFO - Filling up the DagBag from /home/mutwiri/airflow/airflow_env/lib/python3.10/site-packages/airflow/example_dags/example_branch_labels.py
[2023-06-01T10:07:00.316+0300] {processor.py:836} INFO - DAG(s) dict_keys(['example_branch_labels']) retrieved from /home/mutwiri/airflow/airflow_env/lib/python3.10/site-packages/airflow/example_dags/example_branch_labels.py
[2023-06-01T10:07:00.352+0300] {logging_mixin.py:149} INFO - [2023-06-01T10:07:00.352+0300] {dag.py:2726} INFO - Sync 1 DAGs
[2023-06-01T10:07:00.377+0300] {logging_mixin.py:149} INFO - [2023-06-01T10:07:00.377+0300] {dag.py:3486} INFO - Setting next_dagrun for example_branch_labels to 2023-05-31T00:00:00+00:00, run_after=2023-06-01T00:00:00+00:00
[2023-06-01T10:07:00.532+0300] {processor.py:179} INFO - Processing /home/mutwiri/airflow/airflow_env/lib/python3.10/site-packages/airflow/example_dags/example_branch_labels.py took 0.263 seconds
[2023-06-01T10:07:55.725+0300] {processor.py:157} INFO - Started process (PID=2088614) to work on /home/mutwiri/airflow/airflow_env/lib/python3.10/site-packages/airflow/example_dags/example_branch_labels.py
[2023-06-01T10:07:55.727+0300] {processor.py:826} INFO - Processing file /home/mutwiri/airflow/airflow_env/lib/python3.10/site-packages/airflow/example_dags/example_branch_labels.py for tasks to queue
[2023-06-01T10:07:55.728+0300] {logging_mixin.py:149} INFO - [2023-06-01T10:07:55.728+0300] {dagbag.py:541} INFO - Filling up the DagBag from /home/mutwiri/airflow/airflow_env/lib/python3.10/site-packages/airflow/example_dags/example_branch_labels.py
[2023-06-01T10:07:55.739+0300] {processor.py:836} INFO - DAG(s) dict_keys(['example_branch_labels']) retrieved from /home/mutwiri/airflow/airflow_env/lib/python3.10/site-packages/airflow/example_dags/example_branch_labels.py
[2023-06-01T10:07:55.762+0300] {logging_mixin.py:149} INFO - [2023-06-01T10:07:55.762+0300] {dag.py:2726} INFO - Sync 1 DAGs
[2023-06-01T10:07:55.784+0300] {logging_mixin.py:149} INFO - [2023-06-01T10:07:55.784+0300] {dag.py:3486} INFO - Setting next_dagrun for example_branch_labels to 2023-05-31T00:00:00+00:00, run_after=2023-06-01T00:00:00+00:00
[2023-06-01T10:07:56.004+0300] {processor.py:179} INFO - Processing /home/mutwiri/airflow/airflow_env/lib/python3.10/site-packages/airflow/example_dags/example_branch_labels.py took 0.285 seconds
[2023-06-01T10:08:53.458+0300] {processor.py:157} INFO - Started process (PID=2088674) to work on /home/mutwiri/airflow/airflow_env/lib/python3.10/site-packages/airflow/example_dags/example_branch_labels.py
[2023-06-01T10:08:53.459+0300] {processor.py:826} INFO - Processing file /home/mutwiri/airflow/airflow_env/lib/python3.10/site-packages/airflow/example_dags/example_branch_labels.py for tasks to queue
[2023-06-01T10:08:53.460+0300] {logging_mixin.py:149} INFO - [2023-06-01T10:08:53.460+0300] {dagbag.py:541} INFO - Filling up the DagBag from /home/mutwiri/airflow/airflow_env/lib/python3.10/site-packages/airflow/example_dags/example_branch_labels.py
[2023-06-01T10:08:53.471+0300] {processor.py:836} INFO - DAG(s) dict_keys(['example_branch_labels']) retrieved from /home/mutwiri/airflow/airflow_env/lib/python3.10/site-packages/airflow/example_dags/example_branch_labels.py
[2023-06-01T10:08:53.608+0300] {logging_mixin.py:149} INFO - [2023-06-01T10:08:53.608+0300] {dag.py:2726} INFO - Sync 1 DAGs
[2023-06-01T10:08:53.634+0300] {logging_mixin.py:149} INFO - [2023-06-01T10:08:53.633+0300] {dag.py:3486} INFO - Setting next_dagrun for example_branch_labels to 2023-05-31T00:00:00+00:00, run_after=2023-06-01T00:00:00+00:00
[2023-06-01T10:08:53.970+0300] {processor.py:179} INFO - Processing /home/mutwiri/airflow/airflow_env/lib/python3.10/site-packages/airflow/example_dags/example_branch_labels.py took 0.516 seconds
[2023-06-01T10:10:14.336+0300] {processor.py:157} INFO - Started process (PID=2089000) to work on /home/mutwiri/airflow/airflow_env/lib/python3.10/site-packages/airflow/example_dags/example_branch_labels.py
[2023-06-01T10:10:14.337+0300] {processor.py:826} INFO - Processing file /home/mutwiri/airflow/airflow_env/lib/python3.10/site-packages/airflow/example_dags/example_branch_labels.py for tasks to queue
[2023-06-01T10:10:14.338+0300] {logging_mixin.py:149} INFO - [2023-06-01T10:10:14.337+0300] {dagbag.py:541} INFO - Filling up the DagBag from /home/mutwiri/airflow/airflow_env/lib/python3.10/site-packages/airflow/example_dags/example_branch_labels.py
[2023-06-01T10:10:14.345+0300] {processor.py:836} INFO - DAG(s) dict_keys(['example_branch_labels']) retrieved from /home/mutwiri/airflow/airflow_env/lib/python3.10/site-packages/airflow/example_dags/example_branch_labels.py
[2023-06-01T10:10:14.371+0300] {logging_mixin.py:149} INFO - [2023-06-01T10:10:14.371+0300] {dag.py:2726} INFO - Sync 1 DAGs
[2023-06-01T10:10:14.392+0300] {logging_mixin.py:149} INFO - [2023-06-01T10:10:14.392+0300] {dag.py:3486} INFO - Setting next_dagrun for example_branch_labels to 2023-05-31T00:00:00+00:00, run_after=2023-06-01T00:00:00+00:00
[2023-06-01T10:10:14.515+0300] {processor.py:179} INFO - Processing /home/mutwiri/airflow/airflow_env/lib/python3.10/site-packages/airflow/example_dags/example_branch_labels.py took 0.183 seconds
[2023-06-01T10:11:27.473+0300] {processor.py:157} INFO - Started process (PID=2089295) to work on /home/mutwiri/airflow/airflow_env/lib/python3.10/site-packages/airflow/example_dags/example_branch_labels.py
[2023-06-01T10:11:27.474+0300] {processor.py:826} INFO - Processing file /home/mutwiri/airflow/airflow_env/lib/python3.10/site-packages/airflow/example_dags/example_branch_labels.py for tasks to queue
[2023-06-01T10:11:27.475+0300] {logging_mixin.py:149} INFO - [2023-06-01T10:11:27.475+0300] {dagbag.py:541} INFO - Filling up the DagBag from /home/mutwiri/airflow/airflow_env/lib/python3.10/site-packages/airflow/example_dags/example_branch_labels.py
[2023-06-01T10:11:27.485+0300] {processor.py:836} INFO - DAG(s) dict_keys(['example_branch_labels']) retrieved from /home/mutwiri/airflow/airflow_env/lib/python3.10/site-packages/airflow/example_dags/example_branch_labels.py
[2023-06-01T10:11:27.507+0300] {logging_mixin.py:149} INFO - [2023-06-01T10:11:27.507+0300] {dag.py:2726} INFO - Sync 1 DAGs
[2023-06-01T10:11:27.531+0300] {logging_mixin.py:149} INFO - [2023-06-01T10:11:27.531+0300] {dag.py:3486} INFO - Setting next_dagrun for example_branch_labels to 2023-05-31T00:00:00+00:00, run_after=2023-06-01T00:00:00+00:00
[2023-06-01T10:11:27.654+0300] {processor.py:179} INFO - Processing /home/mutwiri/airflow/airflow_env/lib/python3.10/site-packages/airflow/example_dags/example_branch_labels.py took 0.186 seconds
[2023-06-01T10:12:44.408+0300] {processor.py:157} INFO - Started process (PID=2089608) to work on /home/mutwiri/airflow/airflow_env/lib/python3.10/site-packages/airflow/example_dags/example_branch_labels.py
[2023-06-01T10:12:44.422+0300] {processor.py:826} INFO - Processing file /home/mutwiri/airflow/airflow_env/lib/python3.10/site-packages/airflow/example_dags/example_branch_labels.py for tasks to queue
[2023-06-01T10:12:44.424+0300] {logging_mixin.py:149} INFO - [2023-06-01T10:12:44.423+0300] {dagbag.py:541} INFO - Filling up the DagBag from /home/mutwiri/airflow/airflow_env/lib/python3.10/site-packages/airflow/example_dags/example_branch_labels.py
[2023-06-01T10:12:44.436+0300] {processor.py:836} INFO - DAG(s) dict_keys(['example_branch_labels']) retrieved from /home/mutwiri/airflow/airflow_env/lib/python3.10/site-packages/airflow/example_dags/example_branch_labels.py
[2023-06-01T10:12:44.462+0300] {logging_mixin.py:149} INFO - [2023-06-01T10:12:44.462+0300] {dag.py:2726} INFO - Sync 1 DAGs
[2023-06-01T10:12:44.483+0300] {logging_mixin.py:149} INFO - [2023-06-01T10:12:44.483+0300] {dag.py:3486} INFO - Setting next_dagrun for example_branch_labels to 2023-05-31T00:00:00+00:00, run_after=2023-06-01T00:00:00+00:00
[2023-06-01T10:12:44.593+0300] {processor.py:179} INFO - Processing /home/mutwiri/airflow/airflow_env/lib/python3.10/site-packages/airflow/example_dags/example_branch_labels.py took 0.190 seconds
[2023-06-01T10:13:46.306+0300] {processor.py:157} INFO - Started process (PID=2089848) to work on /home/mutwiri/airflow/airflow_env/lib/python3.10/site-packages/airflow/example_dags/example_branch_labels.py
[2023-06-01T10:13:46.329+0300] {processor.py:826} INFO - Processing file /home/mutwiri/airflow/airflow_env/lib/python3.10/site-packages/airflow/example_dags/example_branch_labels.py for tasks to queue
[2023-06-01T10:13:46.330+0300] {logging_mixin.py:149} INFO - [2023-06-01T10:13:46.330+0300] {dagbag.py:541} INFO - Filling up the DagBag from /home/mutwiri/airflow/airflow_env/lib/python3.10/site-packages/airflow/example_dags/example_branch_labels.py
[2023-06-01T10:13:46.352+0300] {processor.py:836} INFO - DAG(s) dict_keys(['example_branch_labels']) retrieved from /home/mutwiri/airflow/airflow_env/lib/python3.10/site-packages/airflow/example_dags/example_branch_labels.py
[2023-06-01T10:13:46.381+0300] {logging_mixin.py:149} INFO - [2023-06-01T10:13:46.381+0300] {dag.py:2726} INFO - Sync 1 DAGs
[2023-06-01T10:13:46.402+0300] {logging_mixin.py:149} INFO - [2023-06-01T10:13:46.402+0300] {dag.py:3486} INFO - Setting next_dagrun for example_branch_labels to 2023-05-31T00:00:00+00:00, run_after=2023-06-01T00:00:00+00:00
[2023-06-01T10:13:46.510+0300] {processor.py:179} INFO - Processing /home/mutwiri/airflow/airflow_env/lib/python3.10/site-packages/airflow/example_dags/example_branch_labels.py took 0.209 seconds
[2023-06-01T10:15:00.465+0300] {processor.py:157} INFO - Started process (PID=2089959) to work on /home/mutwiri/airflow/airflow_env/lib/python3.10/site-packages/airflow/example_dags/example_branch_labels.py
[2023-06-01T10:15:00.468+0300] {processor.py:826} INFO - Processing file /home/mutwiri/airflow/airflow_env/lib/python3.10/site-packages/airflow/example_dags/example_branch_labels.py for tasks to queue
[2023-06-01T10:15:00.469+0300] {logging_mixin.py:149} INFO - [2023-06-01T10:15:00.468+0300] {dagbag.py:541} INFO - Filling up the DagBag from /home/mutwiri/airflow/airflow_env/lib/python3.10/site-packages/airflow/example_dags/example_branch_labels.py
[2023-06-01T10:15:00.479+0300] {processor.py:836} INFO - DAG(s) dict_keys(['example_branch_labels']) retrieved from /home/mutwiri/airflow/airflow_env/lib/python3.10/site-packages/airflow/example_dags/example_branch_labels.py
[2023-06-01T10:15:00.507+0300] {logging_mixin.py:149} INFO - [2023-06-01T10:15:00.507+0300] {dag.py:2726} INFO - Sync 1 DAGs
[2023-06-01T10:15:00.537+0300] {logging_mixin.py:149} INFO - [2023-06-01T10:15:00.536+0300] {dag.py:3486} INFO - Setting next_dagrun for example_branch_labels to 2023-05-31T00:00:00+00:00, run_after=2023-06-01T00:00:00+00:00
[2023-06-01T10:15:00.678+0300] {processor.py:179} INFO - Processing /home/mutwiri/airflow/airflow_env/lib/python3.10/site-packages/airflow/example_dags/example_branch_labels.py took 0.216 seconds
