[2023-06-01T10:05:32.807+0300] {processor.py:157} INFO - Started process (PID=2088025) to work on /home/mutwiri/airflow/airflow_env/lib/python3.10/site-packages/airflow/example_dags/example_trigger_target_dag.py
[2023-06-01T10:05:32.809+0300] {processor.py:826} INFO - Processing file /home/mutwiri/airflow/airflow_env/lib/python3.10/site-packages/airflow/example_dags/example_trigger_target_dag.py for tasks to queue
[2023-06-01T10:05:32.811+0300] {logging_mixin.py:149} INFO - [2023-06-01T10:05:32.810+0300] {dagbag.py:541} INFO - Filling up the DagBag from /home/mutwiri/airflow/airflow_env/lib/python3.10/site-packages/airflow/example_dags/example_trigger_target_dag.py
[2023-06-01T10:05:32.823+0300] {processor.py:836} INFO - DAG(s) dict_keys(['example_trigger_target_dag']) retrieved from /home/mutwiri/airflow/airflow_env/lib/python3.10/site-packages/airflow/example_dags/example_trigger_target_dag.py
[2023-06-01T10:05:32.969+0300] {logging_mixin.py:149} INFO - [2023-06-01T10:05:32.969+0300] {dag.py:2726} INFO - Sync 1 DAGs
[2023-06-01T10:05:33.059+0300] {logging_mixin.py:149} INFO - [2023-06-01T10:05:33.059+0300] {dag.py:2747} INFO - Creating ORM DAG for example_trigger_target_dag
[2023-06-01T10:05:33.089+0300] {logging_mixin.py:149} INFO - [2023-06-01T10:05:33.088+0300] {dag.py:3486} INFO - Setting next_dagrun for example_trigger_target_dag to None, run_after=None
[2023-06-01T10:05:33.278+0300] {processor.py:179} INFO - Processing /home/mutwiri/airflow/airflow_env/lib/python3.10/site-packages/airflow/example_dags/example_trigger_target_dag.py took 0.482 seconds
[2023-06-01T10:07:12.451+0300] {processor.py:157} INFO - Started process (PID=2088551) to work on /home/mutwiri/airflow/airflow_env/lib/python3.10/site-packages/airflow/example_dags/example_trigger_target_dag.py
[2023-06-01T10:07:12.453+0300] {processor.py:826} INFO - Processing file /home/mutwiri/airflow/airflow_env/lib/python3.10/site-packages/airflow/example_dags/example_trigger_target_dag.py for tasks to queue
[2023-06-01T10:07:12.455+0300] {logging_mixin.py:149} INFO - [2023-06-01T10:07:12.454+0300] {dagbag.py:541} INFO - Filling up the DagBag from /home/mutwiri/airflow/airflow_env/lib/python3.10/site-packages/airflow/example_dags/example_trigger_target_dag.py
[2023-06-01T10:07:12.464+0300] {processor.py:836} INFO - DAG(s) dict_keys(['example_trigger_target_dag']) retrieved from /home/mutwiri/airflow/airflow_env/lib/python3.10/site-packages/airflow/example_dags/example_trigger_target_dag.py
[2023-06-01T10:07:12.490+0300] {logging_mixin.py:149} INFO - [2023-06-01T10:07:12.490+0300] {dag.py:2726} INFO - Sync 1 DAGs
[2023-06-01T10:07:12.512+0300] {logging_mixin.py:149} INFO - [2023-06-01T10:07:12.512+0300] {dag.py:3486} INFO - Setting next_dagrun for example_trigger_target_dag to None, run_after=None
[2023-06-01T10:07:12.629+0300] {processor.py:179} INFO - Processing /home/mutwiri/airflow/airflow_env/lib/python3.10/site-packages/airflow/example_dags/example_trigger_target_dag.py took 0.187 seconds
[2023-06-01T10:08:06.674+0300] {processor.py:157} INFO - Started process (PID=2088626) to work on /home/mutwiri/airflow/airflow_env/lib/python3.10/site-packages/airflow/example_dags/example_trigger_target_dag.py
[2023-06-01T10:08:06.675+0300] {processor.py:826} INFO - Processing file /home/mutwiri/airflow/airflow_env/lib/python3.10/site-packages/airflow/example_dags/example_trigger_target_dag.py for tasks to queue
[2023-06-01T10:08:06.676+0300] {logging_mixin.py:149} INFO - [2023-06-01T10:08:06.676+0300] {dagbag.py:541} INFO - Filling up the DagBag from /home/mutwiri/airflow/airflow_env/lib/python3.10/site-packages/airflow/example_dags/example_trigger_target_dag.py
[2023-06-01T10:08:06.683+0300] {processor.py:836} INFO - DAG(s) dict_keys(['example_trigger_target_dag']) retrieved from /home/mutwiri/airflow/airflow_env/lib/python3.10/site-packages/airflow/example_dags/example_trigger_target_dag.py
[2023-06-01T10:08:06.707+0300] {logging_mixin.py:149} INFO - [2023-06-01T10:08:06.707+0300] {dag.py:2726} INFO - Sync 1 DAGs
[2023-06-01T10:08:06.842+0300] {logging_mixin.py:149} INFO - [2023-06-01T10:08:06.841+0300] {dag.py:3486} INFO - Setting next_dagrun for example_trigger_target_dag to None, run_after=None
[2023-06-01T10:08:06.952+0300] {processor.py:179} INFO - Processing /home/mutwiri/airflow/airflow_env/lib/python3.10/site-packages/airflow/example_dags/example_trigger_target_dag.py took 0.282 seconds
[2023-06-01T10:09:03.985+0300] {processor.py:157} INFO - Started process (PID=2088695) to work on /home/mutwiri/airflow/airflow_env/lib/python3.10/site-packages/airflow/example_dags/example_trigger_target_dag.py
[2023-06-01T10:09:03.992+0300] {processor.py:826} INFO - Processing file /home/mutwiri/airflow/airflow_env/lib/python3.10/site-packages/airflow/example_dags/example_trigger_target_dag.py for tasks to queue
[2023-06-01T10:09:03.995+0300] {logging_mixin.py:149} INFO - [2023-06-01T10:09:03.994+0300] {dagbag.py:541} INFO - Filling up the DagBag from /home/mutwiri/airflow/airflow_env/lib/python3.10/site-packages/airflow/example_dags/example_trigger_target_dag.py
[2023-06-01T10:09:04.016+0300] {processor.py:836} INFO - DAG(s) dict_keys(['example_trigger_target_dag']) retrieved from /home/mutwiri/airflow/airflow_env/lib/python3.10/site-packages/airflow/example_dags/example_trigger_target_dag.py
[2023-06-01T10:09:04.218+0300] {logging_mixin.py:149} INFO - [2023-06-01T10:09:04.218+0300] {dag.py:2726} INFO - Sync 1 DAGs
[2023-06-01T10:09:04.243+0300] {logging_mixin.py:149} INFO - [2023-06-01T10:09:04.243+0300] {dag.py:3486} INFO - Setting next_dagrun for example_trigger_target_dag to None, run_after=None
[2023-06-01T10:09:04.332+0300] {processor.py:179} INFO - Processing /home/mutwiri/airflow/airflow_env/lib/python3.10/site-packages/airflow/example_dags/example_trigger_target_dag.py took 0.360 seconds
[2023-06-01T10:09:59.186+0300] {processor.py:157} INFO - Started process (PID=2088899) to work on /home/mutwiri/airflow/airflow_env/lib/python3.10/site-packages/airflow/example_dags/example_trigger_target_dag.py
[2023-06-01T10:09:59.187+0300] {processor.py:826} INFO - Processing file /home/mutwiri/airflow/airflow_env/lib/python3.10/site-packages/airflow/example_dags/example_trigger_target_dag.py for tasks to queue
[2023-06-01T10:09:59.188+0300] {logging_mixin.py:149} INFO - [2023-06-01T10:09:59.188+0300] {dagbag.py:541} INFO - Filling up the DagBag from /home/mutwiri/airflow/airflow_env/lib/python3.10/site-packages/airflow/example_dags/example_trigger_target_dag.py
[2023-06-01T10:09:59.198+0300] {processor.py:836} INFO - DAG(s) dict_keys(['example_trigger_target_dag']) retrieved from /home/mutwiri/airflow/airflow_env/lib/python3.10/site-packages/airflow/example_dags/example_trigger_target_dag.py
[2023-06-01T10:09:59.228+0300] {logging_mixin.py:149} INFO - [2023-06-01T10:09:59.228+0300] {dag.py:2726} INFO - Sync 1 DAGs
[2023-06-01T10:09:59.269+0300] {logging_mixin.py:149} INFO - [2023-06-01T10:09:59.269+0300] {dag.py:3486} INFO - Setting next_dagrun for example_trigger_target_dag to None, run_after=None
[2023-06-01T10:09:59.363+0300] {processor.py:179} INFO - Processing /home/mutwiri/airflow/airflow_env/lib/python3.10/site-packages/airflow/example_dags/example_trigger_target_dag.py took 0.183 seconds
[2023-06-01T10:10:49.018+0300] {processor.py:157} INFO - Started process (PID=2089155) to work on /home/mutwiri/airflow/airflow_env/lib/python3.10/site-packages/airflow/example_dags/example_trigger_target_dag.py
[2023-06-01T10:10:49.019+0300] {processor.py:826} INFO - Processing file /home/mutwiri/airflow/airflow_env/lib/python3.10/site-packages/airflow/example_dags/example_trigger_target_dag.py for tasks to queue
[2023-06-01T10:10:49.020+0300] {logging_mixin.py:149} INFO - [2023-06-01T10:10:49.020+0300] {dagbag.py:541} INFO - Filling up the DagBag from /home/mutwiri/airflow/airflow_env/lib/python3.10/site-packages/airflow/example_dags/example_trigger_target_dag.py
[2023-06-01T10:10:49.026+0300] {processor.py:836} INFO - DAG(s) dict_keys(['example_trigger_target_dag']) retrieved from /home/mutwiri/airflow/airflow_env/lib/python3.10/site-packages/airflow/example_dags/example_trigger_target_dag.py
[2023-06-01T10:10:49.046+0300] {logging_mixin.py:149} INFO - [2023-06-01T10:10:49.046+0300] {dag.py:2726} INFO - Sync 1 DAGs
[2023-06-01T10:10:49.065+0300] {logging_mixin.py:149} INFO - [2023-06-01T10:10:49.065+0300] {dag.py:3486} INFO - Setting next_dagrun for example_trigger_target_dag to None, run_after=None
[2023-06-01T10:10:49.203+0300] {processor.py:179} INFO - Processing /home/mutwiri/airflow/airflow_env/lib/python3.10/site-packages/airflow/example_dags/example_trigger_target_dag.py took 0.189 seconds
[2023-06-01T10:11:36.492+0300] {processor.py:157} INFO - Started process (PID=2089332) to work on /home/mutwiri/airflow/airflow_env/lib/python3.10/site-packages/airflow/example_dags/example_trigger_target_dag.py
[2023-06-01T10:11:36.495+0300] {processor.py:826} INFO - Processing file /home/mutwiri/airflow/airflow_env/lib/python3.10/site-packages/airflow/example_dags/example_trigger_target_dag.py for tasks to queue
[2023-06-01T10:11:36.497+0300] {logging_mixin.py:149} INFO - [2023-06-01T10:11:36.497+0300] {dagbag.py:541} INFO - Filling up the DagBag from /home/mutwiri/airflow/airflow_env/lib/python3.10/site-packages/airflow/example_dags/example_trigger_target_dag.py
[2023-06-01T10:11:36.517+0300] {processor.py:836} INFO - DAG(s) dict_keys(['example_trigger_target_dag']) retrieved from /home/mutwiri/airflow/airflow_env/lib/python3.10/site-packages/airflow/example_dags/example_trigger_target_dag.py
[2023-06-01T10:11:36.557+0300] {logging_mixin.py:149} INFO - [2023-06-01T10:11:36.557+0300] {dag.py:2726} INFO - Sync 1 DAGs
[2023-06-01T10:11:36.592+0300] {logging_mixin.py:149} INFO - [2023-06-01T10:11:36.591+0300] {dag.py:3486} INFO - Setting next_dagrun for example_trigger_target_dag to None, run_after=None
[2023-06-01T10:11:36.706+0300] {processor.py:179} INFO - Processing /home/mutwiri/airflow/airflow_env/lib/python3.10/site-packages/airflow/example_dags/example_trigger_target_dag.py took 0.226 seconds
[2023-06-01T10:12:25.950+0300] {processor.py:157} INFO - Started process (PID=2089503) to work on /home/mutwiri/airflow/airflow_env/lib/python3.10/site-packages/airflow/example_dags/example_trigger_target_dag.py
[2023-06-01T10:12:25.951+0300] {processor.py:826} INFO - Processing file /home/mutwiri/airflow/airflow_env/lib/python3.10/site-packages/airflow/example_dags/example_trigger_target_dag.py for tasks to queue
[2023-06-01T10:12:25.952+0300] {logging_mixin.py:149} INFO - [2023-06-01T10:12:25.952+0300] {dagbag.py:541} INFO - Filling up the DagBag from /home/mutwiri/airflow/airflow_env/lib/python3.10/site-packages/airflow/example_dags/example_trigger_target_dag.py
[2023-06-01T10:12:25.960+0300] {processor.py:836} INFO - DAG(s) dict_keys(['example_trigger_target_dag']) retrieved from /home/mutwiri/airflow/airflow_env/lib/python3.10/site-packages/airflow/example_dags/example_trigger_target_dag.py
[2023-06-01T10:12:25.985+0300] {logging_mixin.py:149} INFO - [2023-06-01T10:12:25.985+0300] {dag.py:2726} INFO - Sync 1 DAGs
[2023-06-01T10:12:26.009+0300] {logging_mixin.py:149} INFO - [2023-06-01T10:12:26.009+0300] {dag.py:3486} INFO - Setting next_dagrun for example_trigger_target_dag to None, run_after=None
[2023-06-01T10:12:26.129+0300] {processor.py:179} INFO - Processing /home/mutwiri/airflow/airflow_env/lib/python3.10/site-packages/airflow/example_dags/example_trigger_target_dag.py took 0.184 seconds
[2023-06-01T10:13:30.185+0300] {processor.py:157} INFO - Started process (PID=2089830) to work on /home/mutwiri/airflow/airflow_env/lib/python3.10/site-packages/airflow/example_dags/example_trigger_target_dag.py
[2023-06-01T10:13:30.188+0300] {processor.py:826} INFO - Processing file /home/mutwiri/airflow/airflow_env/lib/python3.10/site-packages/airflow/example_dags/example_trigger_target_dag.py for tasks to queue
[2023-06-01T10:13:30.190+0300] {logging_mixin.py:149} INFO - [2023-06-01T10:13:30.190+0300] {dagbag.py:541} INFO - Filling up the DagBag from /home/mutwiri/airflow/airflow_env/lib/python3.10/site-packages/airflow/example_dags/example_trigger_target_dag.py
[2023-06-01T10:13:30.200+0300] {processor.py:836} INFO - DAG(s) dict_keys(['example_trigger_target_dag']) retrieved from /home/mutwiri/airflow/airflow_env/lib/python3.10/site-packages/airflow/example_dags/example_trigger_target_dag.py
[2023-06-01T10:13:30.226+0300] {logging_mixin.py:149} INFO - [2023-06-01T10:13:30.226+0300] {dag.py:2726} INFO - Sync 1 DAGs
[2023-06-01T10:13:30.251+0300] {logging_mixin.py:149} INFO - [2023-06-01T10:13:30.251+0300] {dag.py:3486} INFO - Setting next_dagrun for example_trigger_target_dag to None, run_after=None
[2023-06-01T10:13:30.340+0300] {processor.py:179} INFO - Processing /home/mutwiri/airflow/airflow_env/lib/python3.10/site-packages/airflow/example_dags/example_trigger_target_dag.py took 0.166 seconds
[2023-06-01T10:14:22.664+0300] {processor.py:157} INFO - Started process (PID=2089886) to work on /home/mutwiri/airflow/airflow_env/lib/python3.10/site-packages/airflow/example_dags/example_trigger_target_dag.py
[2023-06-01T10:14:22.666+0300] {processor.py:826} INFO - Processing file /home/mutwiri/airflow/airflow_env/lib/python3.10/site-packages/airflow/example_dags/example_trigger_target_dag.py for tasks to queue
[2023-06-01T10:14:22.667+0300] {logging_mixin.py:149} INFO - [2023-06-01T10:14:22.667+0300] {dagbag.py:541} INFO - Filling up the DagBag from /home/mutwiri/airflow/airflow_env/lib/python3.10/site-packages/airflow/example_dags/example_trigger_target_dag.py
[2023-06-01T10:14:22.677+0300] {processor.py:836} INFO - DAG(s) dict_keys(['example_trigger_target_dag']) retrieved from /home/mutwiri/airflow/airflow_env/lib/python3.10/site-packages/airflow/example_dags/example_trigger_target_dag.py
[2023-06-01T10:14:22.701+0300] {logging_mixin.py:149} INFO - [2023-06-01T10:14:22.701+0300] {dag.py:2726} INFO - Sync 1 DAGs
[2023-06-01T10:14:22.721+0300] {logging_mixin.py:149} INFO - [2023-06-01T10:14:22.721+0300] {dag.py:3486} INFO - Setting next_dagrun for example_trigger_target_dag to None, run_after=None
[2023-06-01T10:14:22.854+0300] {processor.py:179} INFO - Processing /home/mutwiri/airflow/airflow_env/lib/python3.10/site-packages/airflow/example_dags/example_trigger_target_dag.py took 0.195 seconds
[2023-06-01T10:15:09.853+0300] {processor.py:157} INFO - Started process (PID=2089996) to work on /home/mutwiri/airflow/airflow_env/lib/python3.10/site-packages/airflow/example_dags/example_trigger_target_dag.py
[2023-06-01T10:15:09.855+0300] {processor.py:826} INFO - Processing file /home/mutwiri/airflow/airflow_env/lib/python3.10/site-packages/airflow/example_dags/example_trigger_target_dag.py for tasks to queue
[2023-06-01T10:15:09.856+0300] {logging_mixin.py:149} INFO - [2023-06-01T10:15:09.856+0300] {dagbag.py:541} INFO - Filling up the DagBag from /home/mutwiri/airflow/airflow_env/lib/python3.10/site-packages/airflow/example_dags/example_trigger_target_dag.py
[2023-06-01T10:15:09.865+0300] {processor.py:836} INFO - DAG(s) dict_keys(['example_trigger_target_dag']) retrieved from /home/mutwiri/airflow/airflow_env/lib/python3.10/site-packages/airflow/example_dags/example_trigger_target_dag.py
[2023-06-01T10:15:09.886+0300] {logging_mixin.py:149} INFO - [2023-06-01T10:15:09.886+0300] {dag.py:2726} INFO - Sync 1 DAGs
[2023-06-01T10:15:09.906+0300] {logging_mixin.py:149} INFO - [2023-06-01T10:15:09.906+0300] {dag.py:3486} INFO - Setting next_dagrun for example_trigger_target_dag to None, run_after=None
[2023-06-01T10:15:10.019+0300] {processor.py:179} INFO - Processing /home/mutwiri/airflow/airflow_env/lib/python3.10/site-packages/airflow/example_dags/example_trigger_target_dag.py took 0.171 seconds
