[2023-06-01T10:06:50.937+0300] {processor.py:157} INFO - Started process (PID=2088441) to work on /home/mutwiri/airflow/airflow_env/lib/python3.10/site-packages/airflow/example_dags/example_params_ui_tutorial.py
[2023-06-01T10:06:50.938+0300] {processor.py:826} INFO - Processing file /home/mutwiri/airflow/airflow_env/lib/python3.10/site-packages/airflow/example_dags/example_params_ui_tutorial.py for tasks to queue
[2023-06-01T10:06:50.938+0300] {logging_mixin.py:149} INFO - [2023-06-01T10:06:50.938+0300] {dagbag.py:541} INFO - Filling up the DagBag from /home/mutwiri/airflow/airflow_env/lib/python3.10/site-packages/airflow/example_dags/example_params_ui_tutorial.py
[2023-06-01T10:06:50.996+0300] {processor.py:836} INFO - DAG(s) dict_keys(['example_params_ui_tutorial']) retrieved from /home/mutwiri/airflow/airflow_env/lib/python3.10/site-packages/airflow/example_dags/example_params_ui_tutorial.py
[2023-06-01T10:06:51.064+0300] {logging_mixin.py:149} INFO - [2023-06-01T10:06:51.064+0300] {dag.py:2726} INFO - Sync 1 DAGs
[2023-06-01T10:06:51.184+0300] {logging_mixin.py:149} INFO - [2023-06-01T10:06:51.184+0300] {dag.py:3486} INFO - Setting next_dagrun for example_params_ui_tutorial to None, run_after=None
[2023-06-01T10:06:51.462+0300] {processor.py:179} INFO - Processing /home/mutwiri/airflow/airflow_env/lib/python3.10/site-packages/airflow/example_dags/example_params_ui_tutorial.py took 0.529 seconds
[2023-06-01T10:07:48.575+0300] {processor.py:157} INFO - Started process (PID=2088606) to work on /home/mutwiri/airflow/airflow_env/lib/python3.10/site-packages/airflow/example_dags/example_params_ui_tutorial.py
[2023-06-01T10:07:48.576+0300] {processor.py:826} INFO - Processing file /home/mutwiri/airflow/airflow_env/lib/python3.10/site-packages/airflow/example_dags/example_params_ui_tutorial.py for tasks to queue
[2023-06-01T10:07:48.577+0300] {logging_mixin.py:149} INFO - [2023-06-01T10:07:48.577+0300] {dagbag.py:541} INFO - Filling up the DagBag from /home/mutwiri/airflow/airflow_env/lib/python3.10/site-packages/airflow/example_dags/example_params_ui_tutorial.py
[2023-06-01T10:07:48.618+0300] {processor.py:836} INFO - DAG(s) dict_keys(['example_params_ui_tutorial']) retrieved from /home/mutwiri/airflow/airflow_env/lib/python3.10/site-packages/airflow/example_dags/example_params_ui_tutorial.py
[2023-06-01T10:07:48.801+0300] {logging_mixin.py:149} INFO - [2023-06-01T10:07:48.800+0300] {dag.py:2726} INFO - Sync 1 DAGs
[2023-06-01T10:07:48.823+0300] {logging_mixin.py:149} INFO - [2023-06-01T10:07:48.823+0300] {dag.py:3486} INFO - Setting next_dagrun for example_params_ui_tutorial to None, run_after=None
[2023-06-01T10:07:48.928+0300] {processor.py:179} INFO - Processing /home/mutwiri/airflow/airflow_env/lib/python3.10/site-packages/airflow/example_dags/example_params_ui_tutorial.py took 0.357 seconds
[2023-06-01T10:08:47.023+0300] {processor.py:157} INFO - Started process (PID=2088667) to work on /home/mutwiri/airflow/airflow_env/lib/python3.10/site-packages/airflow/example_dags/example_params_ui_tutorial.py
[2023-06-01T10:08:47.024+0300] {processor.py:826} INFO - Processing file /home/mutwiri/airflow/airflow_env/lib/python3.10/site-packages/airflow/example_dags/example_params_ui_tutorial.py for tasks to queue
[2023-06-01T10:08:47.025+0300] {logging_mixin.py:149} INFO - [2023-06-01T10:08:47.025+0300] {dagbag.py:541} INFO - Filling up the DagBag from /home/mutwiri/airflow/airflow_env/lib/python3.10/site-packages/airflow/example_dags/example_params_ui_tutorial.py
[2023-06-01T10:08:47.190+0300] {processor.py:836} INFO - DAG(s) dict_keys(['example_params_ui_tutorial']) retrieved from /home/mutwiri/airflow/airflow_env/lib/python3.10/site-packages/airflow/example_dags/example_params_ui_tutorial.py
[2023-06-01T10:08:47.247+0300] {logging_mixin.py:149} INFO - [2023-06-01T10:08:47.247+0300] {dag.py:2726} INFO - Sync 1 DAGs
[2023-06-01T10:08:47.266+0300] {logging_mixin.py:149} INFO - [2023-06-01T10:08:47.266+0300] {dag.py:3486} INFO - Setting next_dagrun for example_params_ui_tutorial to None, run_after=None
[2023-06-01T10:08:47.361+0300] {processor.py:179} INFO - Processing /home/mutwiri/airflow/airflow_env/lib/python3.10/site-packages/airflow/example_dags/example_params_ui_tutorial.py took 0.342 seconds
[2023-06-01T10:09:42.082+0300] {processor.py:157} INFO - Started process (PID=2088806) to work on /home/mutwiri/airflow/airflow_env/lib/python3.10/site-packages/airflow/example_dags/example_params_ui_tutorial.py
[2023-06-01T10:09:42.084+0300] {processor.py:826} INFO - Processing file /home/mutwiri/airflow/airflow_env/lib/python3.10/site-packages/airflow/example_dags/example_params_ui_tutorial.py for tasks to queue
[2023-06-01T10:09:42.085+0300] {logging_mixin.py:149} INFO - [2023-06-01T10:09:42.085+0300] {dagbag.py:541} INFO - Filling up the DagBag from /home/mutwiri/airflow/airflow_env/lib/python3.10/site-packages/airflow/example_dags/example_params_ui_tutorial.py
[2023-06-01T10:09:42.131+0300] {processor.py:836} INFO - DAG(s) dict_keys(['example_params_ui_tutorial']) retrieved from /home/mutwiri/airflow/airflow_env/lib/python3.10/site-packages/airflow/example_dags/example_params_ui_tutorial.py
[2023-06-01T10:09:42.184+0300] {logging_mixin.py:149} INFO - [2023-06-01T10:09:42.184+0300] {dag.py:2726} INFO - Sync 1 DAGs
[2023-06-01T10:09:42.202+0300] {logging_mixin.py:149} INFO - [2023-06-01T10:09:42.202+0300] {dag.py:3486} INFO - Setting next_dagrun for example_params_ui_tutorial to None, run_after=None
[2023-06-01T10:09:42.314+0300] {processor.py:179} INFO - Processing /home/mutwiri/airflow/airflow_env/lib/python3.10/site-packages/airflow/example_dags/example_params_ui_tutorial.py took 0.237 seconds
[2023-06-01T10:10:36.180+0300] {processor.py:157} INFO - Started process (PID=2089105) to work on /home/mutwiri/airflow/airflow_env/lib/python3.10/site-packages/airflow/example_dags/example_params_ui_tutorial.py
[2023-06-01T10:10:36.181+0300] {processor.py:826} INFO - Processing file /home/mutwiri/airflow/airflow_env/lib/python3.10/site-packages/airflow/example_dags/example_params_ui_tutorial.py for tasks to queue
[2023-06-01T10:10:36.182+0300] {logging_mixin.py:149} INFO - [2023-06-01T10:10:36.182+0300] {dagbag.py:541} INFO - Filling up the DagBag from /home/mutwiri/airflow/airflow_env/lib/python3.10/site-packages/airflow/example_dags/example_params_ui_tutorial.py
[2023-06-01T10:10:36.221+0300] {processor.py:836} INFO - DAG(s) dict_keys(['example_params_ui_tutorial']) retrieved from /home/mutwiri/airflow/airflow_env/lib/python3.10/site-packages/airflow/example_dags/example_params_ui_tutorial.py
[2023-06-01T10:10:36.274+0300] {logging_mixin.py:149} INFO - [2023-06-01T10:10:36.274+0300] {dag.py:2726} INFO - Sync 1 DAGs
[2023-06-01T10:10:36.301+0300] {logging_mixin.py:149} INFO - [2023-06-01T10:10:36.301+0300] {dag.py:3486} INFO - Setting next_dagrun for example_params_ui_tutorial to None, run_after=None
[2023-06-01T10:10:36.436+0300] {processor.py:179} INFO - Processing /home/mutwiri/airflow/airflow_env/lib/python3.10/site-packages/airflow/example_dags/example_params_ui_tutorial.py took 0.260 seconds
[2023-06-01T10:11:49.426+0300] {processor.py:157} INFO - Started process (PID=2089371) to work on /home/mutwiri/airflow/airflow_env/lib/python3.10/site-packages/airflow/example_dags/example_params_ui_tutorial.py
[2023-06-01T10:11:49.428+0300] {processor.py:826} INFO - Processing file /home/mutwiri/airflow/airflow_env/lib/python3.10/site-packages/airflow/example_dags/example_params_ui_tutorial.py for tasks to queue
[2023-06-01T10:11:49.429+0300] {logging_mixin.py:149} INFO - [2023-06-01T10:11:49.429+0300] {dagbag.py:541} INFO - Filling up the DagBag from /home/mutwiri/airflow/airflow_env/lib/python3.10/site-packages/airflow/example_dags/example_params_ui_tutorial.py
[2023-06-01T10:11:49.474+0300] {processor.py:836} INFO - DAG(s) dict_keys(['example_params_ui_tutorial']) retrieved from /home/mutwiri/airflow/airflow_env/lib/python3.10/site-packages/airflow/example_dags/example_params_ui_tutorial.py
[2023-06-01T10:11:49.537+0300] {logging_mixin.py:149} INFO - [2023-06-01T10:11:49.537+0300] {dag.py:2726} INFO - Sync 1 DAGs
[2023-06-01T10:11:49.558+0300] {logging_mixin.py:149} INFO - [2023-06-01T10:11:49.558+0300] {dag.py:3486} INFO - Setting next_dagrun for example_params_ui_tutorial to None, run_after=None
[2023-06-01T10:11:49.739+0300] {processor.py:179} INFO - Processing /home/mutwiri/airflow/airflow_env/lib/python3.10/site-packages/airflow/example_dags/example_params_ui_tutorial.py took 0.316 seconds
[2023-06-01T10:13:10.641+0300] {processor.py:157} INFO - Started process (PID=2089694) to work on /home/mutwiri/airflow/airflow_env/lib/python3.10/site-packages/airflow/example_dags/example_params_ui_tutorial.py
[2023-06-01T10:13:10.653+0300] {processor.py:826} INFO - Processing file /home/mutwiri/airflow/airflow_env/lib/python3.10/site-packages/airflow/example_dags/example_params_ui_tutorial.py for tasks to queue
[2023-06-01T10:13:10.654+0300] {logging_mixin.py:149} INFO - [2023-06-01T10:13:10.653+0300] {dagbag.py:541} INFO - Filling up the DagBag from /home/mutwiri/airflow/airflow_env/lib/python3.10/site-packages/airflow/example_dags/example_params_ui_tutorial.py
[2023-06-01T10:13:10.699+0300] {processor.py:836} INFO - DAG(s) dict_keys(['example_params_ui_tutorial']) retrieved from /home/mutwiri/airflow/airflow_env/lib/python3.10/site-packages/airflow/example_dags/example_params_ui_tutorial.py
[2023-06-01T10:13:10.753+0300] {logging_mixin.py:149} INFO - [2023-06-01T10:13:10.753+0300] {dag.py:2726} INFO - Sync 1 DAGs
[2023-06-01T10:13:10.772+0300] {logging_mixin.py:149} INFO - [2023-06-01T10:13:10.772+0300] {dag.py:3486} INFO - Setting next_dagrun for example_params_ui_tutorial to None, run_after=None
[2023-06-01T10:13:10.860+0300] {processor.py:179} INFO - Processing /home/mutwiri/airflow/airflow_env/lib/python3.10/site-packages/airflow/example_dags/example_params_ui_tutorial.py took 0.222 seconds
[2023-06-01T10:14:11.598+0300] {processor.py:157} INFO - Started process (PID=2089871) to work on /home/mutwiri/airflow/airflow_env/lib/python3.10/site-packages/airflow/example_dags/example_params_ui_tutorial.py
[2023-06-01T10:14:11.600+0300] {processor.py:826} INFO - Processing file /home/mutwiri/airflow/airflow_env/lib/python3.10/site-packages/airflow/example_dags/example_params_ui_tutorial.py for tasks to queue
[2023-06-01T10:14:11.601+0300] {logging_mixin.py:149} INFO - [2023-06-01T10:14:11.601+0300] {dagbag.py:541} INFO - Filling up the DagBag from /home/mutwiri/airflow/airflow_env/lib/python3.10/site-packages/airflow/example_dags/example_params_ui_tutorial.py
[2023-06-01T10:14:11.656+0300] {processor.py:836} INFO - DAG(s) dict_keys(['example_params_ui_tutorial']) retrieved from /home/mutwiri/airflow/airflow_env/lib/python3.10/site-packages/airflow/example_dags/example_params_ui_tutorial.py
[2023-06-01T10:14:11.733+0300] {logging_mixin.py:149} INFO - [2023-06-01T10:14:11.733+0300] {dag.py:2726} INFO - Sync 1 DAGs
[2023-06-01T10:14:11.760+0300] {logging_mixin.py:149} INFO - [2023-06-01T10:14:11.760+0300] {dag.py:3486} INFO - Setting next_dagrun for example_params_ui_tutorial to None, run_after=None
[2023-06-01T10:14:11.896+0300] {processor.py:179} INFO - Processing /home/mutwiri/airflow/airflow_env/lib/python3.10/site-packages/airflow/example_dags/example_params_ui_tutorial.py took 0.305 seconds
