[2023-06-01T10:05:59.926+0300] {processor.py:157} INFO - Started process (PID=2088154) to work on /home/mutwiri/airflow/airflow_env/lib/python3.10/site-packages/airflow/example_dags/example_subdag_operator.py
[2023-06-01T10:05:59.929+0300] {processor.py:826} INFO - Processing file /home/mutwiri/airflow/airflow_env/lib/python3.10/site-packages/airflow/example_dags/example_subdag_operator.py for tasks to queue
[2023-06-01T10:05:59.932+0300] {logging_mixin.py:149} INFO - [2023-06-01T10:05:59.931+0300] {dagbag.py:541} INFO - Filling up the DagBag from /home/mutwiri/airflow/airflow_env/lib/python3.10/site-packages/airflow/example_dags/example_subdag_operator.py
[2023-06-01T10:05:59.983+0300] {processor.py:836} INFO - DAG(s) dict_keys(['example_subdag_operator.section-1', 'example_subdag_operator.section-2', 'example_subdag_operator']) retrieved from /home/mutwiri/airflow/airflow_env/lib/python3.10/site-packages/airflow/example_dags/example_subdag_operator.py
[2023-06-01T10:05:59.989+0300] {logging_mixin.py:149} INFO - [2023-06-01T10:05:59.989+0300] {dag.py:2726} INFO - Sync 3 DAGs
[2023-06-01T10:06:00.026+0300] {logging_mixin.py:149} INFO - [2023-06-01T10:06:00.025+0300] {dag.py:3486} INFO - Setting next_dagrun for example_subdag_operator to 2022-01-01T00:00:00+00:00, run_after=2022-01-01T00:00:00+00:00
[2023-06-01T10:06:00.211+0300] {logging_mixin.py:149} INFO - [2023-06-01T10:06:00.211+0300] {dag.py:3486} INFO - Setting next_dagrun for example_subdag_operator.section-1 to None, run_after=None
[2023-06-01T10:06:00.213+0300] {logging_mixin.py:149} INFO - [2023-06-01T10:06:00.212+0300] {dag.py:3486} INFO - Setting next_dagrun for example_subdag_operator.section-2 to None, run_after=None
[2023-06-01T10:06:00.243+0300] {logging_mixin.py:149} INFO - [2023-06-01T10:06:00.242+0300] {dag.py:2726} INFO - Sync 2 DAGs
[2023-06-01T10:06:00.264+0300] {logging_mixin.py:149} INFO - [2023-06-01T10:06:00.264+0300] {dag.py:3486} INFO - Setting next_dagrun for example_subdag_operator.section-1 to None, run_after=None
[2023-06-01T10:06:00.265+0300] {logging_mixin.py:149} INFO - [2023-06-01T10:06:00.264+0300] {dag.py:3486} INFO - Setting next_dagrun for example_subdag_operator.section-2 to None, run_after=None
[2023-06-01T10:06:00.378+0300] {processor.py:179} INFO - Processing /home/mutwiri/airflow/airflow_env/lib/python3.10/site-packages/airflow/example_dags/example_subdag_operator.py took 0.465 seconds
[2023-06-01T10:07:19.011+0300] {processor.py:157} INFO - Started process (PID=2088557) to work on /home/mutwiri/airflow/airflow_env/lib/python3.10/site-packages/airflow/example_dags/example_subdag_operator.py
[2023-06-01T10:07:19.013+0300] {processor.py:826} INFO - Processing file /home/mutwiri/airflow/airflow_env/lib/python3.10/site-packages/airflow/example_dags/example_subdag_operator.py for tasks to queue
[2023-06-01T10:07:19.014+0300] {logging_mixin.py:149} INFO - [2023-06-01T10:07:19.013+0300] {dagbag.py:541} INFO - Filling up the DagBag from /home/mutwiri/airflow/airflow_env/lib/python3.10/site-packages/airflow/example_dags/example_subdag_operator.py
[2023-06-01T10:07:19.041+0300] {processor.py:836} INFO - DAG(s) dict_keys(['example_subdag_operator.section-1', 'example_subdag_operator.section-2', 'example_subdag_operator']) retrieved from /home/mutwiri/airflow/airflow_env/lib/python3.10/site-packages/airflow/example_dags/example_subdag_operator.py
[2023-06-01T10:07:19.062+0300] {logging_mixin.py:149} INFO - [2023-06-01T10:07:19.062+0300] {dag.py:2726} INFO - Sync 3 DAGs
[2023-06-01T10:07:19.084+0300] {logging_mixin.py:149} INFO - [2023-06-01T10:07:19.083+0300] {dag.py:3486} INFO - Setting next_dagrun for example_subdag_operator to 2022-01-01T00:00:00+00:00, run_after=2022-01-01T00:00:00+00:00
[2023-06-01T10:07:19.087+0300] {logging_mixin.py:149} INFO - [2023-06-01T10:07:19.087+0300] {dag.py:3486} INFO - Setting next_dagrun for example_subdag_operator.section-1 to None, run_after=None
[2023-06-01T10:07:19.088+0300] {logging_mixin.py:149} INFO - [2023-06-01T10:07:19.088+0300] {dag.py:3486} INFO - Setting next_dagrun for example_subdag_operator.section-2 to None, run_after=None
[2023-06-01T10:07:19.095+0300] {logging_mixin.py:149} INFO - [2023-06-01T10:07:19.095+0300] {dag.py:2726} INFO - Sync 2 DAGs
[2023-06-01T10:07:19.101+0300] {logging_mixin.py:149} INFO - [2023-06-01T10:07:19.101+0300] {dag.py:3486} INFO - Setting next_dagrun for example_subdag_operator.section-1 to None, run_after=None
[2023-06-01T10:07:19.102+0300] {logging_mixin.py:149} INFO - [2023-06-01T10:07:19.101+0300] {dag.py:3486} INFO - Setting next_dagrun for example_subdag_operator.section-2 to None, run_after=None
[2023-06-01T10:07:19.229+0300] {processor.py:179} INFO - Processing /home/mutwiri/airflow/airflow_env/lib/python3.10/site-packages/airflow/example_dags/example_subdag_operator.py took 0.222 seconds
[2023-06-01T10:08:14.834+0300] {processor.py:157} INFO - Started process (PID=2088632) to work on /home/mutwiri/airflow/airflow_env/lib/python3.10/site-packages/airflow/example_dags/example_subdag_operator.py
[2023-06-01T10:08:14.846+0300] {processor.py:826} INFO - Processing file /home/mutwiri/airflow/airflow_env/lib/python3.10/site-packages/airflow/example_dags/example_subdag_operator.py for tasks to queue
[2023-06-01T10:08:14.846+0300] {logging_mixin.py:149} INFO - [2023-06-01T10:08:14.846+0300] {dagbag.py:541} INFO - Filling up the DagBag from /home/mutwiri/airflow/airflow_env/lib/python3.10/site-packages/airflow/example_dags/example_subdag_operator.py
[2023-06-01T10:08:14.870+0300] {processor.py:836} INFO - DAG(s) dict_keys(['example_subdag_operator.section-1', 'example_subdag_operator.section-2', 'example_subdag_operator']) retrieved from /home/mutwiri/airflow/airflow_env/lib/python3.10/site-packages/airflow/example_dags/example_subdag_operator.py
[2023-06-01T10:08:14.891+0300] {logging_mixin.py:149} INFO - [2023-06-01T10:08:14.891+0300] {dag.py:2726} INFO - Sync 3 DAGs
[2023-06-01T10:08:15.029+0300] {logging_mixin.py:149} INFO - [2023-06-01T10:08:15.029+0300] {dag.py:3486} INFO - Setting next_dagrun for example_subdag_operator to 2022-01-01T00:00:00+00:00, run_after=2022-01-01T00:00:00+00:00
[2023-06-01T10:08:15.033+0300] {logging_mixin.py:149} INFO - [2023-06-01T10:08:15.033+0300] {dag.py:3486} INFO - Setting next_dagrun for example_subdag_operator.section-1 to None, run_after=None
[2023-06-01T10:08:15.034+0300] {logging_mixin.py:149} INFO - [2023-06-01T10:08:15.034+0300] {dag.py:3486} INFO - Setting next_dagrun for example_subdag_operator.section-2 to None, run_after=None
[2023-06-01T10:08:15.042+0300] {logging_mixin.py:149} INFO - [2023-06-01T10:08:15.042+0300] {dag.py:2726} INFO - Sync 2 DAGs
[2023-06-01T10:08:15.047+0300] {logging_mixin.py:149} INFO - [2023-06-01T10:08:15.047+0300] {dag.py:3486} INFO - Setting next_dagrun for example_subdag_operator.section-1 to None, run_after=None
[2023-06-01T10:08:15.047+0300] {logging_mixin.py:149} INFO - [2023-06-01T10:08:15.047+0300] {dag.py:3486} INFO - Setting next_dagrun for example_subdag_operator.section-2 to None, run_after=None
[2023-06-01T10:08:15.158+0300] {processor.py:179} INFO - Processing /home/mutwiri/airflow/airflow_env/lib/python3.10/site-packages/airflow/example_dags/example_subdag_operator.py took 0.329 seconds
[2023-06-01T10:09:12.462+0300] {processor.py:157} INFO - Started process (PID=2088725) to work on /home/mutwiri/airflow/airflow_env/lib/python3.10/site-packages/airflow/example_dags/example_subdag_operator.py
[2023-06-01T10:09:12.477+0300] {processor.py:826} INFO - Processing file /home/mutwiri/airflow/airflow_env/lib/python3.10/site-packages/airflow/example_dags/example_subdag_operator.py for tasks to queue
[2023-06-01T10:09:12.478+0300] {logging_mixin.py:149} INFO - [2023-06-01T10:09:12.477+0300] {dagbag.py:541} INFO - Filling up the DagBag from /home/mutwiri/airflow/airflow_env/lib/python3.10/site-packages/airflow/example_dags/example_subdag_operator.py
[2023-06-01T10:09:12.499+0300] {processor.py:836} INFO - DAG(s) dict_keys(['example_subdag_operator.section-1', 'example_subdag_operator.section-2', 'example_subdag_operator']) retrieved from /home/mutwiri/airflow/airflow_env/lib/python3.10/site-packages/airflow/example_dags/example_subdag_operator.py
[2023-06-01T10:09:12.641+0300] {logging_mixin.py:149} INFO - [2023-06-01T10:09:12.641+0300] {dag.py:2726} INFO - Sync 3 DAGs
[2023-06-01T10:09:12.667+0300] {logging_mixin.py:149} INFO - [2023-06-01T10:09:12.667+0300] {dag.py:3486} INFO - Setting next_dagrun for example_subdag_operator to 2022-01-01T00:00:00+00:00, run_after=2022-01-01T00:00:00+00:00
[2023-06-01T10:09:12.670+0300] {logging_mixin.py:149} INFO - [2023-06-01T10:09:12.670+0300] {dag.py:3486} INFO - Setting next_dagrun for example_subdag_operator.section-1 to None, run_after=None
[2023-06-01T10:09:12.671+0300] {logging_mixin.py:149} INFO - [2023-06-01T10:09:12.671+0300] {dag.py:3486} INFO - Setting next_dagrun for example_subdag_operator.section-2 to None, run_after=None
[2023-06-01T10:09:12.677+0300] {logging_mixin.py:149} INFO - [2023-06-01T10:09:12.677+0300] {dag.py:2726} INFO - Sync 2 DAGs
[2023-06-01T10:09:12.681+0300] {logging_mixin.py:149} INFO - [2023-06-01T10:09:12.681+0300] {dag.py:3486} INFO - Setting next_dagrun for example_subdag_operator.section-1 to None, run_after=None
[2023-06-01T10:09:12.682+0300] {logging_mixin.py:149} INFO - [2023-06-01T10:09:12.682+0300] {dag.py:3486} INFO - Setting next_dagrun for example_subdag_operator.section-2 to None, run_after=None
[2023-06-01T10:09:12.804+0300] {processor.py:179} INFO - Processing /home/mutwiri/airflow/airflow_env/lib/python3.10/site-packages/airflow/example_dags/example_subdag_operator.py took 0.347 seconds
[2023-06-01T10:10:06.023+0300] {processor.py:157} INFO - Started process (PID=2088921) to work on /home/mutwiri/airflow/airflow_env/lib/python3.10/site-packages/airflow/example_dags/example_subdag_operator.py
[2023-06-01T10:10:06.032+0300] {processor.py:826} INFO - Processing file /home/mutwiri/airflow/airflow_env/lib/python3.10/site-packages/airflow/example_dags/example_subdag_operator.py for tasks to queue
[2023-06-01T10:10:06.035+0300] {logging_mixin.py:149} INFO - [2023-06-01T10:10:06.034+0300] {dagbag.py:541} INFO - Filling up the DagBag from /home/mutwiri/airflow/airflow_env/lib/python3.10/site-packages/airflow/example_dags/example_subdag_operator.py
[2023-06-01T10:10:06.078+0300] {processor.py:836} INFO - DAG(s) dict_keys(['example_subdag_operator.section-1', 'example_subdag_operator.section-2', 'example_subdag_operator']) retrieved from /home/mutwiri/airflow/airflow_env/lib/python3.10/site-packages/airflow/example_dags/example_subdag_operator.py
[2023-06-01T10:10:06.100+0300] {logging_mixin.py:149} INFO - [2023-06-01T10:10:06.100+0300] {dag.py:2726} INFO - Sync 3 DAGs
[2023-06-01T10:10:06.126+0300] {logging_mixin.py:149} INFO - [2023-06-01T10:10:06.126+0300] {dag.py:3486} INFO - Setting next_dagrun for example_subdag_operator to 2022-01-01T00:00:00+00:00, run_after=2022-01-01T00:00:00+00:00
[2023-06-01T10:10:06.130+0300] {logging_mixin.py:149} INFO - [2023-06-01T10:10:06.130+0300] {dag.py:3486} INFO - Setting next_dagrun for example_subdag_operator.section-1 to None, run_after=None
[2023-06-01T10:10:06.132+0300] {logging_mixin.py:149} INFO - [2023-06-01T10:10:06.131+0300] {dag.py:3486} INFO - Setting next_dagrun for example_subdag_operator.section-2 to None, run_after=None
[2023-06-01T10:10:06.141+0300] {logging_mixin.py:149} INFO - [2023-06-01T10:10:06.141+0300] {dag.py:2726} INFO - Sync 2 DAGs
[2023-06-01T10:10:06.148+0300] {logging_mixin.py:149} INFO - [2023-06-01T10:10:06.148+0300] {dag.py:3486} INFO - Setting next_dagrun for example_subdag_operator.section-1 to None, run_after=None
[2023-06-01T10:10:06.149+0300] {logging_mixin.py:149} INFO - [2023-06-01T10:10:06.148+0300] {dag.py:3486} INFO - Setting next_dagrun for example_subdag_operator.section-2 to None, run_after=None
[2023-06-01T10:10:06.280+0300] {processor.py:179} INFO - Processing /home/mutwiri/airflow/airflow_env/lib/python3.10/site-packages/airflow/example_dags/example_subdag_operator.py took 0.268 seconds
[2023-06-01T10:10:55.426+0300] {processor.py:157} INFO - Started process (PID=2089186) to work on /home/mutwiri/airflow/airflow_env/lib/python3.10/site-packages/airflow/example_dags/example_subdag_operator.py
[2023-06-01T10:10:55.438+0300] {processor.py:826} INFO - Processing file /home/mutwiri/airflow/airflow_env/lib/python3.10/site-packages/airflow/example_dags/example_subdag_operator.py for tasks to queue
[2023-06-01T10:10:55.439+0300] {logging_mixin.py:149} INFO - [2023-06-01T10:10:55.438+0300] {dagbag.py:541} INFO - Filling up the DagBag from /home/mutwiri/airflow/airflow_env/lib/python3.10/site-packages/airflow/example_dags/example_subdag_operator.py
[2023-06-01T10:10:55.465+0300] {processor.py:836} INFO - DAG(s) dict_keys(['example_subdag_operator.section-1', 'example_subdag_operator.section-2', 'example_subdag_operator']) retrieved from /home/mutwiri/airflow/airflow_env/lib/python3.10/site-packages/airflow/example_dags/example_subdag_operator.py
[2023-06-01T10:10:55.483+0300] {logging_mixin.py:149} INFO - [2023-06-01T10:10:55.483+0300] {dag.py:2726} INFO - Sync 3 DAGs
[2023-06-01T10:10:55.502+0300] {logging_mixin.py:149} INFO - [2023-06-01T10:10:55.501+0300] {dag.py:3486} INFO - Setting next_dagrun for example_subdag_operator to 2022-01-01T00:00:00+00:00, run_after=2022-01-01T00:00:00+00:00
[2023-06-01T10:10:55.504+0300] {logging_mixin.py:149} INFO - [2023-06-01T10:10:55.504+0300] {dag.py:3486} INFO - Setting next_dagrun for example_subdag_operator.section-1 to None, run_after=None
[2023-06-01T10:10:55.505+0300] {logging_mixin.py:149} INFO - [2023-06-01T10:10:55.505+0300] {dag.py:3486} INFO - Setting next_dagrun for example_subdag_operator.section-2 to None, run_after=None
[2023-06-01T10:10:55.511+0300] {logging_mixin.py:149} INFO - [2023-06-01T10:10:55.511+0300] {dag.py:2726} INFO - Sync 2 DAGs
[2023-06-01T10:10:55.515+0300] {logging_mixin.py:149} INFO - [2023-06-01T10:10:55.515+0300] {dag.py:3486} INFO - Setting next_dagrun for example_subdag_operator.section-1 to None, run_after=None
[2023-06-01T10:10:55.515+0300] {logging_mixin.py:149} INFO - [2023-06-01T10:10:55.515+0300] {dag.py:3486} INFO - Setting next_dagrun for example_subdag_operator.section-2 to None, run_after=None
[2023-06-01T10:10:55.641+0300] {processor.py:179} INFO - Processing /home/mutwiri/airflow/airflow_env/lib/python3.10/site-packages/airflow/example_dags/example_subdag_operator.py took 0.218 seconds
[2023-06-01T10:11:44.896+0300] {processor.py:157} INFO - Started process (PID=2089363) to work on /home/mutwiri/airflow/airflow_env/lib/python3.10/site-packages/airflow/example_dags/example_subdag_operator.py
[2023-06-01T10:11:44.903+0300] {processor.py:826} INFO - Processing file /home/mutwiri/airflow/airflow_env/lib/python3.10/site-packages/airflow/example_dags/example_subdag_operator.py for tasks to queue
[2023-06-01T10:11:44.906+0300] {logging_mixin.py:149} INFO - [2023-06-01T10:11:44.905+0300] {dagbag.py:541} INFO - Filling up the DagBag from /home/mutwiri/airflow/airflow_env/lib/python3.10/site-packages/airflow/example_dags/example_subdag_operator.py
[2023-06-01T10:11:44.941+0300] {processor.py:836} INFO - DAG(s) dict_keys(['example_subdag_operator.section-1', 'example_subdag_operator.section-2', 'example_subdag_operator']) retrieved from /home/mutwiri/airflow/airflow_env/lib/python3.10/site-packages/airflow/example_dags/example_subdag_operator.py
[2023-06-01T10:11:44.961+0300] {logging_mixin.py:149} INFO - [2023-06-01T10:11:44.961+0300] {dag.py:2726} INFO - Sync 3 DAGs
[2023-06-01T10:11:44.986+0300] {logging_mixin.py:149} INFO - [2023-06-01T10:11:44.985+0300] {dag.py:3486} INFO - Setting next_dagrun for example_subdag_operator to 2022-01-01T00:00:00+00:00, run_after=2022-01-01T00:00:00+00:00
[2023-06-01T10:11:44.989+0300] {logging_mixin.py:149} INFO - [2023-06-01T10:11:44.989+0300] {dag.py:3486} INFO - Setting next_dagrun for example_subdag_operator.section-1 to None, run_after=None
[2023-06-01T10:11:44.990+0300] {logging_mixin.py:149} INFO - [2023-06-01T10:11:44.990+0300] {dag.py:3486} INFO - Setting next_dagrun for example_subdag_operator.section-2 to None, run_after=None
[2023-06-01T10:11:44.998+0300] {logging_mixin.py:149} INFO - [2023-06-01T10:11:44.998+0300] {dag.py:2726} INFO - Sync 2 DAGs
[2023-06-01T10:11:45.004+0300] {logging_mixin.py:149} INFO - [2023-06-01T10:11:45.004+0300] {dag.py:3486} INFO - Setting next_dagrun for example_subdag_operator.section-1 to None, run_after=None
[2023-06-01T10:11:45.005+0300] {logging_mixin.py:149} INFO - [2023-06-01T10:11:45.005+0300] {dag.py:3486} INFO - Setting next_dagrun for example_subdag_operator.section-2 to None, run_after=None
[2023-06-01T10:11:45.137+0300] {processor.py:179} INFO - Processing /home/mutwiri/airflow/airflow_env/lib/python3.10/site-packages/airflow/example_dags/example_subdag_operator.py took 0.245 seconds
[2023-06-01T10:12:36.893+0300] {processor.py:157} INFO - Started process (PID=2089578) to work on /home/mutwiri/airflow/airflow_env/lib/python3.10/site-packages/airflow/example_dags/example_subdag_operator.py
[2023-06-01T10:12:36.894+0300] {processor.py:826} INFO - Processing file /home/mutwiri/airflow/airflow_env/lib/python3.10/site-packages/airflow/example_dags/example_subdag_operator.py for tasks to queue
[2023-06-01T10:12:36.895+0300] {logging_mixin.py:149} INFO - [2023-06-01T10:12:36.895+0300] {dagbag.py:541} INFO - Filling up the DagBag from /home/mutwiri/airflow/airflow_env/lib/python3.10/site-packages/airflow/example_dags/example_subdag_operator.py
[2023-06-01T10:12:36.926+0300] {processor.py:836} INFO - DAG(s) dict_keys(['example_subdag_operator.section-1', 'example_subdag_operator.section-2', 'example_subdag_operator']) retrieved from /home/mutwiri/airflow/airflow_env/lib/python3.10/site-packages/airflow/example_dags/example_subdag_operator.py
[2023-06-01T10:12:36.949+0300] {logging_mixin.py:149} INFO - [2023-06-01T10:12:36.949+0300] {dag.py:2726} INFO - Sync 3 DAGs
[2023-06-01T10:12:36.968+0300] {logging_mixin.py:149} INFO - [2023-06-01T10:12:36.968+0300] {dag.py:3486} INFO - Setting next_dagrun for example_subdag_operator to 2022-01-01T00:00:00+00:00, run_after=2022-01-01T00:00:00+00:00
[2023-06-01T10:12:36.971+0300] {logging_mixin.py:149} INFO - [2023-06-01T10:12:36.971+0300] {dag.py:3486} INFO - Setting next_dagrun for example_subdag_operator.section-1 to None, run_after=None
[2023-06-01T10:12:36.971+0300] {logging_mixin.py:149} INFO - [2023-06-01T10:12:36.971+0300] {dag.py:3486} INFO - Setting next_dagrun for example_subdag_operator.section-2 to None, run_after=None
[2023-06-01T10:12:36.977+0300] {logging_mixin.py:149} INFO - [2023-06-01T10:12:36.977+0300] {dag.py:2726} INFO - Sync 2 DAGs
[2023-06-01T10:12:36.981+0300] {logging_mixin.py:149} INFO - [2023-06-01T10:12:36.981+0300] {dag.py:3486} INFO - Setting next_dagrun for example_subdag_operator.section-1 to None, run_after=None
[2023-06-01T10:12:36.982+0300] {logging_mixin.py:149} INFO - [2023-06-01T10:12:36.982+0300] {dag.py:3486} INFO - Setting next_dagrun for example_subdag_operator.section-2 to None, run_after=None
[2023-06-01T10:12:37.099+0300] {processor.py:179} INFO - Processing /home/mutwiri/airflow/airflow_env/lib/python3.10/site-packages/airflow/example_dags/example_subdag_operator.py took 0.211 seconds
[2023-06-01T10:13:36.787+0300] {processor.py:157} INFO - Started process (PID=2089839) to work on /home/mutwiri/airflow/airflow_env/lib/python3.10/site-packages/airflow/example_dags/example_subdag_operator.py
[2023-06-01T10:13:36.788+0300] {processor.py:826} INFO - Processing file /home/mutwiri/airflow/airflow_env/lib/python3.10/site-packages/airflow/example_dags/example_subdag_operator.py for tasks to queue
[2023-06-01T10:13:36.789+0300] {logging_mixin.py:149} INFO - [2023-06-01T10:13:36.789+0300] {dagbag.py:541} INFO - Filling up the DagBag from /home/mutwiri/airflow/airflow_env/lib/python3.10/site-packages/airflow/example_dags/example_subdag_operator.py
[2023-06-01T10:13:36.816+0300] {processor.py:836} INFO - DAG(s) dict_keys(['example_subdag_operator.section-1', 'example_subdag_operator.section-2', 'example_subdag_operator']) retrieved from /home/mutwiri/airflow/airflow_env/lib/python3.10/site-packages/airflow/example_dags/example_subdag_operator.py
[2023-06-01T10:13:36.837+0300] {logging_mixin.py:149} INFO - [2023-06-01T10:13:36.836+0300] {dag.py:2726} INFO - Sync 3 DAGs
[2023-06-01T10:13:36.862+0300] {logging_mixin.py:149} INFO - [2023-06-01T10:13:36.861+0300] {dag.py:3486} INFO - Setting next_dagrun for example_subdag_operator to 2022-01-01T00:00:00+00:00, run_after=2022-01-01T00:00:00+00:00
[2023-06-01T10:13:36.865+0300] {logging_mixin.py:149} INFO - [2023-06-01T10:13:36.865+0300] {dag.py:3486} INFO - Setting next_dagrun for example_subdag_operator.section-1 to None, run_after=None
[2023-06-01T10:13:36.866+0300] {logging_mixin.py:149} INFO - [2023-06-01T10:13:36.866+0300] {dag.py:3486} INFO - Setting next_dagrun for example_subdag_operator.section-2 to None, run_after=None
[2023-06-01T10:13:36.872+0300] {logging_mixin.py:149} INFO - [2023-06-01T10:13:36.872+0300] {dag.py:2726} INFO - Sync 2 DAGs
[2023-06-01T10:13:36.879+0300] {logging_mixin.py:149} INFO - [2023-06-01T10:13:36.878+0300] {dag.py:3486} INFO - Setting next_dagrun for example_subdag_operator.section-1 to None, run_after=None
[2023-06-01T10:13:36.879+0300] {logging_mixin.py:149} INFO - [2023-06-01T10:13:36.879+0300] {dag.py:3486} INFO - Setting next_dagrun for example_subdag_operator.section-2 to None, run_after=None
[2023-06-01T10:13:36.998+0300] {processor.py:179} INFO - Processing /home/mutwiri/airflow/airflow_env/lib/python3.10/site-packages/airflow/example_dags/example_subdag_operator.py took 0.215 seconds
[2023-06-01T10:14:29.074+0300] {processor.py:157} INFO - Started process (PID=2089893) to work on /home/mutwiri/airflow/airflow_env/lib/python3.10/site-packages/airflow/example_dags/example_subdag_operator.py
[2023-06-01T10:14:29.075+0300] {processor.py:826} INFO - Processing file /home/mutwiri/airflow/airflow_env/lib/python3.10/site-packages/airflow/example_dags/example_subdag_operator.py for tasks to queue
[2023-06-01T10:14:29.076+0300] {logging_mixin.py:149} INFO - [2023-06-01T10:14:29.076+0300] {dagbag.py:541} INFO - Filling up the DagBag from /home/mutwiri/airflow/airflow_env/lib/python3.10/site-packages/airflow/example_dags/example_subdag_operator.py
[2023-06-01T10:14:29.100+0300] {processor.py:836} INFO - DAG(s) dict_keys(['example_subdag_operator.section-1', 'example_subdag_operator.section-2', 'example_subdag_operator']) retrieved from /home/mutwiri/airflow/airflow_env/lib/python3.10/site-packages/airflow/example_dags/example_subdag_operator.py
[2023-06-01T10:14:29.123+0300] {logging_mixin.py:149} INFO - [2023-06-01T10:14:29.122+0300] {dag.py:2726} INFO - Sync 3 DAGs
[2023-06-01T10:14:29.146+0300] {logging_mixin.py:149} INFO - [2023-06-01T10:14:29.146+0300] {dag.py:3486} INFO - Setting next_dagrun for example_subdag_operator to 2022-01-01T00:00:00+00:00, run_after=2022-01-01T00:00:00+00:00
[2023-06-01T10:14:29.149+0300] {logging_mixin.py:149} INFO - [2023-06-01T10:14:29.149+0300] {dag.py:3486} INFO - Setting next_dagrun for example_subdag_operator.section-1 to None, run_after=None
[2023-06-01T10:14:29.150+0300] {logging_mixin.py:149} INFO - [2023-06-01T10:14:29.150+0300] {dag.py:3486} INFO - Setting next_dagrun for example_subdag_operator.section-2 to None, run_after=None
[2023-06-01T10:14:29.156+0300] {logging_mixin.py:149} INFO - [2023-06-01T10:14:29.156+0300] {dag.py:2726} INFO - Sync 2 DAGs
[2023-06-01T10:14:29.163+0300] {logging_mixin.py:149} INFO - [2023-06-01T10:14:29.163+0300] {dag.py:3486} INFO - Setting next_dagrun for example_subdag_operator.section-1 to None, run_after=None
[2023-06-01T10:14:29.164+0300] {logging_mixin.py:149} INFO - [2023-06-01T10:14:29.164+0300] {dag.py:3486} INFO - Setting next_dagrun for example_subdag_operator.section-2 to None, run_after=None
[2023-06-01T10:14:29.279+0300] {processor.py:179} INFO - Processing /home/mutwiri/airflow/airflow_env/lib/python3.10/site-packages/airflow/example_dags/example_subdag_operator.py took 0.210 seconds
[2023-06-01T10:15:16.382+0300] {processor.py:157} INFO - Started process (PID=2090002) to work on /home/mutwiri/airflow/airflow_env/lib/python3.10/site-packages/airflow/example_dags/example_subdag_operator.py
[2023-06-01T10:15:16.384+0300] {processor.py:826} INFO - Processing file /home/mutwiri/airflow/airflow_env/lib/python3.10/site-packages/airflow/example_dags/example_subdag_operator.py for tasks to queue
[2023-06-01T10:15:16.385+0300] {logging_mixin.py:149} INFO - [2023-06-01T10:15:16.385+0300] {dagbag.py:541} INFO - Filling up the DagBag from /home/mutwiri/airflow/airflow_env/lib/python3.10/site-packages/airflow/example_dags/example_subdag_operator.py
[2023-06-01T10:15:16.414+0300] {processor.py:836} INFO - DAG(s) dict_keys(['example_subdag_operator.section-1', 'example_subdag_operator.section-2', 'example_subdag_operator']) retrieved from /home/mutwiri/airflow/airflow_env/lib/python3.10/site-packages/airflow/example_dags/example_subdag_operator.py
[2023-06-01T10:15:16.439+0300] {logging_mixin.py:149} INFO - [2023-06-01T10:15:16.439+0300] {dag.py:2726} INFO - Sync 3 DAGs
[2023-06-01T10:15:16.461+0300] {logging_mixin.py:149} INFO - [2023-06-01T10:15:16.461+0300] {dag.py:3486} INFO - Setting next_dagrun for example_subdag_operator to 2022-01-01T00:00:00+00:00, run_after=2022-01-01T00:00:00+00:00
[2023-06-01T10:15:16.464+0300] {logging_mixin.py:149} INFO - [2023-06-01T10:15:16.464+0300] {dag.py:3486} INFO - Setting next_dagrun for example_subdag_operator.section-1 to None, run_after=None
[2023-06-01T10:15:16.465+0300] {logging_mixin.py:149} INFO - [2023-06-01T10:15:16.465+0300] {dag.py:3486} INFO - Setting next_dagrun for example_subdag_operator.section-2 to None, run_after=None
[2023-06-01T10:15:16.472+0300] {logging_mixin.py:149} INFO - [2023-06-01T10:15:16.472+0300] {dag.py:2726} INFO - Sync 2 DAGs
[2023-06-01T10:15:16.476+0300] {logging_mixin.py:149} INFO - [2023-06-01T10:15:16.476+0300] {dag.py:3486} INFO - Setting next_dagrun for example_subdag_operator.section-1 to None, run_after=None
[2023-06-01T10:15:16.477+0300] {logging_mixin.py:149} INFO - [2023-06-01T10:15:16.477+0300] {dag.py:3486} INFO - Setting next_dagrun for example_subdag_operator.section-2 to None, run_after=None
[2023-06-01T10:15:16.577+0300] {processor.py:179} INFO - Processing /home/mutwiri/airflow/airflow_env/lib/python3.10/site-packages/airflow/example_dags/example_subdag_operator.py took 0.201 seconds
