[2023-06-01T10:06:31.237+0300] {processor.py:157} INFO - Started process (PID=2088374) to work on /home/mutwiri/airflow/airflow_env/lib/python3.10/site-packages/airflow/example_dags/example_kubernetes_executor.py
[2023-06-01T10:06:31.238+0300] {processor.py:826} INFO - Processing file /home/mutwiri/airflow/airflow_env/lib/python3.10/site-packages/airflow/example_dags/example_kubernetes_executor.py for tasks to queue
[2023-06-01T10:06:31.239+0300] {logging_mixin.py:149} INFO - [2023-06-01T10:06:31.239+0300] {dagbag.py:541} INFO - Filling up the DagBag from /home/mutwiri/airflow/airflow_env/lib/python3.10/site-packages/airflow/example_dags/example_kubernetes_executor.py
[2023-06-01T10:06:31.243+0300] {logging_mixin.py:149} INFO - [2023-06-01T10:06:31.243+0300] {example_kubernetes_executor.py:41} WARNING - The example_kubernetes_executor example DAG requires the kubernetes provider. Please install it with: pip install apache-airflow[cncf.kubernetes]
[2023-06-01T10:06:31.243+0300] {processor.py:838} WARNING - No viable dags retrieved from /home/mutwiri/airflow/airflow_env/lib/python3.10/site-packages/airflow/example_dags/example_kubernetes_executor.py
[2023-06-01T10:06:33.763+0300] {processor.py:179} INFO - Processing /home/mutwiri/airflow/airflow_env/lib/python3.10/site-packages/airflow/example_dags/example_kubernetes_executor.py took 2.530 seconds
[2023-06-01T10:07:31.610+0300] {processor.py:157} INFO - Started process (PID=2088573) to work on /home/mutwiri/airflow/airflow_env/lib/python3.10/site-packages/airflow/example_dags/example_kubernetes_executor.py
[2023-06-01T10:07:31.612+0300] {processor.py:826} INFO - Processing file /home/mutwiri/airflow/airflow_env/lib/python3.10/site-packages/airflow/example_dags/example_kubernetes_executor.py for tasks to queue
[2023-06-01T10:07:31.613+0300] {logging_mixin.py:149} INFO - [2023-06-01T10:07:31.613+0300] {dagbag.py:541} INFO - Filling up the DagBag from /home/mutwiri/airflow/airflow_env/lib/python3.10/site-packages/airflow/example_dags/example_kubernetes_executor.py
[2023-06-01T10:07:31.618+0300] {logging_mixin.py:149} INFO - [2023-06-01T10:07:31.617+0300] {example_kubernetes_executor.py:41} WARNING - The example_kubernetes_executor example DAG requires the kubernetes provider. Please install it with: pip install apache-airflow[cncf.kubernetes]
[2023-06-01T10:07:31.618+0300] {processor.py:838} WARNING - No viable dags retrieved from /home/mutwiri/airflow/airflow_env/lib/python3.10/site-packages/airflow/example_dags/example_kubernetes_executor.py
[2023-06-01T10:07:31.634+0300] {processor.py:179} INFO - Processing /home/mutwiri/airflow/airflow_env/lib/python3.10/site-packages/airflow/example_dags/example_kubernetes_executor.py took 0.028 seconds
[2023-06-01T10:08:30.248+0300] {processor.py:157} INFO - Started process (PID=2088654) to work on /home/mutwiri/airflow/airflow_env/lib/python3.10/site-packages/airflow/example_dags/example_kubernetes_executor.py
[2023-06-01T10:08:30.262+0300] {processor.py:826} INFO - Processing file /home/mutwiri/airflow/airflow_env/lib/python3.10/site-packages/airflow/example_dags/example_kubernetes_executor.py for tasks to queue
[2023-06-01T10:08:30.263+0300] {logging_mixin.py:149} INFO - [2023-06-01T10:08:30.263+0300] {dagbag.py:541} INFO - Filling up the DagBag from /home/mutwiri/airflow/airflow_env/lib/python3.10/site-packages/airflow/example_dags/example_kubernetes_executor.py
[2023-06-01T10:08:30.266+0300] {logging_mixin.py:149} INFO - [2023-06-01T10:08:30.266+0300] {example_kubernetes_executor.py:41} WARNING - The example_kubernetes_executor example DAG requires the kubernetes provider. Please install it with: pip install apache-airflow[cncf.kubernetes]
[2023-06-01T10:08:30.266+0300] {processor.py:838} WARNING - No viable dags retrieved from /home/mutwiri/airflow/airflow_env/lib/python3.10/site-packages/airflow/example_dags/example_kubernetes_executor.py
[2023-06-01T10:08:30.277+0300] {processor.py:179} INFO - Processing /home/mutwiri/airflow/airflow_env/lib/python3.10/site-packages/airflow/example_dags/example_kubernetes_executor.py took 0.035 seconds
[2023-06-01T10:09:26.875+0300] {processor.py:157} INFO - Started process (PID=2088772) to work on /home/mutwiri/airflow/airflow_env/lib/python3.10/site-packages/airflow/example_dags/example_kubernetes_executor.py
[2023-06-01T10:09:26.888+0300] {processor.py:826} INFO - Processing file /home/mutwiri/airflow/airflow_env/lib/python3.10/site-packages/airflow/example_dags/example_kubernetes_executor.py for tasks to queue
[2023-06-01T10:09:26.889+0300] {logging_mixin.py:149} INFO - [2023-06-01T10:09:26.889+0300] {dagbag.py:541} INFO - Filling up the DagBag from /home/mutwiri/airflow/airflow_env/lib/python3.10/site-packages/airflow/example_dags/example_kubernetes_executor.py
[2023-06-01T10:09:26.893+0300] {logging_mixin.py:149} INFO - [2023-06-01T10:09:26.893+0300] {example_kubernetes_executor.py:41} WARNING - The example_kubernetes_executor example DAG requires the kubernetes provider. Please install it with: pip install apache-airflow[cncf.kubernetes]
[2023-06-01T10:09:26.894+0300] {processor.py:838} WARNING - No viable dags retrieved from /home/mutwiri/airflow/airflow_env/lib/python3.10/site-packages/airflow/example_dags/example_kubernetes_executor.py
[2023-06-01T10:09:26.908+0300] {processor.py:179} INFO - Processing /home/mutwiri/airflow/airflow_env/lib/python3.10/site-packages/airflow/example_dags/example_kubernetes_executor.py took 0.037 seconds
[2023-06-01T10:10:20.561+0300] {processor.py:157} INFO - Started process (PID=2089020) to work on /home/mutwiri/airflow/airflow_env/lib/python3.10/site-packages/airflow/example_dags/example_kubernetes_executor.py
[2023-06-01T10:10:20.563+0300] {processor.py:826} INFO - Processing file /home/mutwiri/airflow/airflow_env/lib/python3.10/site-packages/airflow/example_dags/example_kubernetes_executor.py for tasks to queue
[2023-06-01T10:10:20.564+0300] {logging_mixin.py:149} INFO - [2023-06-01T10:10:20.564+0300] {dagbag.py:541} INFO - Filling up the DagBag from /home/mutwiri/airflow/airflow_env/lib/python3.10/site-packages/airflow/example_dags/example_kubernetes_executor.py
[2023-06-01T10:10:20.570+0300] {logging_mixin.py:149} INFO - [2023-06-01T10:10:20.570+0300] {example_kubernetes_executor.py:41} WARNING - The example_kubernetes_executor example DAG requires the kubernetes provider. Please install it with: pip install apache-airflow[cncf.kubernetes]
[2023-06-01T10:10:20.571+0300] {processor.py:838} WARNING - No viable dags retrieved from /home/mutwiri/airflow/airflow_env/lib/python3.10/site-packages/airflow/example_dags/example_kubernetes_executor.py
[2023-06-01T10:10:20.587+0300] {processor.py:179} INFO - Processing /home/mutwiri/airflow/airflow_env/lib/python3.10/site-packages/airflow/example_dags/example_kubernetes_executor.py took 0.031 seconds
[2023-06-01T10:11:14.371+0300] {processor.py:157} INFO - Started process (PID=2089262) to work on /home/mutwiri/airflow/airflow_env/lib/python3.10/site-packages/airflow/example_dags/example_kubernetes_executor.py
[2023-06-01T10:11:14.373+0300] {processor.py:826} INFO - Processing file /home/mutwiri/airflow/airflow_env/lib/python3.10/site-packages/airflow/example_dags/example_kubernetes_executor.py for tasks to queue
[2023-06-01T10:11:14.374+0300] {logging_mixin.py:149} INFO - [2023-06-01T10:11:14.374+0300] {dagbag.py:541} INFO - Filling up the DagBag from /home/mutwiri/airflow/airflow_env/lib/python3.10/site-packages/airflow/example_dags/example_kubernetes_executor.py
[2023-06-01T10:11:14.378+0300] {logging_mixin.py:149} INFO - [2023-06-01T10:11:14.378+0300] {example_kubernetes_executor.py:41} WARNING - The example_kubernetes_executor example DAG requires the kubernetes provider. Please install it with: pip install apache-airflow[cncf.kubernetes]
[2023-06-01T10:11:14.379+0300] {processor.py:838} WARNING - No viable dags retrieved from /home/mutwiri/airflow/airflow_env/lib/python3.10/site-packages/airflow/example_dags/example_kubernetes_executor.py
[2023-06-01T10:11:14.395+0300] {processor.py:179} INFO - Processing /home/mutwiri/airflow/airflow_env/lib/python3.10/site-packages/airflow/example_dags/example_kubernetes_executor.py took 0.028 seconds
[2023-06-01T10:12:02.267+0300] {processor.py:157} INFO - Started process (PID=2089421) to work on /home/mutwiri/airflow/airflow_env/lib/python3.10/site-packages/airflow/example_dags/example_kubernetes_executor.py
[2023-06-01T10:12:02.268+0300] {processor.py:826} INFO - Processing file /home/mutwiri/airflow/airflow_env/lib/python3.10/site-packages/airflow/example_dags/example_kubernetes_executor.py for tasks to queue
[2023-06-01T10:12:02.268+0300] {logging_mixin.py:149} INFO - [2023-06-01T10:12:02.268+0300] {dagbag.py:541} INFO - Filling up the DagBag from /home/mutwiri/airflow/airflow_env/lib/python3.10/site-packages/airflow/example_dags/example_kubernetes_executor.py
[2023-06-01T10:12:02.272+0300] {logging_mixin.py:149} INFO - [2023-06-01T10:12:02.272+0300] {example_kubernetes_executor.py:41} WARNING - The example_kubernetes_executor example DAG requires the kubernetes provider. Please install it with: pip install apache-airflow[cncf.kubernetes]
[2023-06-01T10:12:02.273+0300] {processor.py:838} WARNING - No viable dags retrieved from /home/mutwiri/airflow/airflow_env/lib/python3.10/site-packages/airflow/example_dags/example_kubernetes_executor.py
[2023-06-01T10:12:02.284+0300] {processor.py:179} INFO - Processing /home/mutwiri/airflow/airflow_env/lib/python3.10/site-packages/airflow/example_dags/example_kubernetes_executor.py took 0.022 seconds
[2023-06-01T10:12:54.790+0300] {processor.py:157} INFO - Started process (PID=2089619) to work on /home/mutwiri/airflow/airflow_env/lib/python3.10/site-packages/airflow/example_dags/example_kubernetes_executor.py
[2023-06-01T10:12:54.812+0300] {processor.py:826} INFO - Processing file /home/mutwiri/airflow/airflow_env/lib/python3.10/site-packages/airflow/example_dags/example_kubernetes_executor.py for tasks to queue
[2023-06-01T10:12:54.813+0300] {logging_mixin.py:149} INFO - [2023-06-01T10:12:54.813+0300] {dagbag.py:541} INFO - Filling up the DagBag from /home/mutwiri/airflow/airflow_env/lib/python3.10/site-packages/airflow/example_dags/example_kubernetes_executor.py
[2023-06-01T10:12:54.820+0300] {logging_mixin.py:149} INFO - [2023-06-01T10:12:54.819+0300] {example_kubernetes_executor.py:41} WARNING - The example_kubernetes_executor example DAG requires the kubernetes provider. Please install it with: pip install apache-airflow[cncf.kubernetes]
[2023-06-01T10:12:54.821+0300] {processor.py:838} WARNING - No viable dags retrieved from /home/mutwiri/airflow/airflow_env/lib/python3.10/site-packages/airflow/example_dags/example_kubernetes_executor.py
[2023-06-01T10:12:54.847+0300] {processor.py:179} INFO - Processing /home/mutwiri/airflow/airflow_env/lib/python3.10/site-packages/airflow/example_dags/example_kubernetes_executor.py took 0.060 seconds
[2023-06-01T10:14:00.807+0300] {processor.py:157} INFO - Started process (PID=2089860) to work on /home/mutwiri/airflow/airflow_env/lib/python3.10/site-packages/airflow/example_dags/example_kubernetes_executor.py
[2023-06-01T10:14:00.808+0300] {processor.py:826} INFO - Processing file /home/mutwiri/airflow/airflow_env/lib/python3.10/site-packages/airflow/example_dags/example_kubernetes_executor.py for tasks to queue
[2023-06-01T10:14:00.809+0300] {logging_mixin.py:149} INFO - [2023-06-01T10:14:00.809+0300] {dagbag.py:541} INFO - Filling up the DagBag from /home/mutwiri/airflow/airflow_env/lib/python3.10/site-packages/airflow/example_dags/example_kubernetes_executor.py
[2023-06-01T10:14:00.812+0300] {logging_mixin.py:149} INFO - [2023-06-01T10:14:00.812+0300] {example_kubernetes_executor.py:41} WARNING - The example_kubernetes_executor example DAG requires the kubernetes provider. Please install it with: pip install apache-airflow[cncf.kubernetes]
[2023-06-01T10:14:00.813+0300] {processor.py:838} WARNING - No viable dags retrieved from /home/mutwiri/airflow/airflow_env/lib/python3.10/site-packages/airflow/example_dags/example_kubernetes_executor.py
[2023-06-01T10:14:00.825+0300] {processor.py:179} INFO - Processing /home/mutwiri/airflow/airflow_env/lib/python3.10/site-packages/airflow/example_dags/example_kubernetes_executor.py took 0.022 seconds
[2023-06-01T10:14:50.972+0300] {processor.py:157} INFO - Started process (PID=2089941) to work on /home/mutwiri/airflow/airflow_env/lib/python3.10/site-packages/airflow/example_dags/example_kubernetes_executor.py
[2023-06-01T10:14:50.979+0300] {processor.py:826} INFO - Processing file /home/mutwiri/airflow/airflow_env/lib/python3.10/site-packages/airflow/example_dags/example_kubernetes_executor.py for tasks to queue
[2023-06-01T10:14:50.980+0300] {logging_mixin.py:149} INFO - [2023-06-01T10:14:50.980+0300] {dagbag.py:541} INFO - Filling up the DagBag from /home/mutwiri/airflow/airflow_env/lib/python3.10/site-packages/airflow/example_dags/example_kubernetes_executor.py
[2023-06-01T10:14:50.983+0300] {logging_mixin.py:149} INFO - [2023-06-01T10:14:50.983+0300] {example_kubernetes_executor.py:41} WARNING - The example_kubernetes_executor example DAG requires the kubernetes provider. Please install it with: pip install apache-airflow[cncf.kubernetes]
[2023-06-01T10:14:50.983+0300] {processor.py:838} WARNING - No viable dags retrieved from /home/mutwiri/airflow/airflow_env/lib/python3.10/site-packages/airflow/example_dags/example_kubernetes_executor.py
[2023-06-01T10:14:50.994+0300] {processor.py:179} INFO - Processing /home/mutwiri/airflow/airflow_env/lib/python3.10/site-packages/airflow/example_dags/example_kubernetes_executor.py took 0.027 seconds
