[2023-06-01T10:05:09.744+0300] {processor.py:157} INFO - Started process (PID=2087808) to work on /home/mutwiri/airflow/airflow_env/lib/python3.10/site-packages/airflow/example_dags/example_short_circuit_operator.py
[2023-06-01T10:05:09.745+0300] {processor.py:826} INFO - Processing file /home/mutwiri/airflow/airflow_env/lib/python3.10/site-packages/airflow/example_dags/example_short_circuit_operator.py for tasks to queue
[2023-06-01T10:05:09.745+0300] {logging_mixin.py:149} INFO - [2023-06-01T10:05:09.745+0300] {dagbag.py:541} INFO - Filling up the DagBag from /home/mutwiri/airflow/airflow_env/lib/python3.10/site-packages/airflow/example_dags/example_short_circuit_operator.py
[2023-06-01T10:05:09.757+0300] {processor.py:836} INFO - DAG(s) dict_keys(['example_short_circuit_operator']) retrieved from /home/mutwiri/airflow/airflow_env/lib/python3.10/site-packages/airflow/example_dags/example_short_circuit_operator.py
[2023-06-01T10:05:10.030+0300] {logging_mixin.py:149} INFO - [2023-06-01T10:05:10.029+0300] {manager.py:504} INFO - Created Permission View: can read on DAG:example_short_circuit_operator
[2023-06-01T10:05:10.132+0300] {logging_mixin.py:149} INFO - [2023-06-01T10:05:10.132+0300] {manager.py:504} INFO - Created Permission View: can edit on DAG:example_short_circuit_operator
[2023-06-01T10:05:10.231+0300] {logging_mixin.py:149} INFO - [2023-06-01T10:05:10.230+0300] {manager.py:504} INFO - Created Permission View: can delete on DAG:example_short_circuit_operator
[2023-06-01T10:05:10.232+0300] {logging_mixin.py:149} INFO - [2023-06-01T10:05:10.232+0300] {dag.py:2726} INFO - Sync 1 DAGs
[2023-06-01T10:05:10.264+0300] {logging_mixin.py:149} INFO - [2023-06-01T10:05:10.264+0300] {dag.py:2747} INFO - Creating ORM DAG for example_short_circuit_operator
[2023-06-01T10:05:10.276+0300] {logging_mixin.py:149} INFO - [2023-06-01T10:05:10.275+0300] {dag.py:3486} INFO - Setting next_dagrun for example_short_circuit_operator to 2023-05-31T07:05:10.275601+00:00, run_after=2023-06-01T07:05:10.275601+00:00
[2023-06-01T10:05:10.452+0300] {processor.py:179} INFO - Processing /home/mutwiri/airflow/airflow_env/lib/python3.10/site-packages/airflow/example_dags/example_short_circuit_operator.py took 0.711 seconds
[2023-06-01T10:07:06.230+0300] {processor.py:157} INFO - Started process (PID=2088535) to work on /home/mutwiri/airflow/airflow_env/lib/python3.10/site-packages/airflow/example_dags/example_short_circuit_operator.py
[2023-06-01T10:07:06.255+0300] {processor.py:826} INFO - Processing file /home/mutwiri/airflow/airflow_env/lib/python3.10/site-packages/airflow/example_dags/example_short_circuit_operator.py for tasks to queue
[2023-06-01T10:07:06.256+0300] {logging_mixin.py:149} INFO - [2023-06-01T10:07:06.256+0300] {dagbag.py:541} INFO - Filling up the DagBag from /home/mutwiri/airflow/airflow_env/lib/python3.10/site-packages/airflow/example_dags/example_short_circuit_operator.py
[2023-06-01T10:07:06.270+0300] {processor.py:836} INFO - DAG(s) dict_keys(['example_short_circuit_operator']) retrieved from /home/mutwiri/airflow/airflow_env/lib/python3.10/site-packages/airflow/example_dags/example_short_circuit_operator.py
[2023-06-01T10:07:06.298+0300] {logging_mixin.py:149} INFO - [2023-06-01T10:07:06.298+0300] {dag.py:2726} INFO - Sync 1 DAGs
[2023-06-01T10:07:06.317+0300] {logging_mixin.py:149} INFO - [2023-06-01T10:07:06.317+0300] {dag.py:3486} INFO - Setting next_dagrun for example_short_circuit_operator to 2023-05-31T07:07:06.317564+00:00, run_after=2023-06-01T07:07:06.317564+00:00
[2023-06-01T10:07:06.497+0300] {processor.py:179} INFO - Processing /home/mutwiri/airflow/airflow_env/lib/python3.10/site-packages/airflow/example_dags/example_short_circuit_operator.py took 0.272 seconds
[2023-06-01T10:08:00.538+0300] {processor.py:157} INFO - Started process (PID=2088618) to work on /home/mutwiri/airflow/airflow_env/lib/python3.10/site-packages/airflow/example_dags/example_short_circuit_operator.py
[2023-06-01T10:08:00.554+0300] {processor.py:826} INFO - Processing file /home/mutwiri/airflow/airflow_env/lib/python3.10/site-packages/airflow/example_dags/example_short_circuit_operator.py for tasks to queue
[2023-06-01T10:08:00.555+0300] {logging_mixin.py:149} INFO - [2023-06-01T10:08:00.555+0300] {dagbag.py:541} INFO - Filling up the DagBag from /home/mutwiri/airflow/airflow_env/lib/python3.10/site-packages/airflow/example_dags/example_short_circuit_operator.py
[2023-06-01T10:08:00.565+0300] {processor.py:836} INFO - DAG(s) dict_keys(['example_short_circuit_operator']) retrieved from /home/mutwiri/airflow/airflow_env/lib/python3.10/site-packages/airflow/example_dags/example_short_circuit_operator.py
[2023-06-01T10:08:00.592+0300] {logging_mixin.py:149} INFO - [2023-06-01T10:08:00.592+0300] {dag.py:2726} INFO - Sync 1 DAGs
[2023-06-01T10:08:00.728+0300] {logging_mixin.py:149} INFO - [2023-06-01T10:08:00.727+0300] {dag.py:3486} INFO - Setting next_dagrun for example_short_circuit_operator to 2023-05-31T07:08:00.727622+00:00, run_after=2023-06-01T07:08:00.727622+00:00
[2023-06-01T10:08:00.857+0300] {processor.py:179} INFO - Processing /home/mutwiri/airflow/airflow_env/lib/python3.10/site-packages/airflow/example_dags/example_short_circuit_operator.py took 0.323 seconds
[2023-06-01T10:08:57.942+0300] {processor.py:157} INFO - Started process (PID=2088677) to work on /home/mutwiri/airflow/airflow_env/lib/python3.10/site-packages/airflow/example_dags/example_short_circuit_operator.py
[2023-06-01T10:08:57.945+0300] {processor.py:826} INFO - Processing file /home/mutwiri/airflow/airflow_env/lib/python3.10/site-packages/airflow/example_dags/example_short_circuit_operator.py for tasks to queue
[2023-06-01T10:08:57.947+0300] {logging_mixin.py:149} INFO - [2023-06-01T10:08:57.946+0300] {dagbag.py:541} INFO - Filling up the DagBag from /home/mutwiri/airflow/airflow_env/lib/python3.10/site-packages/airflow/example_dags/example_short_circuit_operator.py
[2023-06-01T10:08:57.962+0300] {processor.py:836} INFO - DAG(s) dict_keys(['example_short_circuit_operator']) retrieved from /home/mutwiri/airflow/airflow_env/lib/python3.10/site-packages/airflow/example_dags/example_short_circuit_operator.py
[2023-06-01T10:08:58.119+0300] {logging_mixin.py:149} INFO - [2023-06-01T10:08:58.119+0300] {dag.py:2726} INFO - Sync 1 DAGs
[2023-06-01T10:08:58.142+0300] {logging_mixin.py:149} INFO - [2023-06-01T10:08:58.142+0300] {dag.py:3486} INFO - Setting next_dagrun for example_short_circuit_operator to 2023-05-31T07:08:58.141675+00:00, run_after=2023-06-01T07:08:58.141675+00:00
[2023-06-01T10:08:58.278+0300] {processor.py:179} INFO - Processing /home/mutwiri/airflow/airflow_env/lib/python3.10/site-packages/airflow/example_dags/example_short_circuit_operator.py took 0.345 seconds
[2023-06-01T10:09:52.562+0300] {processor.py:157} INFO - Started process (PID=2088875) to work on /home/mutwiri/airflow/airflow_env/lib/python3.10/site-packages/airflow/example_dags/example_short_circuit_operator.py
[2023-06-01T10:09:52.563+0300] {processor.py:826} INFO - Processing file /home/mutwiri/airflow/airflow_env/lib/python3.10/site-packages/airflow/example_dags/example_short_circuit_operator.py for tasks to queue
[2023-06-01T10:09:52.564+0300] {logging_mixin.py:149} INFO - [2023-06-01T10:09:52.564+0300] {dagbag.py:541} INFO - Filling up the DagBag from /home/mutwiri/airflow/airflow_env/lib/python3.10/site-packages/airflow/example_dags/example_short_circuit_operator.py
[2023-06-01T10:09:52.573+0300] {processor.py:836} INFO - DAG(s) dict_keys(['example_short_circuit_operator']) retrieved from /home/mutwiri/airflow/airflow_env/lib/python3.10/site-packages/airflow/example_dags/example_short_circuit_operator.py
[2023-06-01T10:09:52.598+0300] {logging_mixin.py:149} INFO - [2023-06-01T10:09:52.597+0300] {dag.py:2726} INFO - Sync 1 DAGs
[2023-06-01T10:09:52.619+0300] {logging_mixin.py:149} INFO - [2023-06-01T10:09:52.619+0300] {dag.py:3486} INFO - Setting next_dagrun for example_short_circuit_operator to 2023-05-31T07:09:52.619226+00:00, run_after=2023-06-01T07:09:52.619226+00:00
[2023-06-01T10:09:52.741+0300] {processor.py:179} INFO - Processing /home/mutwiri/airflow/airflow_env/lib/python3.10/site-packages/airflow/example_dags/example_short_circuit_operator.py took 0.183 seconds
[2023-06-01T10:10:42.291+0300] {processor.py:157} INFO - Started process (PID=2089133) to work on /home/mutwiri/airflow/airflow_env/lib/python3.10/site-packages/airflow/example_dags/example_short_circuit_operator.py
[2023-06-01T10:10:42.304+0300] {processor.py:826} INFO - Processing file /home/mutwiri/airflow/airflow_env/lib/python3.10/site-packages/airflow/example_dags/example_short_circuit_operator.py for tasks to queue
[2023-06-01T10:10:42.305+0300] {logging_mixin.py:149} INFO - [2023-06-01T10:10:42.305+0300] {dagbag.py:541} INFO - Filling up the DagBag from /home/mutwiri/airflow/airflow_env/lib/python3.10/site-packages/airflow/example_dags/example_short_circuit_operator.py
[2023-06-01T10:10:42.314+0300] {processor.py:836} INFO - DAG(s) dict_keys(['example_short_circuit_operator']) retrieved from /home/mutwiri/airflow/airflow_env/lib/python3.10/site-packages/airflow/example_dags/example_short_circuit_operator.py
[2023-06-01T10:10:42.336+0300] {logging_mixin.py:149} INFO - [2023-06-01T10:10:42.336+0300] {dag.py:2726} INFO - Sync 1 DAGs
[2023-06-01T10:10:42.355+0300] {logging_mixin.py:149} INFO - [2023-06-01T10:10:42.355+0300] {dag.py:3486} INFO - Setting next_dagrun for example_short_circuit_operator to 2023-05-31T07:10:42.354999+00:00, run_after=2023-06-01T07:10:42.354999+00:00
[2023-06-01T10:10:42.481+0300] {processor.py:179} INFO - Processing /home/mutwiri/airflow/airflow_env/lib/python3.10/site-packages/airflow/example_dags/example_short_circuit_operator.py took 0.193 seconds
[2023-06-01T10:11:30.452+0300] {processor.py:157} INFO - Started process (PID=2089298) to work on /home/mutwiri/airflow/airflow_env/lib/python3.10/site-packages/airflow/example_dags/example_short_circuit_operator.py
[2023-06-01T10:11:30.454+0300] {processor.py:826} INFO - Processing file /home/mutwiri/airflow/airflow_env/lib/python3.10/site-packages/airflow/example_dags/example_short_circuit_operator.py for tasks to queue
[2023-06-01T10:11:30.454+0300] {logging_mixin.py:149} INFO - [2023-06-01T10:11:30.454+0300] {dagbag.py:541} INFO - Filling up the DagBag from /home/mutwiri/airflow/airflow_env/lib/python3.10/site-packages/airflow/example_dags/example_short_circuit_operator.py
[2023-06-01T10:11:30.467+0300] {processor.py:836} INFO - DAG(s) dict_keys(['example_short_circuit_operator']) retrieved from /home/mutwiri/airflow/airflow_env/lib/python3.10/site-packages/airflow/example_dags/example_short_circuit_operator.py
[2023-06-01T10:11:30.493+0300] {logging_mixin.py:149} INFO - [2023-06-01T10:11:30.493+0300] {dag.py:2726} INFO - Sync 1 DAGs
[2023-06-01T10:11:30.516+0300] {logging_mixin.py:149} INFO - [2023-06-01T10:11:30.516+0300] {dag.py:3486} INFO - Setting next_dagrun for example_short_circuit_operator to 2023-05-31T07:11:30.516470+00:00, run_after=2023-06-01T07:11:30.516470+00:00
[2023-06-01T10:11:30.645+0300] {processor.py:179} INFO - Processing /home/mutwiri/airflow/airflow_env/lib/python3.10/site-packages/airflow/example_dags/example_short_circuit_operator.py took 0.199 seconds
[2023-06-01T10:12:19.409+0300] {processor.py:157} INFO - Started process (PID=2089481) to work on /home/mutwiri/airflow/airflow_env/lib/python3.10/site-packages/airflow/example_dags/example_short_circuit_operator.py
[2023-06-01T10:12:19.423+0300] {processor.py:826} INFO - Processing file /home/mutwiri/airflow/airflow_env/lib/python3.10/site-packages/airflow/example_dags/example_short_circuit_operator.py for tasks to queue
[2023-06-01T10:12:19.424+0300] {logging_mixin.py:149} INFO - [2023-06-01T10:12:19.424+0300] {dagbag.py:541} INFO - Filling up the DagBag from /home/mutwiri/airflow/airflow_env/lib/python3.10/site-packages/airflow/example_dags/example_short_circuit_operator.py
[2023-06-01T10:12:19.435+0300] {processor.py:836} INFO - DAG(s) dict_keys(['example_short_circuit_operator']) retrieved from /home/mutwiri/airflow/airflow_env/lib/python3.10/site-packages/airflow/example_dags/example_short_circuit_operator.py
[2023-06-01T10:12:19.460+0300] {logging_mixin.py:149} INFO - [2023-06-01T10:12:19.460+0300] {dag.py:2726} INFO - Sync 1 DAGs
[2023-06-01T10:12:19.479+0300] {logging_mixin.py:149} INFO - [2023-06-01T10:12:19.479+0300] {dag.py:3486} INFO - Setting next_dagrun for example_short_circuit_operator to 2023-05-31T07:12:19.479103+00:00, run_after=2023-06-01T07:12:19.479103+00:00
[2023-06-01T10:12:19.638+0300] {processor.py:179} INFO - Processing /home/mutwiri/airflow/airflow_env/lib/python3.10/site-packages/airflow/example_dags/example_short_circuit_operator.py took 0.233 seconds
[2023-06-01T10:13:20.421+0300] {processor.py:157} INFO - Started process (PID=2089763) to work on /home/mutwiri/airflow/airflow_env/lib/python3.10/site-packages/airflow/example_dags/example_short_circuit_operator.py
[2023-06-01T10:13:20.439+0300] {processor.py:826} INFO - Processing file /home/mutwiri/airflow/airflow_env/lib/python3.10/site-packages/airflow/example_dags/example_short_circuit_operator.py for tasks to queue
[2023-06-01T10:13:20.440+0300] {logging_mixin.py:149} INFO - [2023-06-01T10:13:20.439+0300] {dagbag.py:541} INFO - Filling up the DagBag from /home/mutwiri/airflow/airflow_env/lib/python3.10/site-packages/airflow/example_dags/example_short_circuit_operator.py
[2023-06-01T10:13:20.449+0300] {processor.py:836} INFO - DAG(s) dict_keys(['example_short_circuit_operator']) retrieved from /home/mutwiri/airflow/airflow_env/lib/python3.10/site-packages/airflow/example_dags/example_short_circuit_operator.py
[2023-06-01T10:13:20.751+0300] {logging_mixin.py:149} INFO - [2023-06-01T10:13:20.750+0300] {dag.py:2726} INFO - Sync 1 DAGs
[2023-06-01T10:13:21.809+0300] {logging_mixin.py:149} INFO - [2023-06-01T10:13:21.808+0300] {dag.py:3486} INFO - Setting next_dagrun for example_short_circuit_operator to 2023-05-31T07:13:21.807510+00:00, run_after=2023-06-01T07:13:21.807510+00:00
[2023-06-01T10:13:23.019+0300] {processor.py:179} INFO - Processing /home/mutwiri/airflow/airflow_env/lib/python3.10/site-packages/airflow/example_dags/example_short_circuit_operator.py took 2.604 seconds
[2023-06-01T10:14:16.448+0300] {processor.py:157} INFO - Started process (PID=2089878) to work on /home/mutwiri/airflow/airflow_env/lib/python3.10/site-packages/airflow/example_dags/example_short_circuit_operator.py
[2023-06-01T10:14:16.462+0300] {processor.py:826} INFO - Processing file /home/mutwiri/airflow/airflow_env/lib/python3.10/site-packages/airflow/example_dags/example_short_circuit_operator.py for tasks to queue
[2023-06-01T10:14:16.463+0300] {logging_mixin.py:149} INFO - [2023-06-01T10:14:16.463+0300] {dagbag.py:541} INFO - Filling up the DagBag from /home/mutwiri/airflow/airflow_env/lib/python3.10/site-packages/airflow/example_dags/example_short_circuit_operator.py
[2023-06-01T10:14:16.472+0300] {processor.py:836} INFO - DAG(s) dict_keys(['example_short_circuit_operator']) retrieved from /home/mutwiri/airflow/airflow_env/lib/python3.10/site-packages/airflow/example_dags/example_short_circuit_operator.py
[2023-06-01T10:14:16.495+0300] {logging_mixin.py:149} INFO - [2023-06-01T10:14:16.495+0300] {dag.py:2726} INFO - Sync 1 DAGs
[2023-06-01T10:14:16.515+0300] {logging_mixin.py:149} INFO - [2023-06-01T10:14:16.515+0300] {dag.py:3486} INFO - Setting next_dagrun for example_short_circuit_operator to 2023-05-31T07:14:16.515187+00:00, run_after=2023-06-01T07:14:16.515187+00:00
[2023-06-01T10:14:16.653+0300] {processor.py:179} INFO - Processing /home/mutwiri/airflow/airflow_env/lib/python3.10/site-packages/airflow/example_dags/example_short_circuit_operator.py took 0.209 seconds
[2023-06-01T10:15:03.276+0300] {processor.py:157} INFO - Started process (PID=2089964) to work on /home/mutwiri/airflow/airflow_env/lib/python3.10/site-packages/airflow/example_dags/example_short_circuit_operator.py
[2023-06-01T10:15:03.289+0300] {processor.py:826} INFO - Processing file /home/mutwiri/airflow/airflow_env/lib/python3.10/site-packages/airflow/example_dags/example_short_circuit_operator.py for tasks to queue
[2023-06-01T10:15:03.290+0300] {logging_mixin.py:149} INFO - [2023-06-01T10:15:03.290+0300] {dagbag.py:541} INFO - Filling up the DagBag from /home/mutwiri/airflow/airflow_env/lib/python3.10/site-packages/airflow/example_dags/example_short_circuit_operator.py
[2023-06-01T10:15:03.302+0300] {processor.py:836} INFO - DAG(s) dict_keys(['example_short_circuit_operator']) retrieved from /home/mutwiri/airflow/airflow_env/lib/python3.10/site-packages/airflow/example_dags/example_short_circuit_operator.py
[2023-06-01T10:15:03.328+0300] {logging_mixin.py:149} INFO - [2023-06-01T10:15:03.328+0300] {dag.py:2726} INFO - Sync 1 DAGs
[2023-06-01T10:15:03.348+0300] {logging_mixin.py:149} INFO - [2023-06-01T10:15:03.348+0300] {dag.py:3486} INFO - Setting next_dagrun for example_short_circuit_operator to 2023-05-31T07:15:03.347789+00:00, run_after=2023-06-01T07:15:03.347789+00:00
[2023-06-01T10:15:03.496+0300] {processor.py:179} INFO - Processing /home/mutwiri/airflow/airflow_env/lib/python3.10/site-packages/airflow/example_dags/example_short_circuit_operator.py took 0.224 seconds
