[2023-06-01T10:06:42.063+0300] {processor.py:157} INFO - Started process (PID=2088429) to work on /home/mutwiri/airflow/airflow_env/lib/python3.10/site-packages/airflow/example_dags/example_external_task_marker_dag.py
[2023-06-01T10:06:42.064+0300] {processor.py:826} INFO - Processing file /home/mutwiri/airflow/airflow_env/lib/python3.10/site-packages/airflow/example_dags/example_external_task_marker_dag.py for tasks to queue
[2023-06-01T10:06:42.064+0300] {logging_mixin.py:149} INFO - [2023-06-01T10:06:42.064+0300] {dagbag.py:541} INFO - Filling up the DagBag from /home/mutwiri/airflow/airflow_env/lib/python3.10/site-packages/airflow/example_dags/example_external_task_marker_dag.py
[2023-06-01T10:06:42.071+0300] {processor.py:836} INFO - DAG(s) dict_keys(['example_external_task_marker_child', 'example_external_task_marker_parent']) retrieved from /home/mutwiri/airflow/airflow_env/lib/python3.10/site-packages/airflow/example_dags/example_external_task_marker_dag.py
[2023-06-01T10:06:42.125+0300] {logging_mixin.py:149} INFO - [2023-06-01T10:06:42.125+0300] {dag.py:2726} INFO - Sync 2 DAGs
[2023-06-01T10:06:42.142+0300] {logging_mixin.py:149} INFO - [2023-06-01T10:06:42.142+0300] {dag.py:3486} INFO - Setting next_dagrun for example_external_task_marker_child to None, run_after=None
[2023-06-01T10:06:42.144+0300] {logging_mixin.py:149} INFO - [2023-06-01T10:06:42.144+0300] {dag.py:3486} INFO - Setting next_dagrun for example_external_task_marker_parent to None, run_after=None
[2023-06-01T10:06:42.259+0300] {processor.py:179} INFO - Processing /home/mutwiri/airflow/airflow_env/lib/python3.10/site-packages/airflow/example_dags/example_external_task_marker_dag.py took 0.201 seconds
[2023-06-01T10:07:39.451+0300] {processor.py:157} INFO - Started process (PID=2088591) to work on /home/mutwiri/airflow/airflow_env/lib/python3.10/site-packages/airflow/example_dags/example_external_task_marker_dag.py
[2023-06-01T10:07:39.473+0300] {processor.py:826} INFO - Processing file /home/mutwiri/airflow/airflow_env/lib/python3.10/site-packages/airflow/example_dags/example_external_task_marker_dag.py for tasks to queue
[2023-06-01T10:07:39.474+0300] {logging_mixin.py:149} INFO - [2023-06-01T10:07:39.474+0300] {dagbag.py:541} INFO - Filling up the DagBag from /home/mutwiri/airflow/airflow_env/lib/python3.10/site-packages/airflow/example_dags/example_external_task_marker_dag.py
[2023-06-01T10:07:39.486+0300] {processor.py:836} INFO - DAG(s) dict_keys(['example_external_task_marker_child', 'example_external_task_marker_parent']) retrieved from /home/mutwiri/airflow/airflow_env/lib/python3.10/site-packages/airflow/example_dags/example_external_task_marker_dag.py
[2023-06-01T10:07:39.518+0300] {logging_mixin.py:149} INFO - [2023-06-01T10:07:39.518+0300] {dag.py:2726} INFO - Sync 2 DAGs
[2023-06-01T10:07:39.537+0300] {logging_mixin.py:149} INFO - [2023-06-01T10:07:39.537+0300] {dag.py:3486} INFO - Setting next_dagrun for example_external_task_marker_child to None, run_after=None
[2023-06-01T10:07:39.540+0300] {logging_mixin.py:149} INFO - [2023-06-01T10:07:39.540+0300] {dag.py:3486} INFO - Setting next_dagrun for example_external_task_marker_parent to None, run_after=None
[2023-06-01T10:07:39.765+0300] {processor.py:179} INFO - Processing /home/mutwiri/airflow/airflow_env/lib/python3.10/site-packages/airflow/example_dags/example_external_task_marker_dag.py took 0.319 seconds
[2023-06-01T10:08:37.668+0300] {processor.py:157} INFO - Started process (PID=2088660) to work on /home/mutwiri/airflow/airflow_env/lib/python3.10/site-packages/airflow/example_dags/example_external_task_marker_dag.py
[2023-06-01T10:08:37.669+0300] {processor.py:826} INFO - Processing file /home/mutwiri/airflow/airflow_env/lib/python3.10/site-packages/airflow/example_dags/example_external_task_marker_dag.py for tasks to queue
[2023-06-01T10:08:37.670+0300] {logging_mixin.py:149} INFO - [2023-06-01T10:08:37.670+0300] {dagbag.py:541} INFO - Filling up the DagBag from /home/mutwiri/airflow/airflow_env/lib/python3.10/site-packages/airflow/example_dags/example_external_task_marker_dag.py
[2023-06-01T10:08:37.679+0300] {processor.py:836} INFO - DAG(s) dict_keys(['example_external_task_marker_parent', 'example_external_task_marker_child']) retrieved from /home/mutwiri/airflow/airflow_env/lib/python3.10/site-packages/airflow/example_dags/example_external_task_marker_dag.py
[2023-06-01T10:08:37.705+0300] {logging_mixin.py:149} INFO - [2023-06-01T10:08:37.705+0300] {dag.py:2726} INFO - Sync 2 DAGs
[2023-06-01T10:08:37.843+0300] {logging_mixin.py:149} INFO - [2023-06-01T10:08:37.843+0300] {dag.py:3486} INFO - Setting next_dagrun for example_external_task_marker_child to None, run_after=None
[2023-06-01T10:08:37.846+0300] {logging_mixin.py:149} INFO - [2023-06-01T10:08:37.846+0300] {dag.py:3486} INFO - Setting next_dagrun for example_external_task_marker_parent to None, run_after=None
[2023-06-01T10:08:37.974+0300] {processor.py:179} INFO - Processing /home/mutwiri/airflow/airflow_env/lib/python3.10/site-packages/airflow/example_dags/example_external_task_marker_dag.py took 0.310 seconds
[2023-06-01T10:09:33.109+0300] {processor.py:157} INFO - Started process (PID=2088781) to work on /home/mutwiri/airflow/airflow_env/lib/python3.10/site-packages/airflow/example_dags/example_external_task_marker_dag.py
[2023-06-01T10:09:33.120+0300] {processor.py:826} INFO - Processing file /home/mutwiri/airflow/airflow_env/lib/python3.10/site-packages/airflow/example_dags/example_external_task_marker_dag.py for tasks to queue
[2023-06-01T10:09:33.121+0300] {logging_mixin.py:149} INFO - [2023-06-01T10:09:33.121+0300] {dagbag.py:541} INFO - Filling up the DagBag from /home/mutwiri/airflow/airflow_env/lib/python3.10/site-packages/airflow/example_dags/example_external_task_marker_dag.py
[2023-06-01T10:09:33.129+0300] {processor.py:836} INFO - DAG(s) dict_keys(['example_external_task_marker_parent', 'example_external_task_marker_child']) retrieved from /home/mutwiri/airflow/airflow_env/lib/python3.10/site-packages/airflow/example_dags/example_external_task_marker_dag.py
[2023-06-01T10:09:33.157+0300] {logging_mixin.py:149} INFO - [2023-06-01T10:09:33.156+0300] {dag.py:2726} INFO - Sync 2 DAGs
[2023-06-01T10:09:33.176+0300] {logging_mixin.py:149} INFO - [2023-06-01T10:09:33.176+0300] {dag.py:3486} INFO - Setting next_dagrun for example_external_task_marker_child to None, run_after=None
[2023-06-01T10:09:33.180+0300] {logging_mixin.py:149} INFO - [2023-06-01T10:09:33.180+0300] {dag.py:3486} INFO - Setting next_dagrun for example_external_task_marker_parent to None, run_after=None
[2023-06-01T10:09:33.405+0300] {processor.py:179} INFO - Processing /home/mutwiri/airflow/airflow_env/lib/python3.10/site-packages/airflow/example_dags/example_external_task_marker_dag.py took 0.300 seconds
[2023-06-01T10:10:28.737+0300] {processor.py:157} INFO - Started process (PID=2089059) to work on /home/mutwiri/airflow/airflow_env/lib/python3.10/site-packages/airflow/example_dags/example_external_task_marker_dag.py
[2023-06-01T10:10:28.739+0300] {processor.py:826} INFO - Processing file /home/mutwiri/airflow/airflow_env/lib/python3.10/site-packages/airflow/example_dags/example_external_task_marker_dag.py for tasks to queue
[2023-06-01T10:10:28.741+0300] {logging_mixin.py:149} INFO - [2023-06-01T10:10:28.740+0300] {dagbag.py:541} INFO - Filling up the DagBag from /home/mutwiri/airflow/airflow_env/lib/python3.10/site-packages/airflow/example_dags/example_external_task_marker_dag.py
[2023-06-01T10:10:28.753+0300] {processor.py:836} INFO - DAG(s) dict_keys(['example_external_task_marker_child', 'example_external_task_marker_parent']) retrieved from /home/mutwiri/airflow/airflow_env/lib/python3.10/site-packages/airflow/example_dags/example_external_task_marker_dag.py
[2023-06-01T10:10:28.779+0300] {logging_mixin.py:149} INFO - [2023-06-01T10:10:28.779+0300] {dag.py:2726} INFO - Sync 2 DAGs
[2023-06-01T10:10:28.798+0300] {logging_mixin.py:149} INFO - [2023-06-01T10:10:28.797+0300] {dag.py:3486} INFO - Setting next_dagrun for example_external_task_marker_child to None, run_after=None
[2023-06-01T10:10:28.800+0300] {logging_mixin.py:149} INFO - [2023-06-01T10:10:28.800+0300] {dag.py:3486} INFO - Setting next_dagrun for example_external_task_marker_parent to None, run_after=None
[2023-06-01T10:10:28.930+0300] {processor.py:179} INFO - Processing /home/mutwiri/airflow/airflow_env/lib/python3.10/site-packages/airflow/example_dags/example_external_task_marker_dag.py took 0.200 seconds
[2023-06-01T10:11:20.165+0300] {processor.py:157} INFO - Started process (PID=2089280) to work on /home/mutwiri/airflow/airflow_env/lib/python3.10/site-packages/airflow/example_dags/example_external_task_marker_dag.py
[2023-06-01T10:11:20.167+0300] {processor.py:826} INFO - Processing file /home/mutwiri/airflow/airflow_env/lib/python3.10/site-packages/airflow/example_dags/example_external_task_marker_dag.py for tasks to queue
[2023-06-01T10:11:20.168+0300] {logging_mixin.py:149} INFO - [2023-06-01T10:11:20.168+0300] {dagbag.py:541} INFO - Filling up the DagBag from /home/mutwiri/airflow/airflow_env/lib/python3.10/site-packages/airflow/example_dags/example_external_task_marker_dag.py
[2023-06-01T10:11:20.179+0300] {processor.py:836} INFO - DAG(s) dict_keys(['example_external_task_marker_child', 'example_external_task_marker_parent']) retrieved from /home/mutwiri/airflow/airflow_env/lib/python3.10/site-packages/airflow/example_dags/example_external_task_marker_dag.py
[2023-06-01T10:11:20.207+0300] {logging_mixin.py:149} INFO - [2023-06-01T10:11:20.206+0300] {dag.py:2726} INFO - Sync 2 DAGs
[2023-06-01T10:11:20.226+0300] {logging_mixin.py:149} INFO - [2023-06-01T10:11:20.226+0300] {dag.py:3486} INFO - Setting next_dagrun for example_external_task_marker_child to None, run_after=None
[2023-06-01T10:11:20.230+0300] {logging_mixin.py:149} INFO - [2023-06-01T10:11:20.230+0300] {dag.py:3486} INFO - Setting next_dagrun for example_external_task_marker_parent to None, run_after=None
[2023-06-01T10:11:20.338+0300] {processor.py:179} INFO - Processing /home/mutwiri/airflow/airflow_env/lib/python3.10/site-packages/airflow/example_dags/example_external_task_marker_dag.py took 0.179 seconds
[2023-06-01T10:12:10.077+0300] {processor.py:157} INFO - Started process (PID=2089439) to work on /home/mutwiri/airflow/airflow_env/lib/python3.10/site-packages/airflow/example_dags/example_external_task_marker_dag.py
[2023-06-01T10:12:10.097+0300] {processor.py:826} INFO - Processing file /home/mutwiri/airflow/airflow_env/lib/python3.10/site-packages/airflow/example_dags/example_external_task_marker_dag.py for tasks to queue
[2023-06-01T10:12:10.098+0300] {logging_mixin.py:149} INFO - [2023-06-01T10:12:10.098+0300] {dagbag.py:541} INFO - Filling up the DagBag from /home/mutwiri/airflow/airflow_env/lib/python3.10/site-packages/airflow/example_dags/example_external_task_marker_dag.py
[2023-06-01T10:12:10.110+0300] {processor.py:836} INFO - DAG(s) dict_keys(['example_external_task_marker_child', 'example_external_task_marker_parent']) retrieved from /home/mutwiri/airflow/airflow_env/lib/python3.10/site-packages/airflow/example_dags/example_external_task_marker_dag.py
[2023-06-01T10:12:10.148+0300] {logging_mixin.py:149} INFO - [2023-06-01T10:12:10.148+0300] {dag.py:2726} INFO - Sync 2 DAGs
[2023-06-01T10:12:10.187+0300] {logging_mixin.py:149} INFO - [2023-06-01T10:12:10.187+0300] {dag.py:3486} INFO - Setting next_dagrun for example_external_task_marker_child to None, run_after=None
[2023-06-01T10:12:10.193+0300] {logging_mixin.py:149} INFO - [2023-06-01T10:12:10.193+0300] {dag.py:3486} INFO - Setting next_dagrun for example_external_task_marker_parent to None, run_after=None
[2023-06-01T10:12:10.330+0300] {processor.py:179} INFO - Processing /home/mutwiri/airflow/airflow_env/lib/python3.10/site-packages/airflow/example_dags/example_external_task_marker_dag.py took 0.258 seconds
[2023-06-01T10:13:01.685+0300] {processor.py:157} INFO - Started process (PID=2089627) to work on /home/mutwiri/airflow/airflow_env/lib/python3.10/site-packages/airflow/example_dags/example_external_task_marker_dag.py
[2023-06-01T10:13:01.706+0300] {processor.py:826} INFO - Processing file /home/mutwiri/airflow/airflow_env/lib/python3.10/site-packages/airflow/example_dags/example_external_task_marker_dag.py for tasks to queue
[2023-06-01T10:13:01.708+0300] {logging_mixin.py:149} INFO - [2023-06-01T10:13:01.707+0300] {dagbag.py:541} INFO - Filling up the DagBag from /home/mutwiri/airflow/airflow_env/lib/python3.10/site-packages/airflow/example_dags/example_external_task_marker_dag.py
[2023-06-01T10:13:01.721+0300] {processor.py:836} INFO - DAG(s) dict_keys(['example_external_task_marker_parent', 'example_external_task_marker_child']) retrieved from /home/mutwiri/airflow/airflow_env/lib/python3.10/site-packages/airflow/example_dags/example_external_task_marker_dag.py
[2023-06-01T10:13:01.761+0300] {logging_mixin.py:149} INFO - [2023-06-01T10:13:01.761+0300] {dag.py:2726} INFO - Sync 2 DAGs
[2023-06-01T10:13:01.788+0300] {logging_mixin.py:149} INFO - [2023-06-01T10:13:01.788+0300] {dag.py:3486} INFO - Setting next_dagrun for example_external_task_marker_child to None, run_after=None
[2023-06-01T10:13:01.792+0300] {logging_mixin.py:149} INFO - [2023-06-01T10:13:01.792+0300] {dag.py:3486} INFO - Setting next_dagrun for example_external_task_marker_parent to None, run_after=None
[2023-06-01T10:13:01.937+0300] {processor.py:179} INFO - Processing /home/mutwiri/airflow/airflow_env/lib/python3.10/site-packages/airflow/example_dags/example_external_task_marker_dag.py took 0.260 seconds
[2023-06-01T10:14:07.534+0300] {processor.py:157} INFO - Started process (PID=2089867) to work on /home/mutwiri/airflow/airflow_env/lib/python3.10/site-packages/airflow/example_dags/example_external_task_marker_dag.py
[2023-06-01T10:14:07.543+0300] {processor.py:826} INFO - Processing file /home/mutwiri/airflow/airflow_env/lib/python3.10/site-packages/airflow/example_dags/example_external_task_marker_dag.py for tasks to queue
[2023-06-01T10:14:07.544+0300] {logging_mixin.py:149} INFO - [2023-06-01T10:14:07.544+0300] {dagbag.py:541} INFO - Filling up the DagBag from /home/mutwiri/airflow/airflow_env/lib/python3.10/site-packages/airflow/example_dags/example_external_task_marker_dag.py
[2023-06-01T10:14:07.551+0300] {processor.py:836} INFO - DAG(s) dict_keys(['example_external_task_marker_child', 'example_external_task_marker_parent']) retrieved from /home/mutwiri/airflow/airflow_env/lib/python3.10/site-packages/airflow/example_dags/example_external_task_marker_dag.py
[2023-06-01T10:14:07.577+0300] {logging_mixin.py:149} INFO - [2023-06-01T10:14:07.577+0300] {dag.py:2726} INFO - Sync 2 DAGs
[2023-06-01T10:14:07.596+0300] {logging_mixin.py:149} INFO - [2023-06-01T10:14:07.595+0300] {dag.py:3486} INFO - Setting next_dagrun for example_external_task_marker_child to None, run_after=None
[2023-06-01T10:14:07.598+0300] {logging_mixin.py:149} INFO - [2023-06-01T10:14:07.598+0300] {dag.py:3486} INFO - Setting next_dagrun for example_external_task_marker_parent to None, run_after=None
[2023-06-01T10:14:07.712+0300] {processor.py:179} INFO - Processing /home/mutwiri/airflow/airflow_env/lib/python3.10/site-packages/airflow/example_dags/example_external_task_marker_dag.py took 0.182 seconds
[2023-06-01T10:14:57.175+0300] {processor.py:157} INFO - Started process (PID=2089955) to work on /home/mutwiri/airflow/airflow_env/lib/python3.10/site-packages/airflow/example_dags/example_external_task_marker_dag.py
[2023-06-01T10:14:57.194+0300] {processor.py:826} INFO - Processing file /home/mutwiri/airflow/airflow_env/lib/python3.10/site-packages/airflow/example_dags/example_external_task_marker_dag.py for tasks to queue
[2023-06-01T10:14:57.197+0300] {logging_mixin.py:149} INFO - [2023-06-01T10:14:57.196+0300] {dagbag.py:541} INFO - Filling up the DagBag from /home/mutwiri/airflow/airflow_env/lib/python3.10/site-packages/airflow/example_dags/example_external_task_marker_dag.py
[2023-06-01T10:14:57.216+0300] {processor.py:836} INFO - DAG(s) dict_keys(['example_external_task_marker_child', 'example_external_task_marker_parent']) retrieved from /home/mutwiri/airflow/airflow_env/lib/python3.10/site-packages/airflow/example_dags/example_external_task_marker_dag.py
[2023-06-01T10:14:57.244+0300] {logging_mixin.py:149} INFO - [2023-06-01T10:14:57.244+0300] {dag.py:2726} INFO - Sync 2 DAGs
[2023-06-01T10:14:57.264+0300] {logging_mixin.py:149} INFO - [2023-06-01T10:14:57.264+0300] {dag.py:3486} INFO - Setting next_dagrun for example_external_task_marker_child to None, run_after=None
[2023-06-01T10:14:57.267+0300] {logging_mixin.py:149} INFO - [2023-06-01T10:14:57.267+0300] {dag.py:3486} INFO - Setting next_dagrun for example_external_task_marker_parent to None, run_after=None
[2023-06-01T10:14:57.365+0300] {processor.py:179} INFO - Processing /home/mutwiri/airflow/airflow_env/lib/python3.10/site-packages/airflow/example_dags/example_external_task_marker_dag.py took 0.194 seconds
