[2023-06-01T10:06:28.768+0300] {processor.py:157} INFO - Started process (PID=2088354) to work on /home/mutwiri/airflow/airflow_env/lib/python3.10/site-packages/airflow/example_dags/example_short_circuit_decorator.py
[2023-06-01T10:06:28.770+0300] {processor.py:826} INFO - Processing file /home/mutwiri/airflow/airflow_env/lib/python3.10/site-packages/airflow/example_dags/example_short_circuit_decorator.py for tasks to queue
[2023-06-01T10:06:28.771+0300] {logging_mixin.py:149} INFO - [2023-06-01T10:06:28.771+0300] {dagbag.py:541} INFO - Filling up the DagBag from /home/mutwiri/airflow/airflow_env/lib/python3.10/site-packages/airflow/example_dags/example_short_circuit_decorator.py
[2023-06-01T10:06:28.786+0300] {processor.py:836} INFO - DAG(s) dict_keys(['example_short_circuit_decorator']) retrieved from /home/mutwiri/airflow/airflow_env/lib/python3.10/site-packages/airflow/example_dags/example_short_circuit_decorator.py
[2023-06-01T10:06:28.812+0300] {logging_mixin.py:149} INFO - [2023-06-01T10:06:28.812+0300] {dag.py:2726} INFO - Sync 1 DAGs
[2023-06-01T10:06:28.837+0300] {logging_mixin.py:149} INFO - [2023-06-01T10:06:28.836+0300] {dag.py:3486} INFO - Setting next_dagrun for example_short_circuit_decorator to 2023-05-31T07:06:28.836626+00:00, run_after=2023-06-01T07:06:28.836626+00:00
[2023-06-01T10:06:28.959+0300] {processor.py:179} INFO - Processing /home/mutwiri/airflow/airflow_env/lib/python3.10/site-packages/airflow/example_dags/example_short_circuit_decorator.py took 0.199 seconds
[2023-06-01T10:07:29.412+0300] {processor.py:157} INFO - Started process (PID=2088570) to work on /home/mutwiri/airflow/airflow_env/lib/python3.10/site-packages/airflow/example_dags/example_short_circuit_decorator.py
[2023-06-01T10:07:29.424+0300] {processor.py:826} INFO - Processing file /home/mutwiri/airflow/airflow_env/lib/python3.10/site-packages/airflow/example_dags/example_short_circuit_decorator.py for tasks to queue
[2023-06-01T10:07:29.425+0300] {logging_mixin.py:149} INFO - [2023-06-01T10:07:29.424+0300] {dagbag.py:541} INFO - Filling up the DagBag from /home/mutwiri/airflow/airflow_env/lib/python3.10/site-packages/airflow/example_dags/example_short_circuit_decorator.py
[2023-06-01T10:07:29.434+0300] {processor.py:836} INFO - DAG(s) dict_keys(['example_short_circuit_decorator']) retrieved from /home/mutwiri/airflow/airflow_env/lib/python3.10/site-packages/airflow/example_dags/example_short_circuit_decorator.py
[2023-06-01T10:07:29.456+0300] {logging_mixin.py:149} INFO - [2023-06-01T10:07:29.456+0300] {dag.py:2726} INFO - Sync 1 DAGs
[2023-06-01T10:07:29.475+0300] {logging_mixin.py:149} INFO - [2023-06-01T10:07:29.475+0300] {dag.py:3486} INFO - Setting next_dagrun for example_short_circuit_decorator to 2023-05-31T07:07:29.474763+00:00, run_after=2023-06-01T07:07:29.474763+00:00
[2023-06-01T10:07:29.606+0300] {processor.py:179} INFO - Processing /home/mutwiri/airflow/airflow_env/lib/python3.10/site-packages/airflow/example_dags/example_short_circuit_decorator.py took 0.198 seconds
[2023-06-01T10:08:27.433+0300] {processor.py:157} INFO - Started process (PID=2088644) to work on /home/mutwiri/airflow/airflow_env/lib/python3.10/site-packages/airflow/example_dags/example_short_circuit_decorator.py
[2023-06-01T10:08:27.443+0300] {processor.py:826} INFO - Processing file /home/mutwiri/airflow/airflow_env/lib/python3.10/site-packages/airflow/example_dags/example_short_circuit_decorator.py for tasks to queue
[2023-06-01T10:08:27.443+0300] {logging_mixin.py:149} INFO - [2023-06-01T10:08:27.443+0300] {dagbag.py:541} INFO - Filling up the DagBag from /home/mutwiri/airflow/airflow_env/lib/python3.10/site-packages/airflow/example_dags/example_short_circuit_decorator.py
[2023-06-01T10:08:27.453+0300] {processor.py:836} INFO - DAG(s) dict_keys(['example_short_circuit_decorator']) retrieved from /home/mutwiri/airflow/airflow_env/lib/python3.10/site-packages/airflow/example_dags/example_short_circuit_decorator.py
[2023-06-01T10:08:27.475+0300] {logging_mixin.py:149} INFO - [2023-06-01T10:08:27.475+0300] {dag.py:2726} INFO - Sync 1 DAGs
[2023-06-01T10:08:27.609+0300] {logging_mixin.py:149} INFO - [2023-06-01T10:08:27.608+0300] {dag.py:3486} INFO - Setting next_dagrun for example_short_circuit_decorator to 2023-05-31T07:08:27.608363+00:00, run_after=2023-06-01T07:08:27.608363+00:00
[2023-06-01T10:08:27.744+0300] {processor.py:179} INFO - Processing /home/mutwiri/airflow/airflow_env/lib/python3.10/site-packages/airflow/example_dags/example_short_circuit_decorator.py took 0.314 seconds
[2023-06-01T10:09:24.348+0300] {processor.py:157} INFO - Started process (PID=2088759) to work on /home/mutwiri/airflow/airflow_env/lib/python3.10/site-packages/airflow/example_dags/example_short_circuit_decorator.py
[2023-06-01T10:09:24.353+0300] {processor.py:826} INFO - Processing file /home/mutwiri/airflow/airflow_env/lib/python3.10/site-packages/airflow/example_dags/example_short_circuit_decorator.py for tasks to queue
[2023-06-01T10:09:24.355+0300] {logging_mixin.py:149} INFO - [2023-06-01T10:09:24.355+0300] {dagbag.py:541} INFO - Filling up the DagBag from /home/mutwiri/airflow/airflow_env/lib/python3.10/site-packages/airflow/example_dags/example_short_circuit_decorator.py
[2023-06-01T10:09:24.372+0300] {processor.py:836} INFO - DAG(s) dict_keys(['example_short_circuit_decorator']) retrieved from /home/mutwiri/airflow/airflow_env/lib/python3.10/site-packages/airflow/example_dags/example_short_circuit_decorator.py
[2023-06-01T10:09:24.396+0300] {logging_mixin.py:149} INFO - [2023-06-01T10:09:24.396+0300] {dag.py:2726} INFO - Sync 1 DAGs
[2023-06-01T10:09:24.417+0300] {logging_mixin.py:149} INFO - [2023-06-01T10:09:24.417+0300] {dag.py:3486} INFO - Setting next_dagrun for example_short_circuit_decorator to 2023-05-31T07:09:24.416912+00:00, run_after=2023-06-01T07:09:24.416912+00:00
[2023-06-01T10:09:24.564+0300] {processor.py:179} INFO - Processing /home/mutwiri/airflow/airflow_env/lib/python3.10/site-packages/airflow/example_dags/example_short_circuit_decorator.py took 0.229 seconds
[2023-06-01T10:10:18.264+0300] {processor.py:157} INFO - Started process (PID=2089018) to work on /home/mutwiri/airflow/airflow_env/lib/python3.10/site-packages/airflow/example_dags/example_short_circuit_decorator.py
[2023-06-01T10:10:18.275+0300] {processor.py:826} INFO - Processing file /home/mutwiri/airflow/airflow_env/lib/python3.10/site-packages/airflow/example_dags/example_short_circuit_decorator.py for tasks to queue
[2023-06-01T10:10:18.277+0300] {logging_mixin.py:149} INFO - [2023-06-01T10:10:18.276+0300] {dagbag.py:541} INFO - Filling up the DagBag from /home/mutwiri/airflow/airflow_env/lib/python3.10/site-packages/airflow/example_dags/example_short_circuit_decorator.py
[2023-06-01T10:10:18.288+0300] {processor.py:836} INFO - DAG(s) dict_keys(['example_short_circuit_decorator']) retrieved from /home/mutwiri/airflow/airflow_env/lib/python3.10/site-packages/airflow/example_dags/example_short_circuit_decorator.py
[2023-06-01T10:10:18.313+0300] {logging_mixin.py:149} INFO - [2023-06-01T10:10:18.313+0300] {dag.py:2726} INFO - Sync 1 DAGs
[2023-06-01T10:10:18.334+0300] {logging_mixin.py:149} INFO - [2023-06-01T10:10:18.334+0300] {dag.py:3486} INFO - Setting next_dagrun for example_short_circuit_decorator to 2023-05-31T07:10:18.334242+00:00, run_after=2023-06-01T07:10:18.334242+00:00
[2023-06-01T10:10:18.453+0300] {processor.py:179} INFO - Processing /home/mutwiri/airflow/airflow_env/lib/python3.10/site-packages/airflow/example_dags/example_short_circuit_decorator.py took 0.193 seconds
[2023-06-01T10:11:11.796+0300] {processor.py:157} INFO - Started process (PID=2089248) to work on /home/mutwiri/airflow/airflow_env/lib/python3.10/site-packages/airflow/example_dags/example_short_circuit_decorator.py
[2023-06-01T10:11:11.800+0300] {processor.py:826} INFO - Processing file /home/mutwiri/airflow/airflow_env/lib/python3.10/site-packages/airflow/example_dags/example_short_circuit_decorator.py for tasks to queue
[2023-06-01T10:11:11.803+0300] {logging_mixin.py:149} INFO - [2023-06-01T10:11:11.802+0300] {dagbag.py:541} INFO - Filling up the DagBag from /home/mutwiri/airflow/airflow_env/lib/python3.10/site-packages/airflow/example_dags/example_short_circuit_decorator.py
[2023-06-01T10:11:11.833+0300] {processor.py:836} INFO - DAG(s) dict_keys(['example_short_circuit_decorator']) retrieved from /home/mutwiri/airflow/airflow_env/lib/python3.10/site-packages/airflow/example_dags/example_short_circuit_decorator.py
[2023-06-01T10:11:11.862+0300] {logging_mixin.py:149} INFO - [2023-06-01T10:11:11.861+0300] {dag.py:2726} INFO - Sync 1 DAGs
[2023-06-01T10:11:11.881+0300] {logging_mixin.py:149} INFO - [2023-06-01T10:11:11.881+0300] {dag.py:3486} INFO - Setting next_dagrun for example_short_circuit_decorator to 2023-05-31T07:11:11.881272+00:00, run_after=2023-06-01T07:11:11.881272+00:00
[2023-06-01T10:11:12.004+0300] {processor.py:179} INFO - Processing /home/mutwiri/airflow/airflow_env/lib/python3.10/site-packages/airflow/example_dags/example_short_circuit_decorator.py took 0.221 seconds
[2023-06-01T10:11:59.825+0300] {processor.py:157} INFO - Started process (PID=2089419) to work on /home/mutwiri/airflow/airflow_env/lib/python3.10/site-packages/airflow/example_dags/example_short_circuit_decorator.py
[2023-06-01T10:11:59.837+0300] {processor.py:826} INFO - Processing file /home/mutwiri/airflow/airflow_env/lib/python3.10/site-packages/airflow/example_dags/example_short_circuit_decorator.py for tasks to queue
[2023-06-01T10:11:59.838+0300] {logging_mixin.py:149} INFO - [2023-06-01T10:11:59.838+0300] {dagbag.py:541} INFO - Filling up the DagBag from /home/mutwiri/airflow/airflow_env/lib/python3.10/site-packages/airflow/example_dags/example_short_circuit_decorator.py
[2023-06-01T10:11:59.848+0300] {processor.py:836} INFO - DAG(s) dict_keys(['example_short_circuit_decorator']) retrieved from /home/mutwiri/airflow/airflow_env/lib/python3.10/site-packages/airflow/example_dags/example_short_circuit_decorator.py
[2023-06-01T10:11:59.874+0300] {logging_mixin.py:149} INFO - [2023-06-01T10:11:59.874+0300] {dag.py:2726} INFO - Sync 1 DAGs
[2023-06-01T10:11:59.896+0300] {logging_mixin.py:149} INFO - [2023-06-01T10:11:59.895+0300] {dag.py:3486} INFO - Setting next_dagrun for example_short_circuit_decorator to 2023-05-31T07:11:59.895602+00:00, run_after=2023-06-01T07:11:59.895602+00:00
[2023-06-01T10:11:59.997+0300] {processor.py:179} INFO - Processing /home/mutwiri/airflow/airflow_env/lib/python3.10/site-packages/airflow/example_dags/example_short_circuit_decorator.py took 0.176 seconds
[2023-06-01T10:12:52.131+0300] {processor.py:157} INFO - Started process (PID=2089616) to work on /home/mutwiri/airflow/airflow_env/lib/python3.10/site-packages/airflow/example_dags/example_short_circuit_decorator.py
[2023-06-01T10:12:52.144+0300] {processor.py:826} INFO - Processing file /home/mutwiri/airflow/airflow_env/lib/python3.10/site-packages/airflow/example_dags/example_short_circuit_decorator.py for tasks to queue
[2023-06-01T10:12:52.145+0300] {logging_mixin.py:149} INFO - [2023-06-01T10:12:52.145+0300] {dagbag.py:541} INFO - Filling up the DagBag from /home/mutwiri/airflow/airflow_env/lib/python3.10/site-packages/airflow/example_dags/example_short_circuit_decorator.py
[2023-06-01T10:12:52.159+0300] {processor.py:836} INFO - DAG(s) dict_keys(['example_short_circuit_decorator']) retrieved from /home/mutwiri/airflow/airflow_env/lib/python3.10/site-packages/airflow/example_dags/example_short_circuit_decorator.py
[2023-06-01T10:12:52.187+0300] {logging_mixin.py:149} INFO - [2023-06-01T10:12:52.187+0300] {dag.py:2726} INFO - Sync 1 DAGs
[2023-06-01T10:12:52.206+0300] {logging_mixin.py:149} INFO - [2023-06-01T10:12:52.206+0300] {dag.py:3486} INFO - Setting next_dagrun for example_short_circuit_decorator to 2023-05-31T07:12:52.206426+00:00, run_after=2023-06-01T07:12:52.206426+00:00
[2023-06-01T10:12:52.326+0300] {processor.py:179} INFO - Processing /home/mutwiri/airflow/airflow_env/lib/python3.10/site-packages/airflow/example_dags/example_short_circuit_decorator.py took 0.200 seconds
[2023-06-01T10:13:58.219+0300] {processor.py:157} INFO - Started process (PID=2089858) to work on /home/mutwiri/airflow/airflow_env/lib/python3.10/site-packages/airflow/example_dags/example_short_circuit_decorator.py
[2023-06-01T10:13:58.233+0300] {processor.py:826} INFO - Processing file /home/mutwiri/airflow/airflow_env/lib/python3.10/site-packages/airflow/example_dags/example_short_circuit_decorator.py for tasks to queue
[2023-06-01T10:13:58.234+0300] {logging_mixin.py:149} INFO - [2023-06-01T10:13:58.233+0300] {dagbag.py:541} INFO - Filling up the DagBag from /home/mutwiri/airflow/airflow_env/lib/python3.10/site-packages/airflow/example_dags/example_short_circuit_decorator.py
[2023-06-01T10:13:58.246+0300] {processor.py:836} INFO - DAG(s) dict_keys(['example_short_circuit_decorator']) retrieved from /home/mutwiri/airflow/airflow_env/lib/python3.10/site-packages/airflow/example_dags/example_short_circuit_decorator.py
[2023-06-01T10:13:58.271+0300] {logging_mixin.py:149} INFO - [2023-06-01T10:13:58.271+0300] {dag.py:2726} INFO - Sync 1 DAGs
[2023-06-01T10:13:58.291+0300] {logging_mixin.py:149} INFO - [2023-06-01T10:13:58.291+0300] {dag.py:3486} INFO - Setting next_dagrun for example_short_circuit_decorator to 2023-05-31T07:13:58.291599+00:00, run_after=2023-06-01T07:13:58.291599+00:00
[2023-06-01T10:13:58.407+0300] {processor.py:179} INFO - Processing /home/mutwiri/airflow/airflow_env/lib/python3.10/site-packages/airflow/example_dags/example_short_circuit_decorator.py took 0.196 seconds
[2023-06-01T10:14:48.300+0300] {processor.py:157} INFO - Started process (PID=2089939) to work on /home/mutwiri/airflow/airflow_env/lib/python3.10/site-packages/airflow/example_dags/example_short_circuit_decorator.py
[2023-06-01T10:14:48.302+0300] {processor.py:826} INFO - Processing file /home/mutwiri/airflow/airflow_env/lib/python3.10/site-packages/airflow/example_dags/example_short_circuit_decorator.py for tasks to queue
[2023-06-01T10:14:48.302+0300] {logging_mixin.py:149} INFO - [2023-06-01T10:14:48.302+0300] {dagbag.py:541} INFO - Filling up the DagBag from /home/mutwiri/airflow/airflow_env/lib/python3.10/site-packages/airflow/example_dags/example_short_circuit_decorator.py
[2023-06-01T10:14:48.316+0300] {processor.py:836} INFO - DAG(s) dict_keys(['example_short_circuit_decorator']) retrieved from /home/mutwiri/airflow/airflow_env/lib/python3.10/site-packages/airflow/example_dags/example_short_circuit_decorator.py
[2023-06-01T10:14:48.343+0300] {logging_mixin.py:149} INFO - [2023-06-01T10:14:48.343+0300] {dag.py:2726} INFO - Sync 1 DAGs
[2023-06-01T10:14:48.371+0300] {logging_mixin.py:149} INFO - [2023-06-01T10:14:48.371+0300] {dag.py:3486} INFO - Setting next_dagrun for example_short_circuit_decorator to 2023-05-31T07:14:48.371012+00:00, run_after=2023-06-01T07:14:48.371012+00:00
[2023-06-01T10:14:48.500+0300] {processor.py:179} INFO - Processing /home/mutwiri/airflow/airflow_env/lib/python3.10/site-packages/airflow/example_dags/example_short_circuit_decorator.py took 0.204 seconds
