[2023-06-01T10:06:20.659+0300] {processor.py:157} INFO - Started process (PID=2088291) to work on /home/mutwiri/airflow/airflow_env/lib/python3.10/site-packages/airflow/example_dags/example_sensor_decorator.py
[2023-06-01T10:06:20.660+0300] {processor.py:826} INFO - Processing file /home/mutwiri/airflow/airflow_env/lib/python3.10/site-packages/airflow/example_dags/example_sensor_decorator.py for tasks to queue
[2023-06-01T10:06:20.661+0300] {logging_mixin.py:149} INFO - [2023-06-01T10:06:20.660+0300] {dagbag.py:541} INFO - Filling up the DagBag from /home/mutwiri/airflow/airflow_env/lib/python3.10/site-packages/airflow/example_dags/example_sensor_decorator.py
[2023-06-01T10:06:20.667+0300] {processor.py:836} INFO - DAG(s) dict_keys(['example_sensor_decorator']) retrieved from /home/mutwiri/airflow/airflow_env/lib/python3.10/site-packages/airflow/example_dags/example_sensor_decorator.py
[2023-06-01T10:06:20.694+0300] {logging_mixin.py:149} INFO - [2023-06-01T10:06:20.694+0300] {dag.py:2726} INFO - Sync 1 DAGs
[2023-06-01T10:06:20.720+0300] {logging_mixin.py:149} INFO - [2023-06-01T10:06:20.720+0300] {dag.py:3486} INFO - Setting next_dagrun for example_sensor_decorator to None, run_after=None
[2023-06-01T10:06:20.830+0300] {processor.py:179} INFO - Processing /home/mutwiri/airflow/airflow_env/lib/python3.10/site-packages/airflow/example_dags/example_sensor_decorator.py took 0.176 seconds
[2023-06-01T10:07:26.631+0300] {processor.py:157} INFO - Started process (PID=2088566) to work on /home/mutwiri/airflow/airflow_env/lib/python3.10/site-packages/airflow/example_dags/example_sensor_decorator.py
[2023-06-01T10:07:26.633+0300] {processor.py:826} INFO - Processing file /home/mutwiri/airflow/airflow_env/lib/python3.10/site-packages/airflow/example_dags/example_sensor_decorator.py for tasks to queue
[2023-06-01T10:07:26.634+0300] {logging_mixin.py:149} INFO - [2023-06-01T10:07:26.633+0300] {dagbag.py:541} INFO - Filling up the DagBag from /home/mutwiri/airflow/airflow_env/lib/python3.10/site-packages/airflow/example_dags/example_sensor_decorator.py
[2023-06-01T10:07:26.640+0300] {processor.py:836} INFO - DAG(s) dict_keys(['example_sensor_decorator']) retrieved from /home/mutwiri/airflow/airflow_env/lib/python3.10/site-packages/airflow/example_dags/example_sensor_decorator.py
[2023-06-01T10:07:26.661+0300] {logging_mixin.py:149} INFO - [2023-06-01T10:07:26.661+0300] {dag.py:2726} INFO - Sync 1 DAGs
[2023-06-01T10:07:26.680+0300] {logging_mixin.py:149} INFO - [2023-06-01T10:07:26.680+0300] {dag.py:3486} INFO - Setting next_dagrun for example_sensor_decorator to None, run_after=None
[2023-06-01T10:07:26.803+0300] {processor.py:179} INFO - Processing /home/mutwiri/airflow/airflow_env/lib/python3.10/site-packages/airflow/example_dags/example_sensor_decorator.py took 0.175 seconds
[2023-06-01T10:08:21.840+0300] {processor.py:157} INFO - Started process (PID=2088639) to work on /home/mutwiri/airflow/airflow_env/lib/python3.10/site-packages/airflow/example_dags/example_sensor_decorator.py
[2023-06-01T10:08:21.842+0300] {processor.py:826} INFO - Processing file /home/mutwiri/airflow/airflow_env/lib/python3.10/site-packages/airflow/example_dags/example_sensor_decorator.py for tasks to queue
[2023-06-01T10:08:21.843+0300] {logging_mixin.py:149} INFO - [2023-06-01T10:08:21.842+0300] {dagbag.py:541} INFO - Filling up the DagBag from /home/mutwiri/airflow/airflow_env/lib/python3.10/site-packages/airflow/example_dags/example_sensor_decorator.py
[2023-06-01T10:08:21.851+0300] {processor.py:836} INFO - DAG(s) dict_keys(['example_sensor_decorator']) retrieved from /home/mutwiri/airflow/airflow_env/lib/python3.10/site-packages/airflow/example_dags/example_sensor_decorator.py
[2023-06-01T10:08:21.873+0300] {logging_mixin.py:149} INFO - [2023-06-01T10:08:21.873+0300] {dag.py:2726} INFO - Sync 1 DAGs
[2023-06-01T10:08:22.011+0300] {logging_mixin.py:149} INFO - [2023-06-01T10:08:22.011+0300] {dag.py:3486} INFO - Setting next_dagrun for example_sensor_decorator to None, run_after=None
[2023-06-01T10:08:22.158+0300] {processor.py:179} INFO - Processing /home/mutwiri/airflow/airflow_env/lib/python3.10/site-packages/airflow/example_dags/example_sensor_decorator.py took 0.322 seconds
[2023-06-01T10:09:19.137+0300] {processor.py:157} INFO - Started process (PID=2088743) to work on /home/mutwiri/airflow/airflow_env/lib/python3.10/site-packages/airflow/example_dags/example_sensor_decorator.py
[2023-06-01T10:09:19.138+0300] {processor.py:826} INFO - Processing file /home/mutwiri/airflow/airflow_env/lib/python3.10/site-packages/airflow/example_dags/example_sensor_decorator.py for tasks to queue
[2023-06-01T10:09:19.139+0300] {logging_mixin.py:149} INFO - [2023-06-01T10:09:19.139+0300] {dagbag.py:541} INFO - Filling up the DagBag from /home/mutwiri/airflow/airflow_env/lib/python3.10/site-packages/airflow/example_dags/example_sensor_decorator.py
[2023-06-01T10:09:19.266+0300] {processor.py:836} INFO - DAG(s) dict_keys(['example_sensor_decorator']) retrieved from /home/mutwiri/airflow/airflow_env/lib/python3.10/site-packages/airflow/example_dags/example_sensor_decorator.py
[2023-06-01T10:09:19.286+0300] {logging_mixin.py:149} INFO - [2023-06-01T10:09:19.286+0300] {dag.py:2726} INFO - Sync 1 DAGs
[2023-06-01T10:09:19.305+0300] {logging_mixin.py:149} INFO - [2023-06-01T10:09:19.305+0300] {dag.py:3486} INFO - Setting next_dagrun for example_sensor_decorator to None, run_after=None
[2023-06-01T10:09:19.404+0300] {processor.py:179} INFO - Processing /home/mutwiri/airflow/airflow_env/lib/python3.10/site-packages/airflow/example_dags/example_sensor_decorator.py took 0.272 seconds
[2023-06-01T10:10:13.600+0300] {processor.py:157} INFO - Started process (PID=2088987) to work on /home/mutwiri/airflow/airflow_env/lib/python3.10/site-packages/airflow/example_dags/example_sensor_decorator.py
[2023-06-01T10:10:13.615+0300] {processor.py:826} INFO - Processing file /home/mutwiri/airflow/airflow_env/lib/python3.10/site-packages/airflow/example_dags/example_sensor_decorator.py for tasks to queue
[2023-06-01T10:10:13.618+0300] {logging_mixin.py:149} INFO - [2023-06-01T10:10:13.617+0300] {dagbag.py:541} INFO - Filling up the DagBag from /home/mutwiri/airflow/airflow_env/lib/python3.10/site-packages/airflow/example_dags/example_sensor_decorator.py
[2023-06-01T10:10:13.632+0300] {processor.py:836} INFO - DAG(s) dict_keys(['example_sensor_decorator']) retrieved from /home/mutwiri/airflow/airflow_env/lib/python3.10/site-packages/airflow/example_dags/example_sensor_decorator.py
[2023-06-01T10:10:13.655+0300] {logging_mixin.py:149} INFO - [2023-06-01T10:10:13.655+0300] {dag.py:2726} INFO - Sync 1 DAGs
[2023-06-01T10:10:13.680+0300] {logging_mixin.py:149} INFO - [2023-06-01T10:10:13.680+0300] {dag.py:3486} INFO - Setting next_dagrun for example_sensor_decorator to None, run_after=None
[2023-06-01T10:10:13.815+0300] {processor.py:179} INFO - Processing /home/mutwiri/airflow/airflow_env/lib/python3.10/site-packages/airflow/example_dags/example_sensor_decorator.py took 0.228 seconds
[2023-06-01T10:11:08.197+0300] {processor.py:157} INFO - Started process (PID=2089230) to work on /home/mutwiri/airflow/airflow_env/lib/python3.10/site-packages/airflow/example_dags/example_sensor_decorator.py
[2023-06-01T10:11:08.236+0300] {processor.py:826} INFO - Processing file /home/mutwiri/airflow/airflow_env/lib/python3.10/site-packages/airflow/example_dags/example_sensor_decorator.py for tasks to queue
[2023-06-01T10:11:08.239+0300] {logging_mixin.py:149} INFO - [2023-06-01T10:11:08.238+0300] {dagbag.py:541} INFO - Filling up the DagBag from /home/mutwiri/airflow/airflow_env/lib/python3.10/site-packages/airflow/example_dags/example_sensor_decorator.py
[2023-06-01T10:11:08.259+0300] {processor.py:836} INFO - DAG(s) dict_keys(['example_sensor_decorator']) retrieved from /home/mutwiri/airflow/airflow_env/lib/python3.10/site-packages/airflow/example_dags/example_sensor_decorator.py
[2023-06-01T10:11:08.284+0300] {logging_mixin.py:149} INFO - [2023-06-01T10:11:08.284+0300] {dag.py:2726} INFO - Sync 1 DAGs
[2023-06-01T10:11:08.303+0300] {logging_mixin.py:149} INFO - [2023-06-01T10:11:08.303+0300] {dag.py:3486} INFO - Setting next_dagrun for example_sensor_decorator to None, run_after=None
[2023-06-01T10:11:08.442+0300] {processor.py:179} INFO - Processing /home/mutwiri/airflow/airflow_env/lib/python3.10/site-packages/airflow/example_dags/example_sensor_decorator.py took 0.251 seconds
[2023-06-01T10:11:56.481+0300] {processor.py:157} INFO - Started process (PID=2089388) to work on /home/mutwiri/airflow/airflow_env/lib/python3.10/site-packages/airflow/example_dags/example_sensor_decorator.py
[2023-06-01T10:11:56.493+0300] {processor.py:826} INFO - Processing file /home/mutwiri/airflow/airflow_env/lib/python3.10/site-packages/airflow/example_dags/example_sensor_decorator.py for tasks to queue
[2023-06-01T10:11:56.493+0300] {logging_mixin.py:149} INFO - [2023-06-01T10:11:56.493+0300] {dagbag.py:541} INFO - Filling up the DagBag from /home/mutwiri/airflow/airflow_env/lib/python3.10/site-packages/airflow/example_dags/example_sensor_decorator.py
[2023-06-01T10:11:56.500+0300] {processor.py:836} INFO - DAG(s) dict_keys(['example_sensor_decorator']) retrieved from /home/mutwiri/airflow/airflow_env/lib/python3.10/site-packages/airflow/example_dags/example_sensor_decorator.py
[2023-06-01T10:11:56.527+0300] {logging_mixin.py:149} INFO - [2023-06-01T10:11:56.527+0300] {dag.py:2726} INFO - Sync 1 DAGs
[2023-06-01T10:11:56.549+0300] {logging_mixin.py:149} INFO - [2023-06-01T10:11:56.549+0300] {dag.py:3486} INFO - Setting next_dagrun for example_sensor_decorator to None, run_after=None
[2023-06-01T10:11:56.643+0300] {processor.py:179} INFO - Processing /home/mutwiri/airflow/airflow_env/lib/python3.10/site-packages/airflow/example_dags/example_sensor_decorator.py took 0.166 seconds
[2023-06-01T10:12:49.346+0300] {processor.py:157} INFO - Started process (PID=2089613) to work on /home/mutwiri/airflow/airflow_env/lib/python3.10/site-packages/airflow/example_dags/example_sensor_decorator.py
[2023-06-01T10:12:49.364+0300] {processor.py:826} INFO - Processing file /home/mutwiri/airflow/airflow_env/lib/python3.10/site-packages/airflow/example_dags/example_sensor_decorator.py for tasks to queue
[2023-06-01T10:12:49.366+0300] {logging_mixin.py:149} INFO - [2023-06-01T10:12:49.365+0300] {dagbag.py:541} INFO - Filling up the DagBag from /home/mutwiri/airflow/airflow_env/lib/python3.10/site-packages/airflow/example_dags/example_sensor_decorator.py
[2023-06-01T10:12:49.376+0300] {processor.py:836} INFO - DAG(s) dict_keys(['example_sensor_decorator']) retrieved from /home/mutwiri/airflow/airflow_env/lib/python3.10/site-packages/airflow/example_dags/example_sensor_decorator.py
[2023-06-01T10:12:49.402+0300] {logging_mixin.py:149} INFO - [2023-06-01T10:12:49.402+0300] {dag.py:2726} INFO - Sync 1 DAGs
[2023-06-01T10:12:49.422+0300] {logging_mixin.py:149} INFO - [2023-06-01T10:12:49.422+0300] {dag.py:3486} INFO - Setting next_dagrun for example_sensor_decorator to None, run_after=None
[2023-06-01T10:12:49.545+0300] {processor.py:179} INFO - Processing /home/mutwiri/airflow/airflow_env/lib/python3.10/site-packages/airflow/example_dags/example_sensor_decorator.py took 0.206 seconds
[2023-06-01T10:13:53.837+0300] {processor.py:157} INFO - Started process (PID=2089855) to work on /home/mutwiri/airflow/airflow_env/lib/python3.10/site-packages/airflow/example_dags/example_sensor_decorator.py
[2023-06-01T10:13:53.859+0300] {processor.py:826} INFO - Processing file /home/mutwiri/airflow/airflow_env/lib/python3.10/site-packages/airflow/example_dags/example_sensor_decorator.py for tasks to queue
[2023-06-01T10:13:53.859+0300] {logging_mixin.py:149} INFO - [2023-06-01T10:13:53.859+0300] {dagbag.py:541} INFO - Filling up the DagBag from /home/mutwiri/airflow/airflow_env/lib/python3.10/site-packages/airflow/example_dags/example_sensor_decorator.py
[2023-06-01T10:13:53.867+0300] {processor.py:836} INFO - DAG(s) dict_keys(['example_sensor_decorator']) retrieved from /home/mutwiri/airflow/airflow_env/lib/python3.10/site-packages/airflow/example_dags/example_sensor_decorator.py
[2023-06-01T10:13:53.893+0300] {logging_mixin.py:149} INFO - [2023-06-01T10:13:53.893+0300] {dag.py:2726} INFO - Sync 1 DAGs
[2023-06-01T10:13:53.921+0300] {logging_mixin.py:149} INFO - [2023-06-01T10:13:53.921+0300] {dag.py:3486} INFO - Setting next_dagrun for example_sensor_decorator to None, run_after=None
[2023-06-01T10:13:54.071+0300] {processor.py:179} INFO - Processing /home/mutwiri/airflow/airflow_env/lib/python3.10/site-packages/airflow/example_dags/example_sensor_decorator.py took 0.242 seconds
[2023-06-01T10:14:44.729+0300] {processor.py:157} INFO - Started process (PID=2089936) to work on /home/mutwiri/airflow/airflow_env/lib/python3.10/site-packages/airflow/example_dags/example_sensor_decorator.py
[2023-06-01T10:14:44.730+0300] {processor.py:826} INFO - Processing file /home/mutwiri/airflow/airflow_env/lib/python3.10/site-packages/airflow/example_dags/example_sensor_decorator.py for tasks to queue
[2023-06-01T10:14:44.731+0300] {logging_mixin.py:149} INFO - [2023-06-01T10:14:44.731+0300] {dagbag.py:541} INFO - Filling up the DagBag from /home/mutwiri/airflow/airflow_env/lib/python3.10/site-packages/airflow/example_dags/example_sensor_decorator.py
[2023-06-01T10:14:44.739+0300] {processor.py:836} INFO - DAG(s) dict_keys(['example_sensor_decorator']) retrieved from /home/mutwiri/airflow/airflow_env/lib/python3.10/site-packages/airflow/example_dags/example_sensor_decorator.py
[2023-06-01T10:14:44.761+0300] {logging_mixin.py:149} INFO - [2023-06-01T10:14:44.761+0300] {dag.py:2726} INFO - Sync 1 DAGs
[2023-06-01T10:14:44.779+0300] {logging_mixin.py:149} INFO - [2023-06-01T10:14:44.779+0300] {dag.py:3486} INFO - Setting next_dagrun for example_sensor_decorator to None, run_after=None
[2023-06-01T10:14:44.920+0300] {processor.py:179} INFO - Processing /home/mutwiri/airflow/airflow_env/lib/python3.10/site-packages/airflow/example_dags/example_sensor_decorator.py took 0.196 seconds
