[2023-06-01T10:06:16.051+0300] {processor.py:157} INFO - Started process (PID=2088261) to work on /home/mutwiri/airflow/airflow_env/lib/python3.10/site-packages/airflow/example_dags/tutorial_taskflow_api_virtualenv.py
[2023-06-01T10:06:16.053+0300] {processor.py:826} INFO - Processing file /home/mutwiri/airflow/airflow_env/lib/python3.10/site-packages/airflow/example_dags/tutorial_taskflow_api_virtualenv.py for tasks to queue
[2023-06-01T10:06:16.060+0300] {logging_mixin.py:149} INFO - [2023-06-01T10:06:16.060+0300] {dagbag.py:541} INFO - Filling up the DagBag from /home/mutwiri/airflow/airflow_env/lib/python3.10/site-packages/airflow/example_dags/tutorial_taskflow_api_virtualenv.py
[2023-06-01T10:06:16.064+0300] {logging_mixin.py:149} INFO - [2023-06-01T10:06:16.064+0300] {tutorial_taskflow_api_virtualenv.py:29} WARNING - The tutorial_taskflow_api_virtualenv example DAG requires virtualenv, please install it.
[2023-06-01T10:06:16.065+0300] {processor.py:838} WARNING - No viable dags retrieved from /home/mutwiri/airflow/airflow_env/lib/python3.10/site-packages/airflow/example_dags/tutorial_taskflow_api_virtualenv.py
[2023-06-01T10:06:16.088+0300] {processor.py:179} INFO - Processing /home/mutwiri/airflow/airflow_env/lib/python3.10/site-packages/airflow/example_dags/tutorial_taskflow_api_virtualenv.py took 0.042 seconds
[2023-06-01T10:07:21.803+0300] {processor.py:157} INFO - Started process (PID=2088561) to work on /home/mutwiri/airflow/airflow_env/lib/python3.10/site-packages/airflow/example_dags/tutorial_taskflow_api_virtualenv.py
[2023-06-01T10:07:21.821+0300] {processor.py:826} INFO - Processing file /home/mutwiri/airflow/airflow_env/lib/python3.10/site-packages/airflow/example_dags/tutorial_taskflow_api_virtualenv.py for tasks to queue
[2023-06-01T10:07:21.822+0300] {logging_mixin.py:149} INFO - [2023-06-01T10:07:21.822+0300] {dagbag.py:541} INFO - Filling up the DagBag from /home/mutwiri/airflow/airflow_env/lib/python3.10/site-packages/airflow/example_dags/tutorial_taskflow_api_virtualenv.py
[2023-06-01T10:07:21.826+0300] {logging_mixin.py:149} INFO - [2023-06-01T10:07:21.826+0300] {tutorial_taskflow_api_virtualenv.py:29} WARNING - The tutorial_taskflow_api_virtualenv example DAG requires virtualenv, please install it.
[2023-06-01T10:07:21.827+0300] {processor.py:838} WARNING - No viable dags retrieved from /home/mutwiri/airflow/airflow_env/lib/python3.10/site-packages/airflow/example_dags/tutorial_taskflow_api_virtualenv.py
[2023-06-01T10:07:21.847+0300] {processor.py:179} INFO - Processing /home/mutwiri/airflow/airflow_env/lib/python3.10/site-packages/airflow/example_dags/tutorial_taskflow_api_virtualenv.py took 0.052 seconds
[2023-06-01T10:08:17.844+0300] {processor.py:157} INFO - Started process (PID=2088634) to work on /home/mutwiri/airflow/airflow_env/lib/python3.10/site-packages/airflow/example_dags/tutorial_taskflow_api_virtualenv.py
[2023-06-01T10:08:17.881+0300] {processor.py:826} INFO - Processing file /home/mutwiri/airflow/airflow_env/lib/python3.10/site-packages/airflow/example_dags/tutorial_taskflow_api_virtualenv.py for tasks to queue
[2023-06-01T10:08:17.883+0300] {logging_mixin.py:149} INFO - [2023-06-01T10:08:17.883+0300] {dagbag.py:541} INFO - Filling up the DagBag from /home/mutwiri/airflow/airflow_env/lib/python3.10/site-packages/airflow/example_dags/tutorial_taskflow_api_virtualenv.py
[2023-06-01T10:08:17.891+0300] {logging_mixin.py:149} INFO - [2023-06-01T10:08:17.890+0300] {tutorial_taskflow_api_virtualenv.py:29} WARNING - The tutorial_taskflow_api_virtualenv example DAG requires virtualenv, please install it.
[2023-06-01T10:08:17.891+0300] {processor.py:838} WARNING - No viable dags retrieved from /home/mutwiri/airflow/airflow_env/lib/python3.10/site-packages/airflow/example_dags/tutorial_taskflow_api_virtualenv.py
[2023-06-01T10:08:17.917+0300] {processor.py:179} INFO - Processing /home/mutwiri/airflow/airflow_env/lib/python3.10/site-packages/airflow/example_dags/tutorial_taskflow_api_virtualenv.py took 0.076 seconds
[2023-06-01T10:09:15.312+0300] {processor.py:157} INFO - Started process (PID=2088727) to work on /home/mutwiri/airflow/airflow_env/lib/python3.10/site-packages/airflow/example_dags/tutorial_taskflow_api_virtualenv.py
[2023-06-01T10:09:15.323+0300] {processor.py:826} INFO - Processing file /home/mutwiri/airflow/airflow_env/lib/python3.10/site-packages/airflow/example_dags/tutorial_taskflow_api_virtualenv.py for tasks to queue
[2023-06-01T10:09:15.324+0300] {logging_mixin.py:149} INFO - [2023-06-01T10:09:15.324+0300] {dagbag.py:541} INFO - Filling up the DagBag from /home/mutwiri/airflow/airflow_env/lib/python3.10/site-packages/airflow/example_dags/tutorial_taskflow_api_virtualenv.py
[2023-06-01T10:09:15.326+0300] {logging_mixin.py:149} INFO - [2023-06-01T10:09:15.326+0300] {tutorial_taskflow_api_virtualenv.py:29} WARNING - The tutorial_taskflow_api_virtualenv example DAG requires virtualenv, please install it.
[2023-06-01T10:09:15.327+0300] {processor.py:838} WARNING - No viable dags retrieved from /home/mutwiri/airflow/airflow_env/lib/python3.10/site-packages/airflow/example_dags/tutorial_taskflow_api_virtualenv.py
[2023-06-01T10:09:15.339+0300] {processor.py:179} INFO - Processing /home/mutwiri/airflow/airflow_env/lib/python3.10/site-packages/airflow/example_dags/tutorial_taskflow_api_virtualenv.py took 0.032 seconds
[2023-06-01T10:10:08.755+0300] {processor.py:157} INFO - Started process (PID=2088959) to work on /home/mutwiri/airflow/airflow_env/lib/python3.10/site-packages/airflow/example_dags/tutorial_taskflow_api_virtualenv.py
[2023-06-01T10:10:08.757+0300] {processor.py:826} INFO - Processing file /home/mutwiri/airflow/airflow_env/lib/python3.10/site-packages/airflow/example_dags/tutorial_taskflow_api_virtualenv.py for tasks to queue
[2023-06-01T10:10:08.758+0300] {logging_mixin.py:149} INFO - [2023-06-01T10:10:08.758+0300] {dagbag.py:541} INFO - Filling up the DagBag from /home/mutwiri/airflow/airflow_env/lib/python3.10/site-packages/airflow/example_dags/tutorial_taskflow_api_virtualenv.py
[2023-06-01T10:10:08.763+0300] {logging_mixin.py:149} INFO - [2023-06-01T10:10:08.763+0300] {tutorial_taskflow_api_virtualenv.py:29} WARNING - The tutorial_taskflow_api_virtualenv example DAG requires virtualenv, please install it.
[2023-06-01T10:10:08.764+0300] {processor.py:838} WARNING - No viable dags retrieved from /home/mutwiri/airflow/airflow_env/lib/python3.10/site-packages/airflow/example_dags/tutorial_taskflow_api_virtualenv.py
[2023-06-01T10:10:08.782+0300] {processor.py:179} INFO - Processing /home/mutwiri/airflow/airflow_env/lib/python3.10/site-packages/airflow/example_dags/tutorial_taskflow_api_virtualenv.py took 0.034 seconds
[2023-06-01T10:10:58.223+0300] {processor.py:157} INFO - Started process (PID=2089188) to work on /home/mutwiri/airflow/airflow_env/lib/python3.10/site-packages/airflow/example_dags/tutorial_taskflow_api_virtualenv.py
[2023-06-01T10:10:58.239+0300] {processor.py:826} INFO - Processing file /home/mutwiri/airflow/airflow_env/lib/python3.10/site-packages/airflow/example_dags/tutorial_taskflow_api_virtualenv.py for tasks to queue
[2023-06-01T10:10:58.240+0300] {logging_mixin.py:149} INFO - [2023-06-01T10:10:58.239+0300] {dagbag.py:541} INFO - Filling up the DagBag from /home/mutwiri/airflow/airflow_env/lib/python3.10/site-packages/airflow/example_dags/tutorial_taskflow_api_virtualenv.py
[2023-06-01T10:10:58.242+0300] {logging_mixin.py:149} INFO - [2023-06-01T10:10:58.242+0300] {tutorial_taskflow_api_virtualenv.py:29} WARNING - The tutorial_taskflow_api_virtualenv example DAG requires virtualenv, please install it.
[2023-06-01T10:10:58.243+0300] {processor.py:838} WARNING - No viable dags retrieved from /home/mutwiri/airflow/airflow_env/lib/python3.10/site-packages/airflow/example_dags/tutorial_taskflow_api_virtualenv.py
[2023-06-01T10:10:58.258+0300] {processor.py:179} INFO - Processing /home/mutwiri/airflow/airflow_env/lib/python3.10/site-packages/airflow/example_dags/tutorial_taskflow_api_virtualenv.py took 0.045 seconds
[2023-06-01T10:11:46.870+0300] {processor.py:157} INFO - Started process (PID=2089369) to work on /home/mutwiri/airflow/airflow_env/lib/python3.10/site-packages/airflow/example_dags/tutorial_taskflow_api_virtualenv.py
[2023-06-01T10:11:46.881+0300] {processor.py:826} INFO - Processing file /home/mutwiri/airflow/airflow_env/lib/python3.10/site-packages/airflow/example_dags/tutorial_taskflow_api_virtualenv.py for tasks to queue
[2023-06-01T10:11:46.882+0300] {logging_mixin.py:149} INFO - [2023-06-01T10:11:46.881+0300] {dagbag.py:541} INFO - Filling up the DagBag from /home/mutwiri/airflow/airflow_env/lib/python3.10/site-packages/airflow/example_dags/tutorial_taskflow_api_virtualenv.py
[2023-06-01T10:11:46.884+0300] {logging_mixin.py:149} INFO - [2023-06-01T10:11:46.884+0300] {tutorial_taskflow_api_virtualenv.py:29} WARNING - The tutorial_taskflow_api_virtualenv example DAG requires virtualenv, please install it.
[2023-06-01T10:11:46.884+0300] {processor.py:838} WARNING - No viable dags retrieved from /home/mutwiri/airflow/airflow_env/lib/python3.10/site-packages/airflow/example_dags/tutorial_taskflow_api_virtualenv.py
[2023-06-01T10:11:46.899+0300] {processor.py:179} INFO - Processing /home/mutwiri/airflow/airflow_env/lib/python3.10/site-packages/airflow/example_dags/tutorial_taskflow_api_virtualenv.py took 0.033 seconds
[2023-06-01T10:12:39.684+0300] {processor.py:157} INFO - Started process (PID=2089603) to work on /home/mutwiri/airflow/airflow_env/lib/python3.10/site-packages/airflow/example_dags/tutorial_taskflow_api_virtualenv.py
[2023-06-01T10:12:39.685+0300] {processor.py:826} INFO - Processing file /home/mutwiri/airflow/airflow_env/lib/python3.10/site-packages/airflow/example_dags/tutorial_taskflow_api_virtualenv.py for tasks to queue
[2023-06-01T10:12:39.686+0300] {logging_mixin.py:149} INFO - [2023-06-01T10:12:39.686+0300] {dagbag.py:541} INFO - Filling up the DagBag from /home/mutwiri/airflow/airflow_env/lib/python3.10/site-packages/airflow/example_dags/tutorial_taskflow_api_virtualenv.py
[2023-06-01T10:12:39.688+0300] {logging_mixin.py:149} INFO - [2023-06-01T10:12:39.688+0300] {tutorial_taskflow_api_virtualenv.py:29} WARNING - The tutorial_taskflow_api_virtualenv example DAG requires virtualenv, please install it.
[2023-06-01T10:12:39.688+0300] {processor.py:838} WARNING - No viable dags retrieved from /home/mutwiri/airflow/airflow_env/lib/python3.10/site-packages/airflow/example_dags/tutorial_taskflow_api_virtualenv.py
[2023-06-01T10:12:39.699+0300] {processor.py:179} INFO - Processing /home/mutwiri/airflow/airflow_env/lib/python3.10/site-packages/airflow/example_dags/tutorial_taskflow_api_virtualenv.py took 0.018 seconds
[2023-06-01T10:13:38.655+0300] {processor.py:157} INFO - Started process (PID=2089841) to work on /home/mutwiri/airflow/airflow_env/lib/python3.10/site-packages/airflow/example_dags/tutorial_taskflow_api_virtualenv.py
[2023-06-01T10:13:38.657+0300] {processor.py:826} INFO - Processing file /home/mutwiri/airflow/airflow_env/lib/python3.10/site-packages/airflow/example_dags/tutorial_taskflow_api_virtualenv.py for tasks to queue
[2023-06-01T10:13:38.658+0300] {logging_mixin.py:149} INFO - [2023-06-01T10:13:38.658+0300] {dagbag.py:541} INFO - Filling up the DagBag from /home/mutwiri/airflow/airflow_env/lib/python3.10/site-packages/airflow/example_dags/tutorial_taskflow_api_virtualenv.py
[2023-06-01T10:13:38.662+0300] {logging_mixin.py:149} INFO - [2023-06-01T10:13:38.661+0300] {tutorial_taskflow_api_virtualenv.py:29} WARNING - The tutorial_taskflow_api_virtualenv example DAG requires virtualenv, please install it.
[2023-06-01T10:13:38.662+0300] {processor.py:838} WARNING - No viable dags retrieved from /home/mutwiri/airflow/airflow_env/lib/python3.10/site-packages/airflow/example_dags/tutorial_taskflow_api_virtualenv.py
[2023-06-01T10:13:38.682+0300] {processor.py:179} INFO - Processing /home/mutwiri/airflow/airflow_env/lib/python3.10/site-packages/airflow/example_dags/tutorial_taskflow_api_virtualenv.py took 0.032 seconds
[2023-06-01T10:14:31.733+0300] {processor.py:157} INFO - Started process (PID=2089895) to work on /home/mutwiri/airflow/airflow_env/lib/python3.10/site-packages/airflow/example_dags/tutorial_taskflow_api_virtualenv.py
[2023-06-01T10:14:31.742+0300] {processor.py:826} INFO - Processing file /home/mutwiri/airflow/airflow_env/lib/python3.10/site-packages/airflow/example_dags/tutorial_taskflow_api_virtualenv.py for tasks to queue
[2023-06-01T10:14:31.743+0300] {logging_mixin.py:149} INFO - [2023-06-01T10:14:31.742+0300] {dagbag.py:541} INFO - Filling up the DagBag from /home/mutwiri/airflow/airflow_env/lib/python3.10/site-packages/airflow/example_dags/tutorial_taskflow_api_virtualenv.py
[2023-06-01T10:14:31.745+0300] {logging_mixin.py:149} INFO - [2023-06-01T10:14:31.745+0300] {tutorial_taskflow_api_virtualenv.py:29} WARNING - The tutorial_taskflow_api_virtualenv example DAG requires virtualenv, please install it.
[2023-06-01T10:14:31.746+0300] {processor.py:838} WARNING - No viable dags retrieved from /home/mutwiri/airflow/airflow_env/lib/python3.10/site-packages/airflow/example_dags/tutorial_taskflow_api_virtualenv.py
[2023-06-01T10:14:31.760+0300] {processor.py:179} INFO - Processing /home/mutwiri/airflow/airflow_env/lib/python3.10/site-packages/airflow/example_dags/tutorial_taskflow_api_virtualenv.py took 0.031 seconds
[2023-06-01T10:15:18.118+0300] {processor.py:157} INFO - Started process (PID=2090014) to work on /home/mutwiri/airflow/airflow_env/lib/python3.10/site-packages/airflow/example_dags/tutorial_taskflow_api_virtualenv.py
[2023-06-01T10:15:18.131+0300] {processor.py:826} INFO - Processing file /home/mutwiri/airflow/airflow_env/lib/python3.10/site-packages/airflow/example_dags/tutorial_taskflow_api_virtualenv.py for tasks to queue
[2023-06-01T10:15:18.134+0300] {logging_mixin.py:149} INFO - [2023-06-01T10:15:18.133+0300] {dagbag.py:541} INFO - Filling up the DagBag from /home/mutwiri/airflow/airflow_env/lib/python3.10/site-packages/airflow/example_dags/tutorial_taskflow_api_virtualenv.py
[2023-06-01T10:15:18.141+0300] {logging_mixin.py:149} INFO - [2023-06-01T10:15:18.141+0300] {tutorial_taskflow_api_virtualenv.py:29} WARNING - The tutorial_taskflow_api_virtualenv example DAG requires virtualenv, please install it.
[2023-06-01T10:15:18.142+0300] {processor.py:838} WARNING - No viable dags retrieved from /home/mutwiri/airflow/airflow_env/lib/python3.10/site-packages/airflow/example_dags/tutorial_taskflow_api_virtualenv.py
[2023-06-01T10:15:18.165+0300] {processor.py:179} INFO - Processing /home/mutwiri/airflow/airflow_env/lib/python3.10/site-packages/airflow/example_dags/tutorial_taskflow_api_virtualenv.py took 0.051 seconds
