[2023-06-01T10:05:51.281+0300] {processor.py:157} INFO - Started process (PID=2088123) to work on /home/mutwiri/airflow/airflow_env/lib/python3.10/site-packages/airflow/example_dags/tutorial_dag.py
[2023-06-01T10:05:51.282+0300] {processor.py:826} INFO - Processing file /home/mutwiri/airflow/airflow_env/lib/python3.10/site-packages/airflow/example_dags/tutorial_dag.py for tasks to queue
[2023-06-01T10:05:51.283+0300] {logging_mixin.py:149} INFO - [2023-06-01T10:05:51.283+0300] {dagbag.py:541} INFO - Filling up the DagBag from /home/mutwiri/airflow/airflow_env/lib/python3.10/site-packages/airflow/example_dags/tutorial_dag.py
[2023-06-01T10:05:51.293+0300] {processor.py:836} INFO - DAG(s) dict_keys(['tutorial_dag']) retrieved from /home/mutwiri/airflow/airflow_env/lib/python3.10/site-packages/airflow/example_dags/tutorial_dag.py
[2023-06-01T10:05:51.941+0300] {logging_mixin.py:149} INFO - [2023-06-01T10:05:51.941+0300] {dag.py:2726} INFO - Sync 1 DAGs
[2023-06-01T10:05:53.166+0300] {logging_mixin.py:149} INFO - [2023-06-01T10:05:53.165+0300] {dag.py:3486} INFO - Setting next_dagrun for tutorial_dag to None, run_after=None
[2023-06-01T10:05:53.920+0300] {processor.py:179} INFO - Processing /home/mutwiri/airflow/airflow_env/lib/python3.10/site-packages/airflow/example_dags/tutorial_dag.py took 2.644 seconds
[2023-06-01T10:07:16.399+0300] {processor.py:157} INFO - Started process (PID=2088555) to work on /home/mutwiri/airflow/airflow_env/lib/python3.10/site-packages/airflow/example_dags/tutorial_dag.py
[2023-06-01T10:07:16.401+0300] {processor.py:826} INFO - Processing file /home/mutwiri/airflow/airflow_env/lib/python3.10/site-packages/airflow/example_dags/tutorial_dag.py for tasks to queue
[2023-06-01T10:07:16.403+0300] {logging_mixin.py:149} INFO - [2023-06-01T10:07:16.402+0300] {dagbag.py:541} INFO - Filling up the DagBag from /home/mutwiri/airflow/airflow_env/lib/python3.10/site-packages/airflow/example_dags/tutorial_dag.py
[2023-06-01T10:07:16.410+0300] {processor.py:836} INFO - DAG(s) dict_keys(['tutorial_dag']) retrieved from /home/mutwiri/airflow/airflow_env/lib/python3.10/site-packages/airflow/example_dags/tutorial_dag.py
[2023-06-01T10:07:16.440+0300] {logging_mixin.py:149} INFO - [2023-06-01T10:07:16.440+0300] {dag.py:2726} INFO - Sync 1 DAGs
[2023-06-01T10:07:16.464+0300] {logging_mixin.py:149} INFO - [2023-06-01T10:07:16.464+0300] {dag.py:3486} INFO - Setting next_dagrun for tutorial_dag to None, run_after=None
[2023-06-01T10:07:16.574+0300] {processor.py:179} INFO - Processing /home/mutwiri/airflow/airflow_env/lib/python3.10/site-packages/airflow/example_dags/tutorial_dag.py took 0.178 seconds
[2023-06-01T10:08:12.162+0300] {processor.py:157} INFO - Started process (PID=2088630) to work on /home/mutwiri/airflow/airflow_env/lib/python3.10/site-packages/airflow/example_dags/tutorial_dag.py
[2023-06-01T10:08:12.164+0300] {processor.py:826} INFO - Processing file /home/mutwiri/airflow/airflow_env/lib/python3.10/site-packages/airflow/example_dags/tutorial_dag.py for tasks to queue
[2023-06-01T10:08:12.165+0300] {logging_mixin.py:149} INFO - [2023-06-01T10:08:12.164+0300] {dagbag.py:541} INFO - Filling up the DagBag from /home/mutwiri/airflow/airflow_env/lib/python3.10/site-packages/airflow/example_dags/tutorial_dag.py
[2023-06-01T10:08:12.172+0300] {processor.py:836} INFO - DAG(s) dict_keys(['tutorial_dag']) retrieved from /home/mutwiri/airflow/airflow_env/lib/python3.10/site-packages/airflow/example_dags/tutorial_dag.py
[2023-06-01T10:08:12.194+0300] {logging_mixin.py:149} INFO - [2023-06-01T10:08:12.194+0300] {dag.py:2726} INFO - Sync 1 DAGs
[2023-06-01T10:08:12.330+0300] {logging_mixin.py:149} INFO - [2023-06-01T10:08:12.329+0300] {dag.py:3486} INFO - Setting next_dagrun for tutorial_dag to None, run_after=None
[2023-06-01T10:08:12.454+0300] {processor.py:179} INFO - Processing /home/mutwiri/airflow/airflow_env/lib/python3.10/site-packages/airflow/example_dags/tutorial_dag.py took 0.297 seconds
[2023-06-01T10:09:09.449+0300] {processor.py:157} INFO - Started process (PID=2088711) to work on /home/mutwiri/airflow/airflow_env/lib/python3.10/site-packages/airflow/example_dags/tutorial_dag.py
[2023-06-01T10:09:09.461+0300] {processor.py:826} INFO - Processing file /home/mutwiri/airflow/airflow_env/lib/python3.10/site-packages/airflow/example_dags/tutorial_dag.py for tasks to queue
[2023-06-01T10:09:09.462+0300] {logging_mixin.py:149} INFO - [2023-06-01T10:09:09.462+0300] {dagbag.py:541} INFO - Filling up the DagBag from /home/mutwiri/airflow/airflow_env/lib/python3.10/site-packages/airflow/example_dags/tutorial_dag.py
[2023-06-01T10:09:09.470+0300] {processor.py:836} INFO - DAG(s) dict_keys(['tutorial_dag']) retrieved from /home/mutwiri/airflow/airflow_env/lib/python3.10/site-packages/airflow/example_dags/tutorial_dag.py
[2023-06-01T10:09:09.619+0300] {logging_mixin.py:149} INFO - [2023-06-01T10:09:09.619+0300] {dag.py:2726} INFO - Sync 1 DAGs
[2023-06-01T10:09:09.641+0300] {logging_mixin.py:149} INFO - [2023-06-01T10:09:09.641+0300] {dag.py:3486} INFO - Setting next_dagrun for tutorial_dag to None, run_after=None
[2023-06-01T10:09:09.788+0300] {processor.py:179} INFO - Processing /home/mutwiri/airflow/airflow_env/lib/python3.10/site-packages/airflow/example_dags/tutorial_dag.py took 0.344 seconds
[2023-06-01T10:10:04.090+0300] {processor.py:157} INFO - Started process (PID=2088916) to work on /home/mutwiri/airflow/airflow_env/lib/python3.10/site-packages/airflow/example_dags/tutorial_dag.py
[2023-06-01T10:10:04.100+0300] {processor.py:826} INFO - Processing file /home/mutwiri/airflow/airflow_env/lib/python3.10/site-packages/airflow/example_dags/tutorial_dag.py for tasks to queue
[2023-06-01T10:10:04.101+0300] {logging_mixin.py:149} INFO - [2023-06-01T10:10:04.101+0300] {dagbag.py:541} INFO - Filling up the DagBag from /home/mutwiri/airflow/airflow_env/lib/python3.10/site-packages/airflow/example_dags/tutorial_dag.py
[2023-06-01T10:10:04.109+0300] {processor.py:836} INFO - DAG(s) dict_keys(['tutorial_dag']) retrieved from /home/mutwiri/airflow/airflow_env/lib/python3.10/site-packages/airflow/example_dags/tutorial_dag.py
[2023-06-01T10:10:04.131+0300] {logging_mixin.py:149} INFO - [2023-06-01T10:10:04.131+0300] {dag.py:2726} INFO - Sync 1 DAGs
[2023-06-01T10:10:04.154+0300] {logging_mixin.py:149} INFO - [2023-06-01T10:10:04.154+0300] {dag.py:3486} INFO - Setting next_dagrun for tutorial_dag to None, run_after=None
[2023-06-01T10:10:04.264+0300] {processor.py:179} INFO - Processing /home/mutwiri/airflow/airflow_env/lib/python3.10/site-packages/airflow/example_dags/tutorial_dag.py took 0.179 seconds
[2023-06-01T10:10:53.041+0300] {processor.py:157} INFO - Started process (PID=2089183) to work on /home/mutwiri/airflow/airflow_env/lib/python3.10/site-packages/airflow/example_dags/tutorial_dag.py
[2023-06-01T10:10:53.043+0300] {processor.py:826} INFO - Processing file /home/mutwiri/airflow/airflow_env/lib/python3.10/site-packages/airflow/example_dags/tutorial_dag.py for tasks to queue
[2023-06-01T10:10:53.044+0300] {logging_mixin.py:149} INFO - [2023-06-01T10:10:53.043+0300] {dagbag.py:541} INFO - Filling up the DagBag from /home/mutwiri/airflow/airflow_env/lib/python3.10/site-packages/airflow/example_dags/tutorial_dag.py
[2023-06-01T10:10:53.050+0300] {processor.py:836} INFO - DAG(s) dict_keys(['tutorial_dag']) retrieved from /home/mutwiri/airflow/airflow_env/lib/python3.10/site-packages/airflow/example_dags/tutorial_dag.py
[2023-06-01T10:10:53.073+0300] {logging_mixin.py:149} INFO - [2023-06-01T10:10:53.073+0300] {dag.py:2726} INFO - Sync 1 DAGs
[2023-06-01T10:10:53.092+0300] {logging_mixin.py:149} INFO - [2023-06-01T10:10:53.092+0300] {dag.py:3486} INFO - Setting next_dagrun for tutorial_dag to None, run_after=None
[2023-06-01T10:10:53.199+0300] {processor.py:179} INFO - Processing /home/mutwiri/airflow/airflow_env/lib/python3.10/site-packages/airflow/example_dags/tutorial_dag.py took 0.162 seconds
[2023-06-01T10:11:42.119+0300] {processor.py:157} INFO - Started process (PID=2089348) to work on /home/mutwiri/airflow/airflow_env/lib/python3.10/site-packages/airflow/example_dags/tutorial_dag.py
[2023-06-01T10:11:42.138+0300] {processor.py:826} INFO - Processing file /home/mutwiri/airflow/airflow_env/lib/python3.10/site-packages/airflow/example_dags/tutorial_dag.py for tasks to queue
[2023-06-01T10:11:42.139+0300] {logging_mixin.py:149} INFO - [2023-06-01T10:11:42.139+0300] {dagbag.py:541} INFO - Filling up the DagBag from /home/mutwiri/airflow/airflow_env/lib/python3.10/site-packages/airflow/example_dags/tutorial_dag.py
[2023-06-01T10:11:42.144+0300] {processor.py:836} INFO - DAG(s) dict_keys(['tutorial_dag']) retrieved from /home/mutwiri/airflow/airflow_env/lib/python3.10/site-packages/airflow/example_dags/tutorial_dag.py
[2023-06-01T10:11:42.165+0300] {logging_mixin.py:149} INFO - [2023-06-01T10:11:42.165+0300] {dag.py:2726} INFO - Sync 1 DAGs
[2023-06-01T10:11:42.190+0300] {logging_mixin.py:149} INFO - [2023-06-01T10:11:42.190+0300] {dag.py:3486} INFO - Setting next_dagrun for tutorial_dag to None, run_after=None
[2023-06-01T10:11:42.321+0300] {processor.py:179} INFO - Processing /home/mutwiri/airflow/airflow_env/lib/python3.10/site-packages/airflow/example_dags/tutorial_dag.py took 0.206 seconds
[2023-06-01T10:12:34.767+0300] {processor.py:157} INFO - Started process (PID=2089569) to work on /home/mutwiri/airflow/airflow_env/lib/python3.10/site-packages/airflow/example_dags/tutorial_dag.py
[2023-06-01T10:12:34.786+0300] {processor.py:826} INFO - Processing file /home/mutwiri/airflow/airflow_env/lib/python3.10/site-packages/airflow/example_dags/tutorial_dag.py for tasks to queue
[2023-06-01T10:12:34.788+0300] {logging_mixin.py:149} INFO - [2023-06-01T10:12:34.787+0300] {dagbag.py:541} INFO - Filling up the DagBag from /home/mutwiri/airflow/airflow_env/lib/python3.10/site-packages/airflow/example_dags/tutorial_dag.py
[2023-06-01T10:12:34.801+0300] {processor.py:836} INFO - DAG(s) dict_keys(['tutorial_dag']) retrieved from /home/mutwiri/airflow/airflow_env/lib/python3.10/site-packages/airflow/example_dags/tutorial_dag.py
[2023-06-01T10:12:34.835+0300] {logging_mixin.py:149} INFO - [2023-06-01T10:12:34.835+0300] {dag.py:2726} INFO - Sync 1 DAGs
[2023-06-01T10:12:34.855+0300] {logging_mixin.py:149} INFO - [2023-06-01T10:12:34.855+0300] {dag.py:3486} INFO - Setting next_dagrun for tutorial_dag to None, run_after=None
[2023-06-01T10:12:34.972+0300] {processor.py:179} INFO - Processing /home/mutwiri/airflow/airflow_env/lib/python3.10/site-packages/airflow/example_dags/tutorial_dag.py took 0.212 seconds
[2023-06-01T10:13:34.149+0300] {processor.py:157} INFO - Started process (PID=2089835) to work on /home/mutwiri/airflow/airflow_env/lib/python3.10/site-packages/airflow/example_dags/tutorial_dag.py
[2023-06-01T10:13:34.165+0300] {processor.py:826} INFO - Processing file /home/mutwiri/airflow/airflow_env/lib/python3.10/site-packages/airflow/example_dags/tutorial_dag.py for tasks to queue
[2023-06-01T10:13:34.166+0300] {logging_mixin.py:149} INFO - [2023-06-01T10:13:34.166+0300] {dagbag.py:541} INFO - Filling up the DagBag from /home/mutwiri/airflow/airflow_env/lib/python3.10/site-packages/airflow/example_dags/tutorial_dag.py
[2023-06-01T10:13:34.171+0300] {processor.py:836} INFO - DAG(s) dict_keys(['tutorial_dag']) retrieved from /home/mutwiri/airflow/airflow_env/lib/python3.10/site-packages/airflow/example_dags/tutorial_dag.py
[2023-06-01T10:13:34.193+0300] {logging_mixin.py:149} INFO - [2023-06-01T10:13:34.193+0300] {dag.py:2726} INFO - Sync 1 DAGs
[2023-06-01T10:13:34.212+0300] {logging_mixin.py:149} INFO - [2023-06-01T10:13:34.212+0300] {dag.py:3486} INFO - Setting next_dagrun for tutorial_dag to None, run_after=None
[2023-06-01T10:13:34.335+0300] {processor.py:179} INFO - Processing /home/mutwiri/airflow/airflow_env/lib/python3.10/site-packages/airflow/example_dags/tutorial_dag.py took 0.190 seconds
[2023-06-01T10:14:26.323+0300] {processor.py:157} INFO - Started process (PID=2089891) to work on /home/mutwiri/airflow/airflow_env/lib/python3.10/site-packages/airflow/example_dags/tutorial_dag.py
[2023-06-01T10:14:26.339+0300] {processor.py:826} INFO - Processing file /home/mutwiri/airflow/airflow_env/lib/python3.10/site-packages/airflow/example_dags/tutorial_dag.py for tasks to queue
[2023-06-01T10:14:26.340+0300] {logging_mixin.py:149} INFO - [2023-06-01T10:14:26.340+0300] {dagbag.py:541} INFO - Filling up the DagBag from /home/mutwiri/airflow/airflow_env/lib/python3.10/site-packages/airflow/example_dags/tutorial_dag.py
[2023-06-01T10:14:26.347+0300] {processor.py:836} INFO - DAG(s) dict_keys(['tutorial_dag']) retrieved from /home/mutwiri/airflow/airflow_env/lib/python3.10/site-packages/airflow/example_dags/tutorial_dag.py
[2023-06-01T10:14:26.375+0300] {logging_mixin.py:149} INFO - [2023-06-01T10:14:26.375+0300] {dag.py:2726} INFO - Sync 1 DAGs
[2023-06-01T10:14:26.396+0300] {logging_mixin.py:149} INFO - [2023-06-01T10:14:26.396+0300] {dag.py:3486} INFO - Setting next_dagrun for tutorial_dag to None, run_after=None
[2023-06-01T10:14:26.529+0300] {processor.py:179} INFO - Processing /home/mutwiri/airflow/airflow_env/lib/python3.10/site-packages/airflow/example_dags/tutorial_dag.py took 0.210 seconds
[2023-06-01T10:15:14.459+0300] {processor.py:157} INFO - Started process (PID=2090000) to work on /home/mutwiri/airflow/airflow_env/lib/python3.10/site-packages/airflow/example_dags/tutorial_dag.py
[2023-06-01T10:15:14.462+0300] {processor.py:826} INFO - Processing file /home/mutwiri/airflow/airflow_env/lib/python3.10/site-packages/airflow/example_dags/tutorial_dag.py for tasks to queue
[2023-06-01T10:15:14.464+0300] {logging_mixin.py:149} INFO - [2023-06-01T10:15:14.464+0300] {dagbag.py:541} INFO - Filling up the DagBag from /home/mutwiri/airflow/airflow_env/lib/python3.10/site-packages/airflow/example_dags/tutorial_dag.py
[2023-06-01T10:15:14.479+0300] {processor.py:836} INFO - DAG(s) dict_keys(['tutorial_dag']) retrieved from /home/mutwiri/airflow/airflow_env/lib/python3.10/site-packages/airflow/example_dags/tutorial_dag.py
[2023-06-01T10:15:14.519+0300] {logging_mixin.py:149} INFO - [2023-06-01T10:15:14.518+0300] {dag.py:2726} INFO - Sync 1 DAGs
[2023-06-01T10:15:14.553+0300] {logging_mixin.py:149} INFO - [2023-06-01T10:15:14.553+0300] {dag.py:3486} INFO - Setting next_dagrun for tutorial_dag to None, run_after=None
[2023-06-01T10:15:14.696+0300] {processor.py:179} INFO - Processing /home/mutwiri/airflow/airflow_env/lib/python3.10/site-packages/airflow/example_dags/tutorial_dag.py took 0.244 seconds
