[2023-06-07T17:58:36.507+0300] {taskinstance.py:1103} INFO - Dependencies all met for dep_context=non-requeueable deps ti=<TaskInstance: templating.get_data scheduled__2023-06-06T11:00:00+00:00 [queued]>
[2023-06-07T17:58:36.532+0300] {taskinstance.py:1103} INFO - Dependencies all met for dep_context=requeueable deps ti=<TaskInstance: templating.get_data scheduled__2023-06-06T11:00:00+00:00 [queued]>
[2023-06-07T17:58:36.533+0300] {taskinstance.py:1308} INFO - Starting attempt 1 of 1
[2023-06-07T17:58:36.578+0300] {taskinstance.py:1327} INFO - Executing <Task(BashOperator): get_data> on 2023-06-06 11:00:00+00:00
[2023-06-07T17:58:36.587+0300] {standard_task_runner.py:57} INFO - Started process 29392 to run task
[2023-06-07T17:58:36.603+0300] {standard_task_runner.py:84} INFO - Running: ['***', 'tasks', 'run', 'templating', 'get_data', 'scheduled__2023-06-06T11:00:00+00:00', '--job-id', '117', '--raw', '--subdir', 'DAGS_FOLDER/templating.py', '--cfg-path', '/tmp/tmp_td9n1q9']
[2023-06-07T17:58:36.608+0300] {standard_task_runner.py:85} INFO - Job 117: Subtask get_data
[2023-06-07T17:58:36.826+0300] {task_command.py:410} INFO - Running <TaskInstance: templating.get_data scheduled__2023-06-06T11:00:00+00:00 [running]> on host mutwiri
[2023-06-07T17:58:36.997+0300] {logging_mixin.py:149} WARNING - /home/mutwiri/***/***_env/lib/python3.10/site-packages/***/utils/context.py:205 AirflowContextDeprecationWarning: Accessing 'execution_date' from the template is deprecated and will be removed in a future version. Please use 'data_interval_start' or 'logical_date' instead.
[2023-06-07T17:58:37.342+0300] {taskinstance.py:1545} INFO - Exporting env vars: AIRFLOW_CTX_DAG_OWNER='***' AIRFLOW_CTX_DAG_ID='templating' AIRFLOW_CTX_TASK_ID='get_data' AIRFLOW_CTX_EXECUTION_DATE='2023-06-06T11:00:00+00:00' AIRFLOW_CTX_TRY_NUMBER='1' AIRFLOW_CTX_DAG_RUN_ID='scheduled__2023-06-06T11:00:00+00:00'
[2023-06-07T17:58:37.343+0300] {subprocess.py:63} INFO - Tmp dir root location: 
 /tmp
[2023-06-07T17:58:37.346+0300] {subprocess.py:75} INFO - Running command: ['/usr/bin/bash', '-c', 'curl -o /tmp/wikipageviews.gz https://dumps.wikimedia.org/other/pageviews/2023/2023-06/pageviews-20230606-110000.gz']
[2023-06-07T17:58:37.362+0300] {subprocess.py:86} INFO - Output:
[2023-06-07T17:58:37.382+0300] {subprocess.py:93} INFO -   % Total    % Received % Xferd  Average Speed   Time    Time     Time  Current
[2023-06-07T17:58:37.382+0300] {subprocess.py:93} INFO -                                  Dload  Upload   Total   Spent    Left  Speed
[2023-06-07T17:58:41.420+0300] {subprocess.py:93} INFO -   0     0    0     0    0     0      0      0 --:--:-- --:--:-- --:--:--     0  0     0    0     0    0     0      0      0 --:--:--  0:00:01 --:--:--     0  0     0    0     0    0     0      0      0 --:--:--  0:00:01 --:--:--     0  0     0    0     0    0     0      0      0 --:--:--  0:00:03 --:--:--     0100   197  100   197    0     0     48      0  0:00:04  0:00:04 --:--:--    48100   197  100   197    0     0     48      0  0:00:04  0:00:04 --:--:--    48
[2023-06-07T17:58:41.430+0300] {subprocess.py:97} INFO - Command exited with return code 0
[2023-06-07T17:58:41.618+0300] {taskinstance.py:1345} INFO - Marking task as SUCCESS. dag_id=templating, task_id=get_data, execution_date=20230606T110000, start_date=20230607T145836, end_date=20230607T145841
[2023-06-07T17:58:41.665+0300] {local_task_job_runner.py:225} INFO - Task exited with return code 0
[2023-06-07T17:58:41.695+0300] {taskinstance.py:2651} INFO - 0 downstream tasks scheduled from follow-on schedule check
