[2023-06-07T17:58:05.846+0300] {taskinstance.py:1103} INFO - Dependencies all met for dep_context=non-requeueable deps ti=<TaskInstance: templating.get_data scheduled__2023-06-05T07:00:00+00:00 [queued]>
[2023-06-07T17:58:05.871+0300] {taskinstance.py:1103} INFO - Dependencies all met for dep_context=requeueable deps ti=<TaskInstance: templating.get_data scheduled__2023-06-05T07:00:00+00:00 [queued]>
[2023-06-07T17:58:05.872+0300] {taskinstance.py:1308} INFO - Starting attempt 1 of 1
[2023-06-07T17:58:06.040+0300] {taskinstance.py:1327} INFO - Executing <Task(BashOperator): get_data> on 2023-06-05 07:00:00+00:00
[2023-06-07T17:58:06.047+0300] {standard_task_runner.py:57} INFO - Started process 27389 to run task
[2023-06-07T17:58:06.069+0300] {standard_task_runner.py:84} INFO - Running: ['***', 'tasks', 'run', 'templating', 'get_data', 'scheduled__2023-06-05T07:00:00+00:00', '--job-id', '89', '--raw', '--subdir', 'DAGS_FOLDER/templating.py', '--cfg-path', '/tmp/tmpbjxjz8f8']
[2023-06-07T17:58:06.073+0300] {standard_task_runner.py:85} INFO - Job 89: Subtask get_data
[2023-06-07T17:58:06.257+0300] {task_command.py:410} INFO - Running <TaskInstance: templating.get_data scheduled__2023-06-05T07:00:00+00:00 [running]> on host mutwiri
[2023-06-07T17:58:06.435+0300] {logging_mixin.py:149} WARNING - /home/mutwiri/***/***_env/lib/python3.10/site-packages/***/utils/context.py:205 AirflowContextDeprecationWarning: Accessing 'execution_date' from the template is deprecated and will be removed in a future version. Please use 'data_interval_start' or 'logical_date' instead.
[2023-06-07T17:58:06.691+0300] {taskinstance.py:1545} INFO - Exporting env vars: AIRFLOW_CTX_DAG_OWNER='***' AIRFLOW_CTX_DAG_ID='templating' AIRFLOW_CTX_TASK_ID='get_data' AIRFLOW_CTX_EXECUTION_DATE='2023-06-05T07:00:00+00:00' AIRFLOW_CTX_TRY_NUMBER='1' AIRFLOW_CTX_DAG_RUN_ID='scheduled__2023-06-05T07:00:00+00:00'
[2023-06-07T17:58:06.692+0300] {subprocess.py:63} INFO - Tmp dir root location: 
 /tmp
[2023-06-07T17:58:06.693+0300] {subprocess.py:75} INFO - Running command: ['/usr/bin/bash', '-c', 'curl -o /tmp/wikipageviews.gz https://dumps.wikimedia.org/other/pageviews/2023/2023-06/pageviews-20230605-070000.gz']
[2023-06-07T17:58:06.704+0300] {subprocess.py:86} INFO - Output:
[2023-06-07T17:58:06.717+0300] {subprocess.py:93} INFO -   % Total    % Received % Xferd  Average Speed   Time    Time     Time  Current
[2023-06-07T17:58:06.718+0300] {subprocess.py:93} INFO -                                  Dload  Upload   Total   Spent    Left  Speed
[2023-06-07T17:58:15.034+0300] {subprocess.py:93} INFO -   0     0    0     0    0     0      0      0 --:--:-- --:--:-- --:--:--     0  0     0    0     0    0     0      0      0 --:--:-- --:--:-- --:--:--     0  0     0    0     0    0     0      0      0 --:--:--  0:00:01 --:--:--     0  0     0    0     0    0     0      0      0 --:--:--  0:00:02 --:--:--     0  0     0    0     0    0     0      0      0 --:--:--  0:00:03 --:--:--     0  0     0    0     0    0     0      0      0 --:--:--  0:00:04 --:--:--     0  0     0    0     0    0     0      0      0 --:--:--  0:00:05 --:--:--     0  0     0    0     0    0     0      0      0 --:--:--  0:00:07 --:--:--     0  0     0    0     0    0     0      0      0 --:--:--  0:00:08 --:--:--     0100   197  100   197    0     0     23      0  0:00:08  0:00:08 --:--:--    43
[2023-06-07T17:58:15.041+0300] {subprocess.py:97} INFO - Command exited with return code 0
[2023-06-07T17:58:15.141+0300] {taskinstance.py:1345} INFO - Marking task as SUCCESS. dag_id=templating, task_id=get_data, execution_date=20230605T070000, start_date=20230607T145805, end_date=20230607T145815
[2023-06-07T17:58:15.208+0300] {local_task_job_runner.py:225} INFO - Task exited with return code 0
[2023-06-07T17:58:15.236+0300] {taskinstance.py:2651} INFO - 0 downstream tasks scheduled from follow-on schedule check
