[2023-06-02T08:33:56.719+0300] {taskinstance.py:1103} INFO - Dependencies all met for dep_context=non-requeueable deps ti=<TaskInstance: space_missions.get_images manual__2023-06-02T05:33:51.902010+00:00 [queued]>
[2023-06-02T08:33:56.734+0300] {taskinstance.py:1103} INFO - Dependencies all met for dep_context=requeueable deps ti=<TaskInstance: space_missions.get_images manual__2023-06-02T05:33:51.902010+00:00 [queued]>
[2023-06-02T08:33:56.734+0300] {taskinstance.py:1308} INFO - Starting attempt 1 of 6
[2023-06-02T08:33:56.751+0300] {taskinstance.py:1327} INFO - Executing <Task(PythonOperator): get_images> on 2023-06-02 05:33:51.902010+00:00
[2023-06-02T08:33:56.755+0300] {standard_task_runner.py:57} INFO - Started process 8665 to run task
[2023-06-02T08:33:56.759+0300] {standard_task_runner.py:84} INFO - Running: ['***', 'tasks', 'run', 'space_missions', 'get_images', 'manual__2023-06-02T05:33:51.902010+00:00', '--job-id', '20', '--raw', '--subdir', 'DAGS_FOLDER/space_missions.py', '--cfg-path', '/tmp/tmp2drq4c1o']
[2023-06-02T08:33:56.762+0300] {standard_task_runner.py:85} INFO - Job 20: Subtask get_images
[2023-06-02T08:33:56.848+0300] {task_command.py:410} INFO - Running <TaskInstance: space_missions.get_images manual__2023-06-02T05:33:51.902010+00:00 [running]> on host mutwiri
[2023-06-02T08:33:57.148+0300] {taskinstance.py:1545} INFO - Exporting env vars: AIRFLOW_CTX_DAG_EMAIL='franklinmutwiri41@gmail.com' AIRFLOW_CTX_DAG_OWNER='***' AIRFLOW_CTX_DAG_ID='space_missions' AIRFLOW_CTX_TASK_ID='get_images' AIRFLOW_CTX_EXECUTION_DATE='2023-06-02T05:33:51.902010+00:00' AIRFLOW_CTX_TRY_NUMBER='1' AIRFLOW_CTX_DAG_RUN_ID='manual__2023-06-02T05:33:51.902010+00:00'
[2023-06-02T08:33:59.076+0300] {logging_mixin.py:149} INFO - Downloaded https://spacelaunchnow-prod-east.nyc3.digitaloceanspaces.com/media/launch_images/falcon2520925_image_20210922155355.jpeg to ../images/falcon2520925_image_20210922155355.jpeg
[2023-06-02T08:34:01.327+0300] {logging_mixin.py:149} INFO - Downloaded https://spacelaunchnow-prod-east.nyc3.digitaloceanspaces.com/media/launch_images/falcon2520925_image_20230503085110.png to ../images/falcon2520925_image_20230503085110.png
[2023-06-02T08:34:03.554+0300] {logging_mixin.py:149} INFO - Downloaded https://spacelaunchnow-prod-east.nyc3.digitaloceanspaces.com/media/launcher_images/falcon_9_block__image_20210506060831.jpg to ../images/falcon_9_block__image_20210506060831.jpg
[2023-06-02T08:34:05.969+0300] {logging_mixin.py:149} INFO - Downloaded https://spacelaunchnow-prod-east.nyc3.digitaloceanspaces.com/media/launcher_images/ariane_5_eca25_image_20200220090552.jpeg to ../images/ariane_5_eca25_image_20200220090552.jpeg
[2023-06-02T08:34:08.162+0300] {logging_mixin.py:149} INFO - Downloaded https://spacelaunchnow-prod-east.nyc3.digitaloceanspaces.com/media/launcher_images/falcon_9_block__image_20210506060831.jpg to ../images/falcon_9_block__image_20210506060831.jpg
[2023-06-02T08:34:11.139+0300] {logging_mixin.py:149} INFO - Downloaded https://spacelaunchnow-prod-east.nyc3.digitaloceanspaces.com/media/launcher_images/delta_iv_heavy_image_20210426103838.jpg to ../images/delta_iv_heavy_image_20210426103838.jpg
[2023-06-02T08:34:12.992+0300] {logging_mixin.py:149} INFO - Downloaded https://spacelaunchnow-prod-east.nyc3.digitaloceanspaces.com/media/launcher_images/soyuz25202.1b_image_20190520165337.jpg to ../images/soyuz25202.1b_image_20190520165337.jpg
[2023-06-02T08:34:15.260+0300] {logging_mixin.py:149} INFO - Downloaded https://spacelaunchnow-prod-east.nyc3.digitaloceanspaces.com/media/launch_images/falcon2520925_image_20230522082449.png to ../images/falcon2520925_image_20230522082449.png
[2023-06-02T08:34:17.479+0300] {logging_mixin.py:149} INFO - Downloaded https://spacelaunchnow-prod-east.nyc3.digitaloceanspaces.com/media/launch_images/falcon2520925_image_20230503090440.png to ../images/falcon2520925_image_20230503090440.png
[2023-06-02T08:34:19.880+0300] {logging_mixin.py:149} INFO - Downloaded https://spacelaunchnow-prod-east.nyc3.digitaloceanspaces.com/media/launch_images/falcon2520925_image_20230522064316.png to ../images/falcon2520925_image_20230522064316.png
[2023-06-02T08:34:19.883+0300] {python.py:183} INFO - Done. Returned value was: None
[2023-06-02T08:34:19.919+0300] {taskinstance.py:1345} INFO - Marking task as SUCCESS. dag_id=space_missions, task_id=get_images, execution_date=20230602T053351, start_date=20230602T053356, end_date=20230602T053419
[2023-06-02T08:34:19.984+0300] {local_task_job_runner.py:225} INFO - Task exited with return code 0
[2023-06-02T08:34:20.023+0300] {taskinstance.py:2651} INFO - 1 downstream tasks scheduled from follow-on schedule check
