[2023-06-07T17:42:14.692+0300] {processor.py:157} INFO - Started process (PID=22633) to work on /home/mutwiri/airflow/dags/logical_date.py
[2023-06-07T17:42:14.693+0300] {processor.py:826} INFO - Processing file /home/mutwiri/airflow/dags/logical_date.py for tasks to queue
[2023-06-07T17:42:14.694+0300] {logging_mixin.py:149} INFO - [2023-06-07T17:42:14.694+0300] {dagbag.py:541} INFO - Filling up the DagBag from /home/mutwiri/airflow/dags/logical_date.py
[2023-06-07T17:42:14.706+0300] {processor.py:836} INFO - DAG(s) dict_keys(['sample_dag']) retrieved from /home/mutwiri/airflow/dags/logical_date.py
[2023-06-07T17:42:14.916+0300] {logging_mixin.py:149} INFO - [2023-06-07T17:42:14.916+0300] {manager.py:504} INFO - Created Permission View: can edit on DAG:sample_dag
[2023-06-07T17:42:14.948+0300] {logging_mixin.py:149} INFO - [2023-06-07T17:42:14.948+0300] {manager.py:504} INFO - Created Permission View: can delete on DAG:sample_dag
[2023-06-07T17:42:14.970+0300] {logging_mixin.py:149} INFO - [2023-06-07T17:42:14.970+0300] {manager.py:504} INFO - Created Permission View: can read on DAG:sample_dag
[2023-06-07T17:42:14.971+0300] {logging_mixin.py:149} INFO - [2023-06-07T17:42:14.971+0300] {dag.py:2726} INFO - Sync 1 DAGs
[2023-06-07T17:42:14.988+0300] {logging_mixin.py:149} INFO - [2023-06-07T17:42:14.987+0300] {dag.py:2747} INFO - Creating ORM DAG for sample_dag
[2023-06-07T17:42:15.005+0300] {logging_mixin.py:149} INFO - [2023-06-07T17:42:15.005+0300] {dag.py:3486} INFO - Setting next_dagrun for sample_dag to 2022-01-01T00:00:00+00:00, run_after=2022-01-02T00:00:00+00:00
[2023-06-07T17:42:15.068+0300] {processor.py:179} INFO - Processing /home/mutwiri/airflow/dags/logical_date.py took 0.380 seconds
[2023-06-07T17:42:26.843+0300] {processor.py:157} INFO - Started process (PID=22768) to work on /home/mutwiri/airflow/dags/logical_date.py
[2023-06-07T17:42:26.847+0300] {processor.py:826} INFO - Processing file /home/mutwiri/airflow/dags/logical_date.py for tasks to queue
[2023-06-07T17:42:26.849+0300] {logging_mixin.py:149} INFO - [2023-06-07T17:42:26.849+0300] {dagbag.py:541} INFO - Filling up the DagBag from /home/mutwiri/airflow/dags/logical_date.py
[2023-06-07T17:42:26.887+0300] {processor.py:836} INFO - DAG(s) dict_keys(['sample_dag']) retrieved from /home/mutwiri/airflow/dags/logical_date.py
[2023-06-07T17:42:26.922+0300] {logging_mixin.py:149} INFO - [2023-06-07T17:42:26.921+0300] {dag.py:2726} INFO - Sync 1 DAGs
[2023-06-07T17:42:26.952+0300] {logging_mixin.py:149} INFO - [2023-06-07T17:42:26.951+0300] {dag.py:3486} INFO - Setting next_dagrun for sample_dag to 2023-05-21T00:00:00+00:00, run_after=2023-05-22T00:00:00+00:00
[2023-06-07T17:42:26.981+0300] {processor.py:179} INFO - Processing /home/mutwiri/airflow/dags/logical_date.py took 0.154 seconds
[2023-06-07T17:42:27.840+0300] {processor.py:157} INFO - Started process (PID=22774) to work on /home/mutwiri/airflow/dags/logical_date.py
[2023-06-07T17:42:27.842+0300] {processor.py:826} INFO - Processing file /home/mutwiri/airflow/dags/logical_date.py for tasks to queue
[2023-06-07T17:42:27.844+0300] {logging_mixin.py:149} INFO - [2023-06-07T17:42:27.843+0300] {dagbag.py:541} INFO - Filling up the DagBag from /home/mutwiri/airflow/dags/logical_date.py
[2023-06-07T17:42:27.868+0300] {processor.py:836} INFO - DAG(s) dict_keys(['sample_dag']) retrieved from /home/mutwiri/airflow/dags/logical_date.py
[2023-06-07T17:42:27.924+0300] {logging_mixin.py:149} INFO - [2023-06-07T17:42:27.924+0300] {dag.py:2726} INFO - Sync 1 DAGs
[2023-06-07T17:42:27.978+0300] {logging_mixin.py:149} INFO - [2023-06-07T17:42:27.978+0300] {dag.py:3486} INFO - Setting next_dagrun for sample_dag to 2023-05-21T00:00:00+00:00, run_after=2023-05-22T00:00:00+00:00
[2023-06-07T17:42:28.025+0300] {processor.py:179} INFO - Processing /home/mutwiri/airflow/dags/logical_date.py took 0.192 seconds
[2023-06-07T17:42:49.231+0300] {processor.py:157} INFO - Started process (PID=22790) to work on /home/mutwiri/airflow/dags/logical_date.py
[2023-06-07T17:42:49.237+0300] {processor.py:826} INFO - Processing file /home/mutwiri/airflow/dags/logical_date.py for tasks to queue
[2023-06-07T17:42:49.238+0300] {logging_mixin.py:149} INFO - [2023-06-07T17:42:49.238+0300] {dagbag.py:541} INFO - Filling up the DagBag from /home/mutwiri/airflow/dags/logical_date.py
[2023-06-07T17:42:49.251+0300] {processor.py:836} INFO - DAG(s) dict_keys(['sample_dag']) retrieved from /home/mutwiri/airflow/dags/logical_date.py
[2023-06-07T17:42:49.327+0300] {logging_mixin.py:149} INFO - [2023-06-07T17:42:49.327+0300] {dag.py:2726} INFO - Sync 1 DAGs
[2023-06-07T17:42:49.352+0300] {logging_mixin.py:149} INFO - [2023-06-07T17:42:49.352+0300] {dag.py:3486} INFO - Setting next_dagrun for sample_dag to 2023-05-21T00:00:00+00:00, run_after=2023-05-22T00:00:00+00:00
[2023-06-07T17:42:49.450+0300] {processor.py:179} INFO - Processing /home/mutwiri/airflow/dags/logical_date.py took 0.226 seconds
[2023-06-07T17:43:19.612+0300] {processor.py:157} INFO - Started process (PID=23232) to work on /home/mutwiri/airflow/dags/logical_date.py
[2023-06-07T17:43:19.613+0300] {processor.py:826} INFO - Processing file /home/mutwiri/airflow/dags/logical_date.py for tasks to queue
[2023-06-07T17:43:19.614+0300] {logging_mixin.py:149} INFO - [2023-06-07T17:43:19.614+0300] {dagbag.py:541} INFO - Filling up the DagBag from /home/mutwiri/airflow/dags/logical_date.py
[2023-06-07T17:43:19.625+0300] {processor.py:836} INFO - DAG(s) dict_keys(['sample_dag']) retrieved from /home/mutwiri/airflow/dags/logical_date.py
[2023-06-07T17:43:19.664+0300] {logging_mixin.py:149} INFO - [2023-06-07T17:43:19.664+0300] {dag.py:2726} INFO - Sync 1 DAGs
[2023-06-07T17:43:19.708+0300] {logging_mixin.py:149} INFO - [2023-06-07T17:43:19.708+0300] {dag.py:3486} INFO - Setting next_dagrun for sample_dag to 2023-05-29T00:00:00+00:00, run_after=2023-05-30T00:00:00+00:00
[2023-06-07T17:43:19.735+0300] {processor.py:179} INFO - Processing /home/mutwiri/airflow/dags/logical_date.py took 0.126 seconds
[2023-06-07T17:43:49.891+0300] {processor.py:157} INFO - Started process (PID=23925) to work on /home/mutwiri/airflow/dags/logical_date.py
[2023-06-07T17:43:49.898+0300] {processor.py:826} INFO - Processing file /home/mutwiri/airflow/dags/logical_date.py for tasks to queue
[2023-06-07T17:43:49.899+0300] {logging_mixin.py:149} INFO - [2023-06-07T17:43:49.898+0300] {dagbag.py:541} INFO - Filling up the DagBag from /home/mutwiri/airflow/dags/logical_date.py
[2023-06-07T17:43:49.910+0300] {processor.py:836} INFO - DAG(s) dict_keys(['sample_dag']) retrieved from /home/mutwiri/airflow/dags/logical_date.py
[2023-06-07T17:43:49.947+0300] {logging_mixin.py:149} INFO - [2023-06-07T17:43:49.947+0300] {dag.py:2726} INFO - Sync 1 DAGs
[2023-06-07T17:43:49.971+0300] {logging_mixin.py:149} INFO - [2023-06-07T17:43:49.971+0300] {dag.py:3486} INFO - Setting next_dagrun for sample_dag to 2023-06-07T00:00:00+00:00, run_after=2023-06-08T00:00:00+00:00
[2023-06-07T17:43:50.011+0300] {processor.py:179} INFO - Processing /home/mutwiri/airflow/dags/logical_date.py took 0.128 seconds
[2023-06-07T17:44:20.251+0300] {processor.py:157} INFO - Started process (PID=23944) to work on /home/mutwiri/airflow/dags/logical_date.py
[2023-06-07T17:44:20.263+0300] {processor.py:826} INFO - Processing file /home/mutwiri/airflow/dags/logical_date.py for tasks to queue
[2023-06-07T17:44:20.264+0300] {logging_mixin.py:149} INFO - [2023-06-07T17:44:20.263+0300] {dagbag.py:541} INFO - Filling up the DagBag from /home/mutwiri/airflow/dags/logical_date.py
[2023-06-07T17:44:20.278+0300] {processor.py:836} INFO - DAG(s) dict_keys(['sample_dag']) retrieved from /home/mutwiri/airflow/dags/logical_date.py
[2023-06-07T17:44:20.320+0300] {logging_mixin.py:149} INFO - [2023-06-07T17:44:20.320+0300] {dag.py:2726} INFO - Sync 1 DAGs
[2023-06-07T17:44:20.345+0300] {logging_mixin.py:149} INFO - [2023-06-07T17:44:20.345+0300] {dag.py:3486} INFO - Setting next_dagrun for sample_dag to 2023-06-07T00:00:00+00:00, run_after=2023-06-08T00:00:00+00:00
[2023-06-07T17:44:20.378+0300] {processor.py:179} INFO - Processing /home/mutwiri/airflow/dags/logical_date.py took 0.132 seconds
[2023-06-07T17:44:50.667+0300] {processor.py:157} INFO - Started process (PID=23967) to work on /home/mutwiri/airflow/dags/logical_date.py
[2023-06-07T17:44:50.684+0300] {processor.py:826} INFO - Processing file /home/mutwiri/airflow/dags/logical_date.py for tasks to queue
[2023-06-07T17:44:50.685+0300] {logging_mixin.py:149} INFO - [2023-06-07T17:44:50.685+0300] {dagbag.py:541} INFO - Filling up the DagBag from /home/mutwiri/airflow/dags/logical_date.py
[2023-06-07T17:44:50.702+0300] {processor.py:836} INFO - DAG(s) dict_keys(['sample_dag']) retrieved from /home/mutwiri/airflow/dags/logical_date.py
[2023-06-07T17:44:50.741+0300] {logging_mixin.py:149} INFO - [2023-06-07T17:44:50.741+0300] {dag.py:2726} INFO - Sync 1 DAGs
[2023-06-07T17:44:50.766+0300] {logging_mixin.py:149} INFO - [2023-06-07T17:44:50.766+0300] {dag.py:3486} INFO - Setting next_dagrun for sample_dag to 2023-06-07T00:00:00+00:00, run_after=2023-06-08T00:00:00+00:00
[2023-06-07T17:44:50.805+0300] {processor.py:179} INFO - Processing /home/mutwiri/airflow/dags/logical_date.py took 0.150 seconds
[2023-06-07T17:45:21.095+0300] {processor.py:157} INFO - Started process (PID=23990) to work on /home/mutwiri/airflow/dags/logical_date.py
[2023-06-07T17:45:21.111+0300] {processor.py:826} INFO - Processing file /home/mutwiri/airflow/dags/logical_date.py for tasks to queue
[2023-06-07T17:45:21.112+0300] {logging_mixin.py:149} INFO - [2023-06-07T17:45:21.111+0300] {dagbag.py:541} INFO - Filling up the DagBag from /home/mutwiri/airflow/dags/logical_date.py
[2023-06-07T17:45:21.128+0300] {processor.py:836} INFO - DAG(s) dict_keys(['sample_dag']) retrieved from /home/mutwiri/airflow/dags/logical_date.py
[2023-06-07T17:45:21.168+0300] {logging_mixin.py:149} INFO - [2023-06-07T17:45:21.168+0300] {dag.py:2726} INFO - Sync 1 DAGs
[2023-06-07T17:45:21.192+0300] {logging_mixin.py:149} INFO - [2023-06-07T17:45:21.192+0300] {dag.py:3486} INFO - Setting next_dagrun for sample_dag to 2023-06-07T00:00:00+00:00, run_after=2023-06-08T00:00:00+00:00
[2023-06-07T17:45:21.230+0300] {processor.py:179} INFO - Processing /home/mutwiri/airflow/dags/logical_date.py took 0.145 seconds
[2023-06-07T17:45:51.546+0300] {processor.py:157} INFO - Started process (PID=24008) to work on /home/mutwiri/airflow/dags/logical_date.py
[2023-06-07T17:45:51.565+0300] {processor.py:826} INFO - Processing file /home/mutwiri/airflow/dags/logical_date.py for tasks to queue
[2023-06-07T17:45:51.566+0300] {logging_mixin.py:149} INFO - [2023-06-07T17:45:51.566+0300] {dagbag.py:541} INFO - Filling up the DagBag from /home/mutwiri/airflow/dags/logical_date.py
[2023-06-07T17:45:51.586+0300] {processor.py:836} INFO - DAG(s) dict_keys(['sample_dag']) retrieved from /home/mutwiri/airflow/dags/logical_date.py
[2023-06-07T17:45:51.626+0300] {logging_mixin.py:149} INFO - [2023-06-07T17:45:51.625+0300] {dag.py:2726} INFO - Sync 1 DAGs
[2023-06-07T17:45:51.652+0300] {logging_mixin.py:149} INFO - [2023-06-07T17:45:51.652+0300] {dag.py:3486} INFO - Setting next_dagrun for sample_dag to 2023-06-07T00:00:00+00:00, run_after=2023-06-08T00:00:00+00:00
[2023-06-07T17:45:51.684+0300] {processor.py:179} INFO - Processing /home/mutwiri/airflow/dags/logical_date.py took 0.149 seconds
[2023-06-07T17:46:22.016+0300] {processor.py:157} INFO - Started process (PID=24027) to work on /home/mutwiri/airflow/dags/logical_date.py
[2023-06-07T17:46:22.029+0300] {processor.py:826} INFO - Processing file /home/mutwiri/airflow/dags/logical_date.py for tasks to queue
[2023-06-07T17:46:22.031+0300] {logging_mixin.py:149} INFO - [2023-06-07T17:46:22.031+0300] {dagbag.py:541} INFO - Filling up the DagBag from /home/mutwiri/airflow/dags/logical_date.py
[2023-06-07T17:46:22.055+0300] {processor.py:836} INFO - DAG(s) dict_keys(['sample_dag']) retrieved from /home/mutwiri/airflow/dags/logical_date.py
[2023-06-07T17:46:22.111+0300] {logging_mixin.py:149} INFO - [2023-06-07T17:46:22.110+0300] {dag.py:2726} INFO - Sync 1 DAGs
[2023-06-07T17:46:22.143+0300] {logging_mixin.py:149} INFO - [2023-06-07T17:46:22.143+0300] {dag.py:3486} INFO - Setting next_dagrun for sample_dag to 2023-06-07T00:00:00+00:00, run_after=2023-06-08T00:00:00+00:00
[2023-06-07T17:46:22.172+0300] {processor.py:179} INFO - Processing /home/mutwiri/airflow/dags/logical_date.py took 0.175 seconds
[2023-06-07T17:46:52.502+0300] {processor.py:157} INFO - Started process (PID=24055) to work on /home/mutwiri/airflow/dags/logical_date.py
[2023-06-07T17:46:52.503+0300] {processor.py:826} INFO - Processing file /home/mutwiri/airflow/dags/logical_date.py for tasks to queue
[2023-06-07T17:46:52.503+0300] {logging_mixin.py:149} INFO - [2023-06-07T17:46:52.503+0300] {dagbag.py:541} INFO - Filling up the DagBag from /home/mutwiri/airflow/dags/logical_date.py
[2023-06-07T17:46:52.515+0300] {processor.py:836} INFO - DAG(s) dict_keys(['sample_dag']) retrieved from /home/mutwiri/airflow/dags/logical_date.py
[2023-06-07T17:46:52.555+0300] {logging_mixin.py:149} INFO - [2023-06-07T17:46:52.555+0300] {dag.py:2726} INFO - Sync 1 DAGs
[2023-06-07T17:46:52.582+0300] {logging_mixin.py:149} INFO - [2023-06-07T17:46:52.581+0300] {dag.py:3486} INFO - Setting next_dagrun for sample_dag to 2023-06-07T00:00:00+00:00, run_after=2023-06-08T00:00:00+00:00
[2023-06-07T17:46:52.615+0300] {processor.py:179} INFO - Processing /home/mutwiri/airflow/dags/logical_date.py took 0.118 seconds
[2023-06-07T17:47:22.941+0300] {processor.py:157} INFO - Started process (PID=24197) to work on /home/mutwiri/airflow/dags/logical_date.py
[2023-06-07T17:47:22.953+0300] {processor.py:826} INFO - Processing file /home/mutwiri/airflow/dags/logical_date.py for tasks to queue
[2023-06-07T17:47:22.954+0300] {logging_mixin.py:149} INFO - [2023-06-07T17:47:22.954+0300] {dagbag.py:541} INFO - Filling up the DagBag from /home/mutwiri/airflow/dags/logical_date.py
[2023-06-07T17:47:22.965+0300] {processor.py:836} INFO - DAG(s) dict_keys(['sample_dag']) retrieved from /home/mutwiri/airflow/dags/logical_date.py
[2023-06-07T17:47:23.006+0300] {logging_mixin.py:149} INFO - [2023-06-07T17:47:23.006+0300] {dag.py:2726} INFO - Sync 1 DAGs
[2023-06-07T17:47:23.037+0300] {logging_mixin.py:149} INFO - [2023-06-07T17:47:23.037+0300] {dag.py:3486} INFO - Setting next_dagrun for sample_dag to 2023-06-07T00:00:00+00:00, run_after=2023-06-08T00:00:00+00:00
[2023-06-07T17:47:23.068+0300] {processor.py:179} INFO - Processing /home/mutwiri/airflow/dags/logical_date.py took 0.134 seconds
[2023-06-07T17:47:53.360+0300] {processor.py:157} INFO - Started process (PID=24253) to work on /home/mutwiri/airflow/dags/logical_date.py
[2023-06-07T17:47:53.365+0300] {processor.py:826} INFO - Processing file /home/mutwiri/airflow/dags/logical_date.py for tasks to queue
[2023-06-07T17:47:53.368+0300] {logging_mixin.py:149} INFO - [2023-06-07T17:47:53.368+0300] {dagbag.py:541} INFO - Filling up the DagBag from /home/mutwiri/airflow/dags/logical_date.py
[2023-06-07T17:47:53.400+0300] {processor.py:836} INFO - DAG(s) dict_keys(['sample_dag']) retrieved from /home/mutwiri/airflow/dags/logical_date.py
[2023-06-07T17:47:53.457+0300] {logging_mixin.py:149} INFO - [2023-06-07T17:47:53.456+0300] {dag.py:2726} INFO - Sync 1 DAGs
[2023-06-07T17:47:53.509+0300] {logging_mixin.py:149} INFO - [2023-06-07T17:47:53.509+0300] {dag.py:3486} INFO - Setting next_dagrun for sample_dag to 2023-06-07T00:00:00+00:00, run_after=2023-06-08T00:00:00+00:00
[2023-06-07T17:47:53.550+0300] {processor.py:179} INFO - Processing /home/mutwiri/airflow/dags/logical_date.py took 0.208 seconds
[2023-06-07T17:48:23.815+0300] {processor.py:157} INFO - Started process (PID=24347) to work on /home/mutwiri/airflow/dags/logical_date.py
[2023-06-07T17:48:23.828+0300] {processor.py:826} INFO - Processing file /home/mutwiri/airflow/dags/logical_date.py for tasks to queue
[2023-06-07T17:48:23.829+0300] {logging_mixin.py:149} INFO - [2023-06-07T17:48:23.829+0300] {dagbag.py:541} INFO - Filling up the DagBag from /home/mutwiri/airflow/dags/logical_date.py
[2023-06-07T17:48:23.846+0300] {processor.py:836} INFO - DAG(s) dict_keys(['sample_dag']) retrieved from /home/mutwiri/airflow/dags/logical_date.py
[2023-06-07T17:48:23.885+0300] {logging_mixin.py:149} INFO - [2023-06-07T17:48:23.885+0300] {dag.py:2726} INFO - Sync 1 DAGs
[2023-06-07T17:48:23.911+0300] {logging_mixin.py:149} INFO - [2023-06-07T17:48:23.911+0300] {dag.py:3486} INFO - Setting next_dagrun for sample_dag to 2023-06-07T00:00:00+00:00, run_after=2023-06-08T00:00:00+00:00
[2023-06-07T17:48:23.945+0300] {processor.py:179} INFO - Processing /home/mutwiri/airflow/dags/logical_date.py took 0.137 seconds
[2023-06-07T17:48:54.260+0300] {processor.py:157} INFO - Started process (PID=24360) to work on /home/mutwiri/airflow/dags/logical_date.py
[2023-06-07T17:48:54.262+0300] {processor.py:826} INFO - Processing file /home/mutwiri/airflow/dags/logical_date.py for tasks to queue
[2023-06-07T17:48:54.264+0300] {logging_mixin.py:149} INFO - [2023-06-07T17:48:54.264+0300] {dagbag.py:541} INFO - Filling up the DagBag from /home/mutwiri/airflow/dags/logical_date.py
[2023-06-07T17:48:54.281+0300] {processor.py:836} INFO - DAG(s) dict_keys(['sample_dag']) retrieved from /home/mutwiri/airflow/dags/logical_date.py
[2023-06-07T17:48:54.320+0300] {logging_mixin.py:149} INFO - [2023-06-07T17:48:54.319+0300] {dag.py:2726} INFO - Sync 1 DAGs
[2023-06-07T17:48:54.343+0300] {logging_mixin.py:149} INFO - [2023-06-07T17:48:54.343+0300] {dag.py:3486} INFO - Setting next_dagrun for sample_dag to 2023-06-07T00:00:00+00:00, run_after=2023-06-08T00:00:00+00:00
[2023-06-07T17:48:54.374+0300] {processor.py:179} INFO - Processing /home/mutwiri/airflow/dags/logical_date.py took 0.126 seconds
[2023-06-07T17:49:24.633+0300] {processor.py:157} INFO - Started process (PID=24377) to work on /home/mutwiri/airflow/dags/logical_date.py
[2023-06-07T17:49:24.645+0300] {processor.py:826} INFO - Processing file /home/mutwiri/airflow/dags/logical_date.py for tasks to queue
[2023-06-07T17:49:24.646+0300] {logging_mixin.py:149} INFO - [2023-06-07T17:49:24.646+0300] {dagbag.py:541} INFO - Filling up the DagBag from /home/mutwiri/airflow/dags/logical_date.py
[2023-06-07T17:49:24.660+0300] {processor.py:836} INFO - DAG(s) dict_keys(['sample_dag']) retrieved from /home/mutwiri/airflow/dags/logical_date.py
[2023-06-07T17:49:24.698+0300] {logging_mixin.py:149} INFO - [2023-06-07T17:49:24.698+0300] {dag.py:2726} INFO - Sync 1 DAGs
[2023-06-07T17:49:24.722+0300] {logging_mixin.py:149} INFO - [2023-06-07T17:49:24.721+0300] {dag.py:3486} INFO - Setting next_dagrun for sample_dag to 2023-06-07T00:00:00+00:00, run_after=2023-06-08T00:00:00+00:00
[2023-06-07T17:49:24.751+0300] {processor.py:179} INFO - Processing /home/mutwiri/airflow/dags/logical_date.py took 0.122 seconds
[2023-06-07T17:49:55.005+0300] {processor.py:157} INFO - Started process (PID=24404) to work on /home/mutwiri/airflow/dags/logical_date.py
[2023-06-07T17:49:55.010+0300] {processor.py:826} INFO - Processing file /home/mutwiri/airflow/dags/logical_date.py for tasks to queue
[2023-06-07T17:49:55.011+0300] {logging_mixin.py:149} INFO - [2023-06-07T17:49:55.011+0300] {dagbag.py:541} INFO - Filling up the DagBag from /home/mutwiri/airflow/dags/logical_date.py
[2023-06-07T17:49:55.023+0300] {processor.py:836} INFO - DAG(s) dict_keys(['sample_dag']) retrieved from /home/mutwiri/airflow/dags/logical_date.py
[2023-06-07T17:49:55.063+0300] {logging_mixin.py:149} INFO - [2023-06-07T17:49:55.063+0300] {dag.py:2726} INFO - Sync 1 DAGs
[2023-06-07T17:49:55.088+0300] {logging_mixin.py:149} INFO - [2023-06-07T17:49:55.088+0300] {dag.py:3486} INFO - Setting next_dagrun for sample_dag to 2023-06-07T00:00:00+00:00, run_after=2023-06-08T00:00:00+00:00
[2023-06-07T17:49:55.117+0300] {processor.py:179} INFO - Processing /home/mutwiri/airflow/dags/logical_date.py took 0.116 seconds
[2023-06-07T17:50:25.390+0300] {processor.py:157} INFO - Started process (PID=24418) to work on /home/mutwiri/airflow/dags/logical_date.py
[2023-06-07T17:50:25.398+0300] {processor.py:826} INFO - Processing file /home/mutwiri/airflow/dags/logical_date.py for tasks to queue
[2023-06-07T17:50:25.399+0300] {logging_mixin.py:149} INFO - [2023-06-07T17:50:25.399+0300] {dagbag.py:541} INFO - Filling up the DagBag from /home/mutwiri/airflow/dags/logical_date.py
[2023-06-07T17:50:25.409+0300] {processor.py:836} INFO - DAG(s) dict_keys(['sample_dag']) retrieved from /home/mutwiri/airflow/dags/logical_date.py
[2023-06-07T17:50:25.447+0300] {logging_mixin.py:149} INFO - [2023-06-07T17:50:25.446+0300] {dag.py:2726} INFO - Sync 1 DAGs
[2023-06-07T17:50:25.470+0300] {logging_mixin.py:149} INFO - [2023-06-07T17:50:25.470+0300] {dag.py:3486} INFO - Setting next_dagrun for sample_dag to 2023-06-07T00:00:00+00:00, run_after=2023-06-08T00:00:00+00:00
[2023-06-07T17:50:25.504+0300] {processor.py:179} INFO - Processing /home/mutwiri/airflow/dags/logical_date.py took 0.118 seconds
[2023-06-07T17:50:55.763+0300] {processor.py:157} INFO - Started process (PID=24432) to work on /home/mutwiri/airflow/dags/logical_date.py
[2023-06-07T17:50:55.779+0300] {processor.py:826} INFO - Processing file /home/mutwiri/airflow/dags/logical_date.py for tasks to queue
[2023-06-07T17:50:55.781+0300] {logging_mixin.py:149} INFO - [2023-06-07T17:50:55.781+0300] {dagbag.py:541} INFO - Filling up the DagBag from /home/mutwiri/airflow/dags/logical_date.py
[2023-06-07T17:50:55.800+0300] {processor.py:836} INFO - DAG(s) dict_keys(['sample_dag']) retrieved from /home/mutwiri/airflow/dags/logical_date.py
[2023-06-07T17:50:55.838+0300] {logging_mixin.py:149} INFO - [2023-06-07T17:50:55.838+0300] {dag.py:2726} INFO - Sync 1 DAGs
[2023-06-07T17:50:55.863+0300] {logging_mixin.py:149} INFO - [2023-06-07T17:50:55.863+0300] {dag.py:3486} INFO - Setting next_dagrun for sample_dag to 2023-06-07T00:00:00+00:00, run_after=2023-06-08T00:00:00+00:00
[2023-06-07T17:50:55.892+0300] {processor.py:179} INFO - Processing /home/mutwiri/airflow/dags/logical_date.py took 0.139 seconds
[2023-06-07T17:51:26.194+0300] {processor.py:157} INFO - Started process (PID=24446) to work on /home/mutwiri/airflow/dags/logical_date.py
[2023-06-07T17:51:26.211+0300] {processor.py:826} INFO - Processing file /home/mutwiri/airflow/dags/logical_date.py for tasks to queue
[2023-06-07T17:51:26.212+0300] {logging_mixin.py:149} INFO - [2023-06-07T17:51:26.212+0300] {dagbag.py:541} INFO - Filling up the DagBag from /home/mutwiri/airflow/dags/logical_date.py
[2023-06-07T17:51:26.223+0300] {processor.py:836} INFO - DAG(s) dict_keys(['sample_dag']) retrieved from /home/mutwiri/airflow/dags/logical_date.py
[2023-06-07T17:51:26.263+0300] {logging_mixin.py:149} INFO - [2023-06-07T17:51:26.263+0300] {dag.py:2726} INFO - Sync 1 DAGs
[2023-06-07T17:51:26.293+0300] {logging_mixin.py:149} INFO - [2023-06-07T17:51:26.293+0300] {dag.py:3486} INFO - Setting next_dagrun for sample_dag to 2023-06-07T00:00:00+00:00, run_after=2023-06-08T00:00:00+00:00
[2023-06-07T17:51:26.323+0300] {processor.py:179} INFO - Processing /home/mutwiri/airflow/dags/logical_date.py took 0.135 seconds
[2023-06-07T17:51:56.567+0300] {processor.py:157} INFO - Started process (PID=24465) to work on /home/mutwiri/airflow/dags/logical_date.py
[2023-06-07T17:51:56.576+0300] {processor.py:826} INFO - Processing file /home/mutwiri/airflow/dags/logical_date.py for tasks to queue
[2023-06-07T17:51:56.577+0300] {logging_mixin.py:149} INFO - [2023-06-07T17:51:56.577+0300] {dagbag.py:541} INFO - Filling up the DagBag from /home/mutwiri/airflow/dags/logical_date.py
[2023-06-07T17:51:56.589+0300] {processor.py:836} INFO - DAG(s) dict_keys(['sample_dag']) retrieved from /home/mutwiri/airflow/dags/logical_date.py
[2023-06-07T17:51:56.628+0300] {logging_mixin.py:149} INFO - [2023-06-07T17:51:56.627+0300] {dag.py:2726} INFO - Sync 1 DAGs
[2023-06-07T17:51:56.651+0300] {logging_mixin.py:149} INFO - [2023-06-07T17:51:56.651+0300] {dag.py:3486} INFO - Setting next_dagrun for sample_dag to 2023-06-07T00:00:00+00:00, run_after=2023-06-08T00:00:00+00:00
[2023-06-07T17:51:56.678+0300] {processor.py:179} INFO - Processing /home/mutwiri/airflow/dags/logical_date.py took 0.117 seconds
[2023-06-07T17:52:26.977+0300] {processor.py:157} INFO - Started process (PID=24607) to work on /home/mutwiri/airflow/dags/logical_date.py
[2023-06-07T17:52:26.986+0300] {processor.py:826} INFO - Processing file /home/mutwiri/airflow/dags/logical_date.py for tasks to queue
[2023-06-07T17:52:26.987+0300] {logging_mixin.py:149} INFO - [2023-06-07T17:52:26.987+0300] {dagbag.py:541} INFO - Filling up the DagBag from /home/mutwiri/airflow/dags/logical_date.py
[2023-06-07T17:52:26.998+0300] {processor.py:836} INFO - DAG(s) dict_keys(['sample_dag']) retrieved from /home/mutwiri/airflow/dags/logical_date.py
[2023-06-07T17:52:27.036+0300] {logging_mixin.py:149} INFO - [2023-06-07T17:52:27.036+0300] {dag.py:2726} INFO - Sync 1 DAGs
[2023-06-07T17:52:27.059+0300] {logging_mixin.py:149} INFO - [2023-06-07T17:52:27.059+0300] {dag.py:3486} INFO - Setting next_dagrun for sample_dag to 2023-06-07T00:00:00+00:00, run_after=2023-06-08T00:00:00+00:00
[2023-06-07T17:52:27.087+0300] {processor.py:179} INFO - Processing /home/mutwiri/airflow/dags/logical_date.py took 0.115 seconds
[2023-06-07T17:52:57.374+0300] {processor.py:157} INFO - Started process (PID=24628) to work on /home/mutwiri/airflow/dags/logical_date.py
[2023-06-07T17:52:57.375+0300] {processor.py:826} INFO - Processing file /home/mutwiri/airflow/dags/logical_date.py for tasks to queue
[2023-06-07T17:52:57.376+0300] {logging_mixin.py:149} INFO - [2023-06-07T17:52:57.376+0300] {dagbag.py:541} INFO - Filling up the DagBag from /home/mutwiri/airflow/dags/logical_date.py
[2023-06-07T17:52:57.387+0300] {processor.py:836} INFO - DAG(s) dict_keys(['sample_dag']) retrieved from /home/mutwiri/airflow/dags/logical_date.py
[2023-06-07T17:52:57.428+0300] {logging_mixin.py:149} INFO - [2023-06-07T17:52:57.427+0300] {dag.py:2726} INFO - Sync 1 DAGs
[2023-06-07T17:52:57.451+0300] {logging_mixin.py:149} INFO - [2023-06-07T17:52:57.451+0300] {dag.py:3486} INFO - Setting next_dagrun for sample_dag to 2023-06-07T00:00:00+00:00, run_after=2023-06-08T00:00:00+00:00
[2023-06-07T17:52:57.486+0300] {processor.py:179} INFO - Processing /home/mutwiri/airflow/dags/logical_date.py took 0.118 seconds
[2023-06-07T17:53:27.770+0300] {processor.py:157} INFO - Started process (PID=24655) to work on /home/mutwiri/airflow/dags/logical_date.py
[2023-06-07T17:53:27.791+0300] {processor.py:826} INFO - Processing file /home/mutwiri/airflow/dags/logical_date.py for tasks to queue
[2023-06-07T17:53:27.793+0300] {logging_mixin.py:149} INFO - [2023-06-07T17:53:27.793+0300] {dagbag.py:541} INFO - Filling up the DagBag from /home/mutwiri/airflow/dags/logical_date.py
[2023-06-07T17:53:27.828+0300] {processor.py:836} INFO - DAG(s) dict_keys(['sample_dag']) retrieved from /home/mutwiri/airflow/dags/logical_date.py
[2023-06-07T17:53:27.927+0300] {logging_mixin.py:149} INFO - [2023-06-07T17:53:27.927+0300] {dag.py:2726} INFO - Sync 1 DAGs
[2023-06-07T17:53:27.968+0300] {logging_mixin.py:149} INFO - [2023-06-07T17:53:27.968+0300] {dag.py:3486} INFO - Setting next_dagrun for sample_dag to 2023-06-07T00:00:00+00:00, run_after=2023-06-08T00:00:00+00:00
[2023-06-07T17:53:28.013+0300] {processor.py:179} INFO - Processing /home/mutwiri/airflow/dags/logical_date.py took 0.256 seconds
[2023-06-07T17:53:58.155+0300] {processor.py:157} INFO - Started process (PID=24675) to work on /home/mutwiri/airflow/dags/logical_date.py
[2023-06-07T17:53:58.157+0300] {processor.py:826} INFO - Processing file /home/mutwiri/airflow/dags/logical_date.py for tasks to queue
[2023-06-07T17:53:58.158+0300] {logging_mixin.py:149} INFO - [2023-06-07T17:53:58.158+0300] {dagbag.py:541} INFO - Filling up the DagBag from /home/mutwiri/airflow/dags/logical_date.py
[2023-06-07T17:53:58.173+0300] {processor.py:836} INFO - DAG(s) dict_keys(['sample_dag']) retrieved from /home/mutwiri/airflow/dags/logical_date.py
[2023-06-07T17:53:58.211+0300] {logging_mixin.py:149} INFO - [2023-06-07T17:53:58.211+0300] {dag.py:2726} INFO - Sync 1 DAGs
[2023-06-07T17:53:58.235+0300] {logging_mixin.py:149} INFO - [2023-06-07T17:53:58.235+0300] {dag.py:3486} INFO - Setting next_dagrun for sample_dag to 2023-06-07T00:00:00+00:00, run_after=2023-06-08T00:00:00+00:00
[2023-06-07T17:53:58.272+0300] {processor.py:179} INFO - Processing /home/mutwiri/airflow/dags/logical_date.py took 0.125 seconds
[2023-06-07T17:54:28.523+0300] {processor.py:157} INFO - Started process (PID=24696) to work on /home/mutwiri/airflow/dags/logical_date.py
[2023-06-07T17:54:28.543+0300] {processor.py:826} INFO - Processing file /home/mutwiri/airflow/dags/logical_date.py for tasks to queue
[2023-06-07T17:54:28.544+0300] {logging_mixin.py:149} INFO - [2023-06-07T17:54:28.544+0300] {dagbag.py:541} INFO - Filling up the DagBag from /home/mutwiri/airflow/dags/logical_date.py
[2023-06-07T17:54:28.556+0300] {processor.py:836} INFO - DAG(s) dict_keys(['sample_dag']) retrieved from /home/mutwiri/airflow/dags/logical_date.py
[2023-06-07T17:54:28.596+0300] {logging_mixin.py:149} INFO - [2023-06-07T17:54:28.596+0300] {dag.py:2726} INFO - Sync 1 DAGs
[2023-06-07T17:54:28.621+0300] {logging_mixin.py:149} INFO - [2023-06-07T17:54:28.621+0300] {dag.py:3486} INFO - Setting next_dagrun for sample_dag to 2023-06-07T00:00:00+00:00, run_after=2023-06-08T00:00:00+00:00
[2023-06-07T17:54:28.649+0300] {processor.py:179} INFO - Processing /home/mutwiri/airflow/dags/logical_date.py took 0.130 seconds
[2023-06-07T17:54:58.914+0300] {processor.py:157} INFO - Started process (PID=24716) to work on /home/mutwiri/airflow/dags/logical_date.py
[2023-06-07T17:54:58.954+0300] {processor.py:826} INFO - Processing file /home/mutwiri/airflow/dags/logical_date.py for tasks to queue
[2023-06-07T17:54:58.955+0300] {logging_mixin.py:149} INFO - [2023-06-07T17:54:58.955+0300] {dagbag.py:541} INFO - Filling up the DagBag from /home/mutwiri/airflow/dags/logical_date.py
[2023-06-07T17:54:58.980+0300] {processor.py:836} INFO - DAG(s) dict_keys(['sample_dag']) retrieved from /home/mutwiri/airflow/dags/logical_date.py
[2023-06-07T17:54:59.041+0300] {logging_mixin.py:149} INFO - [2023-06-07T17:54:59.041+0300] {dag.py:2726} INFO - Sync 1 DAGs
[2023-06-07T17:54:59.071+0300] {logging_mixin.py:149} INFO - [2023-06-07T17:54:59.071+0300] {dag.py:3486} INFO - Setting next_dagrun for sample_dag to 2023-06-07T00:00:00+00:00, run_after=2023-06-08T00:00:00+00:00
[2023-06-07T17:54:59.104+0300] {processor.py:179} INFO - Processing /home/mutwiri/airflow/dags/logical_date.py took 0.206 seconds
[2023-06-07T17:55:29.357+0300] {processor.py:157} INFO - Started process (PID=24742) to work on /home/mutwiri/airflow/dags/logical_date.py
[2023-06-07T17:55:29.374+0300] {processor.py:826} INFO - Processing file /home/mutwiri/airflow/dags/logical_date.py for tasks to queue
[2023-06-07T17:55:29.377+0300] {logging_mixin.py:149} INFO - [2023-06-07T17:55:29.376+0300] {dagbag.py:541} INFO - Filling up the DagBag from /home/mutwiri/airflow/dags/logical_date.py
[2023-06-07T17:55:29.402+0300] {processor.py:836} INFO - DAG(s) dict_keys(['sample_dag']) retrieved from /home/mutwiri/airflow/dags/logical_date.py
[2023-06-07T17:55:29.465+0300] {logging_mixin.py:149} INFO - [2023-06-07T17:55:29.465+0300] {dag.py:2726} INFO - Sync 1 DAGs
[2023-06-07T17:55:29.492+0300] {logging_mixin.py:149} INFO - [2023-06-07T17:55:29.492+0300] {dag.py:3486} INFO - Setting next_dagrun for sample_dag to 2023-06-07T00:00:00+00:00, run_after=2023-06-08T00:00:00+00:00
[2023-06-07T17:55:29.525+0300] {processor.py:179} INFO - Processing /home/mutwiri/airflow/dags/logical_date.py took 0.181 seconds
[2023-06-07T17:55:59.818+0300] {processor.py:157} INFO - Started process (PID=24828) to work on /home/mutwiri/airflow/dags/logical_date.py
[2023-06-07T17:55:59.829+0300] {processor.py:826} INFO - Processing file /home/mutwiri/airflow/dags/logical_date.py for tasks to queue
[2023-06-07T17:55:59.833+0300] {logging_mixin.py:149} INFO - [2023-06-07T17:55:59.832+0300] {dagbag.py:541} INFO - Filling up the DagBag from /home/mutwiri/airflow/dags/logical_date.py
[2023-06-07T17:55:59.879+0300] {processor.py:836} INFO - DAG(s) dict_keys(['sample_dag']) retrieved from /home/mutwiri/airflow/dags/logical_date.py
[2023-06-07T17:55:59.947+0300] {logging_mixin.py:149} INFO - [2023-06-07T17:55:59.947+0300] {dag.py:2726} INFO - Sync 1 DAGs
[2023-06-07T17:55:59.983+0300] {logging_mixin.py:149} INFO - [2023-06-07T17:55:59.983+0300] {dag.py:3486} INFO - Setting next_dagrun for sample_dag to 2023-06-07T00:00:00+00:00, run_after=2023-06-08T00:00:00+00:00
[2023-06-07T17:56:00.014+0300] {processor.py:179} INFO - Processing /home/mutwiri/airflow/dags/logical_date.py took 0.211 seconds
[2023-06-07T17:56:09.108+0300] {processor.py:157} INFO - Started process (PID=24901) to work on /home/mutwiri/airflow/dags/logical_date.py
[2023-06-07T17:56:09.109+0300] {processor.py:826} INFO - Processing file /home/mutwiri/airflow/dags/logical_date.py for tasks to queue
[2023-06-07T17:56:09.110+0300] {logging_mixin.py:149} INFO - [2023-06-07T17:56:09.110+0300] {dagbag.py:541} INFO - Filling up the DagBag from /home/mutwiri/airflow/dags/logical_date.py
[2023-06-07T17:56:09.124+0300] {processor.py:836} INFO - DAG(s) dict_keys(['sample_dag']) retrieved from /home/mutwiri/airflow/dags/logical_date.py
[2023-06-07T17:56:09.166+0300] {logging_mixin.py:149} INFO - [2023-06-07T17:56:09.166+0300] {dag.py:2726} INFO - Sync 1 DAGs
[2023-06-07T17:56:09.198+0300] {logging_mixin.py:149} INFO - [2023-06-07T17:56:09.198+0300] {dag.py:3486} INFO - Setting next_dagrun for sample_dag to 2023-06-07T00:00:00+00:00, run_after=2023-06-08T00:00:00+00:00
[2023-06-07T17:56:09.273+0300] {processor.py:179} INFO - Processing /home/mutwiri/airflow/dags/logical_date.py took 0.171 seconds
[2023-06-07T17:56:39.372+0300] {processor.py:157} INFO - Started process (PID=24978) to work on /home/mutwiri/airflow/dags/logical_date.py
[2023-06-07T17:56:39.405+0300] {processor.py:826} INFO - Processing file /home/mutwiri/airflow/dags/logical_date.py for tasks to queue
[2023-06-07T17:56:39.406+0300] {logging_mixin.py:149} INFO - [2023-06-07T17:56:39.406+0300] {dagbag.py:541} INFO - Filling up the DagBag from /home/mutwiri/airflow/dags/logical_date.py
[2023-06-07T17:56:39.425+0300] {processor.py:836} INFO - DAG(s) dict_keys(['sample_dag']) retrieved from /home/mutwiri/airflow/dags/logical_date.py
[2023-06-07T17:56:39.483+0300] {logging_mixin.py:149} INFO - [2023-06-07T17:56:39.483+0300] {dag.py:2726} INFO - Sync 1 DAGs
[2023-06-07T17:56:39.549+0300] {logging_mixin.py:149} INFO - [2023-06-07T17:56:39.548+0300] {dag.py:3486} INFO - Setting next_dagrun for sample_dag to 2023-06-07T00:00:00+00:00, run_after=2023-06-08T00:00:00+00:00
[2023-06-07T17:56:39.610+0300] {processor.py:179} INFO - Processing /home/mutwiri/airflow/dags/logical_date.py took 0.247 seconds
[2023-06-07T17:57:10.168+0300] {processor.py:157} INFO - Started process (PID=25172) to work on /home/mutwiri/airflow/dags/logical_date.py
[2023-06-07T17:57:10.180+0300] {processor.py:826} INFO - Processing file /home/mutwiri/airflow/dags/logical_date.py for tasks to queue
[2023-06-07T17:57:10.180+0300] {logging_mixin.py:149} INFO - [2023-06-07T17:57:10.180+0300] {dagbag.py:541} INFO - Filling up the DagBag from /home/mutwiri/airflow/dags/logical_date.py
[2023-06-07T17:57:10.193+0300] {processor.py:836} INFO - DAG(s) dict_keys(['sample_dag']) retrieved from /home/mutwiri/airflow/dags/logical_date.py
[2023-06-07T17:57:10.244+0300] {logging_mixin.py:149} INFO - [2023-06-07T17:57:10.244+0300] {dag.py:2726} INFO - Sync 1 DAGs
[2023-06-07T17:57:10.286+0300] {logging_mixin.py:149} INFO - [2023-06-07T17:57:10.286+0300] {dag.py:3486} INFO - Setting next_dagrun for sample_dag to 2023-06-07T00:00:00+00:00, run_after=2023-06-08T00:00:00+00:00
[2023-06-07T17:57:10.321+0300] {processor.py:179} INFO - Processing /home/mutwiri/airflow/dags/logical_date.py took 0.156 seconds
[2023-06-07T17:57:40.675+0300] {processor.py:157} INFO - Started process (PID=25707) to work on /home/mutwiri/airflow/dags/logical_date.py
[2023-06-07T17:57:40.698+0300] {processor.py:826} INFO - Processing file /home/mutwiri/airflow/dags/logical_date.py for tasks to queue
[2023-06-07T17:57:40.699+0300] {logging_mixin.py:149} INFO - [2023-06-07T17:57:40.698+0300] {dagbag.py:541} INFO - Filling up the DagBag from /home/mutwiri/airflow/dags/logical_date.py
[2023-06-07T17:57:40.741+0300] {processor.py:836} INFO - DAG(s) dict_keys(['sample_dag']) retrieved from /home/mutwiri/airflow/dags/logical_date.py
[2023-06-07T17:57:40.912+0300] {logging_mixin.py:149} INFO - [2023-06-07T17:57:40.912+0300] {dag.py:2726} INFO - Sync 1 DAGs
[2023-06-07T17:57:41.025+0300] {logging_mixin.py:149} INFO - [2023-06-07T17:57:41.024+0300] {dag.py:3486} INFO - Setting next_dagrun for sample_dag to 2023-06-07T00:00:00+00:00, run_after=2023-06-08T00:00:00+00:00
[2023-06-07T17:57:41.102+0300] {processor.py:179} INFO - Processing /home/mutwiri/airflow/dags/logical_date.py took 0.433 seconds
[2023-06-07T17:58:11.182+0300] {processor.py:157} INFO - Started process (PID=27738) to work on /home/mutwiri/airflow/dags/logical_date.py
[2023-06-07T17:58:11.200+0300] {processor.py:826} INFO - Processing file /home/mutwiri/airflow/dags/logical_date.py for tasks to queue
[2023-06-07T17:58:11.201+0300] {logging_mixin.py:149} INFO - [2023-06-07T17:58:11.201+0300] {dagbag.py:541} INFO - Filling up the DagBag from /home/mutwiri/airflow/dags/logical_date.py
[2023-06-07T17:58:11.215+0300] {processor.py:836} INFO - DAG(s) dict_keys(['sample_dag']) retrieved from /home/mutwiri/airflow/dags/logical_date.py
[2023-06-07T17:58:11.271+0300] {logging_mixin.py:149} INFO - [2023-06-07T17:58:11.271+0300] {dag.py:2726} INFO - Sync 1 DAGs
[2023-06-07T17:58:11.302+0300] {logging_mixin.py:149} INFO - [2023-06-07T17:58:11.301+0300] {dag.py:3486} INFO - Setting next_dagrun for sample_dag to 2023-06-07T00:00:00+00:00, run_after=2023-06-08T00:00:00+00:00
[2023-06-07T17:58:11.327+0300] {processor.py:179} INFO - Processing /home/mutwiri/airflow/dags/logical_date.py took 0.152 seconds
[2023-06-07T17:58:41.744+0300] {processor.py:157} INFO - Started process (PID=29694) to work on /home/mutwiri/airflow/dags/logical_date.py
[2023-06-07T17:58:41.745+0300] {processor.py:826} INFO - Processing file /home/mutwiri/airflow/dags/logical_date.py for tasks to queue
[2023-06-07T17:58:41.745+0300] {logging_mixin.py:149} INFO - [2023-06-07T17:58:41.745+0300] {dagbag.py:541} INFO - Filling up the DagBag from /home/mutwiri/airflow/dags/logical_date.py
[2023-06-07T17:58:41.759+0300] {processor.py:836} INFO - DAG(s) dict_keys(['sample_dag']) retrieved from /home/mutwiri/airflow/dags/logical_date.py
[2023-06-07T17:58:41.809+0300] {logging_mixin.py:149} INFO - [2023-06-07T17:58:41.809+0300] {dag.py:2726} INFO - Sync 1 DAGs
[2023-06-07T17:58:41.841+0300] {logging_mixin.py:149} INFO - [2023-06-07T17:58:41.841+0300] {dag.py:3486} INFO - Setting next_dagrun for sample_dag to 2023-06-07T00:00:00+00:00, run_after=2023-06-08T00:00:00+00:00
[2023-06-07T17:58:41.890+0300] {processor.py:179} INFO - Processing /home/mutwiri/airflow/dags/logical_date.py took 0.155 seconds
[2023-06-07T17:59:12.476+0300] {processor.py:157} INFO - Started process (PID=31620) to work on /home/mutwiri/airflow/dags/logical_date.py
[2023-06-07T17:59:12.479+0300] {processor.py:826} INFO - Processing file /home/mutwiri/airflow/dags/logical_date.py for tasks to queue
[2023-06-07T17:59:12.481+0300] {logging_mixin.py:149} INFO - [2023-06-07T17:59:12.480+0300] {dagbag.py:541} INFO - Filling up the DagBag from /home/mutwiri/airflow/dags/logical_date.py
[2023-06-07T17:59:12.505+0300] {processor.py:836} INFO - DAG(s) dict_keys(['sample_dag']) retrieved from /home/mutwiri/airflow/dags/logical_date.py
[2023-06-07T17:59:12.549+0300] {logging_mixin.py:149} INFO - [2023-06-07T17:59:12.549+0300] {dag.py:2726} INFO - Sync 1 DAGs
[2023-06-07T17:59:12.577+0300] {logging_mixin.py:149} INFO - [2023-06-07T17:59:12.577+0300] {dag.py:3486} INFO - Setting next_dagrun for sample_dag to 2023-06-07T00:00:00+00:00, run_after=2023-06-08T00:00:00+00:00
[2023-06-07T17:59:12.638+0300] {processor.py:179} INFO - Processing /home/mutwiri/airflow/dags/logical_date.py took 0.174 seconds
[2023-06-07T17:59:42.914+0300] {processor.py:157} INFO - Started process (PID=32187) to work on /home/mutwiri/airflow/dags/logical_date.py
[2023-06-07T17:59:42.927+0300] {processor.py:826} INFO - Processing file /home/mutwiri/airflow/dags/logical_date.py for tasks to queue
[2023-06-07T17:59:42.928+0300] {logging_mixin.py:149} INFO - [2023-06-07T17:59:42.927+0300] {dagbag.py:541} INFO - Filling up the DagBag from /home/mutwiri/airflow/dags/logical_date.py
[2023-06-07T17:59:42.940+0300] {processor.py:836} INFO - DAG(s) dict_keys(['sample_dag']) retrieved from /home/mutwiri/airflow/dags/logical_date.py
[2023-06-07T17:59:42.984+0300] {logging_mixin.py:149} INFO - [2023-06-07T17:59:42.984+0300] {dag.py:2726} INFO - Sync 1 DAGs
[2023-06-07T17:59:43.015+0300] {logging_mixin.py:149} INFO - [2023-06-07T17:59:43.014+0300] {dag.py:3486} INFO - Setting next_dagrun for sample_dag to 2023-06-07T00:00:00+00:00, run_after=2023-06-08T00:00:00+00:00
[2023-06-07T17:59:43.059+0300] {processor.py:179} INFO - Processing /home/mutwiri/airflow/dags/logical_date.py took 0.152 seconds
[2023-06-07T18:00:13.327+0300] {processor.py:157} INFO - Started process (PID=32784) to work on /home/mutwiri/airflow/dags/logical_date.py
[2023-06-07T18:00:13.328+0300] {processor.py:826} INFO - Processing file /home/mutwiri/airflow/dags/logical_date.py for tasks to queue
[2023-06-07T18:00:13.329+0300] {logging_mixin.py:149} INFO - [2023-06-07T18:00:13.329+0300] {dagbag.py:541} INFO - Filling up the DagBag from /home/mutwiri/airflow/dags/logical_date.py
[2023-06-07T18:00:13.341+0300] {processor.py:836} INFO - DAG(s) dict_keys(['sample_dag']) retrieved from /home/mutwiri/airflow/dags/logical_date.py
[2023-06-07T18:00:13.382+0300] {logging_mixin.py:149} INFO - [2023-06-07T18:00:13.382+0300] {dag.py:2726} INFO - Sync 1 DAGs
[2023-06-07T18:00:13.412+0300] {logging_mixin.py:149} INFO - [2023-06-07T18:00:13.412+0300] {dag.py:3486} INFO - Setting next_dagrun for sample_dag to 2023-06-07T00:00:00+00:00, run_after=2023-06-08T00:00:00+00:00
[2023-06-07T18:00:13.450+0300] {processor.py:179} INFO - Processing /home/mutwiri/airflow/dags/logical_date.py took 0.130 seconds
[2023-06-07T18:00:43.755+0300] {processor.py:157} INFO - Started process (PID=33346) to work on /home/mutwiri/airflow/dags/logical_date.py
[2023-06-07T18:00:43.757+0300] {processor.py:826} INFO - Processing file /home/mutwiri/airflow/dags/logical_date.py for tasks to queue
[2023-06-07T18:00:43.758+0300] {logging_mixin.py:149} INFO - [2023-06-07T18:00:43.757+0300] {dagbag.py:541} INFO - Filling up the DagBag from /home/mutwiri/airflow/dags/logical_date.py
[2023-06-07T18:00:43.770+0300] {processor.py:836} INFO - DAG(s) dict_keys(['sample_dag']) retrieved from /home/mutwiri/airflow/dags/logical_date.py
[2023-06-07T18:00:43.820+0300] {logging_mixin.py:149} INFO - [2023-06-07T18:00:43.820+0300] {dag.py:2726} INFO - Sync 1 DAGs
[2023-06-07T18:00:43.854+0300] {logging_mixin.py:149} INFO - [2023-06-07T18:00:43.853+0300] {dag.py:3486} INFO - Setting next_dagrun for sample_dag to 2023-06-07T00:00:00+00:00, run_after=2023-06-08T00:00:00+00:00
[2023-06-07T18:00:43.894+0300] {processor.py:179} INFO - Processing /home/mutwiri/airflow/dags/logical_date.py took 0.147 seconds
[2023-06-07T18:01:14.226+0300] {processor.py:157} INFO - Started process (PID=33595) to work on /home/mutwiri/airflow/dags/logical_date.py
[2023-06-07T18:01:14.254+0300] {processor.py:826} INFO - Processing file /home/mutwiri/airflow/dags/logical_date.py for tasks to queue
[2023-06-07T18:01:14.255+0300] {logging_mixin.py:149} INFO - [2023-06-07T18:01:14.255+0300] {dagbag.py:541} INFO - Filling up the DagBag from /home/mutwiri/airflow/dags/logical_date.py
[2023-06-07T18:01:14.280+0300] {processor.py:836} INFO - DAG(s) dict_keys(['sample_dag']) retrieved from /home/mutwiri/airflow/dags/logical_date.py
[2023-06-07T18:01:14.349+0300] {logging_mixin.py:149} INFO - [2023-06-07T18:01:14.349+0300] {dag.py:2726} INFO - Sync 1 DAGs
[2023-06-07T18:01:14.379+0300] {logging_mixin.py:149} INFO - [2023-06-07T18:01:14.379+0300] {dag.py:3486} INFO - Setting next_dagrun for sample_dag to 2023-06-07T00:00:00+00:00, run_after=2023-06-08T00:00:00+00:00
[2023-06-07T18:01:14.418+0300] {processor.py:179} INFO - Processing /home/mutwiri/airflow/dags/logical_date.py took 0.197 seconds
[2023-06-07T18:01:44.751+0300] {processor.py:157} INFO - Started process (PID=33841) to work on /home/mutwiri/airflow/dags/logical_date.py
[2023-06-07T18:01:44.762+0300] {processor.py:826} INFO - Processing file /home/mutwiri/airflow/dags/logical_date.py for tasks to queue
[2023-06-07T18:01:44.764+0300] {logging_mixin.py:149} INFO - [2023-06-07T18:01:44.763+0300] {dagbag.py:541} INFO - Filling up the DagBag from /home/mutwiri/airflow/dags/logical_date.py
[2023-06-07T18:01:44.779+0300] {processor.py:836} INFO - DAG(s) dict_keys(['sample_dag']) retrieved from /home/mutwiri/airflow/dags/logical_date.py
[2023-06-07T18:01:44.828+0300] {logging_mixin.py:149} INFO - [2023-06-07T18:01:44.828+0300] {dag.py:2726} INFO - Sync 1 DAGs
[2023-06-07T18:01:44.866+0300] {logging_mixin.py:149} INFO - [2023-06-07T18:01:44.866+0300] {dag.py:3486} INFO - Setting next_dagrun for sample_dag to 2023-06-07T00:00:00+00:00, run_after=2023-06-08T00:00:00+00:00
[2023-06-07T18:01:44.907+0300] {processor.py:179} INFO - Processing /home/mutwiri/airflow/dags/logical_date.py took 0.161 seconds
[2023-06-07T18:02:15.337+0300] {processor.py:157} INFO - Started process (PID=34104) to work on /home/mutwiri/airflow/dags/logical_date.py
[2023-06-07T18:02:15.338+0300] {processor.py:826} INFO - Processing file /home/mutwiri/airflow/dags/logical_date.py for tasks to queue
[2023-06-07T18:02:15.339+0300] {logging_mixin.py:149} INFO - [2023-06-07T18:02:15.339+0300] {dagbag.py:541} INFO - Filling up the DagBag from /home/mutwiri/airflow/dags/logical_date.py
[2023-06-07T18:02:15.352+0300] {processor.py:836} INFO - DAG(s) dict_keys(['sample_dag']) retrieved from /home/mutwiri/airflow/dags/logical_date.py
[2023-06-07T18:02:15.399+0300] {logging_mixin.py:149} INFO - [2023-06-07T18:02:15.398+0300] {dag.py:2726} INFO - Sync 1 DAGs
[2023-06-07T18:02:15.434+0300] {logging_mixin.py:149} INFO - [2023-06-07T18:02:15.433+0300] {dag.py:3486} INFO - Setting next_dagrun for sample_dag to 2023-06-07T00:00:00+00:00, run_after=2023-06-08T00:00:00+00:00
[2023-06-07T18:02:15.459+0300] {processor.py:179} INFO - Processing /home/mutwiri/airflow/dags/logical_date.py took 0.127 seconds
[2023-06-07T18:02:45.793+0300] {processor.py:157} INFO - Started process (PID=34511) to work on /home/mutwiri/airflow/dags/logical_date.py
[2023-06-07T18:02:45.810+0300] {processor.py:826} INFO - Processing file /home/mutwiri/airflow/dags/logical_date.py for tasks to queue
[2023-06-07T18:02:45.820+0300] {logging_mixin.py:149} INFO - [2023-06-07T18:02:45.819+0300] {dagbag.py:541} INFO - Filling up the DagBag from /home/mutwiri/airflow/dags/logical_date.py
[2023-06-07T18:02:45.866+0300] {processor.py:836} INFO - DAG(s) dict_keys(['sample_dag']) retrieved from /home/mutwiri/airflow/dags/logical_date.py
[2023-06-07T18:02:45.928+0300] {logging_mixin.py:149} INFO - [2023-06-07T18:02:45.927+0300] {dag.py:2726} INFO - Sync 1 DAGs
[2023-06-07T18:02:45.954+0300] {logging_mixin.py:149} INFO - [2023-06-07T18:02:45.954+0300] {dag.py:3486} INFO - Setting next_dagrun for sample_dag to 2023-06-07T00:00:00+00:00, run_after=2023-06-08T00:00:00+00:00
[2023-06-07T18:02:45.995+0300] {processor.py:179} INFO - Processing /home/mutwiri/airflow/dags/logical_date.py took 0.215 seconds
[2023-06-07T18:03:16.251+0300] {processor.py:157} INFO - Started process (PID=34775) to work on /home/mutwiri/airflow/dags/logical_date.py
[2023-06-07T18:03:16.253+0300] {processor.py:826} INFO - Processing file /home/mutwiri/airflow/dags/logical_date.py for tasks to queue
[2023-06-07T18:03:16.254+0300] {logging_mixin.py:149} INFO - [2023-06-07T18:03:16.254+0300] {dagbag.py:541} INFO - Filling up the DagBag from /home/mutwiri/airflow/dags/logical_date.py
[2023-06-07T18:03:16.271+0300] {processor.py:836} INFO - DAG(s) dict_keys(['sample_dag']) retrieved from /home/mutwiri/airflow/dags/logical_date.py
[2023-06-07T18:03:16.321+0300] {logging_mixin.py:149} INFO - [2023-06-07T18:03:16.321+0300] {dag.py:2726} INFO - Sync 1 DAGs
[2023-06-07T18:03:16.359+0300] {logging_mixin.py:149} INFO - [2023-06-07T18:03:16.359+0300] {dag.py:3486} INFO - Setting next_dagrun for sample_dag to 2023-06-07T00:00:00+00:00, run_after=2023-06-08T00:00:00+00:00
[2023-06-07T18:03:16.396+0300] {processor.py:179} INFO - Processing /home/mutwiri/airflow/dags/logical_date.py took 0.152 seconds
[2023-06-07T18:03:46.721+0300] {processor.py:157} INFO - Started process (PID=35025) to work on /home/mutwiri/airflow/dags/logical_date.py
[2023-06-07T18:03:46.723+0300] {processor.py:826} INFO - Processing file /home/mutwiri/airflow/dags/logical_date.py for tasks to queue
[2023-06-07T18:03:46.723+0300] {logging_mixin.py:149} INFO - [2023-06-07T18:03:46.723+0300] {dagbag.py:541} INFO - Filling up the DagBag from /home/mutwiri/airflow/dags/logical_date.py
[2023-06-07T18:03:46.736+0300] {processor.py:836} INFO - DAG(s) dict_keys(['sample_dag']) retrieved from /home/mutwiri/airflow/dags/logical_date.py
[2023-06-07T18:03:46.786+0300] {logging_mixin.py:149} INFO - [2023-06-07T18:03:46.785+0300] {dag.py:2726} INFO - Sync 1 DAGs
[2023-06-07T18:03:46.827+0300] {logging_mixin.py:149} INFO - [2023-06-07T18:03:46.827+0300] {dag.py:3486} INFO - Setting next_dagrun for sample_dag to 2023-06-07T00:00:00+00:00, run_after=2023-06-08T00:00:00+00:00
[2023-06-07T18:03:46.861+0300] {processor.py:179} INFO - Processing /home/mutwiri/airflow/dags/logical_date.py took 0.145 seconds
[2023-06-07T18:04:17.288+0300] {processor.py:157} INFO - Started process (PID=35819) to work on /home/mutwiri/airflow/dags/logical_date.py
[2023-06-07T18:04:17.303+0300] {processor.py:826} INFO - Processing file /home/mutwiri/airflow/dags/logical_date.py for tasks to queue
[2023-06-07T18:04:17.305+0300] {logging_mixin.py:149} INFO - [2023-06-07T18:04:17.304+0300] {dagbag.py:541} INFO - Filling up the DagBag from /home/mutwiri/airflow/dags/logical_date.py
[2023-06-07T18:04:17.318+0300] {processor.py:836} INFO - DAG(s) dict_keys(['sample_dag']) retrieved from /home/mutwiri/airflow/dags/logical_date.py
[2023-06-07T18:04:17.366+0300] {logging_mixin.py:149} INFO - [2023-06-07T18:04:17.366+0300] {dag.py:2726} INFO - Sync 1 DAGs
[2023-06-07T18:04:17.399+0300] {logging_mixin.py:149} INFO - [2023-06-07T18:04:17.399+0300] {dag.py:3486} INFO - Setting next_dagrun for sample_dag to 2023-06-07T00:00:00+00:00, run_after=2023-06-08T00:00:00+00:00
[2023-06-07T18:04:17.429+0300] {processor.py:179} INFO - Processing /home/mutwiri/airflow/dags/logical_date.py took 0.145 seconds
[2023-06-07T18:04:47.829+0300] {processor.py:157} INFO - Started process (PID=36443) to work on /home/mutwiri/airflow/dags/logical_date.py
[2023-06-07T18:04:47.831+0300] {processor.py:826} INFO - Processing file /home/mutwiri/airflow/dags/logical_date.py for tasks to queue
[2023-06-07T18:04:47.831+0300] {logging_mixin.py:149} INFO - [2023-06-07T18:04:47.831+0300] {dagbag.py:541} INFO - Filling up the DagBag from /home/mutwiri/airflow/dags/logical_date.py
[2023-06-07T18:04:47.845+0300] {processor.py:836} INFO - DAG(s) dict_keys(['sample_dag']) retrieved from /home/mutwiri/airflow/dags/logical_date.py
[2023-06-07T18:04:47.885+0300] {logging_mixin.py:149} INFO - [2023-06-07T18:04:47.885+0300] {dag.py:2726} INFO - Sync 1 DAGs
[2023-06-07T18:04:47.913+0300] {logging_mixin.py:149} INFO - [2023-06-07T18:04:47.913+0300] {dag.py:3486} INFO - Setting next_dagrun for sample_dag to 2023-06-07T00:00:00+00:00, run_after=2023-06-08T00:00:00+00:00
[2023-06-07T18:04:47.940+0300] {processor.py:179} INFO - Processing /home/mutwiri/airflow/dags/logical_date.py took 0.121 seconds
[2023-06-07T18:05:18.340+0300] {processor.py:157} INFO - Started process (PID=36908) to work on /home/mutwiri/airflow/dags/logical_date.py
[2023-06-07T18:05:18.357+0300] {processor.py:826} INFO - Processing file /home/mutwiri/airflow/dags/logical_date.py for tasks to queue
[2023-06-07T18:05:18.357+0300] {logging_mixin.py:149} INFO - [2023-06-07T18:05:18.357+0300] {dagbag.py:541} INFO - Filling up the DagBag from /home/mutwiri/airflow/dags/logical_date.py
[2023-06-07T18:05:18.369+0300] {processor.py:836} INFO - DAG(s) dict_keys(['sample_dag']) retrieved from /home/mutwiri/airflow/dags/logical_date.py
[2023-06-07T18:05:18.412+0300] {logging_mixin.py:149} INFO - [2023-06-07T18:05:18.412+0300] {dag.py:2726} INFO - Sync 1 DAGs
[2023-06-07T18:05:18.452+0300] {logging_mixin.py:149} INFO - [2023-06-07T18:05:18.451+0300] {dag.py:3486} INFO - Setting next_dagrun for sample_dag to 2023-06-07T00:00:00+00:00, run_after=2023-06-08T00:00:00+00:00
[2023-06-07T18:05:18.484+0300] {processor.py:179} INFO - Processing /home/mutwiri/airflow/dags/logical_date.py took 0.148 seconds
[2023-06-07T18:05:48.760+0300] {processor.py:157} INFO - Started process (PID=37148) to work on /home/mutwiri/airflow/dags/logical_date.py
[2023-06-07T18:05:48.761+0300] {processor.py:826} INFO - Processing file /home/mutwiri/airflow/dags/logical_date.py for tasks to queue
[2023-06-07T18:05:48.762+0300] {logging_mixin.py:149} INFO - [2023-06-07T18:05:48.762+0300] {dagbag.py:541} INFO - Filling up the DagBag from /home/mutwiri/airflow/dags/logical_date.py
[2023-06-07T18:05:48.773+0300] {processor.py:836} INFO - DAG(s) dict_keys(['sample_dag']) retrieved from /home/mutwiri/airflow/dags/logical_date.py
[2023-06-07T18:05:48.821+0300] {logging_mixin.py:149} INFO - [2023-06-07T18:05:48.821+0300] {dag.py:2726} INFO - Sync 1 DAGs
[2023-06-07T18:05:48.850+0300] {logging_mixin.py:149} INFO - [2023-06-07T18:05:48.850+0300] {dag.py:3486} INFO - Setting next_dagrun for sample_dag to 2023-06-07T00:00:00+00:00, run_after=2023-06-08T00:00:00+00:00
[2023-06-07T18:05:48.883+0300] {processor.py:179} INFO - Processing /home/mutwiri/airflow/dags/logical_date.py took 0.128 seconds
[2023-06-07T18:06:19.290+0300] {processor.py:157} INFO - Started process (PID=37387) to work on /home/mutwiri/airflow/dags/logical_date.py
[2023-06-07T18:06:19.307+0300] {processor.py:826} INFO - Processing file /home/mutwiri/airflow/dags/logical_date.py for tasks to queue
[2023-06-07T18:06:19.308+0300] {logging_mixin.py:149} INFO - [2023-06-07T18:06:19.308+0300] {dagbag.py:541} INFO - Filling up the DagBag from /home/mutwiri/airflow/dags/logical_date.py
[2023-06-07T18:06:19.320+0300] {processor.py:836} INFO - DAG(s) dict_keys(['sample_dag']) retrieved from /home/mutwiri/airflow/dags/logical_date.py
[2023-06-07T18:06:19.365+0300] {logging_mixin.py:149} INFO - [2023-06-07T18:06:19.365+0300] {dag.py:2726} INFO - Sync 1 DAGs
[2023-06-07T18:06:19.389+0300] {logging_mixin.py:149} INFO - [2023-06-07T18:06:19.389+0300] {dag.py:3486} INFO - Setting next_dagrun for sample_dag to 2023-06-07T00:00:00+00:00, run_after=2023-06-08T00:00:00+00:00
[2023-06-07T18:06:19.415+0300] {processor.py:179} INFO - Processing /home/mutwiri/airflow/dags/logical_date.py took 0.132 seconds
