[2023-06-07T17:22:14.573+0300] {processor.py:157} INFO - Started process (PID=20684) to work on /home/mutwiri/airflow/dags/space_missions.py
[2023-06-07T17:22:14.575+0300] {processor.py:826} INFO - Processing file /home/mutwiri/airflow/dags/space_missions.py for tasks to queue
[2023-06-07T17:22:14.576+0300] {logging_mixin.py:149} INFO - [2023-06-07T17:22:14.576+0300] {dagbag.py:541} INFO - Filling up the DagBag from /home/mutwiri/airflow/dags/space_missions.py
[2023-06-07T17:22:14.685+0300] {processor.py:836} INFO - DAG(s) dict_keys(['space_missions']) retrieved from /home/mutwiri/airflow/dags/space_missions.py
[2023-06-07T17:22:14.818+0300] {logging_mixin.py:149} INFO - [2023-06-07T17:22:14.817+0300] {dag.py:2726} INFO - Sync 1 DAGs
[2023-06-07T17:22:14.936+0300] {processor.py:179} INFO - Processing /home/mutwiri/airflow/dags/space_missions.py took 0.368 seconds
[2023-06-07T17:22:45.152+0300] {processor.py:157} INFO - Started process (PID=20958) to work on /home/mutwiri/airflow/dags/space_missions.py
[2023-06-07T17:22:45.153+0300] {processor.py:826} INFO - Processing file /home/mutwiri/airflow/dags/space_missions.py for tasks to queue
[2023-06-07T17:22:45.154+0300] {logging_mixin.py:149} INFO - [2023-06-07T17:22:45.154+0300] {dagbag.py:541} INFO - Filling up the DagBag from /home/mutwiri/airflow/dags/space_missions.py
[2023-06-07T17:22:45.169+0300] {processor.py:836} INFO - DAG(s) dict_keys(['space_missions']) retrieved from /home/mutwiri/airflow/dags/space_missions.py
[2023-06-07T17:22:45.209+0300] {logging_mixin.py:149} INFO - [2023-06-07T17:22:45.209+0300] {dag.py:2726} INFO - Sync 1 DAGs
[2023-06-07T17:22:45.268+0300] {processor.py:179} INFO - Processing /home/mutwiri/airflow/dags/space_missions.py took 0.119 seconds
[2023-06-07T17:23:15.383+0300] {processor.py:157} INFO - Started process (PID=20968) to work on /home/mutwiri/airflow/dags/space_missions.py
[2023-06-07T17:23:15.384+0300] {processor.py:826} INFO - Processing file /home/mutwiri/airflow/dags/space_missions.py for tasks to queue
[2023-06-07T17:23:15.384+0300] {logging_mixin.py:149} INFO - [2023-06-07T17:23:15.384+0300] {dagbag.py:541} INFO - Filling up the DagBag from /home/mutwiri/airflow/dags/space_missions.py
[2023-06-07T17:23:15.399+0300] {processor.py:836} INFO - DAG(s) dict_keys(['space_missions']) retrieved from /home/mutwiri/airflow/dags/space_missions.py
[2023-06-07T17:23:15.437+0300] {logging_mixin.py:149} INFO - [2023-06-07T17:23:15.436+0300] {dag.py:2726} INFO - Sync 1 DAGs
[2023-06-07T17:23:15.490+0300] {processor.py:179} INFO - Processing /home/mutwiri/airflow/dags/space_missions.py took 0.111 seconds
[2023-06-07T17:23:45.679+0300] {processor.py:157} INFO - Started process (PID=20976) to work on /home/mutwiri/airflow/dags/space_missions.py
[2023-06-07T17:23:45.700+0300] {processor.py:826} INFO - Processing file /home/mutwiri/airflow/dags/space_missions.py for tasks to queue
[2023-06-07T17:23:45.700+0300] {logging_mixin.py:149} INFO - [2023-06-07T17:23:45.700+0300] {dagbag.py:541} INFO - Filling up the DagBag from /home/mutwiri/airflow/dags/space_missions.py
[2023-06-07T17:23:45.717+0300] {processor.py:836} INFO - DAG(s) dict_keys(['space_missions']) retrieved from /home/mutwiri/airflow/dags/space_missions.py
[2023-06-07T17:23:45.755+0300] {logging_mixin.py:149} INFO - [2023-06-07T17:23:45.755+0300] {dag.py:2726} INFO - Sync 1 DAGs
[2023-06-07T17:23:45.812+0300] {processor.py:179} INFO - Processing /home/mutwiri/airflow/dags/space_missions.py took 0.138 seconds
[2023-06-07T17:24:15.992+0300] {processor.py:157} INFO - Started process (PID=20985) to work on /home/mutwiri/airflow/dags/space_missions.py
[2023-06-07T17:24:15.993+0300] {processor.py:826} INFO - Processing file /home/mutwiri/airflow/dags/space_missions.py for tasks to queue
[2023-06-07T17:24:15.994+0300] {logging_mixin.py:149} INFO - [2023-06-07T17:24:15.993+0300] {dagbag.py:541} INFO - Filling up the DagBag from /home/mutwiri/airflow/dags/space_missions.py
[2023-06-07T17:24:16.009+0300] {processor.py:836} INFO - DAG(s) dict_keys(['space_missions']) retrieved from /home/mutwiri/airflow/dags/space_missions.py
[2023-06-07T17:24:16.049+0300] {logging_mixin.py:149} INFO - [2023-06-07T17:24:16.049+0300] {dag.py:2726} INFO - Sync 1 DAGs
[2023-06-07T17:24:16.205+0300] {processor.py:179} INFO - Processing /home/mutwiri/airflow/dags/space_missions.py took 0.218 seconds
[2023-06-07T17:24:46.309+0300] {processor.py:157} INFO - Started process (PID=20992) to work on /home/mutwiri/airflow/dags/space_missions.py
[2023-06-07T17:24:46.320+0300] {processor.py:826} INFO - Processing file /home/mutwiri/airflow/dags/space_missions.py for tasks to queue
[2023-06-07T17:24:46.321+0300] {logging_mixin.py:149} INFO - [2023-06-07T17:24:46.320+0300] {dagbag.py:541} INFO - Filling up the DagBag from /home/mutwiri/airflow/dags/space_missions.py
[2023-06-07T17:24:46.335+0300] {processor.py:836} INFO - DAG(s) dict_keys(['space_missions']) retrieved from /home/mutwiri/airflow/dags/space_missions.py
[2023-06-07T17:24:46.375+0300] {logging_mixin.py:149} INFO - [2023-06-07T17:24:46.374+0300] {dag.py:2726} INFO - Sync 1 DAGs
[2023-06-07T17:24:46.546+0300] {processor.py:179} INFO - Processing /home/mutwiri/airflow/dags/space_missions.py took 0.242 seconds
[2023-06-07T17:25:16.724+0300] {processor.py:157} INFO - Started process (PID=21004) to work on /home/mutwiri/airflow/dags/space_missions.py
[2023-06-07T17:25:16.725+0300] {processor.py:826} INFO - Processing file /home/mutwiri/airflow/dags/space_missions.py for tasks to queue
[2023-06-07T17:25:16.726+0300] {logging_mixin.py:149} INFO - [2023-06-07T17:25:16.726+0300] {dagbag.py:541} INFO - Filling up the DagBag from /home/mutwiri/airflow/dags/space_missions.py
[2023-06-07T17:25:16.747+0300] {processor.py:836} INFO - DAG(s) dict_keys(['space_missions']) retrieved from /home/mutwiri/airflow/dags/space_missions.py
[2023-06-07T17:25:16.785+0300] {logging_mixin.py:149} INFO - [2023-06-07T17:25:16.785+0300] {dag.py:2726} INFO - Sync 1 DAGs
[2023-06-07T17:25:16.955+0300] {processor.py:179} INFO - Processing /home/mutwiri/airflow/dags/space_missions.py took 0.237 seconds
[2023-06-07T17:25:47.229+0300] {processor.py:157} INFO - Started process (PID=21056) to work on /home/mutwiri/airflow/dags/space_missions.py
[2023-06-07T17:25:47.250+0300] {processor.py:826} INFO - Processing file /home/mutwiri/airflow/dags/space_missions.py for tasks to queue
[2023-06-07T17:25:47.251+0300] {logging_mixin.py:149} INFO - [2023-06-07T17:25:47.251+0300] {dagbag.py:541} INFO - Filling up the DagBag from /home/mutwiri/airflow/dags/space_missions.py
[2023-06-07T17:25:47.275+0300] {processor.py:836} INFO - DAG(s) dict_keys(['space_missions']) retrieved from /home/mutwiri/airflow/dags/space_missions.py
[2023-06-07T17:25:47.422+0300] {logging_mixin.py:149} INFO - [2023-06-07T17:25:47.422+0300] {dag.py:2726} INFO - Sync 1 DAGs
[2023-06-07T17:25:47.487+0300] {processor.py:179} INFO - Processing /home/mutwiri/airflow/dags/space_missions.py took 0.261 seconds
[2023-06-07T17:26:17.738+0300] {processor.py:157} INFO - Started process (PID=21065) to work on /home/mutwiri/airflow/dags/space_missions.py
[2023-06-07T17:26:17.739+0300] {processor.py:826} INFO - Processing file /home/mutwiri/airflow/dags/space_missions.py for tasks to queue
[2023-06-07T17:26:17.740+0300] {logging_mixin.py:149} INFO - [2023-06-07T17:26:17.740+0300] {dagbag.py:541} INFO - Filling up the DagBag from /home/mutwiri/airflow/dags/space_missions.py
[2023-06-07T17:26:17.755+0300] {processor.py:836} INFO - DAG(s) dict_keys(['space_missions']) retrieved from /home/mutwiri/airflow/dags/space_missions.py
[2023-06-07T17:26:17.902+0300] {logging_mixin.py:149} INFO - [2023-06-07T17:26:17.902+0300] {dag.py:2726} INFO - Sync 1 DAGs
[2023-06-07T17:26:17.952+0300] {processor.py:179} INFO - Processing /home/mutwiri/airflow/dags/space_missions.py took 0.218 seconds
[2023-06-07T17:26:47.981+0300] {processor.py:157} INFO - Started process (PID=21096) to work on /home/mutwiri/airflow/dags/space_missions.py
[2023-06-07T17:26:48.003+0300] {processor.py:826} INFO - Processing file /home/mutwiri/airflow/dags/space_missions.py for tasks to queue
[2023-06-07T17:26:48.004+0300] {logging_mixin.py:149} INFO - [2023-06-07T17:26:48.003+0300] {dagbag.py:541} INFO - Filling up the DagBag from /home/mutwiri/airflow/dags/space_missions.py
[2023-06-07T17:26:48.128+0300] {processor.py:836} INFO - DAG(s) dict_keys(['space_missions']) retrieved from /home/mutwiri/airflow/dags/space_missions.py
[2023-06-07T17:26:48.166+0300] {logging_mixin.py:149} INFO - [2023-06-07T17:26:48.166+0300] {dag.py:2726} INFO - Sync 1 DAGs
[2023-06-07T17:26:48.209+0300] {processor.py:179} INFO - Processing /home/mutwiri/airflow/dags/space_missions.py took 0.231 seconds
[2023-06-07T17:27:18.558+0300] {processor.py:157} INFO - Started process (PID=21232) to work on /home/mutwiri/airflow/dags/space_missions.py
[2023-06-07T17:27:18.572+0300] {processor.py:826} INFO - Processing file /home/mutwiri/airflow/dags/space_missions.py for tasks to queue
[2023-06-07T17:27:18.573+0300] {logging_mixin.py:149} INFO - [2023-06-07T17:27:18.573+0300] {dagbag.py:541} INFO - Filling up the DagBag from /home/mutwiri/airflow/dags/space_missions.py
[2023-06-07T17:27:18.589+0300] {processor.py:836} INFO - DAG(s) dict_keys(['space_missions']) retrieved from /home/mutwiri/airflow/dags/space_missions.py
[2023-06-07T17:27:18.631+0300] {logging_mixin.py:149} INFO - [2023-06-07T17:27:18.631+0300] {dag.py:2726} INFO - Sync 1 DAGs
[2023-06-07T17:27:18.684+0300] {processor.py:179} INFO - Processing /home/mutwiri/airflow/dags/space_missions.py took 0.130 seconds
[2023-06-07T17:27:48.796+0300] {processor.py:157} INFO - Started process (PID=21239) to work on /home/mutwiri/airflow/dags/space_missions.py
[2023-06-07T17:27:48.797+0300] {processor.py:826} INFO - Processing file /home/mutwiri/airflow/dags/space_missions.py for tasks to queue
[2023-06-07T17:27:48.798+0300] {logging_mixin.py:149} INFO - [2023-06-07T17:27:48.797+0300] {dagbag.py:541} INFO - Filling up the DagBag from /home/mutwiri/airflow/dags/space_missions.py
[2023-06-07T17:27:48.812+0300] {processor.py:836} INFO - DAG(s) dict_keys(['space_missions']) retrieved from /home/mutwiri/airflow/dags/space_missions.py
[2023-06-07T17:27:48.850+0300] {logging_mixin.py:149} INFO - [2023-06-07T17:27:48.850+0300] {dag.py:2726} INFO - Sync 1 DAGs
[2023-06-07T17:27:48.906+0300] {processor.py:179} INFO - Processing /home/mutwiri/airflow/dags/space_missions.py took 0.114 seconds
[2023-06-07T17:28:19.187+0300] {processor.py:157} INFO - Started process (PID=21249) to work on /home/mutwiri/airflow/dags/space_missions.py
[2023-06-07T17:28:19.203+0300] {processor.py:826} INFO - Processing file /home/mutwiri/airflow/dags/space_missions.py for tasks to queue
[2023-06-07T17:28:19.204+0300] {logging_mixin.py:149} INFO - [2023-06-07T17:28:19.204+0300] {dagbag.py:541} INFO - Filling up the DagBag from /home/mutwiri/airflow/dags/space_missions.py
[2023-06-07T17:28:19.219+0300] {processor.py:836} INFO - DAG(s) dict_keys(['space_missions']) retrieved from /home/mutwiri/airflow/dags/space_missions.py
[2023-06-07T17:28:19.258+0300] {logging_mixin.py:149} INFO - [2023-06-07T17:28:19.257+0300] {dag.py:2726} INFO - Sync 1 DAGs
[2023-06-07T17:28:19.308+0300] {processor.py:179} INFO - Processing /home/mutwiri/airflow/dags/space_missions.py took 0.126 seconds
[2023-06-07T17:28:49.446+0300] {processor.py:157} INFO - Started process (PID=21255) to work on /home/mutwiri/airflow/dags/space_missions.py
[2023-06-07T17:28:49.458+0300] {processor.py:826} INFO - Processing file /home/mutwiri/airflow/dags/space_missions.py for tasks to queue
[2023-06-07T17:28:49.459+0300] {logging_mixin.py:149} INFO - [2023-06-07T17:28:49.459+0300] {dagbag.py:541} INFO - Filling up the DagBag from /home/mutwiri/airflow/dags/space_missions.py
[2023-06-07T17:28:49.483+0300] {processor.py:836} INFO - DAG(s) dict_keys(['space_missions']) retrieved from /home/mutwiri/airflow/dags/space_missions.py
[2023-06-07T17:28:49.524+0300] {logging_mixin.py:149} INFO - [2023-06-07T17:28:49.524+0300] {dag.py:2726} INFO - Sync 1 DAGs
[2023-06-07T17:28:49.585+0300] {processor.py:179} INFO - Processing /home/mutwiri/airflow/dags/space_missions.py took 0.143 seconds
[2023-06-07T17:29:19.804+0300] {processor.py:157} INFO - Started process (PID=21262) to work on /home/mutwiri/airflow/dags/space_missions.py
[2023-06-07T17:29:19.823+0300] {processor.py:826} INFO - Processing file /home/mutwiri/airflow/dags/space_missions.py for tasks to queue
[2023-06-07T17:29:19.824+0300] {logging_mixin.py:149} INFO - [2023-06-07T17:29:19.824+0300] {dagbag.py:541} INFO - Filling up the DagBag from /home/mutwiri/airflow/dags/space_missions.py
[2023-06-07T17:29:19.840+0300] {processor.py:836} INFO - DAG(s) dict_keys(['space_missions']) retrieved from /home/mutwiri/airflow/dags/space_missions.py
[2023-06-07T17:29:19.884+0300] {logging_mixin.py:149} INFO - [2023-06-07T17:29:19.884+0300] {dag.py:2726} INFO - Sync 1 DAGs
[2023-06-07T17:29:19.940+0300] {processor.py:179} INFO - Processing /home/mutwiri/airflow/dags/space_missions.py took 0.140 seconds
[2023-06-07T17:29:50.088+0300] {processor.py:157} INFO - Started process (PID=21268) to work on /home/mutwiri/airflow/dags/space_missions.py
[2023-06-07T17:29:50.089+0300] {processor.py:826} INFO - Processing file /home/mutwiri/airflow/dags/space_missions.py for tasks to queue
[2023-06-07T17:29:50.090+0300] {logging_mixin.py:149} INFO - [2023-06-07T17:29:50.090+0300] {dagbag.py:541} INFO - Filling up the DagBag from /home/mutwiri/airflow/dags/space_missions.py
[2023-06-07T17:29:50.104+0300] {processor.py:836} INFO - DAG(s) dict_keys(['space_missions']) retrieved from /home/mutwiri/airflow/dags/space_missions.py
[2023-06-07T17:29:50.141+0300] {logging_mixin.py:149} INFO - [2023-06-07T17:29:50.141+0300] {dag.py:2726} INFO - Sync 1 DAGs
[2023-06-07T17:29:50.195+0300] {processor.py:179} INFO - Processing /home/mutwiri/airflow/dags/space_missions.py took 0.110 seconds
[2023-06-07T17:30:20.427+0300] {processor.py:157} INFO - Started process (PID=21281) to work on /home/mutwiri/airflow/dags/space_missions.py
[2023-06-07T17:30:20.443+0300] {processor.py:826} INFO - Processing file /home/mutwiri/airflow/dags/space_missions.py for tasks to queue
[2023-06-07T17:30:20.443+0300] {logging_mixin.py:149} INFO - [2023-06-07T17:30:20.443+0300] {dagbag.py:541} INFO - Filling up the DagBag from /home/mutwiri/airflow/dags/space_missions.py
[2023-06-07T17:30:20.459+0300] {processor.py:836} INFO - DAG(s) dict_keys(['space_missions']) retrieved from /home/mutwiri/airflow/dags/space_missions.py
[2023-06-07T17:30:20.498+0300] {logging_mixin.py:149} INFO - [2023-06-07T17:30:20.498+0300] {dag.py:2726} INFO - Sync 1 DAGs
[2023-06-07T17:30:20.549+0300] {processor.py:179} INFO - Processing /home/mutwiri/airflow/dags/space_missions.py took 0.128 seconds
[2023-06-07T17:30:50.687+0300] {processor.py:157} INFO - Started process (PID=21288) to work on /home/mutwiri/airflow/dags/space_missions.py
[2023-06-07T17:30:50.688+0300] {processor.py:826} INFO - Processing file /home/mutwiri/airflow/dags/space_missions.py for tasks to queue
[2023-06-07T17:30:50.688+0300] {logging_mixin.py:149} INFO - [2023-06-07T17:30:50.688+0300] {dagbag.py:541} INFO - Filling up the DagBag from /home/mutwiri/airflow/dags/space_missions.py
[2023-06-07T17:30:50.703+0300] {processor.py:836} INFO - DAG(s) dict_keys(['space_missions']) retrieved from /home/mutwiri/airflow/dags/space_missions.py
[2023-06-07T17:30:50.740+0300] {logging_mixin.py:149} INFO - [2023-06-07T17:30:50.740+0300] {dag.py:2726} INFO - Sync 1 DAGs
[2023-06-07T17:30:50.794+0300] {processor.py:179} INFO - Processing /home/mutwiri/airflow/dags/space_missions.py took 0.111 seconds
[2023-06-07T17:31:21.043+0300] {processor.py:157} INFO - Started process (PID=21296) to work on /home/mutwiri/airflow/dags/space_missions.py
[2023-06-07T17:31:21.044+0300] {processor.py:826} INFO - Processing file /home/mutwiri/airflow/dags/space_missions.py for tasks to queue
[2023-06-07T17:31:21.044+0300] {logging_mixin.py:149} INFO - [2023-06-07T17:31:21.044+0300] {dagbag.py:541} INFO - Filling up the DagBag from /home/mutwiri/airflow/dags/space_missions.py
[2023-06-07T17:31:21.059+0300] {processor.py:836} INFO - DAG(s) dict_keys(['space_missions']) retrieved from /home/mutwiri/airflow/dags/space_missions.py
[2023-06-07T17:31:21.096+0300] {logging_mixin.py:149} INFO - [2023-06-07T17:31:21.096+0300] {dag.py:2726} INFO - Sync 1 DAGs
[2023-06-07T17:31:21.149+0300] {processor.py:179} INFO - Processing /home/mutwiri/airflow/dags/space_missions.py took 0.110 seconds
[2023-06-07T17:31:51.292+0300] {processor.py:157} INFO - Started process (PID=21302) to work on /home/mutwiri/airflow/dags/space_missions.py
[2023-06-07T17:31:51.293+0300] {processor.py:826} INFO - Processing file /home/mutwiri/airflow/dags/space_missions.py for tasks to queue
[2023-06-07T17:31:51.294+0300] {logging_mixin.py:149} INFO - [2023-06-07T17:31:51.294+0300] {dagbag.py:541} INFO - Filling up the DagBag from /home/mutwiri/airflow/dags/space_missions.py
[2023-06-07T17:31:51.315+0300] {processor.py:836} INFO - DAG(s) dict_keys(['space_missions']) retrieved from /home/mutwiri/airflow/dags/space_missions.py
[2023-06-07T17:31:51.367+0300] {logging_mixin.py:149} INFO - [2023-06-07T17:31:51.366+0300] {dag.py:2726} INFO - Sync 1 DAGs
[2023-06-07T17:31:51.425+0300] {processor.py:179} INFO - Processing /home/mutwiri/airflow/dags/space_missions.py took 0.139 seconds
[2023-06-07T17:32:21.649+0300] {processor.py:157} INFO - Started process (PID=21435) to work on /home/mutwiri/airflow/dags/space_missions.py
[2023-06-07T17:32:21.669+0300] {processor.py:826} INFO - Processing file /home/mutwiri/airflow/dags/space_missions.py for tasks to queue
[2023-06-07T17:32:21.670+0300] {logging_mixin.py:149} INFO - [2023-06-07T17:32:21.670+0300] {dagbag.py:541} INFO - Filling up the DagBag from /home/mutwiri/airflow/dags/space_missions.py
[2023-06-07T17:32:21.686+0300] {processor.py:836} INFO - DAG(s) dict_keys(['space_missions']) retrieved from /home/mutwiri/airflow/dags/space_missions.py
[2023-06-07T17:32:21.729+0300] {logging_mixin.py:149} INFO - [2023-06-07T17:32:21.729+0300] {dag.py:2726} INFO - Sync 1 DAGs
[2023-06-07T17:32:21.781+0300] {processor.py:179} INFO - Processing /home/mutwiri/airflow/dags/space_missions.py took 0.137 seconds
[2023-06-07T17:32:51.896+0300] {processor.py:157} INFO - Started process (PID=21514) to work on /home/mutwiri/airflow/dags/space_missions.py
[2023-06-07T17:32:51.913+0300] {processor.py:826} INFO - Processing file /home/mutwiri/airflow/dags/space_missions.py for tasks to queue
[2023-06-07T17:32:51.914+0300] {logging_mixin.py:149} INFO - [2023-06-07T17:32:51.914+0300] {dagbag.py:541} INFO - Filling up the DagBag from /home/mutwiri/airflow/dags/space_missions.py
[2023-06-07T17:32:51.929+0300] {processor.py:836} INFO - DAG(s) dict_keys(['space_missions']) retrieved from /home/mutwiri/airflow/dags/space_missions.py
[2023-06-07T17:32:51.969+0300] {logging_mixin.py:149} INFO - [2023-06-07T17:32:51.969+0300] {dag.py:2726} INFO - Sync 1 DAGs
[2023-06-07T17:32:52.026+0300] {processor.py:179} INFO - Processing /home/mutwiri/airflow/dags/space_missions.py took 0.133 seconds
[2023-06-07T17:33:22.249+0300] {processor.py:157} INFO - Started process (PID=21837) to work on /home/mutwiri/airflow/dags/space_missions.py
[2023-06-07T17:33:22.250+0300] {processor.py:826} INFO - Processing file /home/mutwiri/airflow/dags/space_missions.py for tasks to queue
[2023-06-07T17:33:22.251+0300] {logging_mixin.py:149} INFO - [2023-06-07T17:33:22.251+0300] {dagbag.py:541} INFO - Filling up the DagBag from /home/mutwiri/airflow/dags/space_missions.py
[2023-06-07T17:33:22.265+0300] {processor.py:836} INFO - DAG(s) dict_keys(['space_missions']) retrieved from /home/mutwiri/airflow/dags/space_missions.py
[2023-06-07T17:33:22.304+0300] {logging_mixin.py:149} INFO - [2023-06-07T17:33:22.304+0300] {dag.py:2726} INFO - Sync 1 DAGs
[2023-06-07T17:33:22.361+0300] {processor.py:179} INFO - Processing /home/mutwiri/airflow/dags/space_missions.py took 0.116 seconds
[2023-06-07T17:33:52.521+0300] {processor.py:157} INFO - Started process (PID=21886) to work on /home/mutwiri/airflow/dags/space_missions.py
[2023-06-07T17:33:52.533+0300] {processor.py:826} INFO - Processing file /home/mutwiri/airflow/dags/space_missions.py for tasks to queue
[2023-06-07T17:33:52.535+0300] {logging_mixin.py:149} INFO - [2023-06-07T17:33:52.535+0300] {dagbag.py:541} INFO - Filling up the DagBag from /home/mutwiri/airflow/dags/space_missions.py
[2023-06-07T17:33:52.568+0300] {processor.py:836} INFO - DAG(s) dict_keys(['space_missions']) retrieved from /home/mutwiri/airflow/dags/space_missions.py
[2023-06-07T17:33:52.612+0300] {logging_mixin.py:149} INFO - [2023-06-07T17:33:52.612+0300] {dag.py:2726} INFO - Sync 1 DAGs
[2023-06-07T17:33:52.671+0300] {processor.py:179} INFO - Processing /home/mutwiri/airflow/dags/space_missions.py took 0.163 seconds
[2023-06-07T17:34:22.846+0300] {processor.py:157} INFO - Started process (PID=21893) to work on /home/mutwiri/airflow/dags/space_missions.py
[2023-06-07T17:34:22.847+0300] {processor.py:826} INFO - Processing file /home/mutwiri/airflow/dags/space_missions.py for tasks to queue
[2023-06-07T17:34:22.847+0300] {logging_mixin.py:149} INFO - [2023-06-07T17:34:22.847+0300] {dagbag.py:541} INFO - Filling up the DagBag from /home/mutwiri/airflow/dags/space_missions.py
[2023-06-07T17:34:22.862+0300] {processor.py:836} INFO - DAG(s) dict_keys(['space_missions']) retrieved from /home/mutwiri/airflow/dags/space_missions.py
[2023-06-07T17:34:22.901+0300] {logging_mixin.py:149} INFO - [2023-06-07T17:34:22.901+0300] {dag.py:2726} INFO - Sync 1 DAGs
[2023-06-07T17:34:22.959+0300] {processor.py:179} INFO - Processing /home/mutwiri/airflow/dags/space_missions.py took 0.117 seconds
[2023-06-07T17:34:53.152+0300] {processor.py:157} INFO - Started process (PID=21904) to work on /home/mutwiri/airflow/dags/space_missions.py
[2023-06-07T17:34:53.153+0300] {processor.py:826} INFO - Processing file /home/mutwiri/airflow/dags/space_missions.py for tasks to queue
[2023-06-07T17:34:53.154+0300] {logging_mixin.py:149} INFO - [2023-06-07T17:34:53.154+0300] {dagbag.py:541} INFO - Filling up the DagBag from /home/mutwiri/airflow/dags/space_missions.py
[2023-06-07T17:34:53.169+0300] {processor.py:836} INFO - DAG(s) dict_keys(['space_missions']) retrieved from /home/mutwiri/airflow/dags/space_missions.py
[2023-06-07T17:34:53.208+0300] {logging_mixin.py:149} INFO - [2023-06-07T17:34:53.208+0300] {dag.py:2726} INFO - Sync 1 DAGs
[2023-06-07T17:34:53.258+0300] {processor.py:179} INFO - Processing /home/mutwiri/airflow/dags/space_missions.py took 0.110 seconds
[2023-06-07T17:35:23.463+0300] {processor.py:157} INFO - Started process (PID=21916) to work on /home/mutwiri/airflow/dags/space_missions.py
[2023-06-07T17:35:23.475+0300] {processor.py:826} INFO - Processing file /home/mutwiri/airflow/dags/space_missions.py for tasks to queue
[2023-06-07T17:35:23.477+0300] {logging_mixin.py:149} INFO - [2023-06-07T17:35:23.476+0300] {dagbag.py:541} INFO - Filling up the DagBag from /home/mutwiri/airflow/dags/space_missions.py
[2023-06-07T17:35:23.508+0300] {processor.py:836} INFO - DAG(s) dict_keys(['space_missions']) retrieved from /home/mutwiri/airflow/dags/space_missions.py
[2023-06-07T17:35:23.546+0300] {logging_mixin.py:149} INFO - [2023-06-07T17:35:23.546+0300] {dag.py:2726} INFO - Sync 1 DAGs
[2023-06-07T17:35:23.602+0300] {processor.py:179} INFO - Processing /home/mutwiri/airflow/dags/space_missions.py took 0.146 seconds
[2023-06-07T17:35:53.732+0300] {processor.py:157} INFO - Started process (PID=21975) to work on /home/mutwiri/airflow/dags/space_missions.py
[2023-06-07T17:35:53.733+0300] {processor.py:826} INFO - Processing file /home/mutwiri/airflow/dags/space_missions.py for tasks to queue
[2023-06-07T17:35:53.734+0300] {logging_mixin.py:149} INFO - [2023-06-07T17:35:53.734+0300] {dagbag.py:541} INFO - Filling up the DagBag from /home/mutwiri/airflow/dags/space_missions.py
[2023-06-07T17:35:53.761+0300] {processor.py:836} INFO - DAG(s) dict_keys(['space_missions']) retrieved from /home/mutwiri/airflow/dags/space_missions.py
[2023-06-07T17:35:53.824+0300] {logging_mixin.py:149} INFO - [2023-06-07T17:35:53.823+0300] {dag.py:2726} INFO - Sync 1 DAGs
[2023-06-07T17:35:53.895+0300] {processor.py:179} INFO - Processing /home/mutwiri/airflow/dags/space_missions.py took 0.167 seconds
[2023-06-07T17:36:24.068+0300] {processor.py:157} INFO - Started process (PID=22033) to work on /home/mutwiri/airflow/dags/space_missions.py
[2023-06-07T17:36:24.069+0300] {processor.py:826} INFO - Processing file /home/mutwiri/airflow/dags/space_missions.py for tasks to queue
[2023-06-07T17:36:24.070+0300] {logging_mixin.py:149} INFO - [2023-06-07T17:36:24.070+0300] {dagbag.py:541} INFO - Filling up the DagBag from /home/mutwiri/airflow/dags/space_missions.py
[2023-06-07T17:36:24.090+0300] {processor.py:836} INFO - DAG(s) dict_keys(['space_missions']) retrieved from /home/mutwiri/airflow/dags/space_missions.py
[2023-06-07T17:36:24.137+0300] {logging_mixin.py:149} INFO - [2023-06-07T17:36:24.137+0300] {dag.py:2726} INFO - Sync 1 DAGs
[2023-06-07T17:36:24.230+0300] {processor.py:179} INFO - Processing /home/mutwiri/airflow/dags/space_missions.py took 0.169 seconds
[2023-06-07T17:36:54.373+0300] {processor.py:157} INFO - Started process (PID=22041) to work on /home/mutwiri/airflow/dags/space_missions.py
[2023-06-07T17:36:54.392+0300] {processor.py:826} INFO - Processing file /home/mutwiri/airflow/dags/space_missions.py for tasks to queue
[2023-06-07T17:36:54.393+0300] {logging_mixin.py:149} INFO - [2023-06-07T17:36:54.393+0300] {dagbag.py:541} INFO - Filling up the DagBag from /home/mutwiri/airflow/dags/space_missions.py
[2023-06-07T17:36:54.411+0300] {processor.py:836} INFO - DAG(s) dict_keys(['space_missions']) retrieved from /home/mutwiri/airflow/dags/space_missions.py
[2023-06-07T17:36:54.451+0300] {logging_mixin.py:149} INFO - [2023-06-07T17:36:54.451+0300] {dag.py:2726} INFO - Sync 1 DAGs
[2023-06-07T17:36:54.515+0300] {processor.py:179} INFO - Processing /home/mutwiri/airflow/dags/space_missions.py took 0.148 seconds
[2023-06-07T17:37:24.729+0300] {processor.py:157} INFO - Started process (PID=22190) to work on /home/mutwiri/airflow/dags/space_missions.py
[2023-06-07T17:37:24.730+0300] {processor.py:826} INFO - Processing file /home/mutwiri/airflow/dags/space_missions.py for tasks to queue
[2023-06-07T17:37:24.731+0300] {logging_mixin.py:149} INFO - [2023-06-07T17:37:24.731+0300] {dagbag.py:541} INFO - Filling up the DagBag from /home/mutwiri/airflow/dags/space_missions.py
[2023-06-07T17:37:24.748+0300] {processor.py:836} INFO - DAG(s) dict_keys(['space_missions']) retrieved from /home/mutwiri/airflow/dags/space_missions.py
[2023-06-07T17:37:24.789+0300] {logging_mixin.py:149} INFO - [2023-06-07T17:37:24.789+0300] {dag.py:2726} INFO - Sync 1 DAGs
[2023-06-07T17:37:24.856+0300] {processor.py:179} INFO - Processing /home/mutwiri/airflow/dags/space_missions.py took 0.133 seconds
[2023-06-07T17:37:54.966+0300] {processor.py:157} INFO - Started process (PID=22206) to work on /home/mutwiri/airflow/dags/space_missions.py
[2023-06-07T17:37:54.980+0300] {processor.py:826} INFO - Processing file /home/mutwiri/airflow/dags/space_missions.py for tasks to queue
[2023-06-07T17:37:54.981+0300] {logging_mixin.py:149} INFO - [2023-06-07T17:37:54.981+0300] {dagbag.py:541} INFO - Filling up the DagBag from /home/mutwiri/airflow/dags/space_missions.py
[2023-06-07T17:37:55.003+0300] {processor.py:836} INFO - DAG(s) dict_keys(['space_missions']) retrieved from /home/mutwiri/airflow/dags/space_missions.py
[2023-06-07T17:37:55.064+0300] {logging_mixin.py:149} INFO - [2023-06-07T17:37:55.064+0300] {dag.py:2726} INFO - Sync 1 DAGs
[2023-06-07T17:37:55.157+0300] {processor.py:179} INFO - Processing /home/mutwiri/airflow/dags/space_missions.py took 0.195 seconds
[2023-06-07T17:38:25.277+0300] {processor.py:157} INFO - Started process (PID=22218) to work on /home/mutwiri/airflow/dags/space_missions.py
[2023-06-07T17:38:25.289+0300] {processor.py:826} INFO - Processing file /home/mutwiri/airflow/dags/space_missions.py for tasks to queue
[2023-06-07T17:38:25.290+0300] {logging_mixin.py:149} INFO - [2023-06-07T17:38:25.290+0300] {dagbag.py:541} INFO - Filling up the DagBag from /home/mutwiri/airflow/dags/space_missions.py
[2023-06-07T17:38:25.305+0300] {processor.py:836} INFO - DAG(s) dict_keys(['space_missions']) retrieved from /home/mutwiri/airflow/dags/space_missions.py
[2023-06-07T17:38:25.345+0300] {logging_mixin.py:149} INFO - [2023-06-07T17:38:25.345+0300] {dag.py:2726} INFO - Sync 1 DAGs
[2023-06-07T17:38:25.416+0300] {processor.py:179} INFO - Processing /home/mutwiri/airflow/dags/space_missions.py took 0.143 seconds
[2023-06-07T17:38:55.590+0300] {processor.py:157} INFO - Started process (PID=22285) to work on /home/mutwiri/airflow/dags/space_missions.py
[2023-06-07T17:38:55.602+0300] {processor.py:826} INFO - Processing file /home/mutwiri/airflow/dags/space_missions.py for tasks to queue
[2023-06-07T17:38:55.603+0300] {logging_mixin.py:149} INFO - [2023-06-07T17:38:55.603+0300] {dagbag.py:541} INFO - Filling up the DagBag from /home/mutwiri/airflow/dags/space_missions.py
[2023-06-07T17:38:55.630+0300] {processor.py:836} INFO - DAG(s) dict_keys(['space_missions']) retrieved from /home/mutwiri/airflow/dags/space_missions.py
[2023-06-07T17:38:55.693+0300] {logging_mixin.py:149} INFO - [2023-06-07T17:38:55.693+0300] {dag.py:2726} INFO - Sync 1 DAGs
[2023-06-07T17:38:55.767+0300] {processor.py:179} INFO - Processing /home/mutwiri/airflow/dags/space_missions.py took 0.182 seconds
[2023-06-07T17:39:25.859+0300] {processor.py:157} INFO - Started process (PID=22349) to work on /home/mutwiri/airflow/dags/space_missions.py
[2023-06-07T17:39:25.861+0300] {processor.py:826} INFO - Processing file /home/mutwiri/airflow/dags/space_missions.py for tasks to queue
[2023-06-07T17:39:25.863+0300] {logging_mixin.py:149} INFO - [2023-06-07T17:39:25.862+0300] {dagbag.py:541} INFO - Filling up the DagBag from /home/mutwiri/airflow/dags/space_missions.py
[2023-06-07T17:39:25.905+0300] {processor.py:836} INFO - DAG(s) dict_keys(['space_missions']) retrieved from /home/mutwiri/airflow/dags/space_missions.py
[2023-06-07T17:39:25.957+0300] {logging_mixin.py:149} INFO - [2023-06-07T17:39:25.957+0300] {dag.py:2726} INFO - Sync 1 DAGs
[2023-06-07T17:39:26.022+0300] {processor.py:179} INFO - Processing /home/mutwiri/airflow/dags/space_missions.py took 0.172 seconds
[2023-06-07T17:39:56.210+0300] {processor.py:157} INFO - Started process (PID=22425) to work on /home/mutwiri/airflow/dags/space_missions.py
[2023-06-07T17:39:56.222+0300] {processor.py:826} INFO - Processing file /home/mutwiri/airflow/dags/space_missions.py for tasks to queue
[2023-06-07T17:39:56.223+0300] {logging_mixin.py:149} INFO - [2023-06-07T17:39:56.222+0300] {dagbag.py:541} INFO - Filling up the DagBag from /home/mutwiri/airflow/dags/space_missions.py
[2023-06-07T17:39:56.237+0300] {processor.py:836} INFO - DAG(s) dict_keys(['space_missions']) retrieved from /home/mutwiri/airflow/dags/space_missions.py
[2023-06-07T17:39:56.274+0300] {logging_mixin.py:149} INFO - [2023-06-07T17:39:56.274+0300] {dag.py:2726} INFO - Sync 1 DAGs
[2023-06-07T17:39:56.332+0300] {processor.py:179} INFO - Processing /home/mutwiri/airflow/dags/space_missions.py took 0.131 seconds
[2023-06-07T17:40:26.478+0300] {processor.py:157} INFO - Started process (PID=22507) to work on /home/mutwiri/airflow/dags/space_missions.py
[2023-06-07T17:40:26.479+0300] {processor.py:826} INFO - Processing file /home/mutwiri/airflow/dags/space_missions.py for tasks to queue
[2023-06-07T17:40:26.481+0300] {logging_mixin.py:149} INFO - [2023-06-07T17:40:26.480+0300] {dagbag.py:541} INFO - Filling up the DagBag from /home/mutwiri/airflow/dags/space_missions.py
[2023-06-07T17:40:26.498+0300] {processor.py:836} INFO - DAG(s) dict_keys(['space_missions']) retrieved from /home/mutwiri/airflow/dags/space_missions.py
[2023-06-07T17:40:26.542+0300] {logging_mixin.py:149} INFO - [2023-06-07T17:40:26.541+0300] {dag.py:2726} INFO - Sync 1 DAGs
[2023-06-07T17:40:26.621+0300] {processor.py:179} INFO - Processing /home/mutwiri/airflow/dags/space_missions.py took 0.149 seconds
[2023-06-07T17:40:56.814+0300] {processor.py:157} INFO - Started process (PID=22588) to work on /home/mutwiri/airflow/dags/space_missions.py
[2023-06-07T17:40:56.853+0300] {processor.py:826} INFO - Processing file /home/mutwiri/airflow/dags/space_missions.py for tasks to queue
[2023-06-07T17:40:56.854+0300] {logging_mixin.py:149} INFO - [2023-06-07T17:40:56.853+0300] {dagbag.py:541} INFO - Filling up the DagBag from /home/mutwiri/airflow/dags/space_missions.py
[2023-06-07T17:40:56.874+0300] {processor.py:836} INFO - DAG(s) dict_keys(['space_missions']) retrieved from /home/mutwiri/airflow/dags/space_missions.py
[2023-06-07T17:40:56.911+0300] {logging_mixin.py:149} INFO - [2023-06-07T17:40:56.911+0300] {dag.py:2726} INFO - Sync 1 DAGs
[2023-06-07T17:40:56.964+0300] {processor.py:179} INFO - Processing /home/mutwiri/airflow/dags/space_missions.py took 0.161 seconds
[2023-06-07T17:41:27.101+0300] {processor.py:157} INFO - Started process (PID=22600) to work on /home/mutwiri/airflow/dags/space_missions.py
[2023-06-07T17:41:27.121+0300] {processor.py:826} INFO - Processing file /home/mutwiri/airflow/dags/space_missions.py for tasks to queue
[2023-06-07T17:41:27.124+0300] {logging_mixin.py:149} INFO - [2023-06-07T17:41:27.123+0300] {dagbag.py:541} INFO - Filling up the DagBag from /home/mutwiri/airflow/dags/space_missions.py
[2023-06-07T17:41:27.186+0300] {processor.py:836} INFO - DAG(s) dict_keys(['space_missions']) retrieved from /home/mutwiri/airflow/dags/space_missions.py
[2023-06-07T17:41:27.239+0300] {logging_mixin.py:149} INFO - [2023-06-07T17:41:27.239+0300] {dag.py:2726} INFO - Sync 1 DAGs
[2023-06-07T17:41:27.311+0300] {processor.py:179} INFO - Processing /home/mutwiri/airflow/dags/space_missions.py took 0.223 seconds
[2023-06-07T17:41:57.411+0300] {processor.py:157} INFO - Started process (PID=22618) to work on /home/mutwiri/airflow/dags/space_missions.py
[2023-06-07T17:41:57.430+0300] {processor.py:826} INFO - Processing file /home/mutwiri/airflow/dags/space_missions.py for tasks to queue
[2023-06-07T17:41:57.431+0300] {logging_mixin.py:149} INFO - [2023-06-07T17:41:57.431+0300] {dagbag.py:541} INFO - Filling up the DagBag from /home/mutwiri/airflow/dags/space_missions.py
[2023-06-07T17:41:57.446+0300] {processor.py:836} INFO - DAG(s) dict_keys(['space_missions']) retrieved from /home/mutwiri/airflow/dags/space_missions.py
[2023-06-07T17:41:57.485+0300] {logging_mixin.py:149} INFO - [2023-06-07T17:41:57.485+0300] {dag.py:2726} INFO - Sync 1 DAGs
[2023-06-07T17:41:57.544+0300] {processor.py:179} INFO - Processing /home/mutwiri/airflow/dags/space_missions.py took 0.136 seconds
[2023-06-07T17:42:27.859+0300] {processor.py:157} INFO - Started process (PID=22777) to work on /home/mutwiri/airflow/dags/space_missions.py
[2023-06-07T17:42:27.873+0300] {processor.py:826} INFO - Processing file /home/mutwiri/airflow/dags/space_missions.py for tasks to queue
[2023-06-07T17:42:27.874+0300] {logging_mixin.py:149} INFO - [2023-06-07T17:42:27.874+0300] {dagbag.py:541} INFO - Filling up the DagBag from /home/mutwiri/airflow/dags/space_missions.py
[2023-06-07T17:42:27.910+0300] {processor.py:836} INFO - DAG(s) dict_keys(['space_missions']) retrieved from /home/mutwiri/airflow/dags/space_missions.py
[2023-06-07T17:42:27.994+0300] {logging_mixin.py:149} INFO - [2023-06-07T17:42:27.994+0300] {dag.py:2726} INFO - Sync 1 DAGs
[2023-06-07T17:42:28.067+0300] {processor.py:179} INFO - Processing /home/mutwiri/airflow/dags/space_missions.py took 0.215 seconds
[2023-06-07T17:42:58.320+0300] {processor.py:157} INFO - Started process (PID=22823) to work on /home/mutwiri/airflow/dags/space_missions.py
[2023-06-07T17:42:58.321+0300] {processor.py:826} INFO - Processing file /home/mutwiri/airflow/dags/space_missions.py for tasks to queue
[2023-06-07T17:42:58.321+0300] {logging_mixin.py:149} INFO - [2023-06-07T17:42:58.321+0300] {dagbag.py:541} INFO - Filling up the DagBag from /home/mutwiri/airflow/dags/space_missions.py
[2023-06-07T17:42:58.337+0300] {processor.py:836} INFO - DAG(s) dict_keys(['space_missions']) retrieved from /home/mutwiri/airflow/dags/space_missions.py
[2023-06-07T17:42:58.385+0300] {logging_mixin.py:149} INFO - [2023-06-07T17:42:58.385+0300] {dag.py:2726} INFO - Sync 1 DAGs
[2023-06-07T17:42:58.452+0300] {processor.py:179} INFO - Processing /home/mutwiri/airflow/dags/space_missions.py took 0.137 seconds
[2023-06-07T17:43:28.692+0300] {processor.py:157} INFO - Started process (PID=23703) to work on /home/mutwiri/airflow/dags/space_missions.py
[2023-06-07T17:43:28.693+0300] {processor.py:826} INFO - Processing file /home/mutwiri/airflow/dags/space_missions.py for tasks to queue
[2023-06-07T17:43:28.694+0300] {logging_mixin.py:149} INFO - [2023-06-07T17:43:28.694+0300] {dagbag.py:541} INFO - Filling up the DagBag from /home/mutwiri/airflow/dags/space_missions.py
[2023-06-07T17:43:28.709+0300] {processor.py:836} INFO - DAG(s) dict_keys(['space_missions']) retrieved from /home/mutwiri/airflow/dags/space_missions.py
[2023-06-07T17:43:28.747+0300] {logging_mixin.py:149} INFO - [2023-06-07T17:43:28.746+0300] {dag.py:2726} INFO - Sync 1 DAGs
[2023-06-07T17:43:28.800+0300] {processor.py:179} INFO - Processing /home/mutwiri/airflow/dags/space_missions.py took 0.112 seconds
[2023-06-07T17:43:59.060+0300] {processor.py:157} INFO - Started process (PID=23931) to work on /home/mutwiri/airflow/dags/space_missions.py
[2023-06-07T17:43:59.071+0300] {processor.py:826} INFO - Processing file /home/mutwiri/airflow/dags/space_missions.py for tasks to queue
[2023-06-07T17:43:59.072+0300] {logging_mixin.py:149} INFO - [2023-06-07T17:43:59.072+0300] {dagbag.py:541} INFO - Filling up the DagBag from /home/mutwiri/airflow/dags/space_missions.py
[2023-06-07T17:43:59.090+0300] {processor.py:836} INFO - DAG(s) dict_keys(['space_missions']) retrieved from /home/mutwiri/airflow/dags/space_missions.py
[2023-06-07T17:43:59.132+0300] {logging_mixin.py:149} INFO - [2023-06-07T17:43:59.132+0300] {dag.py:2726} INFO - Sync 1 DAGs
[2023-06-07T17:43:59.189+0300] {processor.py:179} INFO - Processing /home/mutwiri/airflow/dags/space_missions.py took 0.133 seconds
[2023-06-07T17:44:29.461+0300] {processor.py:157} INFO - Started process (PID=23954) to work on /home/mutwiri/airflow/dags/space_missions.py
[2023-06-07T17:44:29.480+0300] {processor.py:826} INFO - Processing file /home/mutwiri/airflow/dags/space_missions.py for tasks to queue
[2023-06-07T17:44:29.481+0300] {logging_mixin.py:149} INFO - [2023-06-07T17:44:29.481+0300] {dagbag.py:541} INFO - Filling up the DagBag from /home/mutwiri/airflow/dags/space_missions.py
[2023-06-07T17:44:29.497+0300] {processor.py:836} INFO - DAG(s) dict_keys(['space_missions']) retrieved from /home/mutwiri/airflow/dags/space_missions.py
[2023-06-07T17:44:29.538+0300] {logging_mixin.py:149} INFO - [2023-06-07T17:44:29.537+0300] {dag.py:2726} INFO - Sync 1 DAGs
[2023-06-07T17:44:29.600+0300] {processor.py:179} INFO - Processing /home/mutwiri/airflow/dags/space_missions.py took 0.145 seconds
[2023-06-07T17:44:59.864+0300] {processor.py:157} INFO - Started process (PID=23974) to work on /home/mutwiri/airflow/dags/space_missions.py
[2023-06-07T17:44:59.890+0300] {processor.py:826} INFO - Processing file /home/mutwiri/airflow/dags/space_missions.py for tasks to queue
[2023-06-07T17:44:59.891+0300] {logging_mixin.py:149} INFO - [2023-06-07T17:44:59.890+0300] {dagbag.py:541} INFO - Filling up the DagBag from /home/mutwiri/airflow/dags/space_missions.py
[2023-06-07T17:44:59.906+0300] {processor.py:836} INFO - DAG(s) dict_keys(['space_missions']) retrieved from /home/mutwiri/airflow/dags/space_missions.py
[2023-06-07T17:44:59.945+0300] {logging_mixin.py:149} INFO - [2023-06-07T17:44:59.945+0300] {dag.py:2726} INFO - Sync 1 DAGs
[2023-06-07T17:44:59.997+0300] {processor.py:179} INFO - Processing /home/mutwiri/airflow/dags/space_missions.py took 0.139 seconds
[2023-06-07T17:45:30.289+0300] {processor.py:157} INFO - Started process (PID=23996) to work on /home/mutwiri/airflow/dags/space_missions.py
[2023-06-07T17:45:30.312+0300] {processor.py:826} INFO - Processing file /home/mutwiri/airflow/dags/space_missions.py for tasks to queue
[2023-06-07T17:45:30.315+0300] {logging_mixin.py:149} INFO - [2023-06-07T17:45:30.314+0300] {dagbag.py:541} INFO - Filling up the DagBag from /home/mutwiri/airflow/dags/space_missions.py
[2023-06-07T17:45:30.378+0300] {processor.py:836} INFO - DAG(s) dict_keys(['space_missions']) retrieved from /home/mutwiri/airflow/dags/space_missions.py
[2023-06-07T17:45:30.434+0300] {logging_mixin.py:149} INFO - [2023-06-07T17:45:30.434+0300] {dag.py:2726} INFO - Sync 1 DAGs
[2023-06-07T17:45:30.484+0300] {processor.py:179} INFO - Processing /home/mutwiri/airflow/dags/space_missions.py took 0.209 seconds
[2023-06-07T17:46:00.809+0300] {processor.py:157} INFO - Started process (PID=24018) to work on /home/mutwiri/airflow/dags/space_missions.py
[2023-06-07T17:46:00.823+0300] {processor.py:826} INFO - Processing file /home/mutwiri/airflow/dags/space_missions.py for tasks to queue
[2023-06-07T17:46:00.827+0300] {logging_mixin.py:149} INFO - [2023-06-07T17:46:00.826+0300] {dagbag.py:541} INFO - Filling up the DagBag from /home/mutwiri/airflow/dags/space_missions.py
[2023-06-07T17:46:00.906+0300] {processor.py:836} INFO - DAG(s) dict_keys(['space_missions']) retrieved from /home/mutwiri/airflow/dags/space_missions.py
[2023-06-07T17:46:00.976+0300] {logging_mixin.py:149} INFO - [2023-06-07T17:46:00.976+0300] {dag.py:2726} INFO - Sync 1 DAGs
[2023-06-07T17:46:01.043+0300] {processor.py:179} INFO - Processing /home/mutwiri/airflow/dags/space_missions.py took 0.254 seconds
[2023-06-07T17:46:31.319+0300] {processor.py:157} INFO - Started process (PID=24042) to work on /home/mutwiri/airflow/dags/space_missions.py
[2023-06-07T17:46:31.332+0300] {processor.py:826} INFO - Processing file /home/mutwiri/airflow/dags/space_missions.py for tasks to queue
[2023-06-07T17:46:31.333+0300] {logging_mixin.py:149} INFO - [2023-06-07T17:46:31.333+0300] {dagbag.py:541} INFO - Filling up the DagBag from /home/mutwiri/airflow/dags/space_missions.py
[2023-06-07T17:46:31.351+0300] {processor.py:836} INFO - DAG(s) dict_keys(['space_missions']) retrieved from /home/mutwiri/airflow/dags/space_missions.py
[2023-06-07T17:46:31.393+0300] {logging_mixin.py:149} INFO - [2023-06-07T17:46:31.392+0300] {dag.py:2726} INFO - Sync 1 DAGs
[2023-06-07T17:46:31.652+0300] {processor.py:179} INFO - Processing /home/mutwiri/airflow/dags/space_missions.py took 0.342 seconds
[2023-06-07T17:47:01.746+0300] {processor.py:157} INFO - Started process (PID=24063) to work on /home/mutwiri/airflow/dags/space_missions.py
[2023-06-07T17:47:01.747+0300] {processor.py:826} INFO - Processing file /home/mutwiri/airflow/dags/space_missions.py for tasks to queue
[2023-06-07T17:47:01.749+0300] {logging_mixin.py:149} INFO - [2023-06-07T17:47:01.748+0300] {dagbag.py:541} INFO - Filling up the DagBag from /home/mutwiri/airflow/dags/space_missions.py
[2023-06-07T17:47:01.767+0300] {processor.py:836} INFO - DAG(s) dict_keys(['space_missions']) retrieved from /home/mutwiri/airflow/dags/space_missions.py
[2023-06-07T17:47:01.807+0300] {logging_mixin.py:149} INFO - [2023-06-07T17:47:01.807+0300] {dag.py:2726} INFO - Sync 1 DAGs
[2023-06-07T17:47:01.859+0300] {processor.py:179} INFO - Processing /home/mutwiri/airflow/dags/space_missions.py took 0.124 seconds
[2023-06-07T17:47:32.157+0300] {processor.py:157} INFO - Started process (PID=24203) to work on /home/mutwiri/airflow/dags/space_missions.py
[2023-06-07T17:47:32.173+0300] {processor.py:826} INFO - Processing file /home/mutwiri/airflow/dags/space_missions.py for tasks to queue
[2023-06-07T17:47:32.175+0300] {logging_mixin.py:149} INFO - [2023-06-07T17:47:32.175+0300] {dagbag.py:541} INFO - Filling up the DagBag from /home/mutwiri/airflow/dags/space_missions.py
[2023-06-07T17:47:32.201+0300] {processor.py:836} INFO - DAG(s) dict_keys(['space_missions']) retrieved from /home/mutwiri/airflow/dags/space_missions.py
[2023-06-07T17:47:32.256+0300] {logging_mixin.py:149} INFO - [2023-06-07T17:47:32.255+0300] {dag.py:2726} INFO - Sync 1 DAGs
[2023-06-07T17:47:32.312+0300] {processor.py:179} INFO - Processing /home/mutwiri/airflow/dags/space_missions.py took 0.164 seconds
[2023-06-07T17:48:02.589+0300] {processor.py:157} INFO - Started process (PID=24323) to work on /home/mutwiri/airflow/dags/space_missions.py
[2023-06-07T17:48:02.598+0300] {processor.py:826} INFO - Processing file /home/mutwiri/airflow/dags/space_missions.py for tasks to queue
[2023-06-07T17:48:02.602+0300] {logging_mixin.py:149} INFO - [2023-06-07T17:48:02.601+0300] {dagbag.py:541} INFO - Filling up the DagBag from /home/mutwiri/airflow/dags/space_missions.py
[2023-06-07T17:48:02.637+0300] {processor.py:836} INFO - DAG(s) dict_keys(['space_missions']) retrieved from /home/mutwiri/airflow/dags/space_missions.py
[2023-06-07T17:48:02.696+0300] {logging_mixin.py:149} INFO - [2023-06-07T17:48:02.695+0300] {dag.py:2726} INFO - Sync 1 DAGs
[2023-06-07T17:48:02.773+0300] {processor.py:179} INFO - Processing /home/mutwiri/airflow/dags/space_missions.py took 0.192 seconds
[2023-06-07T17:48:33.043+0300] {processor.py:157} INFO - Started process (PID=24353) to work on /home/mutwiri/airflow/dags/space_missions.py
[2023-06-07T17:48:33.060+0300] {processor.py:826} INFO - Processing file /home/mutwiri/airflow/dags/space_missions.py for tasks to queue
[2023-06-07T17:48:33.062+0300] {logging_mixin.py:149} INFO - [2023-06-07T17:48:33.062+0300] {dagbag.py:541} INFO - Filling up the DagBag from /home/mutwiri/airflow/dags/space_missions.py
[2023-06-07T17:48:33.098+0300] {processor.py:836} INFO - DAG(s) dict_keys(['space_missions']) retrieved from /home/mutwiri/airflow/dags/space_missions.py
[2023-06-07T17:48:33.143+0300] {logging_mixin.py:149} INFO - [2023-06-07T17:48:33.143+0300] {dag.py:2726} INFO - Sync 1 DAGs
[2023-06-07T17:48:33.219+0300] {processor.py:179} INFO - Processing /home/mutwiri/airflow/dags/space_missions.py took 0.185 seconds
[2023-06-07T17:49:03.345+0300] {processor.py:157} INFO - Started process (PID=24368) to work on /home/mutwiri/airflow/dags/space_missions.py
[2023-06-07T17:49:03.358+0300] {processor.py:826} INFO - Processing file /home/mutwiri/airflow/dags/space_missions.py for tasks to queue
[2023-06-07T17:49:03.359+0300] {logging_mixin.py:149} INFO - [2023-06-07T17:49:03.359+0300] {dagbag.py:541} INFO - Filling up the DagBag from /home/mutwiri/airflow/dags/space_missions.py
[2023-06-07T17:49:03.374+0300] {processor.py:836} INFO - DAG(s) dict_keys(['space_missions']) retrieved from /home/mutwiri/airflow/dags/space_missions.py
[2023-06-07T17:49:03.413+0300] {logging_mixin.py:149} INFO - [2023-06-07T17:49:03.413+0300] {dag.py:2726} INFO - Sync 1 DAGs
[2023-06-07T17:49:03.463+0300] {processor.py:179} INFO - Processing /home/mutwiri/airflow/dags/space_missions.py took 0.124 seconds
[2023-06-07T17:49:33.743+0300] {processor.py:157} INFO - Started process (PID=24396) to work on /home/mutwiri/airflow/dags/space_missions.py
[2023-06-07T17:49:33.756+0300] {processor.py:826} INFO - Processing file /home/mutwiri/airflow/dags/space_missions.py for tasks to queue
[2023-06-07T17:49:33.757+0300] {logging_mixin.py:149} INFO - [2023-06-07T17:49:33.757+0300] {dagbag.py:541} INFO - Filling up the DagBag from /home/mutwiri/airflow/dags/space_missions.py
[2023-06-07T17:49:33.773+0300] {processor.py:836} INFO - DAG(s) dict_keys(['space_missions']) retrieved from /home/mutwiri/airflow/dags/space_missions.py
[2023-06-07T17:49:33.812+0300] {logging_mixin.py:149} INFO - [2023-06-07T17:49:33.812+0300] {dag.py:2726} INFO - Sync 1 DAGs
[2023-06-07T17:49:33.873+0300] {processor.py:179} INFO - Processing /home/mutwiri/airflow/dags/space_missions.py took 0.136 seconds
[2023-06-07T17:50:04.151+0300] {processor.py:157} INFO - Started process (PID=24410) to work on /home/mutwiri/airflow/dags/space_missions.py
[2023-06-07T17:50:04.166+0300] {processor.py:826} INFO - Processing file /home/mutwiri/airflow/dags/space_missions.py for tasks to queue
[2023-06-07T17:50:04.167+0300] {logging_mixin.py:149} INFO - [2023-06-07T17:50:04.167+0300] {dagbag.py:541} INFO - Filling up the DagBag from /home/mutwiri/airflow/dags/space_missions.py
[2023-06-07T17:50:04.185+0300] {processor.py:836} INFO - DAG(s) dict_keys(['space_missions']) retrieved from /home/mutwiri/airflow/dags/space_missions.py
[2023-06-07T17:50:04.227+0300] {logging_mixin.py:149} INFO - [2023-06-07T17:50:04.227+0300] {dag.py:2726} INFO - Sync 1 DAGs
[2023-06-07T17:50:04.283+0300] {processor.py:179} INFO - Processing /home/mutwiri/airflow/dags/space_missions.py took 0.137 seconds
[2023-06-07T17:50:34.572+0300] {processor.py:157} INFO - Started process (PID=24424) to work on /home/mutwiri/airflow/dags/space_missions.py
[2023-06-07T17:50:34.587+0300] {processor.py:826} INFO - Processing file /home/mutwiri/airflow/dags/space_missions.py for tasks to queue
[2023-06-07T17:50:34.588+0300] {logging_mixin.py:149} INFO - [2023-06-07T17:50:34.587+0300] {dagbag.py:541} INFO - Filling up the DagBag from /home/mutwiri/airflow/dags/space_missions.py
[2023-06-07T17:50:34.603+0300] {processor.py:836} INFO - DAG(s) dict_keys(['space_missions']) retrieved from /home/mutwiri/airflow/dags/space_missions.py
[2023-06-07T17:50:34.640+0300] {logging_mixin.py:149} INFO - [2023-06-07T17:50:34.640+0300] {dag.py:2726} INFO - Sync 1 DAGs
[2023-06-07T17:50:34.692+0300] {processor.py:179} INFO - Processing /home/mutwiri/airflow/dags/space_missions.py took 0.124 seconds
[2023-06-07T17:51:04.975+0300] {processor.py:157} INFO - Started process (PID=24438) to work on /home/mutwiri/airflow/dags/space_missions.py
[2023-06-07T17:51:04.985+0300] {processor.py:826} INFO - Processing file /home/mutwiri/airflow/dags/space_missions.py for tasks to queue
[2023-06-07T17:51:04.986+0300] {logging_mixin.py:149} INFO - [2023-06-07T17:51:04.986+0300] {dagbag.py:541} INFO - Filling up the DagBag from /home/mutwiri/airflow/dags/space_missions.py
[2023-06-07T17:51:05.000+0300] {processor.py:836} INFO - DAG(s) dict_keys(['space_missions']) retrieved from /home/mutwiri/airflow/dags/space_missions.py
[2023-06-07T17:51:05.037+0300] {logging_mixin.py:149} INFO - [2023-06-07T17:51:05.037+0300] {dag.py:2726} INFO - Sync 1 DAGs
[2023-06-07T17:51:05.091+0300] {processor.py:179} INFO - Processing /home/mutwiri/airflow/dags/space_missions.py took 0.122 seconds
[2023-06-07T17:51:35.327+0300] {processor.py:157} INFO - Started process (PID=24455) to work on /home/mutwiri/airflow/dags/space_missions.py
[2023-06-07T17:51:35.339+0300] {processor.py:826} INFO - Processing file /home/mutwiri/airflow/dags/space_missions.py for tasks to queue
[2023-06-07T17:51:35.340+0300] {logging_mixin.py:149} INFO - [2023-06-07T17:51:35.340+0300] {dagbag.py:541} INFO - Filling up the DagBag from /home/mutwiri/airflow/dags/space_missions.py
[2023-06-07T17:51:35.356+0300] {processor.py:836} INFO - DAG(s) dict_keys(['space_missions']) retrieved from /home/mutwiri/airflow/dags/space_missions.py
[2023-06-07T17:51:35.400+0300] {logging_mixin.py:149} INFO - [2023-06-07T17:51:35.400+0300] {dag.py:2726} INFO - Sync 1 DAGs
[2023-06-07T17:51:35.445+0300] {processor.py:179} INFO - Processing /home/mutwiri/airflow/dags/space_missions.py took 0.122 seconds
[2023-06-07T17:52:05.685+0300] {processor.py:157} INFO - Started process (PID=24472) to work on /home/mutwiri/airflow/dags/space_missions.py
[2023-06-07T17:52:05.694+0300] {processor.py:826} INFO - Processing file /home/mutwiri/airflow/dags/space_missions.py for tasks to queue
[2023-06-07T17:52:05.695+0300] {logging_mixin.py:149} INFO - [2023-06-07T17:52:05.695+0300] {dagbag.py:541} INFO - Filling up the DagBag from /home/mutwiri/airflow/dags/space_missions.py
[2023-06-07T17:52:05.710+0300] {processor.py:836} INFO - DAG(s) dict_keys(['space_missions']) retrieved from /home/mutwiri/airflow/dags/space_missions.py
[2023-06-07T17:52:05.748+0300] {logging_mixin.py:149} INFO - [2023-06-07T17:52:05.748+0300] {dag.py:2726} INFO - Sync 1 DAGs
[2023-06-07T17:52:05.800+0300] {processor.py:179} INFO - Processing /home/mutwiri/airflow/dags/space_missions.py took 0.118 seconds
[2023-06-07T17:52:36.064+0300] {processor.py:157} INFO - Started process (PID=24614) to work on /home/mutwiri/airflow/dags/space_missions.py
[2023-06-07T17:52:36.066+0300] {processor.py:826} INFO - Processing file /home/mutwiri/airflow/dags/space_missions.py for tasks to queue
[2023-06-07T17:52:36.066+0300] {logging_mixin.py:149} INFO - [2023-06-07T17:52:36.066+0300] {dagbag.py:541} INFO - Filling up the DagBag from /home/mutwiri/airflow/dags/space_missions.py
[2023-06-07T17:52:36.084+0300] {processor.py:836} INFO - DAG(s) dict_keys(['space_missions']) retrieved from /home/mutwiri/airflow/dags/space_missions.py
[2023-06-07T17:52:36.122+0300] {logging_mixin.py:149} INFO - [2023-06-07T17:52:36.121+0300] {dag.py:2726} INFO - Sync 1 DAGs
[2023-06-07T17:52:36.164+0300] {processor.py:179} INFO - Processing /home/mutwiri/airflow/dags/space_missions.py took 0.104 seconds
[2023-06-07T17:53:06.447+0300] {processor.py:157} INFO - Started process (PID=24643) to work on /home/mutwiri/airflow/dags/space_missions.py
[2023-06-07T17:53:06.449+0300] {processor.py:826} INFO - Processing file /home/mutwiri/airflow/dags/space_missions.py for tasks to queue
[2023-06-07T17:53:06.449+0300] {logging_mixin.py:149} INFO - [2023-06-07T17:53:06.449+0300] {dagbag.py:541} INFO - Filling up the DagBag from /home/mutwiri/airflow/dags/space_missions.py
[2023-06-07T17:53:06.466+0300] {processor.py:836} INFO - DAG(s) dict_keys(['space_missions']) retrieved from /home/mutwiri/airflow/dags/space_missions.py
[2023-06-07T17:53:06.511+0300] {logging_mixin.py:149} INFO - [2023-06-07T17:53:06.511+0300] {dag.py:2726} INFO - Sync 1 DAGs
[2023-06-07T17:53:06.577+0300] {processor.py:179} INFO - Processing /home/mutwiri/airflow/dags/space_missions.py took 0.133 seconds
[2023-06-07T17:53:36.860+0300] {processor.py:157} INFO - Started process (PID=24664) to work on /home/mutwiri/airflow/dags/space_missions.py
[2023-06-07T17:53:36.863+0300] {processor.py:826} INFO - Processing file /home/mutwiri/airflow/dags/space_missions.py for tasks to queue
[2023-06-07T17:53:36.865+0300] {logging_mixin.py:149} INFO - [2023-06-07T17:53:36.864+0300] {dagbag.py:541} INFO - Filling up the DagBag from /home/mutwiri/airflow/dags/space_missions.py
[2023-06-07T17:53:36.887+0300] {processor.py:836} INFO - DAG(s) dict_keys(['space_missions']) retrieved from /home/mutwiri/airflow/dags/space_missions.py
[2023-06-07T17:53:36.926+0300] {logging_mixin.py:149} INFO - [2023-06-07T17:53:36.926+0300] {dag.py:2726} INFO - Sync 1 DAGs
[2023-06-07T17:53:36.985+0300] {processor.py:179} INFO - Processing /home/mutwiri/airflow/dags/space_missions.py took 0.130 seconds
[2023-06-07T17:54:07.246+0300] {processor.py:157} INFO - Started process (PID=24684) to work on /home/mutwiri/airflow/dags/space_missions.py
[2023-06-07T17:54:07.248+0300] {processor.py:826} INFO - Processing file /home/mutwiri/airflow/dags/space_missions.py for tasks to queue
[2023-06-07T17:54:07.249+0300] {logging_mixin.py:149} INFO - [2023-06-07T17:54:07.249+0300] {dagbag.py:541} INFO - Filling up the DagBag from /home/mutwiri/airflow/dags/space_missions.py
[2023-06-07T17:54:07.274+0300] {processor.py:836} INFO - DAG(s) dict_keys(['space_missions']) retrieved from /home/mutwiri/airflow/dags/space_missions.py
[2023-06-07T17:54:07.318+0300] {logging_mixin.py:149} INFO - [2023-06-07T17:54:07.318+0300] {dag.py:2726} INFO - Sync 1 DAGs
[2023-06-07T17:54:07.373+0300] {processor.py:179} INFO - Processing /home/mutwiri/airflow/dags/space_missions.py took 0.135 seconds
[2023-06-07T17:54:37.642+0300] {processor.py:157} INFO - Started process (PID=24705) to work on /home/mutwiri/airflow/dags/space_missions.py
[2023-06-07T17:54:37.667+0300] {processor.py:826} INFO - Processing file /home/mutwiri/airflow/dags/space_missions.py for tasks to queue
[2023-06-07T17:54:37.669+0300] {logging_mixin.py:149} INFO - [2023-06-07T17:54:37.668+0300] {dagbag.py:541} INFO - Filling up the DagBag from /home/mutwiri/airflow/dags/space_missions.py
[2023-06-07T17:54:37.707+0300] {processor.py:836} INFO - DAG(s) dict_keys(['space_missions']) retrieved from /home/mutwiri/airflow/dags/space_missions.py
[2023-06-07T17:54:37.785+0300] {logging_mixin.py:149} INFO - [2023-06-07T17:54:37.785+0300] {dag.py:2726} INFO - Sync 1 DAGs
[2023-06-07T17:54:37.865+0300] {processor.py:179} INFO - Processing /home/mutwiri/airflow/dags/space_missions.py took 0.228 seconds
[2023-06-07T17:55:08.102+0300] {processor.py:157} INFO - Started process (PID=24728) to work on /home/mutwiri/airflow/dags/space_missions.py
[2023-06-07T17:55:08.121+0300] {processor.py:826} INFO - Processing file /home/mutwiri/airflow/dags/space_missions.py for tasks to queue
[2023-06-07T17:55:08.122+0300] {logging_mixin.py:149} INFO - [2023-06-07T17:55:08.122+0300] {dagbag.py:541} INFO - Filling up the DagBag from /home/mutwiri/airflow/dags/space_missions.py
[2023-06-07T17:55:08.137+0300] {processor.py:836} INFO - DAG(s) dict_keys(['space_missions']) retrieved from /home/mutwiri/airflow/dags/space_missions.py
[2023-06-07T17:55:08.186+0300] {logging_mixin.py:149} INFO - [2023-06-07T17:55:08.186+0300] {dag.py:2726} INFO - Sync 1 DAGs
[2023-06-07T17:55:08.236+0300] {processor.py:179} INFO - Processing /home/mutwiri/airflow/dags/space_missions.py took 0.138 seconds
[2023-06-07T17:55:38.481+0300] {processor.py:157} INFO - Started process (PID=24753) to work on /home/mutwiri/airflow/dags/space_missions.py
[2023-06-07T17:55:38.498+0300] {processor.py:826} INFO - Processing file /home/mutwiri/airflow/dags/space_missions.py for tasks to queue
[2023-06-07T17:55:38.499+0300] {logging_mixin.py:149} INFO - [2023-06-07T17:55:38.499+0300] {dagbag.py:541} INFO - Filling up the DagBag from /home/mutwiri/airflow/dags/space_missions.py
[2023-06-07T17:55:38.517+0300] {processor.py:836} INFO - DAG(s) dict_keys(['space_missions']) retrieved from /home/mutwiri/airflow/dags/space_missions.py
[2023-06-07T17:55:38.565+0300] {logging_mixin.py:149} INFO - [2023-06-07T17:55:38.565+0300] {dag.py:2726} INFO - Sync 1 DAGs
[2023-06-07T17:55:38.636+0300] {processor.py:179} INFO - Processing /home/mutwiri/airflow/dags/space_missions.py took 0.161 seconds
[2023-06-07T17:56:08.897+0300] {processor.py:157} INFO - Started process (PID=24895) to work on /home/mutwiri/airflow/dags/space_missions.py
[2023-06-07T17:56:08.919+0300] {processor.py:826} INFO - Processing file /home/mutwiri/airflow/dags/space_missions.py for tasks to queue
[2023-06-07T17:56:08.920+0300] {logging_mixin.py:149} INFO - [2023-06-07T17:56:08.920+0300] {dagbag.py:541} INFO - Filling up the DagBag from /home/mutwiri/airflow/dags/space_missions.py
[2023-06-07T17:56:08.942+0300] {processor.py:836} INFO - DAG(s) dict_keys(['space_missions']) retrieved from /home/mutwiri/airflow/dags/space_missions.py
[2023-06-07T17:56:09.001+0300] {logging_mixin.py:149} INFO - [2023-06-07T17:56:09.001+0300] {dag.py:2726} INFO - Sync 1 DAGs
[2023-06-07T17:56:09.073+0300] {processor.py:179} INFO - Processing /home/mutwiri/airflow/dags/space_missions.py took 0.179 seconds
[2023-06-07T17:56:39.391+0300] {processor.py:157} INFO - Started process (PID=24981) to work on /home/mutwiri/airflow/dags/space_missions.py
[2023-06-07T17:56:39.392+0300] {processor.py:826} INFO - Processing file /home/mutwiri/airflow/dags/space_missions.py for tasks to queue
[2023-06-07T17:56:39.394+0300] {logging_mixin.py:149} INFO - [2023-06-07T17:56:39.393+0300] {dagbag.py:541} INFO - Filling up the DagBag from /home/mutwiri/airflow/dags/space_missions.py
[2023-06-07T17:56:39.424+0300] {processor.py:836} INFO - DAG(s) dict_keys(['space_missions']) retrieved from /home/mutwiri/airflow/dags/space_missions.py
[2023-06-07T17:56:39.480+0300] {logging_mixin.py:149} INFO - [2023-06-07T17:56:39.479+0300] {dag.py:2726} INFO - Sync 1 DAGs
[2023-06-07T17:56:39.619+0300] {processor.py:179} INFO - Processing /home/mutwiri/airflow/dags/space_missions.py took 0.233 seconds
[2023-06-07T17:56:58.807+0300] {processor.py:157} INFO - Started process (PID=25115) to work on /home/mutwiri/airflow/dags/space_missions.py
[2023-06-07T17:56:58.823+0300] {processor.py:826} INFO - Processing file /home/mutwiri/airflow/dags/space_missions.py for tasks to queue
[2023-06-07T17:56:58.824+0300] {logging_mixin.py:149} INFO - [2023-06-07T17:56:58.823+0300] {dagbag.py:541} INFO - Filling up the DagBag from /home/mutwiri/airflow/dags/space_missions.py
[2023-06-07T17:56:58.847+0300] {processor.py:836} INFO - DAG(s) dict_keys(['space_missions']) retrieved from /home/mutwiri/airflow/dags/space_missions.py
[2023-06-07T17:56:58.902+0300] {logging_mixin.py:149} INFO - [2023-06-07T17:56:58.902+0300] {dag.py:2726} INFO - Sync 1 DAGs
[2023-06-07T17:56:59.012+0300] {processor.py:179} INFO - Processing /home/mutwiri/airflow/dags/space_missions.py took 0.208 seconds
[2023-06-07T17:56:59.877+0300] {processor.py:157} INFO - Started process (PID=25124) to work on /home/mutwiri/airflow/dags/space_missions.py
[2023-06-07T17:56:59.887+0300] {processor.py:826} INFO - Processing file /home/mutwiri/airflow/dags/space_missions.py for tasks to queue
[2023-06-07T17:56:59.890+0300] {logging_mixin.py:149} INFO - [2023-06-07T17:56:59.889+0300] {dagbag.py:541} INFO - Filling up the DagBag from /home/mutwiri/airflow/dags/space_missions.py
[2023-06-07T17:56:59.927+0300] {processor.py:836} INFO - DAG(s) dict_keys(['space_missions']) retrieved from /home/mutwiri/airflow/dags/space_missions.py
[2023-06-07T17:56:59.979+0300] {logging_mixin.py:149} INFO - [2023-06-07T17:56:59.979+0300] {dag.py:2726} INFO - Sync 1 DAGs
[2023-06-07T17:57:00.062+0300] {processor.py:179} INFO - Processing /home/mutwiri/airflow/dags/space_missions.py took 0.204 seconds
[2023-06-07T17:57:30.526+0300] {processor.py:157} INFO - Started process (PID=25432) to work on /home/mutwiri/airflow/dags/space_missions.py
[2023-06-07T17:57:30.548+0300] {processor.py:826} INFO - Processing file /home/mutwiri/airflow/dags/space_missions.py for tasks to queue
[2023-06-07T17:57:30.549+0300] {logging_mixin.py:149} INFO - [2023-06-07T17:57:30.549+0300] {dagbag.py:541} INFO - Filling up the DagBag from /home/mutwiri/airflow/dags/space_missions.py
[2023-06-07T17:57:30.575+0300] {processor.py:836} INFO - DAG(s) dict_keys(['space_missions']) retrieved from /home/mutwiri/airflow/dags/space_missions.py
[2023-06-07T17:57:30.628+0300] {logging_mixin.py:149} INFO - [2023-06-07T17:57:30.628+0300] {dag.py:2726} INFO - Sync 1 DAGs
[2023-06-07T17:57:30.693+0300] {processor.py:179} INFO - Processing /home/mutwiri/airflow/dags/space_missions.py took 0.171 seconds
[2023-06-07T17:58:00.946+0300] {processor.py:157} INFO - Started process (PID=26993) to work on /home/mutwiri/airflow/dags/space_missions.py
[2023-06-07T17:58:00.957+0300] {processor.py:826} INFO - Processing file /home/mutwiri/airflow/dags/space_missions.py for tasks to queue
[2023-06-07T17:58:00.958+0300] {logging_mixin.py:149} INFO - [2023-06-07T17:58:00.958+0300] {dagbag.py:541} INFO - Filling up the DagBag from /home/mutwiri/airflow/dags/space_missions.py
[2023-06-07T17:58:00.974+0300] {processor.py:836} INFO - DAG(s) dict_keys(['space_missions']) retrieved from /home/mutwiri/airflow/dags/space_missions.py
[2023-06-07T17:58:01.029+0300] {logging_mixin.py:149} INFO - [2023-06-07T17:58:01.029+0300] {dag.py:2726} INFO - Sync 1 DAGs
[2023-06-07T17:58:01.084+0300] {processor.py:179} INFO - Processing /home/mutwiri/airflow/dags/space_missions.py took 0.142 seconds
[2023-06-07T17:58:31.623+0300] {processor.py:157} INFO - Started process (PID=28984) to work on /home/mutwiri/airflow/dags/space_missions.py
[2023-06-07T17:58:31.631+0300] {processor.py:826} INFO - Processing file /home/mutwiri/airflow/dags/space_missions.py for tasks to queue
[2023-06-07T17:58:31.632+0300] {logging_mixin.py:149} INFO - [2023-06-07T17:58:31.632+0300] {dagbag.py:541} INFO - Filling up the DagBag from /home/mutwiri/airflow/dags/space_missions.py
[2023-06-07T17:58:31.715+0300] {processor.py:836} INFO - DAG(s) dict_keys(['space_missions']) retrieved from /home/mutwiri/airflow/dags/space_missions.py
[2023-06-07T17:58:31.838+0300] {logging_mixin.py:149} INFO - [2023-06-07T17:58:31.838+0300] {dag.py:2726} INFO - Sync 1 DAGs
[2023-06-07T17:58:31.973+0300] {processor.py:179} INFO - Processing /home/mutwiri/airflow/dags/space_missions.py took 0.359 seconds
[2023-06-07T17:59:02.154+0300] {processor.py:157} INFO - Started process (PID=30902) to work on /home/mutwiri/airflow/dags/space_missions.py
[2023-06-07T17:59:02.157+0300] {processor.py:826} INFO - Processing file /home/mutwiri/airflow/dags/space_missions.py for tasks to queue
[2023-06-07T17:59:02.165+0300] {logging_mixin.py:149} INFO - [2023-06-07T17:59:02.164+0300] {dagbag.py:541} INFO - Filling up the DagBag from /home/mutwiri/airflow/dags/space_missions.py
[2023-06-07T17:59:02.276+0300] {processor.py:836} INFO - DAG(s) dict_keys(['space_missions']) retrieved from /home/mutwiri/airflow/dags/space_missions.py
[2023-06-07T17:59:02.454+0300] {logging_mixin.py:149} INFO - [2023-06-07T17:59:02.454+0300] {dag.py:2726} INFO - Sync 1 DAGs
[2023-06-07T17:59:02.679+0300] {processor.py:179} INFO - Processing /home/mutwiri/airflow/dags/space_missions.py took 0.538 seconds
[2023-06-07T17:59:32.786+0300] {processor.py:157} INFO - Started process (PID=32106) to work on /home/mutwiri/airflow/dags/space_missions.py
[2023-06-07T17:59:32.788+0300] {processor.py:826} INFO - Processing file /home/mutwiri/airflow/dags/space_missions.py for tasks to queue
[2023-06-07T17:59:32.789+0300] {logging_mixin.py:149} INFO - [2023-06-07T17:59:32.789+0300] {dagbag.py:541} INFO - Filling up the DagBag from /home/mutwiri/airflow/dags/space_missions.py
[2023-06-07T17:59:32.807+0300] {processor.py:836} INFO - DAG(s) dict_keys(['space_missions']) retrieved from /home/mutwiri/airflow/dags/space_missions.py
[2023-06-07T17:59:32.848+0300] {logging_mixin.py:149} INFO - [2023-06-07T17:59:32.848+0300] {dag.py:2726} INFO - Sync 1 DAGs
[2023-06-07T17:59:32.912+0300] {processor.py:179} INFO - Processing /home/mutwiri/airflow/dags/space_missions.py took 0.132 seconds
[2023-06-07T18:00:03.205+0300] {processor.py:157} INFO - Started process (PID=32505) to work on /home/mutwiri/airflow/dags/space_missions.py
[2023-06-07T18:00:03.206+0300] {processor.py:826} INFO - Processing file /home/mutwiri/airflow/dags/space_missions.py for tasks to queue
[2023-06-07T18:00:03.206+0300] {logging_mixin.py:149} INFO - [2023-06-07T18:00:03.206+0300] {dagbag.py:541} INFO - Filling up the DagBag from /home/mutwiri/airflow/dags/space_missions.py
[2023-06-07T18:00:03.231+0300] {processor.py:836} INFO - DAG(s) dict_keys(['space_missions']) retrieved from /home/mutwiri/airflow/dags/space_missions.py
[2023-06-07T18:00:03.275+0300] {logging_mixin.py:149} INFO - [2023-06-07T18:00:03.275+0300] {dag.py:2726} INFO - Sync 1 DAGs
[2023-06-07T18:00:03.333+0300] {processor.py:179} INFO - Processing /home/mutwiri/airflow/dags/space_missions.py took 0.132 seconds
[2023-06-07T18:00:33.638+0300] {processor.py:157} INFO - Started process (PID=33112) to work on /home/mutwiri/airflow/dags/space_missions.py
[2023-06-07T18:00:33.639+0300] {processor.py:826} INFO - Processing file /home/mutwiri/airflow/dags/space_missions.py for tasks to queue
[2023-06-07T18:00:33.639+0300] {logging_mixin.py:149} INFO - [2023-06-07T18:00:33.639+0300] {dagbag.py:541} INFO - Filling up the DagBag from /home/mutwiri/airflow/dags/space_missions.py
[2023-06-07T18:00:33.655+0300] {processor.py:836} INFO - DAG(s) dict_keys(['space_missions']) retrieved from /home/mutwiri/airflow/dags/space_missions.py
[2023-06-07T18:00:33.695+0300] {logging_mixin.py:149} INFO - [2023-06-07T18:00:33.695+0300] {dag.py:2726} INFO - Sync 1 DAGs
[2023-06-07T18:00:33.755+0300] {processor.py:179} INFO - Processing /home/mutwiri/airflow/dags/space_missions.py took 0.121 seconds
[2023-06-07T18:01:04.107+0300] {processor.py:157} INFO - Started process (PID=33513) to work on /home/mutwiri/airflow/dags/space_missions.py
[2023-06-07T18:01:04.127+0300] {processor.py:826} INFO - Processing file /home/mutwiri/airflow/dags/space_missions.py for tasks to queue
[2023-06-07T18:01:04.129+0300] {logging_mixin.py:149} INFO - [2023-06-07T18:01:04.129+0300] {dagbag.py:541} INFO - Filling up the DagBag from /home/mutwiri/airflow/dags/space_missions.py
[2023-06-07T18:01:04.147+0300] {processor.py:836} INFO - DAG(s) dict_keys(['space_missions']) retrieved from /home/mutwiri/airflow/dags/space_missions.py
[2023-06-07T18:01:04.186+0300] {logging_mixin.py:149} INFO - [2023-06-07T18:01:04.186+0300] {dag.py:2726} INFO - Sync 1 DAGs
[2023-06-07T18:01:04.251+0300] {processor.py:179} INFO - Processing /home/mutwiri/airflow/dags/space_missions.py took 0.153 seconds
[2023-06-07T18:01:34.628+0300] {processor.py:157} INFO - Started process (PID=33760) to work on /home/mutwiri/airflow/dags/space_missions.py
[2023-06-07T18:01:34.646+0300] {processor.py:826} INFO - Processing file /home/mutwiri/airflow/dags/space_missions.py for tasks to queue
[2023-06-07T18:01:34.647+0300] {logging_mixin.py:149} INFO - [2023-06-07T18:01:34.646+0300] {dagbag.py:541} INFO - Filling up the DagBag from /home/mutwiri/airflow/dags/space_missions.py
[2023-06-07T18:01:34.663+0300] {processor.py:836} INFO - DAG(s) dict_keys(['space_missions']) retrieved from /home/mutwiri/airflow/dags/space_missions.py
[2023-06-07T18:01:34.705+0300] {logging_mixin.py:149} INFO - [2023-06-07T18:01:34.705+0300] {dag.py:2726} INFO - Sync 1 DAGs
[2023-06-07T18:01:34.763+0300] {processor.py:179} INFO - Processing /home/mutwiri/airflow/dags/space_missions.py took 0.140 seconds
[2023-06-07T18:02:05.081+0300] {processor.py:157} INFO - Started process (PID=34012) to work on /home/mutwiri/airflow/dags/space_missions.py
[2023-06-07T18:02:05.096+0300] {processor.py:826} INFO - Processing file /home/mutwiri/airflow/dags/space_missions.py for tasks to queue
[2023-06-07T18:02:05.097+0300] {logging_mixin.py:149} INFO - [2023-06-07T18:02:05.097+0300] {dagbag.py:541} INFO - Filling up the DagBag from /home/mutwiri/airflow/dags/space_missions.py
[2023-06-07T18:02:05.116+0300] {processor.py:836} INFO - DAG(s) dict_keys(['space_missions']) retrieved from /home/mutwiri/airflow/dags/space_missions.py
[2023-06-07T18:02:05.158+0300] {logging_mixin.py:149} INFO - [2023-06-07T18:02:05.158+0300] {dag.py:2726} INFO - Sync 1 DAGs
[2023-06-07T18:02:05.226+0300] {processor.py:179} INFO - Processing /home/mutwiri/airflow/dags/space_missions.py took 0.149 seconds
[2023-06-07T18:02:35.614+0300] {processor.py:157} INFO - Started process (PID=34429) to work on /home/mutwiri/airflow/dags/space_missions.py
[2023-06-07T18:02:35.615+0300] {processor.py:826} INFO - Processing file /home/mutwiri/airflow/dags/space_missions.py for tasks to queue
[2023-06-07T18:02:35.616+0300] {logging_mixin.py:149} INFO - [2023-06-07T18:02:35.616+0300] {dagbag.py:541} INFO - Filling up the DagBag from /home/mutwiri/airflow/dags/space_missions.py
[2023-06-07T18:02:35.637+0300] {processor.py:836} INFO - DAG(s) dict_keys(['space_missions']) retrieved from /home/mutwiri/airflow/dags/space_missions.py
[2023-06-07T18:02:35.676+0300] {logging_mixin.py:149} INFO - [2023-06-07T18:02:35.675+0300] {dag.py:2726} INFO - Sync 1 DAGs
[2023-06-07T18:02:35.732+0300] {processor.py:179} INFO - Processing /home/mutwiri/airflow/dags/space_missions.py took 0.123 seconds
[2023-06-07T18:03:06.151+0300] {processor.py:157} INFO - Started process (PID=34678) to work on /home/mutwiri/airflow/dags/space_missions.py
[2023-06-07T18:03:06.159+0300] {processor.py:826} INFO - Processing file /home/mutwiri/airflow/dags/space_missions.py for tasks to queue
[2023-06-07T18:03:06.161+0300] {logging_mixin.py:149} INFO - [2023-06-07T18:03:06.160+0300] {dagbag.py:541} INFO - Filling up the DagBag from /home/mutwiri/airflow/dags/space_missions.py
[2023-06-07T18:03:06.178+0300] {processor.py:836} INFO - DAG(s) dict_keys(['space_missions']) retrieved from /home/mutwiri/airflow/dags/space_missions.py
[2023-06-07T18:03:06.221+0300] {logging_mixin.py:149} INFO - [2023-06-07T18:03:06.221+0300] {dag.py:2726} INFO - Sync 1 DAGs
[2023-06-07T18:03:06.329+0300] {processor.py:179} INFO - Processing /home/mutwiri/airflow/dags/space_missions.py took 0.186 seconds
[2023-06-07T18:03:36.632+0300] {processor.py:157} INFO - Started process (PID=34942) to work on /home/mutwiri/airflow/dags/space_missions.py
[2023-06-07T18:03:36.648+0300] {processor.py:826} INFO - Processing file /home/mutwiri/airflow/dags/space_missions.py for tasks to queue
[2023-06-07T18:03:36.649+0300] {logging_mixin.py:149} INFO - [2023-06-07T18:03:36.649+0300] {dagbag.py:541} INFO - Filling up the DagBag from /home/mutwiri/airflow/dags/space_missions.py
[2023-06-07T18:03:36.671+0300] {processor.py:836} INFO - DAG(s) dict_keys(['space_missions']) retrieved from /home/mutwiri/airflow/dags/space_missions.py
[2023-06-07T18:03:36.709+0300] {logging_mixin.py:149} INFO - [2023-06-07T18:03:36.709+0300] {dag.py:2726} INFO - Sync 1 DAGs
[2023-06-07T18:03:36.779+0300] {processor.py:179} INFO - Processing /home/mutwiri/airflow/dags/space_missions.py took 0.159 seconds
[2023-06-07T18:04:07.090+0300] {processor.py:157} INFO - Started process (PID=35472) to work on /home/mutwiri/airflow/dags/space_missions.py
[2023-06-07T18:04:07.094+0300] {processor.py:826} INFO - Processing file /home/mutwiri/airflow/dags/space_missions.py for tasks to queue
[2023-06-07T18:04:07.103+0300] {logging_mixin.py:149} INFO - [2023-06-07T18:04:07.096+0300] {dagbag.py:541} INFO - Filling up the DagBag from /home/mutwiri/airflow/dags/space_missions.py
[2023-06-07T18:04:07.130+0300] {processor.py:836} INFO - DAG(s) dict_keys(['space_missions']) retrieved from /home/mutwiri/airflow/dags/space_missions.py
[2023-06-07T18:04:07.185+0300] {logging_mixin.py:149} INFO - [2023-06-07T18:04:07.185+0300] {dag.py:2726} INFO - Sync 1 DAGs
[2023-06-07T18:04:07.259+0300] {processor.py:179} INFO - Processing /home/mutwiri/airflow/dags/space_missions.py took 0.175 seconds
[2023-06-07T18:04:37.619+0300] {processor.py:157} INFO - Started process (PID=36239) to work on /home/mutwiri/airflow/dags/space_missions.py
[2023-06-07T18:04:37.633+0300] {processor.py:826} INFO - Processing file /home/mutwiri/airflow/dags/space_missions.py for tasks to queue
[2023-06-07T18:04:37.634+0300] {logging_mixin.py:149} INFO - [2023-06-07T18:04:37.634+0300] {dagbag.py:541} INFO - Filling up the DagBag from /home/mutwiri/airflow/dags/space_missions.py
[2023-06-07T18:04:37.650+0300] {processor.py:836} INFO - DAG(s) dict_keys(['space_missions']) retrieved from /home/mutwiri/airflow/dags/space_missions.py
[2023-06-07T18:04:37.691+0300] {logging_mixin.py:149} INFO - [2023-06-07T18:04:37.691+0300] {dag.py:2726} INFO - Sync 1 DAGs
[2023-06-07T18:04:37.754+0300] {processor.py:179} INFO - Processing /home/mutwiri/airflow/dags/space_missions.py took 0.139 seconds
[2023-06-07T18:05:08.149+0300] {processor.py:157} INFO - Started process (PID=36838) to work on /home/mutwiri/airflow/dags/space_missions.py
[2023-06-07T18:05:08.150+0300] {processor.py:826} INFO - Processing file /home/mutwiri/airflow/dags/space_missions.py for tasks to queue
[2023-06-07T18:05:08.151+0300] {logging_mixin.py:149} INFO - [2023-06-07T18:05:08.151+0300] {dagbag.py:541} INFO - Filling up the DagBag from /home/mutwiri/airflow/dags/space_missions.py
[2023-06-07T18:05:08.166+0300] {processor.py:836} INFO - DAG(s) dict_keys(['space_missions']) retrieved from /home/mutwiri/airflow/dags/space_missions.py
[2023-06-07T18:05:08.204+0300] {logging_mixin.py:149} INFO - [2023-06-07T18:05:08.204+0300] {dag.py:2726} INFO - Sync 1 DAGs
[2023-06-07T18:05:08.255+0300] {processor.py:179} INFO - Processing /home/mutwiri/airflow/dags/space_missions.py took 0.111 seconds
[2023-06-07T18:05:38.656+0300] {processor.py:157} INFO - Started process (PID=37067) to work on /home/mutwiri/airflow/dags/space_missions.py
[2023-06-07T18:05:38.676+0300] {processor.py:826} INFO - Processing file /home/mutwiri/airflow/dags/space_missions.py for tasks to queue
[2023-06-07T18:05:38.677+0300] {logging_mixin.py:149} INFO - [2023-06-07T18:05:38.676+0300] {dagbag.py:541} INFO - Filling up the DagBag from /home/mutwiri/airflow/dags/space_missions.py
[2023-06-07T18:05:38.693+0300] {processor.py:836} INFO - DAG(s) dict_keys(['space_missions']) retrieved from /home/mutwiri/airflow/dags/space_missions.py
[2023-06-07T18:05:38.735+0300] {logging_mixin.py:149} INFO - [2023-06-07T18:05:38.735+0300] {dag.py:2726} INFO - Sync 1 DAGs
[2023-06-07T18:05:38.787+0300] {processor.py:179} INFO - Processing /home/mutwiri/airflow/dags/space_missions.py took 0.136 seconds
[2023-06-07T18:06:09.071+0300] {processor.py:157} INFO - Started process (PID=37317) to work on /home/mutwiri/airflow/dags/space_missions.py
[2023-06-07T18:06:09.072+0300] {processor.py:826} INFO - Processing file /home/mutwiri/airflow/dags/space_missions.py for tasks to queue
[2023-06-07T18:06:09.074+0300] {logging_mixin.py:149} INFO - [2023-06-07T18:06:09.074+0300] {dagbag.py:541} INFO - Filling up the DagBag from /home/mutwiri/airflow/dags/space_missions.py
[2023-06-07T18:06:09.100+0300] {processor.py:836} INFO - DAG(s) dict_keys(['space_missions']) retrieved from /home/mutwiri/airflow/dags/space_missions.py
[2023-06-07T18:06:09.143+0300] {logging_mixin.py:149} INFO - [2023-06-07T18:06:09.143+0300] {dag.py:2726} INFO - Sync 1 DAGs
[2023-06-07T18:06:09.199+0300] {processor.py:179} INFO - Processing /home/mutwiri/airflow/dags/space_missions.py took 0.137 seconds
[2023-06-07T18:06:39.658+0300] {processor.py:157} INFO - Started process (PID=37528) to work on /home/mutwiri/airflow/dags/space_missions.py
[2023-06-07T18:06:39.669+0300] {processor.py:826} INFO - Processing file /home/mutwiri/airflow/dags/space_missions.py for tasks to queue
[2023-06-07T18:06:39.671+0300] {logging_mixin.py:149} INFO - [2023-06-07T18:06:39.670+0300] {dagbag.py:541} INFO - Filling up the DagBag from /home/mutwiri/airflow/dags/space_missions.py
[2023-06-07T18:06:39.703+0300] {processor.py:836} INFO - DAG(s) dict_keys(['space_missions']) retrieved from /home/mutwiri/airflow/dags/space_missions.py
[2023-06-07T18:06:39.763+0300] {logging_mixin.py:149} INFO - [2023-06-07T18:06:39.763+0300] {dag.py:2726} INFO - Sync 1 DAGs
[2023-06-07T18:06:39.881+0300] {processor.py:179} INFO - Processing /home/mutwiri/airflow/dags/space_missions.py took 0.239 seconds
