[2023-06-07T17:57:15.231+0300] {processor.py:157} INFO - Started process (PID=25203) to work on /home/mutwiri/airflow/dags/templating.py
[2023-06-07T17:57:15.232+0300] {processor.py:826} INFO - Processing file /home/mutwiri/airflow/dags/templating.py for tasks to queue
[2023-06-07T17:57:15.232+0300] {logging_mixin.py:149} INFO - [2023-06-07T17:57:15.232+0300] {dagbag.py:541} INFO - Filling up the DagBag from /home/mutwiri/airflow/dags/templating.py
[2023-06-07T17:57:15.244+0300] {processor.py:836} INFO - DAG(s) dict_keys(['templating']) retrieved from /home/mutwiri/airflow/dags/templating.py
[2023-06-07T17:57:15.371+0300] {logging_mixin.py:149} INFO - [2023-06-07T17:57:15.370+0300] {manager.py:504} INFO - Created Permission View: can edit on DAG:templating
[2023-06-07T17:57:15.393+0300] {logging_mixin.py:149} INFO - [2023-06-07T17:57:15.393+0300] {manager.py:504} INFO - Created Permission View: can delete on DAG:templating
[2023-06-07T17:57:15.404+0300] {logging_mixin.py:149} INFO - [2023-06-07T17:57:15.404+0300] {manager.py:504} INFO - Created Permission View: can read on DAG:templating
[2023-06-07T17:57:15.405+0300] {logging_mixin.py:149} INFO - [2023-06-07T17:57:15.404+0300] {dag.py:2726} INFO - Sync 1 DAGs
[2023-06-07T17:57:15.416+0300] {logging_mixin.py:149} INFO - [2023-06-07T17:57:15.416+0300] {dag.py:2747} INFO - Creating ORM DAG for templating
[2023-06-07T17:57:15.427+0300] {logging_mixin.py:149} INFO - [2023-06-07T17:57:15.427+0300] {dag.py:3486} INFO - Setting next_dagrun for templating to 2023-06-04T00:00:00+00:00, run_after=2023-06-04T01:00:00+00:00
[2023-06-07T17:57:15.446+0300] {processor.py:179} INFO - Processing /home/mutwiri/airflow/dags/templating.py took 0.219 seconds
[2023-06-07T17:57:45.837+0300] {processor.py:157} INFO - Started process (PID=26135) to work on /home/mutwiri/airflow/dags/templating.py
[2023-06-07T17:57:45.839+0300] {processor.py:826} INFO - Processing file /home/mutwiri/airflow/dags/templating.py for tasks to queue
[2023-06-07T17:57:45.840+0300] {logging_mixin.py:149} INFO - [2023-06-07T17:57:45.840+0300] {dagbag.py:541} INFO - Filling up the DagBag from /home/mutwiri/airflow/dags/templating.py
[2023-06-07T17:57:45.855+0300] {processor.py:836} INFO - DAG(s) dict_keys(['templating']) retrieved from /home/mutwiri/airflow/dags/templating.py
[2023-06-07T17:57:45.906+0300] {logging_mixin.py:149} INFO - [2023-06-07T17:57:45.906+0300] {dag.py:2726} INFO - Sync 1 DAGs
[2023-06-07T17:57:45.938+0300] {logging_mixin.py:149} INFO - [2023-06-07T17:57:45.938+0300] {dag.py:3486} INFO - Setting next_dagrun for templating to 2023-06-04T14:00:00+00:00, run_after=2023-06-04T15:00:00+00:00
[2023-06-07T17:57:45.973+0300] {processor.py:179} INFO - Processing /home/mutwiri/airflow/dags/templating.py took 0.141 seconds
[2023-06-07T17:58:16.253+0300] {processor.py:157} INFO - Started process (PID=27997) to work on /home/mutwiri/airflow/dags/templating.py
[2023-06-07T17:58:16.264+0300] {processor.py:826} INFO - Processing file /home/mutwiri/airflow/dags/templating.py for tasks to queue
[2023-06-07T17:58:16.266+0300] {logging_mixin.py:149} INFO - [2023-06-07T17:58:16.266+0300] {dagbag.py:541} INFO - Filling up the DagBag from /home/mutwiri/airflow/dags/templating.py
[2023-06-07T17:58:16.292+0300] {processor.py:836} INFO - DAG(s) dict_keys(['templating']) retrieved from /home/mutwiri/airflow/dags/templating.py
[2023-06-07T17:58:16.358+0300] {logging_mixin.py:149} INFO - [2023-06-07T17:58:16.358+0300] {dag.py:2726} INFO - Sync 1 DAGs
[2023-06-07T17:58:16.400+0300] {logging_mixin.py:149} INFO - [2023-06-07T17:58:16.399+0300] {dag.py:3486} INFO - Setting next_dagrun for templating to 2023-06-05T10:00:00+00:00, run_after=2023-06-05T11:00:00+00:00
[2023-06-07T17:58:16.448+0300] {processor.py:179} INFO - Processing /home/mutwiri/airflow/dags/templating.py took 0.204 seconds
[2023-06-07T17:58:46.827+0300] {processor.py:157} INFO - Started process (PID=30005) to work on /home/mutwiri/airflow/dags/templating.py
[2023-06-07T17:58:46.829+0300] {processor.py:826} INFO - Processing file /home/mutwiri/airflow/dags/templating.py for tasks to queue
[2023-06-07T17:58:46.831+0300] {logging_mixin.py:149} INFO - [2023-06-07T17:58:46.830+0300] {dagbag.py:541} INFO - Filling up the DagBag from /home/mutwiri/airflow/dags/templating.py
[2023-06-07T17:58:46.856+0300] {processor.py:836} INFO - DAG(s) dict_keys(['templating']) retrieved from /home/mutwiri/airflow/dags/templating.py
[2023-06-07T17:58:47.032+0300] {logging_mixin.py:149} INFO - [2023-06-07T17:58:47.032+0300] {dag.py:2726} INFO - Sync 1 DAGs
[2023-06-07T17:58:47.122+0300] {logging_mixin.py:149} INFO - [2023-06-07T17:58:47.121+0300] {dag.py:3486} INFO - Setting next_dagrun for templating to 2023-06-06T21:00:00+00:00, run_after=2023-06-06T22:00:00+00:00
[2023-06-07T17:58:47.198+0300] {processor.py:179} INFO - Processing /home/mutwiri/airflow/dags/templating.py took 0.379 seconds
[2023-06-07T17:59:17.513+0300] {processor.py:157} INFO - Started process (PID=31835) to work on /home/mutwiri/airflow/dags/templating.py
[2023-06-07T17:59:17.515+0300] {processor.py:826} INFO - Processing file /home/mutwiri/airflow/dags/templating.py for tasks to queue
[2023-06-07T17:59:17.516+0300] {logging_mixin.py:149} INFO - [2023-06-07T17:59:17.516+0300] {dagbag.py:541} INFO - Filling up the DagBag from /home/mutwiri/airflow/dags/templating.py
[2023-06-07T17:59:17.531+0300] {processor.py:836} INFO - DAG(s) dict_keys(['templating']) retrieved from /home/mutwiri/airflow/dags/templating.py
[2023-06-07T17:59:17.584+0300] {logging_mixin.py:149} INFO - [2023-06-07T17:59:17.584+0300] {dag.py:2726} INFO - Sync 1 DAGs
[2023-06-07T17:59:17.618+0300] {logging_mixin.py:149} INFO - [2023-06-07T17:59:17.618+0300] {dag.py:3486} INFO - Setting next_dagrun for templating to 2023-06-07T14:00:00+00:00, run_after=2023-06-07T15:00:00+00:00
[2023-06-07T17:59:17.644+0300] {processor.py:179} INFO - Processing /home/mutwiri/airflow/dags/templating.py took 0.136 seconds
[2023-06-07T17:59:48.054+0300] {processor.py:157} INFO - Started process (PID=32234) to work on /home/mutwiri/airflow/dags/templating.py
[2023-06-07T17:59:48.056+0300] {processor.py:826} INFO - Processing file /home/mutwiri/airflow/dags/templating.py for tasks to queue
[2023-06-07T17:59:48.057+0300] {logging_mixin.py:149} INFO - [2023-06-07T17:59:48.057+0300] {dagbag.py:541} INFO - Filling up the DagBag from /home/mutwiri/airflow/dags/templating.py
[2023-06-07T17:59:48.072+0300] {processor.py:836} INFO - DAG(s) dict_keys(['templating']) retrieved from /home/mutwiri/airflow/dags/templating.py
[2023-06-07T17:59:48.119+0300] {logging_mixin.py:149} INFO - [2023-06-07T17:59:48.119+0300] {dag.py:2726} INFO - Sync 1 DAGs
[2023-06-07T17:59:48.153+0300] {logging_mixin.py:149} INFO - [2023-06-07T17:59:48.153+0300] {dag.py:3486} INFO - Setting next_dagrun for templating to 2023-06-07T14:00:00+00:00, run_after=2023-06-07T15:00:00+00:00
[2023-06-07T17:59:48.224+0300] {processor.py:179} INFO - Processing /home/mutwiri/airflow/dags/templating.py took 0.175 seconds
[2023-06-07T18:00:18.476+0300] {processor.py:157} INFO - Started process (PID=32834) to work on /home/mutwiri/airflow/dags/templating.py
[2023-06-07T18:00:18.477+0300] {processor.py:826} INFO - Processing file /home/mutwiri/airflow/dags/templating.py for tasks to queue
[2023-06-07T18:00:18.478+0300] {logging_mixin.py:149} INFO - [2023-06-07T18:00:18.478+0300] {dagbag.py:541} INFO - Filling up the DagBag from /home/mutwiri/airflow/dags/templating.py
[2023-06-07T18:00:18.496+0300] {processor.py:836} INFO - DAG(s) dict_keys(['templating']) retrieved from /home/mutwiri/airflow/dags/templating.py
[2023-06-07T18:00:18.538+0300] {logging_mixin.py:149} INFO - [2023-06-07T18:00:18.538+0300] {dag.py:2726} INFO - Sync 1 DAGs
[2023-06-07T18:00:18.566+0300] {logging_mixin.py:149} INFO - [2023-06-07T18:00:18.566+0300] {dag.py:3486} INFO - Setting next_dagrun for templating to 2023-06-07T15:00:00+00:00, run_after=2023-06-07T16:00:00+00:00
[2023-06-07T18:00:18.645+0300] {processor.py:179} INFO - Processing /home/mutwiri/airflow/dags/templating.py took 0.174 seconds
[2023-06-07T18:00:48.908+0300] {processor.py:157} INFO - Started process (PID=33392) to work on /home/mutwiri/airflow/dags/templating.py
[2023-06-07T18:00:48.910+0300] {processor.py:826} INFO - Processing file /home/mutwiri/airflow/dags/templating.py for tasks to queue
[2023-06-07T18:00:48.910+0300] {logging_mixin.py:149} INFO - [2023-06-07T18:00:48.910+0300] {dagbag.py:541} INFO - Filling up the DagBag from /home/mutwiri/airflow/dags/templating.py
[2023-06-07T18:00:48.923+0300] {processor.py:836} INFO - DAG(s) dict_keys(['templating']) retrieved from /home/mutwiri/airflow/dags/templating.py
[2023-06-07T18:00:48.968+0300] {logging_mixin.py:149} INFO - [2023-06-07T18:00:48.967+0300] {dag.py:2726} INFO - Sync 1 DAGs
[2023-06-07T18:00:48.995+0300] {logging_mixin.py:149} INFO - [2023-06-07T18:00:48.995+0300] {dag.py:3486} INFO - Setting next_dagrun for templating to 2023-06-07T15:00:00+00:00, run_after=2023-06-07T16:00:00+00:00
[2023-06-07T18:00:49.020+0300] {processor.py:179} INFO - Processing /home/mutwiri/airflow/dags/templating.py took 0.116 seconds
[2023-06-07T18:01:19.407+0300] {processor.py:157} INFO - Started process (PID=33642) to work on /home/mutwiri/airflow/dags/templating.py
[2023-06-07T18:01:19.425+0300] {processor.py:826} INFO - Processing file /home/mutwiri/airflow/dags/templating.py for tasks to queue
[2023-06-07T18:01:19.426+0300] {logging_mixin.py:149} INFO - [2023-06-07T18:01:19.426+0300] {dagbag.py:541} INFO - Filling up the DagBag from /home/mutwiri/airflow/dags/templating.py
[2023-06-07T18:01:19.439+0300] {processor.py:836} INFO - DAG(s) dict_keys(['templating']) retrieved from /home/mutwiri/airflow/dags/templating.py
[2023-06-07T18:01:19.478+0300] {logging_mixin.py:149} INFO - [2023-06-07T18:01:19.478+0300] {dag.py:2726} INFO - Sync 1 DAGs
[2023-06-07T18:01:19.503+0300] {logging_mixin.py:149} INFO - [2023-06-07T18:01:19.503+0300] {dag.py:3486} INFO - Setting next_dagrun for templating to 2023-06-07T15:00:00+00:00, run_after=2023-06-07T16:00:00+00:00
[2023-06-07T18:01:19.532+0300] {processor.py:179} INFO - Processing /home/mutwiri/airflow/dags/templating.py took 0.129 seconds
[2023-06-07T18:01:49.896+0300] {processor.py:157} INFO - Started process (PID=33887) to work on /home/mutwiri/airflow/dags/templating.py
[2023-06-07T18:01:49.913+0300] {processor.py:826} INFO - Processing file /home/mutwiri/airflow/dags/templating.py for tasks to queue
[2023-06-07T18:01:49.914+0300] {logging_mixin.py:149} INFO - [2023-06-07T18:01:49.913+0300] {dagbag.py:541} INFO - Filling up the DagBag from /home/mutwiri/airflow/dags/templating.py
[2023-06-07T18:01:49.930+0300] {processor.py:836} INFO - DAG(s) dict_keys(['templating']) retrieved from /home/mutwiri/airflow/dags/templating.py
[2023-06-07T18:01:50.001+0300] {logging_mixin.py:149} INFO - [2023-06-07T18:01:50.001+0300] {dag.py:2726} INFO - Sync 1 DAGs
[2023-06-07T18:01:50.053+0300] {logging_mixin.py:149} INFO - [2023-06-07T18:01:50.053+0300] {dag.py:3486} INFO - Setting next_dagrun for templating to 2023-06-07T15:00:00+00:00, run_after=2023-06-07T16:00:00+00:00
[2023-06-07T18:01:50.105+0300] {processor.py:179} INFO - Processing /home/mutwiri/airflow/dags/templating.py took 0.215 seconds
[2023-06-07T18:02:20.417+0300] {processor.py:157} INFO - Started process (PID=34302) to work on /home/mutwiri/airflow/dags/templating.py
[2023-06-07T18:02:20.419+0300] {processor.py:826} INFO - Processing file /home/mutwiri/airflow/dags/templating.py for tasks to queue
[2023-06-07T18:02:20.419+0300] {logging_mixin.py:149} INFO - [2023-06-07T18:02:20.419+0300] {dagbag.py:541} INFO - Filling up the DagBag from /home/mutwiri/airflow/dags/templating.py
[2023-06-07T18:02:20.432+0300] {processor.py:836} INFO - DAG(s) dict_keys(['templating']) retrieved from /home/mutwiri/airflow/dags/templating.py
[2023-06-07T18:02:20.490+0300] {logging_mixin.py:149} INFO - [2023-06-07T18:02:20.490+0300] {dag.py:2726} INFO - Sync 1 DAGs
[2023-06-07T18:02:20.527+0300] {logging_mixin.py:149} INFO - [2023-06-07T18:02:20.527+0300] {dag.py:3486} INFO - Setting next_dagrun for templating to 2023-06-07T15:00:00+00:00, run_after=2023-06-07T16:00:00+00:00
[2023-06-07T18:02:20.556+0300] {processor.py:179} INFO - Processing /home/mutwiri/airflow/dags/templating.py took 0.145 seconds
[2023-06-07T18:02:50.904+0300] {processor.py:157} INFO - Started process (PID=34556) to work on /home/mutwiri/airflow/dags/templating.py
[2023-06-07T18:02:50.918+0300] {processor.py:826} INFO - Processing file /home/mutwiri/airflow/dags/templating.py for tasks to queue
[2023-06-07T18:02:50.919+0300] {logging_mixin.py:149} INFO - [2023-06-07T18:02:50.919+0300] {dagbag.py:541} INFO - Filling up the DagBag from /home/mutwiri/airflow/dags/templating.py
[2023-06-07T18:02:50.935+0300] {processor.py:836} INFO - DAG(s) dict_keys(['templating']) retrieved from /home/mutwiri/airflow/dags/templating.py
[2023-06-07T18:02:50.983+0300] {logging_mixin.py:149} INFO - [2023-06-07T18:02:50.983+0300] {dag.py:2726} INFO - Sync 1 DAGs
[2023-06-07T18:02:51.011+0300] {logging_mixin.py:149} INFO - [2023-06-07T18:02:51.011+0300] {dag.py:3486} INFO - Setting next_dagrun for templating to 2023-06-07T15:00:00+00:00, run_after=2023-06-07T16:00:00+00:00
[2023-06-07T18:02:51.064+0300] {processor.py:179} INFO - Processing /home/mutwiri/airflow/dags/templating.py took 0.164 seconds
[2023-06-07T18:03:21.303+0300] {processor.py:157} INFO - Started process (PID=34820) to work on /home/mutwiri/airflow/dags/templating.py
[2023-06-07T18:03:21.304+0300] {processor.py:826} INFO - Processing file /home/mutwiri/airflow/dags/templating.py for tasks to queue
[2023-06-07T18:03:21.305+0300] {logging_mixin.py:149} INFO - [2023-06-07T18:03:21.305+0300] {dagbag.py:541} INFO - Filling up the DagBag from /home/mutwiri/airflow/dags/templating.py
[2023-06-07T18:03:21.322+0300] {processor.py:836} INFO - DAG(s) dict_keys(['templating']) retrieved from /home/mutwiri/airflow/dags/templating.py
[2023-06-07T18:03:21.376+0300] {logging_mixin.py:149} INFO - [2023-06-07T18:03:21.375+0300] {dag.py:2726} INFO - Sync 1 DAGs
[2023-06-07T18:03:21.412+0300] {logging_mixin.py:149} INFO - [2023-06-07T18:03:21.412+0300] {dag.py:3486} INFO - Setting next_dagrun for templating to 2023-06-07T15:00:00+00:00, run_after=2023-06-07T16:00:00+00:00
[2023-06-07T18:03:21.446+0300] {processor.py:179} INFO - Processing /home/mutwiri/airflow/dags/templating.py took 0.149 seconds
[2023-06-07T18:03:51.952+0300] {processor.py:157} INFO - Started process (PID=35216) to work on /home/mutwiri/airflow/dags/templating.py
[2023-06-07T18:03:51.953+0300] {processor.py:826} INFO - Processing file /home/mutwiri/airflow/dags/templating.py for tasks to queue
[2023-06-07T18:03:51.955+0300] {logging_mixin.py:149} INFO - [2023-06-07T18:03:51.955+0300] {dagbag.py:541} INFO - Filling up the DagBag from /home/mutwiri/airflow/dags/templating.py
[2023-06-07T18:03:51.971+0300] {processor.py:836} INFO - DAG(s) dict_keys(['templating']) retrieved from /home/mutwiri/airflow/dags/templating.py
[2023-06-07T18:03:52.017+0300] {logging_mixin.py:149} INFO - [2023-06-07T18:03:52.016+0300] {dag.py:2726} INFO - Sync 1 DAGs
[2023-06-07T18:03:52.041+0300] {logging_mixin.py:149} INFO - [2023-06-07T18:03:52.041+0300] {dag.py:3486} INFO - Setting next_dagrun for templating to 2023-06-07T15:00:00+00:00, run_after=2023-06-07T16:00:00+00:00
[2023-06-07T18:03:52.101+0300] {processor.py:179} INFO - Processing /home/mutwiri/airflow/dags/templating.py took 0.157 seconds
[2023-06-07T18:04:22.438+0300] {processor.py:157} INFO - Started process (PID=35995) to work on /home/mutwiri/airflow/dags/templating.py
[2023-06-07T18:04:22.450+0300] {processor.py:826} INFO - Processing file /home/mutwiri/airflow/dags/templating.py for tasks to queue
[2023-06-07T18:04:22.451+0300] {logging_mixin.py:149} INFO - [2023-06-07T18:04:22.450+0300] {dagbag.py:541} INFO - Filling up the DagBag from /home/mutwiri/airflow/dags/templating.py
[2023-06-07T18:04:22.464+0300] {processor.py:836} INFO - DAG(s) dict_keys(['templating']) retrieved from /home/mutwiri/airflow/dags/templating.py
[2023-06-07T18:04:22.506+0300] {logging_mixin.py:149} INFO - [2023-06-07T18:04:22.506+0300] {dag.py:2726} INFO - Sync 1 DAGs
[2023-06-07T18:04:22.530+0300] {logging_mixin.py:149} INFO - [2023-06-07T18:04:22.530+0300] {dag.py:3486} INFO - Setting next_dagrun for templating to 2023-06-07T15:00:00+00:00, run_after=2023-06-07T16:00:00+00:00
[2023-06-07T18:04:22.572+0300] {processor.py:179} INFO - Processing /home/mutwiri/airflow/dags/templating.py took 0.139 seconds
[2023-06-07T18:04:52.950+0300] {processor.py:157} INFO - Started process (PID=36609) to work on /home/mutwiri/airflow/dags/templating.py
[2023-06-07T18:04:52.955+0300] {processor.py:826} INFO - Processing file /home/mutwiri/airflow/dags/templating.py for tasks to queue
[2023-06-07T18:04:52.960+0300] {logging_mixin.py:149} INFO - [2023-06-07T18:04:52.959+0300] {dagbag.py:541} INFO - Filling up the DagBag from /home/mutwiri/airflow/dags/templating.py
[2023-06-07T18:04:53.016+0300] {processor.py:836} INFO - DAG(s) dict_keys(['templating']) retrieved from /home/mutwiri/airflow/dags/templating.py
[2023-06-07T18:04:53.079+0300] {logging_mixin.py:149} INFO - [2023-06-07T18:04:53.079+0300] {dag.py:2726} INFO - Sync 1 DAGs
[2023-06-07T18:04:53.112+0300] {logging_mixin.py:149} INFO - [2023-06-07T18:04:53.112+0300] {dag.py:3486} INFO - Setting next_dagrun for templating to 2023-06-07T15:00:00+00:00, run_after=2023-06-07T16:00:00+00:00
[2023-06-07T18:04:53.143+0300] {processor.py:179} INFO - Processing /home/mutwiri/airflow/dags/templating.py took 0.212 seconds
[2023-06-07T18:05:23.420+0300] {processor.py:157} INFO - Started process (PID=36947) to work on /home/mutwiri/airflow/dags/templating.py
[2023-06-07T18:05:23.430+0300] {processor.py:826} INFO - Processing file /home/mutwiri/airflow/dags/templating.py for tasks to queue
[2023-06-07T18:05:23.431+0300] {logging_mixin.py:149} INFO - [2023-06-07T18:05:23.431+0300] {dagbag.py:541} INFO - Filling up the DagBag from /home/mutwiri/airflow/dags/templating.py
[2023-06-07T18:05:23.442+0300] {processor.py:836} INFO - DAG(s) dict_keys(['templating']) retrieved from /home/mutwiri/airflow/dags/templating.py
[2023-06-07T18:05:23.487+0300] {logging_mixin.py:149} INFO - [2023-06-07T18:05:23.487+0300] {dag.py:2726} INFO - Sync 1 DAGs
[2023-06-07T18:05:23.518+0300] {logging_mixin.py:149} INFO - [2023-06-07T18:05:23.518+0300] {dag.py:3486} INFO - Setting next_dagrun for templating to 2023-06-07T15:00:00+00:00, run_after=2023-06-07T16:00:00+00:00
[2023-06-07T18:05:23.543+0300] {processor.py:179} INFO - Processing /home/mutwiri/airflow/dags/templating.py took 0.129 seconds
[2023-06-07T18:05:53.933+0300] {processor.py:157} INFO - Started process (PID=37188) to work on /home/mutwiri/airflow/dags/templating.py
[2023-06-07T18:05:53.934+0300] {processor.py:826} INFO - Processing file /home/mutwiri/airflow/dags/templating.py for tasks to queue
[2023-06-07T18:05:53.935+0300] {logging_mixin.py:149} INFO - [2023-06-07T18:05:53.935+0300] {dagbag.py:541} INFO - Filling up the DagBag from /home/mutwiri/airflow/dags/templating.py
[2023-06-07T18:05:53.948+0300] {processor.py:836} INFO - DAG(s) dict_keys(['templating']) retrieved from /home/mutwiri/airflow/dags/templating.py
[2023-06-07T18:05:53.993+0300] {logging_mixin.py:149} INFO - [2023-06-07T18:05:53.993+0300] {dag.py:2726} INFO - Sync 1 DAGs
[2023-06-07T18:05:54.022+0300] {logging_mixin.py:149} INFO - [2023-06-07T18:05:54.021+0300] {dag.py:3486} INFO - Setting next_dagrun for templating to 2023-06-07T15:00:00+00:00, run_after=2023-06-07T16:00:00+00:00
[2023-06-07T18:05:54.057+0300] {processor.py:179} INFO - Processing /home/mutwiri/airflow/dags/templating.py took 0.128 seconds
[2023-06-07T18:06:24.346+0300] {processor.py:157} INFO - Started process (PID=37426) to work on /home/mutwiri/airflow/dags/templating.py
[2023-06-07T18:06:24.362+0300] {processor.py:826} INFO - Processing file /home/mutwiri/airflow/dags/templating.py for tasks to queue
[2023-06-07T18:06:24.363+0300] {logging_mixin.py:149} INFO - [2023-06-07T18:06:24.363+0300] {dagbag.py:541} INFO - Filling up the DagBag from /home/mutwiri/airflow/dags/templating.py
[2023-06-07T18:06:24.378+0300] {processor.py:836} INFO - DAG(s) dict_keys(['templating']) retrieved from /home/mutwiri/airflow/dags/templating.py
[2023-06-07T18:06:24.425+0300] {logging_mixin.py:149} INFO - [2023-06-07T18:06:24.425+0300] {dag.py:2726} INFO - Sync 1 DAGs
[2023-06-07T18:06:24.457+0300] {logging_mixin.py:149} INFO - [2023-06-07T18:06:24.457+0300] {dag.py:3486} INFO - Setting next_dagrun for templating to 2023-06-07T15:00:00+00:00, run_after=2023-06-07T16:00:00+00:00
[2023-06-07T18:06:24.490+0300] {processor.py:179} INFO - Processing /home/mutwiri/airflow/dags/templating.py took 0.148 seconds
