[2023-06-07T18:44:38.565+0300] {taskinstance.py:1103} INFO - Dependencies all met for dep_context=non-requeueable deps ti=<TaskInstance: stocksense.get_data scheduled__2023-06-05T07:00:00+00:00 [queued]>
[2023-06-07T18:44:38.582+0300] {taskinstance.py:1103} INFO - Dependencies all met for dep_context=requeueable deps ti=<TaskInstance: stocksense.get_data scheduled__2023-06-05T07:00:00+00:00 [queued]>
[2023-06-07T18:44:38.582+0300] {taskinstance.py:1308} INFO - Starting attempt 1 of 1
[2023-06-07T18:44:38.632+0300] {taskinstance.py:1327} INFO - Executing <Task(PythonOperator): get_data> on 2023-06-05 07:00:00+00:00
[2023-06-07T18:44:38.639+0300] {standard_task_runner.py:57} INFO - Started process 52147 to run task
[2023-06-07T18:44:38.658+0300] {standard_task_runner.py:84} INFO - Running: ['***', 'tasks', 'run', 'stocksense', 'get_data', 'scheduled__2023-06-05T07:00:00+00:00', '--job-id', '196', '--raw', '--subdir', 'DAGS_FOLDER/templating_using_python.py', '--cfg-path', '/tmp/tmpck99zt0p']
[2023-06-07T18:44:38.667+0300] {standard_task_runner.py:85} INFO - Job 196: Subtask get_data
[2023-06-07T18:44:38.918+0300] {task_command.py:410} INFO - Running <TaskInstance: stocksense.get_data scheduled__2023-06-05T07:00:00+00:00 [running]> on host mutwiri
[2023-06-07T18:44:39.647+0300] {taskinstance.py:1545} INFO - Exporting env vars: AIRFLOW_CTX_DAG_OWNER='***' AIRFLOW_CTX_DAG_ID='stocksense' AIRFLOW_CTX_TASK_ID='get_data' AIRFLOW_CTX_EXECUTION_DATE='2023-06-05T07:00:00+00:00' AIRFLOW_CTX_TRY_NUMBER='1' AIRFLOW_CTX_DAG_RUN_ID='scheduled__2023-06-05T07:00:00+00:00'
[2023-06-07T18:44:39.648+0300] {python.py:183} INFO - Done. Returned value was: None
[2023-06-07T18:44:39.702+0300] {taskinstance.py:1345} INFO - Marking task as SUCCESS. dag_id=stocksense, task_id=get_data, execution_date=20230605T070000, start_date=20230607T154438, end_date=20230607T154439
[2023-06-07T18:44:39.824+0300] {local_task_job_runner.py:225} INFO - Task exited with return code 0
[2023-06-07T18:44:40.127+0300] {taskinstance.py:2651} INFO - 0 downstream tasks scheduled from follow-on schedule check
[2023-06-07T18:49:55.287+0300] {taskinstance.py:1103} INFO - Dependencies all met for dep_context=non-requeueable deps ti=<TaskInstance: stocksense.get_data scheduled__2023-06-05T07:00:00+00:00 [queued]>
[2023-06-07T18:49:55.316+0300] {taskinstance.py:1103} INFO - Dependencies all met for dep_context=requeueable deps ti=<TaskInstance: stocksense.get_data scheduled__2023-06-05T07:00:00+00:00 [queued]>
[2023-06-07T18:49:55.316+0300] {taskinstance.py:1308} INFO - Starting attempt 1 of 1
[2023-06-07T18:49:55.361+0300] {taskinstance.py:1327} INFO - Executing <Task(PythonOperator): get_data> on 2023-06-05 07:00:00+00:00
[2023-06-07T18:49:55.378+0300] {standard_task_runner.py:84} INFO - Running: ['***', 'tasks', 'run', 'stocksense', 'get_data', 'scheduled__2023-06-05T07:00:00+00:00', '--job-id', '260', '--raw', '--subdir', 'DAGS_FOLDER/templating_using_python.py', '--cfg-path', '/tmp/tmpktui5fg8']
[2023-06-07T18:49:55.384+0300] {standard_task_runner.py:85} INFO - Job 260: Subtask get_data
[2023-06-07T18:49:55.371+0300] {standard_task_runner.py:57} INFO - Started process 56425 to run task
[2023-06-07T18:49:55.523+0300] {task_command.py:410} INFO - Running <TaskInstance: stocksense.get_data scheduled__2023-06-05T07:00:00+00:00 [running]> on host mutwiri
[2023-06-07T18:49:56.031+0300] {taskinstance.py:1545} INFO - Exporting env vars: AIRFLOW_CTX_DAG_OWNER='***' AIRFLOW_CTX_DAG_ID='stocksense' AIRFLOW_CTX_TASK_ID='get_data' AIRFLOW_CTX_EXECUTION_DATE='2023-06-05T07:00:00+00:00' AIRFLOW_CTX_TRY_NUMBER='1' AIRFLOW_CTX_DAG_RUN_ID='scheduled__2023-06-05T07:00:00+00:00'
[2023-06-07T18:49:56.033+0300] {python.py:183} INFO - Done. Returned value was: None
[2023-06-07T18:49:56.055+0300] {taskinstance.py:1345} INFO - Marking task as SUCCESS. dag_id=stocksense, task_id=get_data, execution_date=20230605T070000, start_date=20230607T154955, end_date=20230607T154956
[2023-06-07T18:49:56.135+0300] {local_task_job_runner.py:225} INFO - Task exited with return code 0
[2023-06-07T18:49:56.170+0300] {taskinstance.py:2651} INFO - 0 downstream tasks scheduled from follow-on schedule check
