[2023-06-01T10:05:06.279+0300] {processor.py:157} INFO - Started process (PID=2087777) to work on /home/mutwiri/airflow/airflow_env/lib/python3.10/site-packages/airflow/example_dags/subdags/subdag.py
[2023-06-01T10:05:06.280+0300] {processor.py:826} INFO - Processing file /home/mutwiri/airflow/airflow_env/lib/python3.10/site-packages/airflow/example_dags/subdags/subdag.py for tasks to queue
[2023-06-01T10:05:06.280+0300] {logging_mixin.py:149} INFO - [2023-06-01T10:05:06.280+0300] {dagbag.py:541} INFO - Filling up the DagBag from /home/mutwiri/airflow/airflow_env/lib/python3.10/site-packages/airflow/example_dags/subdags/subdag.py
[2023-06-01T10:05:06.282+0300] {processor.py:838} WARNING - No viable dags retrieved from /home/mutwiri/airflow/airflow_env/lib/python3.10/site-packages/airflow/example_dags/subdags/subdag.py
[2023-06-01T10:05:06.293+0300] {processor.py:179} INFO - Processing /home/mutwiri/airflow/airflow_env/lib/python3.10/site-packages/airflow/example_dags/subdags/subdag.py took 0.017 seconds
[2023-06-01T10:07:04.434+0300] {processor.py:157} INFO - Started process (PID=2088532) to work on /home/mutwiri/airflow/airflow_env/lib/python3.10/site-packages/airflow/example_dags/subdags/subdag.py
[2023-06-01T10:07:04.448+0300] {processor.py:826} INFO - Processing file /home/mutwiri/airflow/airflow_env/lib/python3.10/site-packages/airflow/example_dags/subdags/subdag.py for tasks to queue
[2023-06-01T10:07:04.449+0300] {logging_mixin.py:149} INFO - [2023-06-01T10:07:04.449+0300] {dagbag.py:541} INFO - Filling up the DagBag from /home/mutwiri/airflow/airflow_env/lib/python3.10/site-packages/airflow/example_dags/subdags/subdag.py
[2023-06-01T10:07:04.451+0300] {processor.py:838} WARNING - No viable dags retrieved from /home/mutwiri/airflow/airflow_env/lib/python3.10/site-packages/airflow/example_dags/subdags/subdag.py
[2023-06-01T10:07:04.462+0300] {processor.py:179} INFO - Processing /home/mutwiri/airflow/airflow_env/lib/python3.10/site-packages/airflow/example_dags/subdags/subdag.py took 0.031 seconds
[2023-06-01T10:07:58.568+0300] {processor.py:157} INFO - Started process (PID=2088616) to work on /home/mutwiri/airflow/airflow_env/lib/python3.10/site-packages/airflow/example_dags/subdags/subdag.py
[2023-06-01T10:07:58.581+0300] {processor.py:826} INFO - Processing file /home/mutwiri/airflow/airflow_env/lib/python3.10/site-packages/airflow/example_dags/subdags/subdag.py for tasks to queue
[2023-06-01T10:07:58.583+0300] {logging_mixin.py:149} INFO - [2023-06-01T10:07:58.582+0300] {dagbag.py:541} INFO - Filling up the DagBag from /home/mutwiri/airflow/airflow_env/lib/python3.10/site-packages/airflow/example_dags/subdags/subdag.py
[2023-06-01T10:07:58.586+0300] {processor.py:838} WARNING - No viable dags retrieved from /home/mutwiri/airflow/airflow_env/lib/python3.10/site-packages/airflow/example_dags/subdags/subdag.py
[2023-06-01T10:07:58.597+0300] {processor.py:179} INFO - Processing /home/mutwiri/airflow/airflow_env/lib/python3.10/site-packages/airflow/example_dags/subdags/subdag.py took 0.033 seconds
[2023-06-01T10:08:55.156+0300] {processor.py:157} INFO - Started process (PID=2088675) to work on /home/mutwiri/airflow/airflow_env/lib/python3.10/site-packages/airflow/example_dags/subdags/subdag.py
[2023-06-01T10:08:55.172+0300] {processor.py:826} INFO - Processing file /home/mutwiri/airflow/airflow_env/lib/python3.10/site-packages/airflow/example_dags/subdags/subdag.py for tasks to queue
[2023-06-01T10:08:55.173+0300] {logging_mixin.py:149} INFO - [2023-06-01T10:08:55.173+0300] {dagbag.py:541} INFO - Filling up the DagBag from /home/mutwiri/airflow/airflow_env/lib/python3.10/site-packages/airflow/example_dags/subdags/subdag.py
[2023-06-01T10:08:55.175+0300] {processor.py:838} WARNING - No viable dags retrieved from /home/mutwiri/airflow/airflow_env/lib/python3.10/site-packages/airflow/example_dags/subdags/subdag.py
[2023-06-01T10:08:55.191+0300] {processor.py:179} INFO - Processing /home/mutwiri/airflow/airflow_env/lib/python3.10/site-packages/airflow/example_dags/subdags/subdag.py took 0.039 seconds
[2023-06-01T10:09:50.100+0300] {processor.py:157} INFO - Started process (PID=2088861) to work on /home/mutwiri/airflow/airflow_env/lib/python3.10/site-packages/airflow/example_dags/subdags/subdag.py
[2023-06-01T10:09:50.113+0300] {processor.py:826} INFO - Processing file /home/mutwiri/airflow/airflow_env/lib/python3.10/site-packages/airflow/example_dags/subdags/subdag.py for tasks to queue
[2023-06-01T10:09:50.114+0300] {logging_mixin.py:149} INFO - [2023-06-01T10:09:50.114+0300] {dagbag.py:541} INFO - Filling up the DagBag from /home/mutwiri/airflow/airflow_env/lib/python3.10/site-packages/airflow/example_dags/subdags/subdag.py
[2023-06-01T10:09:50.116+0300] {processor.py:838} WARNING - No viable dags retrieved from /home/mutwiri/airflow/airflow_env/lib/python3.10/site-packages/airflow/example_dags/subdags/subdag.py
[2023-06-01T10:09:50.130+0300] {processor.py:179} INFO - Processing /home/mutwiri/airflow/airflow_env/lib/python3.10/site-packages/airflow/example_dags/subdags/subdag.py took 0.034 seconds
[2023-06-01T10:10:39.745+0300] {processor.py:157} INFO - Started process (PID=2089110) to work on /home/mutwiri/airflow/airflow_env/lib/python3.10/site-packages/airflow/example_dags/subdags/subdag.py
[2023-06-01T10:10:39.759+0300] {processor.py:826} INFO - Processing file /home/mutwiri/airflow/airflow_env/lib/python3.10/site-packages/airflow/example_dags/subdags/subdag.py for tasks to queue
[2023-06-01T10:10:39.761+0300] {logging_mixin.py:149} INFO - [2023-06-01T10:10:39.760+0300] {dagbag.py:541} INFO - Filling up the DagBag from /home/mutwiri/airflow/airflow_env/lib/python3.10/site-packages/airflow/example_dags/subdags/subdag.py
[2023-06-01T10:10:39.766+0300] {processor.py:838} WARNING - No viable dags retrieved from /home/mutwiri/airflow/airflow_env/lib/python3.10/site-packages/airflow/example_dags/subdags/subdag.py
[2023-06-01T10:10:39.793+0300] {processor.py:179} INFO - Processing /home/mutwiri/airflow/airflow_env/lib/python3.10/site-packages/airflow/example_dags/subdags/subdag.py took 0.051 seconds
[2023-06-01T10:11:28.741+0300] {processor.py:157} INFO - Started process (PID=2089296) to work on /home/mutwiri/airflow/airflow_env/lib/python3.10/site-packages/airflow/example_dags/subdags/subdag.py
[2023-06-01T10:11:28.755+0300] {processor.py:826} INFO - Processing file /home/mutwiri/airflow/airflow_env/lib/python3.10/site-packages/airflow/example_dags/subdags/subdag.py for tasks to queue
[2023-06-01T10:11:28.756+0300] {logging_mixin.py:149} INFO - [2023-06-01T10:11:28.756+0300] {dagbag.py:541} INFO - Filling up the DagBag from /home/mutwiri/airflow/airflow_env/lib/python3.10/site-packages/airflow/example_dags/subdags/subdag.py
[2023-06-01T10:11:28.759+0300] {processor.py:838} WARNING - No viable dags retrieved from /home/mutwiri/airflow/airflow_env/lib/python3.10/site-packages/airflow/example_dags/subdags/subdag.py
[2023-06-01T10:11:28.771+0300] {processor.py:179} INFO - Processing /home/mutwiri/airflow/airflow_env/lib/python3.10/site-packages/airflow/example_dags/subdags/subdag.py took 0.034 seconds
[2023-06-01T10:12:17.784+0300] {processor.py:157} INFO - Started process (PID=2089473) to work on /home/mutwiri/airflow/airflow_env/lib/python3.10/site-packages/airflow/example_dags/subdags/subdag.py
[2023-06-01T10:12:17.785+0300] {processor.py:826} INFO - Processing file /home/mutwiri/airflow/airflow_env/lib/python3.10/site-packages/airflow/example_dags/subdags/subdag.py for tasks to queue
[2023-06-01T10:12:17.787+0300] {logging_mixin.py:149} INFO - [2023-06-01T10:12:17.787+0300] {dagbag.py:541} INFO - Filling up the DagBag from /home/mutwiri/airflow/airflow_env/lib/python3.10/site-packages/airflow/example_dags/subdags/subdag.py
[2023-06-01T10:12:17.789+0300] {processor.py:838} WARNING - No viable dags retrieved from /home/mutwiri/airflow/airflow_env/lib/python3.10/site-packages/airflow/example_dags/subdags/subdag.py
[2023-06-01T10:12:17.810+0300] {processor.py:179} INFO - Processing /home/mutwiri/airflow/airflow_env/lib/python3.10/site-packages/airflow/example_dags/subdags/subdag.py took 0.031 seconds
[2023-06-01T10:13:16.295+0300] {processor.py:157} INFO - Started process (PID=2089728) to work on /home/mutwiri/airflow/airflow_env/lib/python3.10/site-packages/airflow/example_dags/subdags/subdag.py
[2023-06-01T10:13:16.324+0300] {processor.py:826} INFO - Processing file /home/mutwiri/airflow/airflow_env/lib/python3.10/site-packages/airflow/example_dags/subdags/subdag.py for tasks to queue
[2023-06-01T10:13:16.325+0300] {logging_mixin.py:149} INFO - [2023-06-01T10:13:16.325+0300] {dagbag.py:541} INFO - Filling up the DagBag from /home/mutwiri/airflow/airflow_env/lib/python3.10/site-packages/airflow/example_dags/subdags/subdag.py
[2023-06-01T10:13:16.329+0300] {processor.py:838} WARNING - No viable dags retrieved from /home/mutwiri/airflow/airflow_env/lib/python3.10/site-packages/airflow/example_dags/subdags/subdag.py
[2023-06-01T10:13:16.347+0300] {processor.py:179} INFO - Processing /home/mutwiri/airflow/airflow_env/lib/python3.10/site-packages/airflow/example_dags/subdags/subdag.py took 0.062 seconds
[2023-06-01T10:13:49.094+0300] {processor.py:157} INFO - Started process (PID=2089850) to work on /home/mutwiri/airflow/airflow_env/lib/python3.10/site-packages/airflow/example_dags/subdags/subdag.py
[2023-06-01T10:13:49.096+0300] {processor.py:826} INFO - Processing file /home/mutwiri/airflow/airflow_env/lib/python3.10/site-packages/airflow/example_dags/subdags/subdag.py for tasks to queue
[2023-06-01T10:13:49.098+0300] {logging_mixin.py:149} INFO - [2023-06-01T10:13:49.097+0300] {dagbag.py:541} INFO - Filling up the DagBag from /home/mutwiri/airflow/airflow_env/lib/python3.10/site-packages/airflow/example_dags/subdags/subdag.py
[2023-06-01T10:13:49.101+0300] {processor.py:838} WARNING - No viable dags retrieved from /home/mutwiri/airflow/airflow_env/lib/python3.10/site-packages/airflow/example_dags/subdags/subdag.py
[2023-06-01T10:13:49.117+0300] {processor.py:179} INFO - Processing /home/mutwiri/airflow/airflow_env/lib/python3.10/site-packages/airflow/example_dags/subdags/subdag.py took 0.032 seconds
[2023-06-01T10:14:39.815+0300] {processor.py:157} INFO - Started process (PID=2089932) to work on /home/mutwiri/airflow/airflow_env/lib/python3.10/site-packages/airflow/example_dags/subdags/subdag.py
[2023-06-01T10:14:39.825+0300] {processor.py:826} INFO - Processing file /home/mutwiri/airflow/airflow_env/lib/python3.10/site-packages/airflow/example_dags/subdags/subdag.py for tasks to queue
[2023-06-01T10:14:39.827+0300] {logging_mixin.py:149} INFO - [2023-06-01T10:14:39.826+0300] {dagbag.py:541} INFO - Filling up the DagBag from /home/mutwiri/airflow/airflow_env/lib/python3.10/site-packages/airflow/example_dags/subdags/subdag.py
[2023-06-01T10:14:39.829+0300] {processor.py:838} WARNING - No viable dags retrieved from /home/mutwiri/airflow/airflow_env/lib/python3.10/site-packages/airflow/example_dags/subdags/subdag.py
[2023-06-01T10:14:39.846+0300] {processor.py:179} INFO - Processing /home/mutwiri/airflow/airflow_env/lib/python3.10/site-packages/airflow/example_dags/subdags/subdag.py took 0.037 seconds
