[2023-06-01T15:54:19.826+0300] {taskinstance.py:1103} INFO - Dependencies all met for dep_context=non-requeueable deps ti=<TaskInstance: space_missions.get_images scheduled__2023-05-29T00:00:00+00:00 [queued]>
[2023-06-01T15:54:19.840+0300] {taskinstance.py:1103} INFO - Dependencies all met for dep_context=requeueable deps ti=<TaskInstance: space_missions.get_images scheduled__2023-05-29T00:00:00+00:00 [queued]>
[2023-06-01T15:54:19.841+0300] {taskinstance.py:1308} INFO - Starting attempt 1 of 6
[2023-06-01T15:54:19.881+0300] {taskinstance.py:1327} INFO - Executing <Task(PythonOperator): get_images> on 2023-05-29 00:00:00+00:00
[2023-06-01T15:54:19.886+0300] {standard_task_runner.py:57} INFO - Started process 21206 to run task
[2023-06-01T15:54:19.890+0300] {standard_task_runner.py:84} INFO - Running: ['***', 'tasks', 'run', 'space_missions', 'get_images', 'scheduled__2023-05-29T00:00:00+00:00', '--job-id', '4', '--raw', '--subdir', 'DAGS_FOLDER/space_missions.py', '--cfg-path', '/tmp/tmp029ozz48']
[2023-06-01T15:54:19.893+0300] {standard_task_runner.py:85} INFO - Job 4: Subtask get_images
[2023-06-01T15:54:19.988+0300] {task_command.py:410} INFO - Running <TaskInstance: space_missions.get_images scheduled__2023-05-29T00:00:00+00:00 [running]> on host mutwiri
[2023-06-01T15:54:20.301+0300] {taskinstance.py:1545} INFO - Exporting env vars: AIRFLOW_CTX_DAG_EMAIL='franklinmutwiri41@gmail.com' AIRFLOW_CTX_DAG_OWNER='***' AIRFLOW_CTX_DAG_ID='space_missions' AIRFLOW_CTX_TASK_ID='get_images' AIRFLOW_CTX_EXECUTION_DATE='2023-05-29T00:00:00+00:00' AIRFLOW_CTX_TRY_NUMBER='1' AIRFLOW_CTX_DAG_RUN_ID='scheduled__2023-05-29T00:00:00+00:00'
[2023-06-01T15:54:22.416+0300] {logging_mixin.py:149} INFO - Downloaded https://spacelaunchnow-prod-east.nyc3.digitaloceanspaces.com/media/launch_images/falcon2520925_image_20210922155355.jpeg to ../images/falcon2520925_image_20210922155355.jpeg
[2023-06-01T15:54:24.781+0300] {logging_mixin.py:149} INFO - Downloaded https://spacelaunchnow-prod-east.nyc3.digitaloceanspaces.com/media/launch_images/falcon2520925_image_20230503085110.png to ../images/falcon2520925_image_20230503085110.png
[2023-06-01T15:54:27.288+0300] {logging_mixin.py:149} INFO - Downloaded https://spacelaunchnow-prod-east.nyc3.digitaloceanspaces.com/media/launcher_images/falcon_9_block__image_20210506060831.jpg to ../images/falcon_9_block__image_20210506060831.jpg
[2023-06-01T15:54:29.769+0300] {logging_mixin.py:149} INFO - Downloaded https://spacelaunchnow-prod-east.nyc3.digitaloceanspaces.com/media/launcher_images/falcon_9_block__image_20210506060831.jpg to ../images/falcon_9_block__image_20210506060831.jpg
[2023-06-01T15:54:32.063+0300] {logging_mixin.py:149} INFO - Downloaded https://spacelaunchnow-prod-east.nyc3.digitaloceanspaces.com/media/launcher_images/ariane_5_eca25_image_20200220090552.jpeg to ../images/ariane_5_eca25_image_20200220090552.jpeg
[2023-06-01T15:54:34.401+0300] {logging_mixin.py:149} INFO - Downloaded https://spacelaunchnow-prod-east.nyc3.digitaloceanspaces.com/media/launcher_images/falcon_9_block__image_20210506060831.jpg to ../images/falcon_9_block__image_20210506060831.jpg
[2023-06-01T15:54:37.707+0300] {logging_mixin.py:149} INFO - Downloaded https://spacelaunchnow-prod-east.nyc3.digitaloceanspaces.com/media/launcher_images/delta_iv_heavy_image_20210426103838.jpg to ../images/delta_iv_heavy_image_20210426103838.jpg
[2023-06-01T15:54:39.822+0300] {logging_mixin.py:149} INFO - Downloaded https://spacelaunchnow-prod-east.nyc3.digitaloceanspaces.com/media/launcher_images/soyuz25202.1b_image_20190520165337.jpg to ../images/soyuz25202.1b_image_20190520165337.jpg
[2023-06-01T15:54:42.128+0300] {logging_mixin.py:149} INFO - Downloaded https://spacelaunchnow-prod-east.nyc3.digitaloceanspaces.com/media/launch_images/falcon2520925_image_20230522082449.png to ../images/falcon2520925_image_20230522082449.png
[2023-06-01T15:54:44.481+0300] {logging_mixin.py:149} INFO - Downloaded https://spacelaunchnow-prod-east.nyc3.digitaloceanspaces.com/media/launch_images/falcon2520925_image_20230503090440.png to ../images/falcon2520925_image_20230503090440.png
[2023-06-01T15:54:44.482+0300] {python.py:183} INFO - Done. Returned value was: None
[2023-06-01T15:54:44.533+0300] {taskinstance.py:1345} INFO - Marking task as SUCCESS. dag_id=space_missions, task_id=get_images, execution_date=20230529T000000, start_date=20230601T125419, end_date=20230601T125444
[2023-06-01T15:54:44.627+0300] {local_task_job_runner.py:225} INFO - Task exited with return code 0
[2023-06-01T15:54:44.700+0300] {taskinstance.py:2651} INFO - 1 downstream tasks scheduled from follow-on schedule check
[2023-06-02T08:42:34.815+0300] {taskinstance.py:1103} INFO - Dependencies all met for dep_context=non-requeueable deps ti=<TaskInstance: space_missions.get_images scheduled__2023-05-29T00:00:00+00:00 [queued]>
[2023-06-02T08:42:34.852+0300] {taskinstance.py:1103} INFO - Dependencies all met for dep_context=requeueable deps ti=<TaskInstance: space_missions.get_images scheduled__2023-05-29T00:00:00+00:00 [queued]>
[2023-06-02T08:42:34.853+0300] {taskinstance.py:1308} INFO - Starting attempt 1 of 6
[2023-06-02T08:42:34.912+0300] {taskinstance.py:1327} INFO - Executing <Task(PythonOperator): get_images> on 2023-05-29 00:00:00+00:00
[2023-06-02T08:42:34.922+0300] {standard_task_runner.py:57} INFO - Started process 14919 to run task
[2023-06-02T08:42:34.930+0300] {standard_task_runner.py:84} INFO - Running: ['***', 'tasks', 'run', 'space_missions', 'get_images', 'scheduled__2023-05-29T00:00:00+00:00', '--job-id', '27', '--raw', '--subdir', 'DAGS_FOLDER/space_missions.py', '--cfg-path', '/tmp/tmppg_g5q59']
[2023-06-02T08:42:34.935+0300] {standard_task_runner.py:85} INFO - Job 27: Subtask get_images
[2023-06-02T08:42:35.075+0300] {task_command.py:410} INFO - Running <TaskInstance: space_missions.get_images scheduled__2023-05-29T00:00:00+00:00 [running]> on host mutwiri
[2023-06-02T08:42:35.324+0300] {taskinstance.py:1545} INFO - Exporting env vars: AIRFLOW_CTX_DAG_EMAIL='franklinmutwiri41@gmail.com' AIRFLOW_CTX_DAG_OWNER='***' AIRFLOW_CTX_DAG_ID='space_missions' AIRFLOW_CTX_TASK_ID='get_images' AIRFLOW_CTX_EXECUTION_DATE='2023-05-29T00:00:00+00:00' AIRFLOW_CTX_TRY_NUMBER='1' AIRFLOW_CTX_DAG_RUN_ID='scheduled__2023-05-29T00:00:00+00:00'
[2023-06-02T08:42:37.130+0300] {taskinstance.py:1824} ERROR - Task failed with exception
Traceback (most recent call last):
  File "/home/mutwiri/airflow/airflow_env/lib/python3.10/site-packages/airflow/operators/python.py", line 181, in execute
    return_value = self.execute_callable()
  File "/home/mutwiri/airflow/airflow_env/lib/python3.10/site-packages/airflow/operators/python.py", line 198, in execute_callable
    return self.python_callable(*self.op_args, **self.op_kwargs)
  File "/home/mutwiri/airflow/dags/space_missions.py", line 41, in get_images
    with open (target_file, "wb" ) as target:
FileNotFoundError: [Errno 2] No such file or directory: '../images/falcon2520925_image_20210922155355.jpeg'
[2023-06-02T08:42:37.152+0300] {taskinstance.py:1345} INFO - Marking task as UP_FOR_RETRY. dag_id=space_missions, task_id=get_images, execution_date=20230529T000000, start_date=20230602T054234, end_date=20230602T054237
[2023-06-02T08:42:37.202+0300] {standard_task_runner.py:104} ERROR - Failed to execute job 27 for task get_images ([Errno 2] No such file or directory: '../images/falcon2520925_image_20210922155355.jpeg'; 14919)
[2023-06-02T08:42:37.232+0300] {local_task_job_runner.py:225} INFO - Task exited with return code 1
[2023-06-02T08:42:37.273+0300] {taskinstance.py:2651} INFO - 0 downstream tasks scheduled from follow-on schedule check
