[2023-06-01T15:54:45.076+0300] {taskinstance.py:1103} INFO - Dependencies all met for dep_context=non-requeueable deps ti=<TaskInstance: space_missions.send_email_notification scheduled__2023-05-29T00:00:00+00:00 [queued]>
[2023-06-01T15:54:45.090+0300] {taskinstance.py:1103} INFO - Dependencies all met for dep_context=requeueable deps ti=<TaskInstance: space_missions.send_email_notification scheduled__2023-05-29T00:00:00+00:00 [queued]>
[2023-06-01T15:54:45.090+0300] {taskinstance.py:1308} INFO - Starting attempt 1 of 6
[2023-06-01T15:54:45.121+0300] {taskinstance.py:1327} INFO - Executing <Task(EmailOperator): send_email_notification> on 2023-05-29 00:00:00+00:00
[2023-06-01T15:54:45.127+0300] {standard_task_runner.py:57} INFO - Started process 21530 to run task
[2023-06-01T15:54:45.132+0300] {standard_task_runner.py:84} INFO - Running: ['***', 'tasks', 'run', 'space_missions', 'send_email_notification', 'scheduled__2023-05-29T00:00:00+00:00', '--job-id', '6', '--raw', '--subdir', 'DAGS_FOLDER/space_missions.py', '--cfg-path', '/tmp/tmp0bvqtqa7']
[2023-06-01T15:54:45.135+0300] {standard_task_runner.py:85} INFO - Job 6: Subtask send_email_notification
[2023-06-01T15:54:45.261+0300] {task_command.py:410} INFO - Running <TaskInstance: space_missions.send_email_notification scheduled__2023-05-29T00:00:00+00:00 [running]> on host mutwiri
[2023-06-01T15:54:45.681+0300] {taskinstance.py:1545} INFO - Exporting env vars: AIRFLOW_CTX_DAG_EMAIL='franklinmutwiri41@gmail.com' AIRFLOW_CTX_DAG_OWNER='***' AIRFLOW_CTX_DAG_ID='space_missions' AIRFLOW_CTX_TASK_ID='send_email_notification' AIRFLOW_CTX_EXECUTION_DATE='2023-05-29T00:00:00+00:00' AIRFLOW_CTX_TRY_NUMBER='1' AIRFLOW_CTX_DAG_RUN_ID='scheduled__2023-05-29T00:00:00+00:00'
[2023-06-01T15:54:45.712+0300] {logging_mixin.py:149} WARNING - /home/mutwiri/***/***_env/lib/python3.10/site-packages/***/utils/email.py:152 RemovedInAirflow3Warning: Fetching SMTP credentials from configuration variables will be deprecated in a future release. Please set credentials using a connection instead.
[2023-06-01T15:54:45.713+0300] {email.py:268} INFO - Email alerting: attempt 1
[2023-06-01T15:54:48.769+0300] {email.py:280} INFO - Sent an alert email to ['mutwiriben813@gmail.com']
[2023-06-01T15:54:51.149+0300] {taskinstance.py:1345} INFO - Marking task as SUCCESS. dag_id=space_missions, task_id=send_email_notification, execution_date=20230529T000000, start_date=20230601T125445, end_date=20230601T125451
[2023-06-01T15:54:51.206+0300] {local_task_job_runner.py:225} INFO - Task exited with return code 0
[2023-06-01T15:54:51.233+0300] {taskinstance.py:2651} INFO - 0 downstream tasks scheduled from follow-on schedule check
[2023-06-02T08:56:33.311+0300] {taskinstance.py:1103} INFO - Dependencies all met for dep_context=non-requeueable deps ti=<TaskInstance: space_missions.send_email_notification scheduled__2023-05-29T00:00:00+00:00 [queued]>
[2023-06-02T08:56:33.333+0300] {taskinstance.py:1103} INFO - Dependencies all met for dep_context=requeueable deps ti=<TaskInstance: space_missions.send_email_notification scheduled__2023-05-29T00:00:00+00:00 [queued]>
[2023-06-02T08:56:33.334+0300] {taskinstance.py:1308} INFO - Starting attempt 1 of 6
[2023-06-02T08:56:33.362+0300] {taskinstance.py:1327} INFO - Executing <Task(EmailOperator): send_email_notification> on 2023-05-29 00:00:00+00:00
[2023-06-02T08:56:33.367+0300] {standard_task_runner.py:57} INFO - Started process 21336 to run task
[2023-06-02T08:56:33.371+0300] {standard_task_runner.py:84} INFO - Running: ['***', 'tasks', 'run', 'space_missions', 'send_email_notification', 'scheduled__2023-05-29T00:00:00+00:00', '--job-id', '32', '--raw', '--subdir', 'DAGS_FOLDER/space_missions.py', '--cfg-path', '/tmp/tmpiq88g460']
[2023-06-02T08:56:33.375+0300] {standard_task_runner.py:85} INFO - Job 32: Subtask send_email_notification
[2023-06-02T08:56:33.499+0300] {task_command.py:410} INFO - Running <TaskInstance: space_missions.send_email_notification scheduled__2023-05-29T00:00:00+00:00 [running]> on host mutwiri
[2023-06-02T08:56:33.854+0300] {taskinstance.py:1545} INFO - Exporting env vars: AIRFLOW_CTX_DAG_EMAIL='franklinmutwiri41@gmail.com' AIRFLOW_CTX_DAG_OWNER='***' AIRFLOW_CTX_DAG_ID='space_missions' AIRFLOW_CTX_TASK_ID='send_email_notification' AIRFLOW_CTX_EXECUTION_DATE='2023-05-29T00:00:00+00:00' AIRFLOW_CTX_TRY_NUMBER='1' AIRFLOW_CTX_DAG_RUN_ID='scheduled__2023-05-29T00:00:00+00:00'
[2023-06-02T08:56:33.903+0300] {logging_mixin.py:149} WARNING - /home/mutwiri/***/***_env/lib/python3.10/site-packages/***/utils/email.py:152 RemovedInAirflow3Warning: Fetching SMTP credentials from configuration variables will be deprecated in a future release. Please set credentials using a connection instead.
[2023-06-02T08:56:33.904+0300] {email.py:268} INFO - Email alerting: attempt 1
[2023-06-02T08:56:37.066+0300] {email.py:280} INFO - Sent an alert email to ['mutwiriben813@gmail.com']
[2023-06-02T08:56:39.587+0300] {taskinstance.py:1345} INFO - Marking task as SUCCESS. dag_id=space_missions, task_id=send_email_notification, execution_date=20230529T000000, start_date=20230602T055633, end_date=20230602T055639
[2023-06-02T08:56:39.650+0300] {local_task_job_runner.py:225} INFO - Task exited with return code 0
[2023-06-02T08:56:39.705+0300] {taskinstance.py:2651} INFO - 0 downstream tasks scheduled from follow-on schedule check
