[2023-06-07T18:44:45.742+0300] {taskinstance.py:1103} INFO - Dependencies all met for dep_context=non-requeueable deps ti=<TaskInstance: stocksense.get_data scheduled__2023-06-05T17:00:00+00:00 [queued]>
[2023-06-07T18:44:45.760+0300] {taskinstance.py:1103} INFO - Dependencies all met for dep_context=requeueable deps ti=<TaskInstance: stocksense.get_data scheduled__2023-06-05T17:00:00+00:00 [queued]>
[2023-06-07T18:44:45.761+0300] {taskinstance.py:1308} INFO - Starting attempt 1 of 1
[2023-06-07T18:44:45.837+0300] {taskinstance.py:1327} INFO - Executing <Task(PythonOperator): get_data> on 2023-06-05 17:00:00+00:00
[2023-06-07T18:44:45.856+0300] {standard_task_runner.py:57} INFO - Started process 52560 to run task
[2023-06-07T18:44:45.895+0300] {standard_task_runner.py:84} INFO - Running: ['***', 'tasks', 'run', 'stocksense', 'get_data', 'scheduled__2023-06-05T17:00:00+00:00', '--job-id', '206', '--raw', '--subdir', 'DAGS_FOLDER/templating_using_python.py', '--cfg-path', '/tmp/tmp84s26m8g']
[2023-06-07T18:44:45.899+0300] {standard_task_runner.py:85} INFO - Job 206: Subtask get_data
[2023-06-07T18:44:46.287+0300] {task_command.py:410} INFO - Running <TaskInstance: stocksense.get_data scheduled__2023-06-05T17:00:00+00:00 [running]> on host mutwiri
[2023-06-07T18:44:47.429+0300] {taskinstance.py:1545} INFO - Exporting env vars: AIRFLOW_CTX_DAG_OWNER='***' AIRFLOW_CTX_DAG_ID='stocksense' AIRFLOW_CTX_TASK_ID='get_data' AIRFLOW_CTX_EXECUTION_DATE='2023-06-05T17:00:00+00:00' AIRFLOW_CTX_TRY_NUMBER='1' AIRFLOW_CTX_DAG_RUN_ID='scheduled__2023-06-05T17:00:00+00:00'
[2023-06-07T18:44:47.436+0300] {python.py:183} INFO - Done. Returned value was: None
[2023-06-07T18:44:47.488+0300] {taskinstance.py:1345} INFO - Marking task as SUCCESS. dag_id=stocksense, task_id=get_data, execution_date=20230605T170000, start_date=20230607T154445, end_date=20230607T154447
[2023-06-07T18:44:47.581+0300] {local_task_job_runner.py:225} INFO - Task exited with return code 0
[2023-06-07T18:44:47.650+0300] {taskinstance.py:2651} INFO - 0 downstream tasks scheduled from follow-on schedule check
[2023-06-07T18:50:04.608+0300] {taskinstance.py:1103} INFO - Dependencies all met for dep_context=non-requeueable deps ti=<TaskInstance: stocksense.get_data scheduled__2023-06-05T17:00:00+00:00 [queued]>
[2023-06-07T18:50:04.649+0300] {taskinstance.py:1103} INFO - Dependencies all met for dep_context=requeueable deps ti=<TaskInstance: stocksense.get_data scheduled__2023-06-05T17:00:00+00:00 [queued]>
[2023-06-07T18:50:04.649+0300] {taskinstance.py:1308} INFO - Starting attempt 1 of 1
[2023-06-07T18:50:04.906+0300] {taskinstance.py:1327} INFO - Executing <Task(PythonOperator): get_data> on 2023-06-05 17:00:00+00:00
[2023-06-07T18:50:04.919+0300] {standard_task_runner.py:57} INFO - Started process 57010 to run task
[2023-06-07T18:50:04.962+0300] {standard_task_runner.py:84} INFO - Running: ['***', 'tasks', 'run', 'stocksense', 'get_data', 'scheduled__2023-06-05T17:00:00+00:00', '--job-id', '271', '--raw', '--subdir', 'DAGS_FOLDER/templating_using_python.py', '--cfg-path', '/tmp/tmpmz1cqi4m']
[2023-06-07T18:50:04.966+0300] {standard_task_runner.py:85} INFO - Job 271: Subtask get_data
[2023-06-07T18:50:05.259+0300] {task_command.py:410} INFO - Running <TaskInstance: stocksense.get_data scheduled__2023-06-05T17:00:00+00:00 [running]> on host mutwiri
[2023-06-07T18:50:05.921+0300] {taskinstance.py:1545} INFO - Exporting env vars: AIRFLOW_CTX_DAG_OWNER='***' AIRFLOW_CTX_DAG_ID='stocksense' AIRFLOW_CTX_TASK_ID='get_data' AIRFLOW_CTX_EXECUTION_DATE='2023-06-05T17:00:00+00:00' AIRFLOW_CTX_TRY_NUMBER='1' AIRFLOW_CTX_DAG_RUN_ID='scheduled__2023-06-05T17:00:00+00:00'
[2023-06-07T18:50:05.930+0300] {python.py:183} INFO - Done. Returned value was: None
[2023-06-07T18:50:05.988+0300] {taskinstance.py:1345} INFO - Marking task as SUCCESS. dag_id=stocksense, task_id=get_data, execution_date=20230605T170000, start_date=20230607T155004, end_date=20230607T155005
[2023-06-07T18:50:06.100+0300] {local_task_job_runner.py:225} INFO - Task exited with return code 0
[2023-06-07T18:50:06.145+0300] {taskinstance.py:2651} INFO - 0 downstream tasks scheduled from follow-on schedule check
