[2023-06-01T15:54:45.063+0300] {taskinstance.py:1103} INFO - Dependencies all met for dep_context=non-requeueable deps ti=<TaskInstance: space_missions.download_images scheduled__2023-05-30T00:00:00+00:00 [queued]>
[2023-06-01T15:54:45.076+0300] {taskinstance.py:1103} INFO - Dependencies all met for dep_context=requeueable deps ti=<TaskInstance: space_missions.download_images scheduled__2023-05-30T00:00:00+00:00 [queued]>
[2023-06-01T15:54:45.076+0300] {taskinstance.py:1308} INFO - Starting attempt 1 of 6
[2023-06-01T15:54:45.099+0300] {taskinstance.py:1327} INFO - Executing <Task(PythonOperator): download_images> on 2023-05-30 00:00:00+00:00
[2023-06-01T15:54:45.105+0300] {standard_task_runner.py:57} INFO - Started process 21528 to run task
[2023-06-01T15:54:45.110+0300] {standard_task_runner.py:84} INFO - Running: ['***', 'tasks', 'run', 'space_missions', 'download_images', 'scheduled__2023-05-30T00:00:00+00:00', '--job-id', '5', '--raw', '--subdir', 'DAGS_FOLDER/space_missions.py', '--cfg-path', '/tmp/tmpwkqnuvn2']
[2023-06-01T15:54:45.113+0300] {standard_task_runner.py:85} INFO - Job 5: Subtask download_images
[2023-06-01T15:54:45.197+0300] {task_command.py:410} INFO - Running <TaskInstance: space_missions.download_images scheduled__2023-05-30T00:00:00+00:00 [running]> on host mutwiri
[2023-06-01T15:54:45.586+0300] {taskinstance.py:1545} INFO - Exporting env vars: AIRFLOW_CTX_DAG_EMAIL='franklinmutwiri41@gmail.com' AIRFLOW_CTX_DAG_OWNER='***' AIRFLOW_CTX_DAG_ID='space_missions' AIRFLOW_CTX_TASK_ID='download_images' AIRFLOW_CTX_EXECUTION_DATE='2023-05-30T00:00:00+00:00' AIRFLOW_CTX_TRY_NUMBER='1' AIRFLOW_CTX_DAG_RUN_ID='scheduled__2023-05-30T00:00:00+00:00'
[2023-06-01T15:54:47.360+0300] {python.py:183} INFO - Done. Returned value was: None
[2023-06-01T15:54:47.415+0300] {taskinstance.py:1345} INFO - Marking task as SUCCESS. dag_id=space_missions, task_id=download_images, execution_date=20230530T000000, start_date=20230601T125445, end_date=20230601T125447
[2023-06-01T15:54:47.450+0300] {local_task_job_runner.py:225} INFO - Task exited with return code 0
[2023-06-01T15:54:47.493+0300] {taskinstance.py:2651} INFO - 0 downstream tasks scheduled from follow-on schedule check
[2023-06-02T08:56:33.351+0300] {taskinstance.py:1103} INFO - Dependencies all met for dep_context=non-requeueable deps ti=<TaskInstance: space_missions.download_images scheduled__2023-05-30T00:00:00+00:00 [queued]>
[2023-06-02T08:56:33.396+0300] {taskinstance.py:1103} INFO - Dependencies all met for dep_context=requeueable deps ti=<TaskInstance: space_missions.download_images scheduled__2023-05-30T00:00:00+00:00 [queued]>
[2023-06-02T08:56:33.397+0300] {taskinstance.py:1308} INFO - Starting attempt 1 of 6
[2023-06-02T08:56:33.432+0300] {taskinstance.py:1327} INFO - Executing <Task(PythonOperator): download_images> on 2023-05-30 00:00:00+00:00
[2023-06-02T08:56:33.438+0300] {standard_task_runner.py:57} INFO - Started process 21339 to run task
[2023-06-02T08:56:33.447+0300] {standard_task_runner.py:84} INFO - Running: ['***', 'tasks', 'run', 'space_missions', 'download_images', 'scheduled__2023-05-30T00:00:00+00:00', '--job-id', '33', '--raw', '--subdir', 'DAGS_FOLDER/space_missions.py', '--cfg-path', '/tmp/tmpdap9h9ei']
[2023-06-02T08:56:33.450+0300] {standard_task_runner.py:85} INFO - Job 33: Subtask download_images
[2023-06-02T08:56:33.553+0300] {task_command.py:410} INFO - Running <TaskInstance: space_missions.download_images scheduled__2023-05-30T00:00:00+00:00 [running]> on host mutwiri
[2023-06-02T08:56:33.908+0300] {taskinstance.py:1545} INFO - Exporting env vars: AIRFLOW_CTX_DAG_EMAIL='franklinmutwiri41@gmail.com' AIRFLOW_CTX_DAG_OWNER='***' AIRFLOW_CTX_DAG_ID='space_missions' AIRFLOW_CTX_TASK_ID='download_images' AIRFLOW_CTX_EXECUTION_DATE='2023-05-30T00:00:00+00:00' AIRFLOW_CTX_TRY_NUMBER='1' AIRFLOW_CTX_DAG_RUN_ID='scheduled__2023-05-30T00:00:00+00:00'
[2023-06-02T08:56:36.518+0300] {python.py:183} INFO - Done. Returned value was: None
[2023-06-02T08:56:36.543+0300] {taskinstance.py:1345} INFO - Marking task as SUCCESS. dag_id=space_missions, task_id=download_images, execution_date=20230530T000000, start_date=20230602T055633, end_date=20230602T055636
[2023-06-02T08:56:36.629+0300] {local_task_job_runner.py:225} INFO - Task exited with return code 0
[2023-06-02T08:56:36.693+0300] {taskinstance.py:2651} INFO - 0 downstream tasks scheduled from follow-on schedule check
