[2023-06-07T17:58:23.495+0300] {taskinstance.py:1103} INFO - Dependencies all met for dep_context=non-requeueable deps ti=<TaskInstance: templating.get_data scheduled__2023-06-05T21:00:00+00:00 [queued]>
[2023-06-07T17:58:23.513+0300] {taskinstance.py:1103} INFO - Dependencies all met for dep_context=requeueable deps ti=<TaskInstance: templating.get_data scheduled__2023-06-05T21:00:00+00:00 [queued]>
[2023-06-07T17:58:23.513+0300] {taskinstance.py:1308} INFO - Starting attempt 1 of 1
[2023-06-07T17:58:23.545+0300] {taskinstance.py:1327} INFO - Executing <Task(BashOperator): get_data> on 2023-06-05 21:00:00+00:00
[2023-06-07T17:58:23.552+0300] {standard_task_runner.py:57} INFO - Started process 28394 to run task
[2023-06-07T17:58:23.573+0300] {standard_task_runner.py:84} INFO - Running: ['***', 'tasks', 'run', 'templating', 'get_data', 'scheduled__2023-06-05T21:00:00+00:00', '--job-id', '103', '--raw', '--subdir', 'DAGS_FOLDER/templating.py', '--cfg-path', '/tmp/tmptj74zpxs']
[2023-06-07T17:58:23.586+0300] {standard_task_runner.py:85} INFO - Job 103: Subtask get_data
[2023-06-07T17:58:23.911+0300] {task_command.py:410} INFO - Running <TaskInstance: templating.get_data scheduled__2023-06-05T21:00:00+00:00 [running]> on host mutwiri
[2023-06-07T17:58:24.132+0300] {logging_mixin.py:149} WARNING - /home/mutwiri/***/***_env/lib/python3.10/site-packages/***/utils/context.py:205 AirflowContextDeprecationWarning: Accessing 'execution_date' from the template is deprecated and will be removed in a future version. Please use 'data_interval_start' or 'logical_date' instead.
[2023-06-07T17:58:24.660+0300] {taskinstance.py:1545} INFO - Exporting env vars: AIRFLOW_CTX_DAG_OWNER='***' AIRFLOW_CTX_DAG_ID='templating' AIRFLOW_CTX_TASK_ID='get_data' AIRFLOW_CTX_EXECUTION_DATE='2023-06-05T21:00:00+00:00' AIRFLOW_CTX_TRY_NUMBER='1' AIRFLOW_CTX_DAG_RUN_ID='scheduled__2023-06-05T21:00:00+00:00'
[2023-06-07T17:58:24.662+0300] {subprocess.py:63} INFO - Tmp dir root location: 
 /tmp
[2023-06-07T17:58:24.663+0300] {subprocess.py:75} INFO - Running command: ['/usr/bin/bash', '-c', 'curl -o /tmp/wikipageviews.gz https://dumps.wikimedia.org/other/pageviews/2023/2023-06/pageviews-20230605-210000.gz']
[2023-06-07T17:58:24.684+0300] {subprocess.py:86} INFO - Output:
[2023-06-07T17:58:24.698+0300] {subprocess.py:93} INFO -   % Total    % Received % Xferd  Average Speed   Time    Time     Time  Current
[2023-06-07T17:58:24.700+0300] {subprocess.py:93} INFO -                                  Dload  Upload   Total   Spent    Left  Speed
[2023-06-07T17:58:25.873+0300] {subprocess.py:93} INFO -   0     0    0     0    0     0      0      0 --:--:-- --:--:-- --:--:--     0  0     0    0     0    0     0      0      0 --:--:-- --:--:-- --:--:--     0100   197  100   197    0     0    167      0  0:00:01  0:00:01 --:--:--   167
[2023-06-07T17:58:25.879+0300] {subprocess.py:97} INFO - Command exited with return code 0
[2023-06-07T17:58:26.083+0300] {taskinstance.py:1345} INFO - Marking task as SUCCESS. dag_id=templating, task_id=get_data, execution_date=20230605T210000, start_date=20230607T145823, end_date=20230607T145826
[2023-06-07T17:58:26.235+0300] {local_task_job_runner.py:225} INFO - Task exited with return code 0
[2023-06-07T17:58:26.323+0300] {taskinstance.py:2651} INFO - 0 downstream tasks scheduled from follow-on schedule check
