[2023-06-07T18:44:40.507+0300] {taskinstance.py:1103} INFO - Dependencies all met for dep_context=non-requeueable deps ti=<TaskInstance: stocksense.get_data scheduled__2023-06-05T12:00:00+00:00 [queued]>
[2023-06-07T18:44:40.531+0300] {taskinstance.py:1103} INFO - Dependencies all met for dep_context=requeueable deps ti=<TaskInstance: stocksense.get_data scheduled__2023-06-05T12:00:00+00:00 [queued]>
[2023-06-07T18:44:40.531+0300] {taskinstance.py:1308} INFO - Starting attempt 1 of 1
[2023-06-07T18:44:40.605+0300] {taskinstance.py:1327} INFO - Executing <Task(PythonOperator): get_data> on 2023-06-05 12:00:00+00:00
[2023-06-07T18:44:40.619+0300] {standard_task_runner.py:57} INFO - Started process 52314 to run task
[2023-06-07T18:44:40.631+0300] {standard_task_runner.py:84} INFO - Running: ['***', 'tasks', 'run', 'stocksense', 'get_data', 'scheduled__2023-06-05T12:00:00+00:00', '--job-id', '201', '--raw', '--subdir', 'DAGS_FOLDER/templating_using_python.py', '--cfg-path', '/tmp/tmpleb4_z4e']
[2023-06-07T18:44:40.641+0300] {standard_task_runner.py:85} INFO - Job 201: Subtask get_data
[2023-06-07T18:44:41.005+0300] {task_command.py:410} INFO - Running <TaskInstance: stocksense.get_data scheduled__2023-06-05T12:00:00+00:00 [running]> on host mutwiri
[2023-06-07T18:44:41.597+0300] {taskinstance.py:1545} INFO - Exporting env vars: AIRFLOW_CTX_DAG_OWNER='***' AIRFLOW_CTX_DAG_ID='stocksense' AIRFLOW_CTX_TASK_ID='get_data' AIRFLOW_CTX_EXECUTION_DATE='2023-06-05T12:00:00+00:00' AIRFLOW_CTX_TRY_NUMBER='1' AIRFLOW_CTX_DAG_RUN_ID='scheduled__2023-06-05T12:00:00+00:00'
[2023-06-07T18:44:41.598+0300] {python.py:183} INFO - Done. Returned value was: None
[2023-06-07T18:44:41.639+0300] {taskinstance.py:1345} INFO - Marking task as SUCCESS. dag_id=stocksense, task_id=get_data, execution_date=20230605T120000, start_date=20230607T154440, end_date=20230607T154441
[2023-06-07T18:44:41.834+0300] {local_task_job_runner.py:225} INFO - Task exited with return code 0
[2023-06-07T18:44:41.917+0300] {taskinstance.py:2651} INFO - 0 downstream tasks scheduled from follow-on schedule check
[2023-06-07T18:49:59.538+0300] {taskinstance.py:1103} INFO - Dependencies all met for dep_context=non-requeueable deps ti=<TaskInstance: stocksense.get_data scheduled__2023-06-05T12:00:00+00:00 [queued]>
[2023-06-07T18:49:59.609+0300] {taskinstance.py:1103} INFO - Dependencies all met for dep_context=requeueable deps ti=<TaskInstance: stocksense.get_data scheduled__2023-06-05T12:00:00+00:00 [queued]>
[2023-06-07T18:49:59.609+0300] {taskinstance.py:1308} INFO - Starting attempt 1 of 1
[2023-06-07T18:49:59.725+0300] {taskinstance.py:1327} INFO - Executing <Task(PythonOperator): get_data> on 2023-06-05 12:00:00+00:00
[2023-06-07T18:49:59.732+0300] {standard_task_runner.py:57} INFO - Started process 56685 to run task
[2023-06-07T18:49:59.776+0300] {standard_task_runner.py:84} INFO - Running: ['***', 'tasks', 'run', 'stocksense', 'get_data', 'scheduled__2023-06-05T12:00:00+00:00', '--job-id', '265', '--raw', '--subdir', 'DAGS_FOLDER/templating_using_python.py', '--cfg-path', '/tmp/tmppbfbm8br']
[2023-06-07T18:49:59.780+0300] {standard_task_runner.py:85} INFO - Job 265: Subtask get_data
[2023-06-07T18:50:00.141+0300] {task_command.py:410} INFO - Running <TaskInstance: stocksense.get_data scheduled__2023-06-05T12:00:00+00:00 [running]> on host mutwiri
[2023-06-07T18:50:00.755+0300] {taskinstance.py:1545} INFO - Exporting env vars: AIRFLOW_CTX_DAG_OWNER='***' AIRFLOW_CTX_DAG_ID='stocksense' AIRFLOW_CTX_TASK_ID='get_data' AIRFLOW_CTX_EXECUTION_DATE='2023-06-05T12:00:00+00:00' AIRFLOW_CTX_TRY_NUMBER='1' AIRFLOW_CTX_DAG_RUN_ID='scheduled__2023-06-05T12:00:00+00:00'
[2023-06-07T18:50:00.756+0300] {python.py:183} INFO - Done. Returned value was: None
[2023-06-07T18:50:00.787+0300] {taskinstance.py:1345} INFO - Marking task as SUCCESS. dag_id=stocksense, task_id=get_data, execution_date=20230605T120000, start_date=20230607T154959, end_date=20230607T155000
[2023-06-07T18:50:00.889+0300] {local_task_job_runner.py:225} INFO - Task exited with return code 0
[2023-06-07T18:50:00.983+0300] {taskinstance.py:2651} INFO - 0 downstream tasks scheduled from follow-on schedule check
