[2023-06-02T08:32:41.852+0300] {taskinstance.py:1103} INFO - Dependencies all met for dep_context=non-requeueable deps ti=<TaskInstance: space_missions.get_images scheduled__2023-06-01T00:00:00+00:00 [queued]>
[2023-06-02T08:32:41.864+0300] {taskinstance.py:1103} INFO - Dependencies all met for dep_context=requeueable deps ti=<TaskInstance: space_missions.get_images scheduled__2023-06-01T00:00:00+00:00 [queued]>
[2023-06-02T08:32:41.865+0300] {taskinstance.py:1308} INFO - Starting attempt 1 of 6
[2023-06-02T08:32:41.884+0300] {taskinstance.py:1327} INFO - Executing <Task(PythonOperator): get_images> on 2023-06-01 00:00:00+00:00
[2023-06-02T08:32:41.888+0300] {standard_task_runner.py:57} INFO - Started process 7424 to run task
[2023-06-02T08:32:41.891+0300] {standard_task_runner.py:84} INFO - Running: ['***', 'tasks', 'run', 'space_missions', 'get_images', 'scheduled__2023-06-01T00:00:00+00:00', '--job-id', '17', '--raw', '--subdir', 'DAGS_FOLDER/space_missions.py', '--cfg-path', '/tmp/tmpsvqrxrd3']
[2023-06-02T08:32:41.894+0300] {standard_task_runner.py:85} INFO - Job 17: Subtask get_images
[2023-06-02T08:32:41.970+0300] {task_command.py:410} INFO - Running <TaskInstance: space_missions.get_images scheduled__2023-06-01T00:00:00+00:00 [running]> on host mutwiri
[2023-06-02T08:32:42.293+0300] {taskinstance.py:1545} INFO - Exporting env vars: AIRFLOW_CTX_DAG_EMAIL='franklinmutwiri41@gmail.com' AIRFLOW_CTX_DAG_OWNER='***' AIRFLOW_CTX_DAG_ID='space_missions' AIRFLOW_CTX_TASK_ID='get_images' AIRFLOW_CTX_EXECUTION_DATE='2023-06-01T00:00:00+00:00' AIRFLOW_CTX_TRY_NUMBER='1' AIRFLOW_CTX_DAG_RUN_ID='scheduled__2023-06-01T00:00:00+00:00'
[2023-06-02T08:32:44.325+0300] {logging_mixin.py:149} INFO - Downloaded https://spacelaunchnow-prod-east.nyc3.digitaloceanspaces.com/media/launch_images/falcon2520925_image_20210922155355.jpeg to ../images/falcon2520925_image_20210922155355.jpeg
[2023-06-02T08:32:46.550+0300] {logging_mixin.py:149} INFO - Downloaded https://spacelaunchnow-prod-east.nyc3.digitaloceanspaces.com/media/launch_images/falcon2520925_image_20230503085110.png to ../images/falcon2520925_image_20230503085110.png
[2023-06-02T08:32:48.768+0300] {logging_mixin.py:149} INFO - Downloaded https://spacelaunchnow-prod-east.nyc3.digitaloceanspaces.com/media/launcher_images/falcon_9_block__image_20210506060831.jpg to ../images/falcon_9_block__image_20210506060831.jpg
[2023-06-02T08:32:50.917+0300] {logging_mixin.py:149} INFO - Downloaded https://spacelaunchnow-prod-east.nyc3.digitaloceanspaces.com/media/launcher_images/ariane_5_eca25_image_20200220090552.jpeg to ../images/ariane_5_eca25_image_20200220090552.jpeg
[2023-06-02T08:32:53.088+0300] {logging_mixin.py:149} INFO - Downloaded https://spacelaunchnow-prod-east.nyc3.digitaloceanspaces.com/media/launcher_images/falcon_9_block__image_20210506060831.jpg to ../images/falcon_9_block__image_20210506060831.jpg
[2023-06-02T08:32:56.238+0300] {logging_mixin.py:149} INFO - Downloaded https://spacelaunchnow-prod-east.nyc3.digitaloceanspaces.com/media/launcher_images/delta_iv_heavy_image_20210426103838.jpg to ../images/delta_iv_heavy_image_20210426103838.jpg
[2023-06-02T08:32:58.254+0300] {logging_mixin.py:149} INFO - Downloaded https://spacelaunchnow-prod-east.nyc3.digitaloceanspaces.com/media/launcher_images/soyuz25202.1b_image_20190520165337.jpg to ../images/soyuz25202.1b_image_20190520165337.jpg
[2023-06-02T08:33:00.458+0300] {logging_mixin.py:149} INFO - Downloaded https://spacelaunchnow-prod-east.nyc3.digitaloceanspaces.com/media/launch_images/falcon2520925_image_20230522082449.png to ../images/falcon2520925_image_20230522082449.png
[2023-06-02T08:33:02.644+0300] {logging_mixin.py:149} INFO - Downloaded https://spacelaunchnow-prod-east.nyc3.digitaloceanspaces.com/media/launch_images/falcon2520925_image_20230503090440.png to ../images/falcon2520925_image_20230503090440.png
[2023-06-02T08:33:04.987+0300] {logging_mixin.py:149} INFO - Downloaded https://spacelaunchnow-prod-east.nyc3.digitaloceanspaces.com/media/launch_images/falcon2520925_image_20230522064316.png to ../images/falcon2520925_image_20230522064316.png
[2023-06-02T08:33:04.988+0300] {python.py:183} INFO - Done. Returned value was: None
[2023-06-02T08:33:05.042+0300] {taskinstance.py:1345} INFO - Marking task as SUCCESS. dag_id=space_missions, task_id=get_images, execution_date=20230601T000000, start_date=20230602T053241, end_date=20230602T053305
[2023-06-02T08:33:05.145+0300] {local_task_job_runner.py:225} INFO - Task exited with return code 0
[2023-06-02T08:33:05.224+0300] {taskinstance.py:2651} INFO - 1 downstream tasks scheduled from follow-on schedule check
