[2023-06-07T18:44:41.116+0300] {taskinstance.py:1103} INFO - Dependencies all met for dep_context=non-requeueable deps ti=<TaskInstance: stocksense.get_data scheduled__2023-06-05T14:00:00+00:00 [queued]>
[2023-06-07T18:44:41.158+0300] {taskinstance.py:1103} INFO - Dependencies all met for dep_context=requeueable deps ti=<TaskInstance: stocksense.get_data scheduled__2023-06-05T14:00:00+00:00 [queued]>
[2023-06-07T18:44:41.164+0300] {taskinstance.py:1308} INFO - Starting attempt 1 of 1
[2023-06-07T18:44:41.236+0300] {taskinstance.py:1327} INFO - Executing <Task(PythonOperator): get_data> on 2023-06-05 14:00:00+00:00
[2023-06-07T18:44:41.247+0300] {standard_task_runner.py:57} INFO - Started process 52340 to run task
[2023-06-07T18:44:41.265+0300] {standard_task_runner.py:84} INFO - Running: ['***', 'tasks', 'run', 'stocksense', 'get_data', 'scheduled__2023-06-05T14:00:00+00:00', '--job-id', '203', '--raw', '--subdir', 'DAGS_FOLDER/templating_using_python.py', '--cfg-path', '/tmp/tmpw95w0t6z']
[2023-06-07T18:44:41.269+0300] {standard_task_runner.py:85} INFO - Job 203: Subtask get_data
[2023-06-07T18:44:41.503+0300] {task_command.py:410} INFO - Running <TaskInstance: stocksense.get_data scheduled__2023-06-05T14:00:00+00:00 [running]> on host mutwiri
[2023-06-07T18:44:42.129+0300] {taskinstance.py:1545} INFO - Exporting env vars: AIRFLOW_CTX_DAG_OWNER='***' AIRFLOW_CTX_DAG_ID='stocksense' AIRFLOW_CTX_TASK_ID='get_data' AIRFLOW_CTX_EXECUTION_DATE='2023-06-05T14:00:00+00:00' AIRFLOW_CTX_TRY_NUMBER='1' AIRFLOW_CTX_DAG_RUN_ID='scheduled__2023-06-05T14:00:00+00:00'
[2023-06-07T18:44:42.130+0300] {python.py:183} INFO - Done. Returned value was: None
[2023-06-07T18:44:42.174+0300] {taskinstance.py:1345} INFO - Marking task as SUCCESS. dag_id=stocksense, task_id=get_data, execution_date=20230605T140000, start_date=20230607T154441, end_date=20230607T154442
[2023-06-07T18:44:42.244+0300] {local_task_job_runner.py:225} INFO - Task exited with return code 0
[2023-06-07T18:44:42.276+0300] {taskinstance.py:2651} INFO - 0 downstream tasks scheduled from follow-on schedule check
[2023-06-07T18:50:00.723+0300] {taskinstance.py:1103} INFO - Dependencies all met for dep_context=non-requeueable deps ti=<TaskInstance: stocksense.get_data scheduled__2023-06-05T14:00:00+00:00 [queued]>
[2023-06-07T18:50:00.770+0300] {taskinstance.py:1103} INFO - Dependencies all met for dep_context=requeueable deps ti=<TaskInstance: stocksense.get_data scheduled__2023-06-05T14:00:00+00:00 [queued]>
[2023-06-07T18:50:00.770+0300] {taskinstance.py:1308} INFO - Starting attempt 1 of 1
[2023-06-07T18:50:00.859+0300] {taskinstance.py:1327} INFO - Executing <Task(PythonOperator): get_data> on 2023-06-05 14:00:00+00:00
[2023-06-07T18:50:00.865+0300] {standard_task_runner.py:57} INFO - Started process 56774 to run task
[2023-06-07T18:50:00.873+0300] {standard_task_runner.py:84} INFO - Running: ['***', 'tasks', 'run', 'stocksense', 'get_data', 'scheduled__2023-06-05T14:00:00+00:00', '--job-id', '268', '--raw', '--subdir', 'DAGS_FOLDER/templating_using_python.py', '--cfg-path', '/tmp/tmp537eybv1']
[2023-06-07T18:50:00.884+0300] {standard_task_runner.py:85} INFO - Job 268: Subtask get_data
[2023-06-07T18:50:01.135+0300] {task_command.py:410} INFO - Running <TaskInstance: stocksense.get_data scheduled__2023-06-05T14:00:00+00:00 [running]> on host mutwiri
[2023-06-07T18:50:01.528+0300] {taskinstance.py:1545} INFO - Exporting env vars: AIRFLOW_CTX_DAG_OWNER='***' AIRFLOW_CTX_DAG_ID='stocksense' AIRFLOW_CTX_TASK_ID='get_data' AIRFLOW_CTX_EXECUTION_DATE='2023-06-05T14:00:00+00:00' AIRFLOW_CTX_TRY_NUMBER='1' AIRFLOW_CTX_DAG_RUN_ID='scheduled__2023-06-05T14:00:00+00:00'
[2023-06-07T18:50:01.529+0300] {python.py:183} INFO - Done. Returned value was: None
[2023-06-07T18:50:01.553+0300] {taskinstance.py:1345} INFO - Marking task as SUCCESS. dag_id=stocksense, task_id=get_data, execution_date=20230605T140000, start_date=20230607T155000, end_date=20230607T155001
[2023-06-07T18:50:01.629+0300] {local_task_job_runner.py:225} INFO - Task exited with return code 0
[2023-06-07T18:50:01.711+0300] {taskinstance.py:2651} INFO - 0 downstream tasks scheduled from follow-on schedule check
