[2023-06-07T18:44:45.089+0300] {taskinstance.py:1103} INFO - Dependencies all met for dep_context=non-requeueable deps ti=<TaskInstance: stocksense.get_data scheduled__2023-06-05T15:00:00+00:00 [queued]>
[2023-06-07T18:44:45.112+0300] {taskinstance.py:1103} INFO - Dependencies all met for dep_context=requeueable deps ti=<TaskInstance: stocksense.get_data scheduled__2023-06-05T15:00:00+00:00 [queued]>
[2023-06-07T18:44:45.117+0300] {taskinstance.py:1308} INFO - Starting attempt 1 of 1
[2023-06-07T18:44:45.190+0300] {taskinstance.py:1327} INFO - Executing <Task(PythonOperator): get_data> on 2023-06-05 15:00:00+00:00
[2023-06-07T18:44:45.199+0300] {standard_task_runner.py:57} INFO - Started process 52543 to run task
[2023-06-07T18:44:45.214+0300] {standard_task_runner.py:84} INFO - Running: ['***', 'tasks', 'run', 'stocksense', 'get_data', 'scheduled__2023-06-05T15:00:00+00:00', '--job-id', '204', '--raw', '--subdir', 'DAGS_FOLDER/templating_using_python.py', '--cfg-path', '/tmp/tmplq8buhfs']
[2023-06-07T18:44:45.219+0300] {standard_task_runner.py:85} INFO - Job 204: Subtask get_data
[2023-06-07T18:44:45.511+0300] {task_command.py:410} INFO - Running <TaskInstance: stocksense.get_data scheduled__2023-06-05T15:00:00+00:00 [running]> on host mutwiri
[2023-06-07T18:44:46.414+0300] {taskinstance.py:1545} INFO - Exporting env vars: AIRFLOW_CTX_DAG_OWNER='***' AIRFLOW_CTX_DAG_ID='stocksense' AIRFLOW_CTX_TASK_ID='get_data' AIRFLOW_CTX_EXECUTION_DATE='2023-06-05T15:00:00+00:00' AIRFLOW_CTX_TRY_NUMBER='1' AIRFLOW_CTX_DAG_RUN_ID='scheduled__2023-06-05T15:00:00+00:00'
[2023-06-07T18:44:46.415+0300] {python.py:183} INFO - Done. Returned value was: None
[2023-06-07T18:44:46.567+0300] {taskinstance.py:1345} INFO - Marking task as SUCCESS. dag_id=stocksense, task_id=get_data, execution_date=20230605T150000, start_date=20230607T154445, end_date=20230607T154446
[2023-06-07T18:44:46.690+0300] {local_task_job_runner.py:225} INFO - Task exited with return code 0
[2023-06-07T18:44:46.820+0300] {taskinstance.py:2651} INFO - 0 downstream tasks scheduled from follow-on schedule check
[2023-06-07T18:50:00.920+0300] {taskinstance.py:1103} INFO - Dependencies all met for dep_context=non-requeueable deps ti=<TaskInstance: stocksense.get_data scheduled__2023-06-05T15:00:00+00:00 [queued]>
[2023-06-07T18:50:00.981+0300] {taskinstance.py:1103} INFO - Dependencies all met for dep_context=requeueable deps ti=<TaskInstance: stocksense.get_data scheduled__2023-06-05T15:00:00+00:00 [queued]>
[2023-06-07T18:50:00.988+0300] {taskinstance.py:1308} INFO - Starting attempt 1 of 1
[2023-06-07T18:50:01.042+0300] {taskinstance.py:1327} INFO - Executing <Task(PythonOperator): get_data> on 2023-06-05 15:00:00+00:00
[2023-06-07T18:50:01.057+0300] {standard_task_runner.py:57} INFO - Started process 56838 to run task
[2023-06-07T18:50:01.087+0300] {standard_task_runner.py:84} INFO - Running: ['***', 'tasks', 'run', 'stocksense', 'get_data', 'scheduled__2023-06-05T15:00:00+00:00', '--job-id', '269', '--raw', '--subdir', 'DAGS_FOLDER/templating_using_python.py', '--cfg-path', '/tmp/tmpzwh_7yol']
[2023-06-07T18:50:01.091+0300] {standard_task_runner.py:85} INFO - Job 269: Subtask get_data
[2023-06-07T18:50:01.291+0300] {task_command.py:410} INFO - Running <TaskInstance: stocksense.get_data scheduled__2023-06-05T15:00:00+00:00 [running]> on host mutwiri
[2023-06-07T18:50:01.624+0300] {taskinstance.py:1545} INFO - Exporting env vars: AIRFLOW_CTX_DAG_OWNER='***' AIRFLOW_CTX_DAG_ID='stocksense' AIRFLOW_CTX_TASK_ID='get_data' AIRFLOW_CTX_EXECUTION_DATE='2023-06-05T15:00:00+00:00' AIRFLOW_CTX_TRY_NUMBER='1' AIRFLOW_CTX_DAG_RUN_ID='scheduled__2023-06-05T15:00:00+00:00'
[2023-06-07T18:50:01.625+0300] {python.py:183} INFO - Done. Returned value was: None
[2023-06-07T18:50:01.650+0300] {taskinstance.py:1345} INFO - Marking task as SUCCESS. dag_id=stocksense, task_id=get_data, execution_date=20230605T150000, start_date=20230607T155000, end_date=20230607T155001
[2023-06-07T18:50:01.725+0300] {local_task_job_runner.py:225} INFO - Task exited with return code 0
[2023-06-07T18:50:01.776+0300] {taskinstance.py:2651} INFO - 0 downstream tasks scheduled from follow-on schedule check
