[2023-06-07T18:44:47.238+0300] {taskinstance.py:1103} INFO - Dependencies all met for dep_context=non-requeueable deps ti=<TaskInstance: stocksense.get_data scheduled__2023-06-05T19:00:00+00:00 [queued]>
[2023-06-07T18:44:47.296+0300] {taskinstance.py:1103} INFO - Dependencies all met for dep_context=requeueable deps ti=<TaskInstance: stocksense.get_data scheduled__2023-06-05T19:00:00+00:00 [queued]>
[2023-06-07T18:44:47.298+0300] {taskinstance.py:1308} INFO - Starting attempt 1 of 1
[2023-06-07T18:44:47.402+0300] {taskinstance.py:1327} INFO - Executing <Task(PythonOperator): get_data> on 2023-06-05 19:00:00+00:00
[2023-06-07T18:44:47.423+0300] {standard_task_runner.py:57} INFO - Started process 52603 to run task
[2023-06-07T18:44:47.439+0300] {standard_task_runner.py:84} INFO - Running: ['***', 'tasks', 'run', 'stocksense', 'get_data', 'scheduled__2023-06-05T19:00:00+00:00', '--job-id', '208', '--raw', '--subdir', 'DAGS_FOLDER/templating_using_python.py', '--cfg-path', '/tmp/tmpg__p3sr8']
[2023-06-07T18:44:47.443+0300] {standard_task_runner.py:85} INFO - Job 208: Subtask get_data
[2023-06-07T18:44:47.924+0300] {task_command.py:410} INFO - Running <TaskInstance: stocksense.get_data scheduled__2023-06-05T19:00:00+00:00 [running]> on host mutwiri
[2023-06-07T18:44:48.905+0300] {taskinstance.py:1545} INFO - Exporting env vars: AIRFLOW_CTX_DAG_OWNER='***' AIRFLOW_CTX_DAG_ID='stocksense' AIRFLOW_CTX_TASK_ID='get_data' AIRFLOW_CTX_EXECUTION_DATE='2023-06-05T19:00:00+00:00' AIRFLOW_CTX_TRY_NUMBER='1' AIRFLOW_CTX_DAG_RUN_ID='scheduled__2023-06-05T19:00:00+00:00'
[2023-06-07T18:44:48.906+0300] {python.py:183} INFO - Done. Returned value was: None
[2023-06-07T18:44:48.941+0300] {taskinstance.py:1345} INFO - Marking task as SUCCESS. dag_id=stocksense, task_id=get_data, execution_date=20230605T190000, start_date=20230607T154447, end_date=20230607T154448
[2023-06-07T18:44:49.007+0300] {local_task_job_runner.py:225} INFO - Task exited with return code 0
[2023-06-07T18:44:49.048+0300] {taskinstance.py:2651} INFO - 0 downstream tasks scheduled from follow-on schedule check
[2023-06-07T18:50:05.108+0300] {taskinstance.py:1103} INFO - Dependencies all met for dep_context=non-requeueable deps ti=<TaskInstance: stocksense.get_data scheduled__2023-06-05T19:00:00+00:00 [queued]>
[2023-06-07T18:50:05.181+0300] {taskinstance.py:1103} INFO - Dependencies all met for dep_context=requeueable deps ti=<TaskInstance: stocksense.get_data scheduled__2023-06-05T19:00:00+00:00 [queued]>
[2023-06-07T18:50:05.184+0300] {taskinstance.py:1308} INFO - Starting attempt 1 of 1
[2023-06-07T18:50:05.328+0300] {taskinstance.py:1327} INFO - Executing <Task(PythonOperator): get_data> on 2023-06-05 19:00:00+00:00
[2023-06-07T18:50:05.334+0300] {standard_task_runner.py:57} INFO - Started process 57073 to run task
[2023-06-07T18:50:05.350+0300] {standard_task_runner.py:84} INFO - Running: ['***', 'tasks', 'run', 'stocksense', 'get_data', 'scheduled__2023-06-05T19:00:00+00:00', '--job-id', '273', '--raw', '--subdir', 'DAGS_FOLDER/templating_using_python.py', '--cfg-path', '/tmp/tmpuwj0hv8y']
[2023-06-07T18:50:05.355+0300] {standard_task_runner.py:85} INFO - Job 273: Subtask get_data
[2023-06-07T18:50:05.605+0300] {task_command.py:410} INFO - Running <TaskInstance: stocksense.get_data scheduled__2023-06-05T19:00:00+00:00 [running]> on host mutwiri
[2023-06-07T18:50:06.155+0300] {taskinstance.py:1545} INFO - Exporting env vars: AIRFLOW_CTX_DAG_OWNER='***' AIRFLOW_CTX_DAG_ID='stocksense' AIRFLOW_CTX_TASK_ID='get_data' AIRFLOW_CTX_EXECUTION_DATE='2023-06-05T19:00:00+00:00' AIRFLOW_CTX_TRY_NUMBER='1' AIRFLOW_CTX_DAG_RUN_ID='scheduled__2023-06-05T19:00:00+00:00'
[2023-06-07T18:50:06.160+0300] {python.py:183} INFO - Done. Returned value was: None
[2023-06-07T18:50:06.190+0300] {taskinstance.py:1345} INFO - Marking task as SUCCESS. dag_id=stocksense, task_id=get_data, execution_date=20230605T190000, start_date=20230607T155005, end_date=20230607T155006
[2023-06-07T18:50:06.261+0300] {local_task_job_runner.py:225} INFO - Task exited with return code 0
[2023-06-07T18:50:06.315+0300] {taskinstance.py:2651} INFO - 0 downstream tasks scheduled from follow-on schedule check
