[2023-06-07T18:44:33.347+0300] {taskinstance.py:1103} INFO - Dependencies all met for dep_context=non-requeueable deps ti=<TaskInstance: stocksense.get_data scheduled__2023-06-05T04:00:00+00:00 [queued]>
[2023-06-07T18:44:33.369+0300] {taskinstance.py:1103} INFO - Dependencies all met for dep_context=requeueable deps ti=<TaskInstance: stocksense.get_data scheduled__2023-06-05T04:00:00+00:00 [queued]>
[2023-06-07T18:44:33.407+0300] {taskinstance.py:1308} INFO - Starting attempt 1 of 1
[2023-06-07T18:44:33.529+0300] {taskinstance.py:1327} INFO - Executing <Task(PythonOperator): get_data> on 2023-06-05 04:00:00+00:00
[2023-06-07T18:44:33.543+0300] {standard_task_runner.py:57} INFO - Started process 51904 to run task
[2023-06-07T18:44:33.576+0300] {standard_task_runner.py:84} INFO - Running: ['***', 'tasks', 'run', 'stocksense', 'get_data', 'scheduled__2023-06-05T04:00:00+00:00', '--job-id', '193', '--raw', '--subdir', 'DAGS_FOLDER/templating_using_python.py', '--cfg-path', '/tmp/tmpsas5ytr0']
[2023-06-07T18:44:33.590+0300] {standard_task_runner.py:85} INFO - Job 193: Subtask get_data
[2023-06-07T18:44:33.924+0300] {task_command.py:410} INFO - Running <TaskInstance: stocksense.get_data scheduled__2023-06-05T04:00:00+00:00 [running]> on host mutwiri
[2023-06-07T18:44:34.944+0300] {taskinstance.py:1545} INFO - Exporting env vars: AIRFLOW_CTX_DAG_OWNER='***' AIRFLOW_CTX_DAG_ID='stocksense' AIRFLOW_CTX_TASK_ID='get_data' AIRFLOW_CTX_EXECUTION_DATE='2023-06-05T04:00:00+00:00' AIRFLOW_CTX_TRY_NUMBER='1' AIRFLOW_CTX_DAG_RUN_ID='scheduled__2023-06-05T04:00:00+00:00'
[2023-06-07T18:44:34.946+0300] {python.py:183} INFO - Done. Returned value was: None
[2023-06-07T18:44:34.976+0300] {taskinstance.py:1345} INFO - Marking task as SUCCESS. dag_id=stocksense, task_id=get_data, execution_date=20230605T040000, start_date=20230607T154433, end_date=20230607T154434
[2023-06-07T18:44:35.061+0300] {local_task_job_runner.py:225} INFO - Task exited with return code 0
[2023-06-07T18:44:35.138+0300] {taskinstance.py:2651} INFO - 0 downstream tasks scheduled from follow-on schedule check
[2023-06-07T18:49:53.965+0300] {taskinstance.py:1103} INFO - Dependencies all met for dep_context=non-requeueable deps ti=<TaskInstance: stocksense.get_data scheduled__2023-06-05T04:00:00+00:00 [queued]>
[2023-06-07T18:49:54.020+0300] {taskinstance.py:1103} INFO - Dependencies all met for dep_context=requeueable deps ti=<TaskInstance: stocksense.get_data scheduled__2023-06-05T04:00:00+00:00 [queued]>
[2023-06-07T18:49:54.024+0300] {taskinstance.py:1308} INFO - Starting attempt 1 of 1
[2023-06-07T18:49:54.156+0300] {taskinstance.py:1327} INFO - Executing <Task(PythonOperator): get_data> on 2023-06-05 04:00:00+00:00
[2023-06-07T18:49:54.195+0300] {standard_task_runner.py:57} INFO - Started process 56346 to run task
[2023-06-07T18:49:54.226+0300] {standard_task_runner.py:84} INFO - Running: ['***', 'tasks', 'run', 'stocksense', 'get_data', 'scheduled__2023-06-05T04:00:00+00:00', '--job-id', '257', '--raw', '--subdir', 'DAGS_FOLDER/templating_using_python.py', '--cfg-path', '/tmp/tmpu06fyrky']
[2023-06-07T18:49:54.230+0300] {standard_task_runner.py:85} INFO - Job 257: Subtask get_data
[2023-06-07T18:49:54.548+0300] {task_command.py:410} INFO - Running <TaskInstance: stocksense.get_data scheduled__2023-06-05T04:00:00+00:00 [running]> on host mutwiri
[2023-06-07T18:49:55.133+0300] {taskinstance.py:1545} INFO - Exporting env vars: AIRFLOW_CTX_DAG_OWNER='***' AIRFLOW_CTX_DAG_ID='stocksense' AIRFLOW_CTX_TASK_ID='get_data' AIRFLOW_CTX_EXECUTION_DATE='2023-06-05T04:00:00+00:00' AIRFLOW_CTX_TRY_NUMBER='1' AIRFLOW_CTX_DAG_RUN_ID='scheduled__2023-06-05T04:00:00+00:00'
[2023-06-07T18:49:55.139+0300] {python.py:183} INFO - Done. Returned value was: None
[2023-06-07T18:49:55.172+0300] {taskinstance.py:1345} INFO - Marking task as SUCCESS. dag_id=stocksense, task_id=get_data, execution_date=20230605T040000, start_date=20230607T154953, end_date=20230607T154955
[2023-06-07T18:49:55.241+0300] {local_task_job_runner.py:225} INFO - Task exited with return code 0
[2023-06-07T18:49:55.288+0300] {taskinstance.py:2651} INFO - 0 downstream tasks scheduled from follow-on schedule check
